{'count': False, 'organ': 'mt', 'list': False, 'taxon': 'Insecta', 'custom': None, 'gbfiles': ['/share/home/nature/database/RefSeq/mitochondrion/mitochondrion.1.genomic.gbff.gz', '/share/home/nature/database/RefSeq/mitochondrion/mitochondrion.2.genomic.gbff.gz'], 'check': False, 'dbdir': None}
2020-03-19 11:02:41,624 -INFO- parsing ['/share/home/nature/database/RefSeq/mitochondrion/mitochondrion.1.genomic.gbff.gz', '/share/home/nature/database/RefSeq/mitochondrion/mitochondrion.2.genomic.gbff.gz']
2020-03-19 11:02:41,626 -INFO- version: RefSeq 2020-01-09
(None, 'Ornebius fuscicercis') queried None
(None, 'Spindasis takanonis') queried None
2020-03-19 11:19:04,508 -INFO- 1915 records: 27 orders, 338 families, 1237 genera, 1913 organism
2020-03-19 11:19:04,508 -INFO- pruning taxa
2020-03-19 11:19:04,510 -INFO- total 1913 organisms
2020-03-19 11:19:04,722 -INFO- pruning by order with > 7 organisms
2020-03-19 11:19:06,180 -INFO- building taxonomy tree
2020-03-19 11:19:06,987 -INFO- run CMD: `ete3 ncbiquery --search 'Mengenilla moldrzyki' 'Hieroglyphus tonkinensis' 'Colpocephalum griffoneae' 'Allocarsidara bakeri' 'Exorista civilis' 'Hygrobia hermanni' 'Nauphoeta cinerea' 'Nymphes myrmeleonoides' 'Diamphipnoa annulata' 'Pteromalus puparum' 'Hystrichopsylla weida qinlingensis' 'Neuroperla schedingi' 'Libelloides macaronius' 'Amantis nawai' 'Macromia daimoji' 'Euphaea yayeyamana' 'Triodia sylvina' 'Drosophila melanogaster' 'Lepidopsocidae sp. RS-2001' 'Helcystogramma macroscopa' 'Anastrepha fraterculus' 'Tricholepidion gertschi' 'Challia fletcheri' 'Sclerophasma paresisense' 'Microhodotermes viator' 'Sesamia inferens' 'Leptomantella albella' 'Stimulopalpus japonicus' 'Mastotermes darwiniensis' 'Rapisma xizangense' 'Bittacus strigosus' 'Nemoura nankinensis' 'Bombus waltoni' 'Apteroperla tikumana' 'Haplothrips aculeatus' 'Sialis hamata' 'Siphlonurus immanis' 'Nasutitermes corniger' 'Neoneuromus tonkinensis' 'Ephemera orientalis' 'Parochlus steinenii' 'Limnogonus hypoleucus' 'Diclidophlebia paucipunctata' 'Lucilia illustris' 'Nesomachilis australica' 'Heteropteryx dilatata' 'Humbertiella nada' 'Paragabara curvicornuta' 'Prays oleae' 'Amphigerontia montivaga' 'Xenophyes cascus' 'Apochrysa matsumurae' 'Toxodera hauseri' 'Thrips palmi' 'Pelecotoma fennica' 'Gonopsis affinis' 'Mongoloraphidia harmandi' 'Micromus angulatus' 'Pyrgacris descampsi' 'Liposcelis decolor' 'Phryganopsyche latipennis' 'Lachesilla anna' 'Pariaconus pele' 'Isonychia kiangsinensis' 'Antarctoperla michaelseni' 'Zorotypus medoensis' 'Blattella germanica' 'Limnephilus decipiens' 'Atelura formicaria' 'Creobroter gemmatus' 'Thermobia domestica' 'Sibylla pretiosa' 'Incisitermes minor' 'Eucinetus haemorrhoidalis' 'Ommexecha virens' 'Dorcadia ioffi' 'Troglophilus neglectus' 'Vestalis melania' 'Prionoglaris stygia' 'Apatides fortis' 'Triaenodes tardus' 'Megaloprepus caerulatus' 'Zele chlorophthalmus' 'Epacanthaclisis banksi' 'Xenogryllus marmoratus' 'Falcolipeurus quadripustulatus' 'Magicicada septendecim' 'Dasypogon diadema' 'Phacomorphus fratyi' 'Hydropsyche pellucidula' 'Dorypteryx domestica' 'Byturus ochraceus' 'Eumantispa harmandi' 'Pseudolestes mirabilis' 'Eubasilissa regina' 'Litinga mimica' 'Eomantis yunnanensis' 'Coptotermes testaceus' 'Myrmica scabrinodis' 'Euborellia arcanum' 'Dolichovespula panda' 'Petrobius brevistylis' 'Ochrogaster lunifer' 'Parafronurus youi' 'Tremex columba' 'Neopanorpa pulchra' 'Heterodoxus macropus' 'Suwallia teleckojensis' 'Ischnura pumilio' 'Hydrobasileus croceus' 'Phaneroptera gracilis' 'Rhopalopsole bulbifera' 'Xyleus modestus' 'Anopheles homunculus' 'Vincenzellus ruficollis' 'Jellisonia amadoi' 'Megacrania alpheus adan' 'Megaphragma amalphitanum' 'Phraortes sp. Iriomote Island' --tree >  /dev/shm/tmp/mt-Insecta/species.tree.tmp`
2020-03-19 11:19:25,807 -INFO- using speceis tree `/dev/shm/tmp/ogap_db/mt-Insecta/species.treefile`
2020-03-19 11:19:25,808 -INFO- writing protein sequences into /dev/shm/tmp/mt-Insecta/prot
2020-03-19 11:19:26,507 -INFO- 119 taxa: ['Allocarsidara bakeri', 'Amantis nawai', 'Amphigerontia montivaga', 'Anastrepha fraterculus', 'Anopheles homunculus', 'Antarctoperla michaelseni', 'Apatides fortis', 'Apochrysa matsumurae', 'Apteroperla tikumana', 'Atelura formicaria', 'Bittacus strigosus', 'Blattella germanica', 'Bombus waltoni', 'Byturus ochraceus', 'Challia fletcheri', 'Colpocephalum griffoneae', 'Coptotermes testaceus', 'Creobroter gemmatus', 'Dasypogon diadema', 'Diamphipnoa annulata', 'Diclidophlebia paucipunctata', 'Dolichovespula panda', 'Dorcadia ioffi', 'Dorypteryx domestica', 'Drosophila melanogaster', 'Eomantis yunnanensis', 'Epacanthaclisis banksi', 'Ephemera orientalis', 'Eubasilissa regina', 'Euborellia arcanum', 'Eucinetus haemorrhoidalis', 'Eumantispa harmandi', 'Euphaea yayeyamana', 'Exorista civilis', 'Falcolipeurus quadripustulatus', 'Gonopsis affinis', 'Haplothrips aculeatus', 'Helcystogramma macroscopa', 'Heterodoxus macropus', 'Heteropteryx dilatata', 'Hieroglyphus tonkinensis', 'Humbertiella nada', 'Hydrobasileus croceus', 'Hydropsyche pellucidula', 'Hygrobia hermanni', 'Hystrichopsylla weida qinlingensis', 'Incisitermes minor', 'Ischnura pumilio', 'Isonychia kiangsinensis', 'Jellisonia amadoi', 'Lachesilla anna', 'Lepidopsocidae sp. RS-2001', 'Leptomantella albella', 'Libelloides macaronius', 'Limnephilus decipiens', 'Limnogonus hypoleucus', 'Liposcelis decolor', 'Litinga mimica', 'Lucilia illustris', 'Macromia daimoji', 'Magicicada septendecim', 'Mastotermes darwiniensis', 'Megacrania alpheus adan', 'Megaloprepus caerulatus', 'Megaphragma amalphitanum', 'Mengenilla moldrzyki', 'Microhodotermes viator', 'Micromus angulatus', 'Mongoloraphidia harmandi', 'Myrmica scabrinodis', 'Nasutitermes corniger', 'Nauphoeta cinerea', 'Nemoura nankinensis', 'Neoneuromus tonkinensis', 'Neopanorpa pulchra', 'Nesomachilis australica', 'Neuroperla schedingi', 'Nymphes myrmeleonoides', 'Ochrogaster lunifer', 'Ommexecha virens', 'Parafronurus youi', 'Paragabara curvicornuta', 'Pariaconus pele', 'Parochlus steinenii', 'Pelecotoma fennica', 'Petrobius brevistylis', 'Phacomorphus fratyi', 'Phaneroptera gracilis', 'Phraortes sp. Iriomote Island', 'Phryganopsyche latipennis', 'Prays oleae', 'Prionoglaris stygia', 'Pseudolestes mirabilis', 'Pteromalus puparum', 'Pyrgacris descampsi', 'Rapisma xizangense', 'Rhopalopsole bulbifera', 'Sclerophasma paresisense', 'Sesamia inferens', 'Sialis hamata', 'Sibylla pretiosa', 'Siphlonurus immanis', 'Stimulopalpus japonicus', 'Suwallia teleckojensis', 'Thermobia domestica', 'Thrips palmi', 'Toxodera hauseri', 'Tremex columba', 'Triaenodes tardus', 'Tricholepidion gertschi', 'Triodia sylvina', 'Troglophilus neglectus', 'Vestalis melania', 'Vincenzellus ruficollis', 'Xenogryllus marmoratus', 'Xenophyes cascus', 'Xyleus modestus', 'Zele chlorophthalmus', 'Zorotypus medoensis']
2020-03-19 11:19:26,549 -INFO- get taxon `Eukaryota;Metazoa;Ecdysozoa;Arthropoda;Hexapoda;Insecta` from Counter({'Eukaryota;Metazoa;Ecdysozoa;Arthropoda;Hexapoda;Insecta': 1915})
2020-03-19 11:19:26,554 -INFO- get transl_table `5` from Counter({5: 1547})
2020-03-19 11:19:26,555 -INFO- running OrthoFinder to cluster genes
2020-03-19 11:19:26,555 -INFO- run CMD: `orthofinder.py -f /dev/shm/tmp/mt-Insecta/prot -M msa -T fasttree -t 16  -s /dev/shm/tmp/ogap_db/mt-Insecta/species.treefile`
2020-03-19 11:30:26,254 -INFO- parsing OrthoFinder orthologs
2020-03-19 11:30:26,443 -INFO- parsing orthologs group into /dev/shm/tmp/mt-Insecta/alns
2020-03-19 11:30:26,482 -INFO- using min_count=11.9 to get gene name
2020-03-19 11:30:40,372 -INFO- get gene name `COX1` from Counter({'COX1': 116, 'cox1': 2, 'COI': 1})
2020-03-19 11:30:40,373 -INFO- get product `cytochrome c oxidase subunit I` from Counter({'cytochrome c oxidase subunit I': 118, 'cytochrome c oxidase subunit 1': 1})
2020-03-19 11:30:40,375 -INFO- get exon number `1` from Counter({1: 119})
2020-03-19 11:30:40,375 -INFO- get trans_splicing `False` from Counter({False: 119})
2020-03-19 11:30:40,380 -INFO- get gene name `COX3` from Counter({'COX3': 116, 'cox3': 2, 'COIII': 1})
2020-03-19 11:30:40,381 -INFO- get product `cytochrome c oxidase subunit III` from Counter({'cytochrome c oxidase subunit III': 118, 'cytochrome c oxidase subunit 3': 1})
2020-03-19 11:30:40,383 -INFO- get exon number `1` from Counter({1: 118, 2: 1})
2020-03-19 11:30:40,383 -INFO- get trans_splicing `False` from Counter({False: 119})
2020-03-19 11:30:44,114 -INFO- get gene name `COX2` from Counter({'COX2': 116, 'cox2': 2, 'COII': 1})
2020-03-19 11:30:44,117 -INFO- get product `cytochrome c oxidase subunit II` from Counter({'cytochrome c oxidase subunit II': 118, 'cytochrome c oxidase subunit 2': 1})
2020-03-19 11:30:44,120 -INFO- get exon number `1` from Counter({1: 119})
2020-03-19 11:30:44,120 -INFO- get trans_splicing `False` from Counter({False: 119})
2020-03-19 11:30:44,132 -INFO- get gene name `ND5` from Counter({'ND5': 111, 'nad5': 2})
2020-03-19 11:30:44,133 -INFO- get product `NADH dehydrogenase subunit 5` from Counter({'NADH dehydrogenase subunit 5': 113})
2020-03-19 11:30:44,136 -INFO- get exon number `1` from Counter({1: 113})
2020-03-19 11:30:44,136 -INFO- get trans_splicing `False` from Counter({False: 113})
2020-03-19 11:30:44,144 -INFO- get gene name `ND4` from Counter({'ND4': 112, 'nad4': 2})
2020-03-19 11:30:44,145 -INFO- get product `NADH dehydrogenase subunit 4` from Counter({'NADH dehydrogenase subunit 4': 114})
2020-03-19 11:30:44,148 -INFO- get exon number `1` from Counter({1: 114})
2020-03-19 11:30:44,148 -INFO- get trans_splicing `False` from Counter({False: 114})
2020-03-19 11:30:44,155 -INFO- get gene name `ND6` from Counter({'ND6': 112, 'nad6': 2})
2020-03-19 11:30:44,156 -INFO- get product `NADH dehydrogenase subunit 6` from Counter({'NADH dehydrogenase subunit 6': 114})
2020-03-19 11:30:44,159 -INFO- get exon number `1` from Counter({1: 113, 2: 1})
2020-03-19 11:30:44,159 -INFO- get trans_splicing `False` from Counter({False: 114})
2020-03-19 11:30:44,167 -INFO- get gene name `ND1` from Counter({'ND1': 117, 'nad1': 2})
2020-03-19 11:30:44,168 -INFO- get product `NADH dehydrogenase subunit 1` from Counter({'NADH dehydrogenase subunit 1': 119})
2020-03-19 11:30:44,170 -INFO- get exon number `1` from Counter({1: 119})
2020-03-19 11:30:44,171 -INFO- get trans_splicing `False` from Counter({False: 119})
2020-03-19 11:30:44,177 -INFO- get gene name `ND3` from Counter({'ND3': 116, 'nad3': 2})
2020-03-19 11:30:44,178 -INFO- get product `NADH dehydrogenase subunit 3` from Counter({'NADH dehydrogenase subunit 3': 118})
2020-03-19 11:30:44,181 -INFO- get exon number `1` from Counter({1: 118})
2020-03-19 11:30:44,181 -INFO- get trans_splicing `False` from Counter({False: 118})
2020-03-19 11:30:44,188 -INFO- get gene name `ND2` from Counter({'ND2': 116, 'nad2': 2})
2020-03-19 11:30:44,189 -INFO- get product `NADH dehydrogenase subunit 2` from Counter({'NADH dehydrogenase subunit 2': 118})
2020-03-19 11:30:44,192 -INFO- get exon number `1` from Counter({1: 118})
2020-03-19 11:30:44,192 -INFO- get trans_splicing `False` from Counter({False: 118})
2020-03-19 11:30:44,200 -INFO- get gene name `ATP6` from Counter({'ATP6': 117, 'atp6': 2})
2020-03-19 11:30:44,201 -INFO- get product `ATP synthase F0 subunit 6` from Counter({'ATP synthase F0 subunit 6': 118, 'ATP synthase F0 subunit 8': 1})
2020-03-19 11:30:44,204 -INFO- get exon number `1` from Counter({1: 119})
2020-03-19 11:30:44,204 -INFO- get trans_splicing `False` from Counter({False: 119})
2020-03-19 11:30:44,211 -INFO- get gene name `ATP8` from Counter({'ATP8': 97, 'atp8': 2})
2020-03-19 11:30:44,212 -INFO- get product `ATP synthase F0 subunit 8` from Counter({'ATP synthase F0 subunit 8': 99})
2020-03-19 11:30:44,215 -INFO- get exon number `1` from Counter({1: 99})
2020-03-19 11:30:44,216 -INFO- get trans_splicing `False` from Counter({False: 99})
2020-03-19 11:30:44,223 -INFO- get gene name `ND4L` from Counter({'ND4L': 112, 'nad4l': 2})
2020-03-19 11:30:44,223 -INFO- get product `NADH dehydrogenase subunit 4L` from Counter({'NADH dehydrogenase subunit 4L': 114})
2020-03-19 11:30:44,226 -INFO- get exon number `1` from Counter({1: 114})
2020-03-19 11:30:44,227 -INFO- get trans_splicing `False` from Counter({False: 114})
2020-03-19 11:30:44,228 -INFO- get gene name `ND6` from Counter({'ND6': 2})
2020-03-19 11:30:44,234 -INFO- get gene name `CYTB` from Counter({'CYTB': 117, 'cob': 1, 'cytb': 1})
2020-03-19 11:30:44,235 -INFO- get product `cytochrome b` from Counter({'cytochrome b': 119})
2020-03-19 11:30:44,238 -INFO- get exon number `1` from Counter({1: 119})
2020-03-19 11:30:44,238 -INFO- get trans_splicing `False` from Counter({False: 119})
2020-03-19 11:30:44,239 -INFO- get gene name `ND5` from Counter({'ND5': 5})
2020-03-19 11:30:44,240 -INFO- get gene name `ND4` from Counter({'ND4': 4, 'ND2': 1, 'ND5': 1})
2020-03-19 11:30:44,283 -INFO- extrat 13 genes: ['COX1', 'COX3', 'COX2', 'ND5', 'ND4', 'ND6', 'ND1', 'ND3', 'ND2', 'ATP6', 'ATP8', 'ND4L', 'CYTB']
2020-03-19 11:30:44,284 -INFO- aligning sequences
2020-03-19 11:36:05,630 -INFO- building hmm profiles
2020-03-19 11:36:13,772 -INFO- building augustus profiles
2020-03-19 11:36:22,445 -INFO- training augustus models
2020-03-19 11:36:23,454 -INFO- run CMD: `# train
(cd /share/home/app/bin/augustus-3.3.1/config/species/ && rm mt-Insecta-COX1 -r)
randomSplit.pl /dev/shm/tmp/mt-Insecta/trng/train-COX1.gb 26
new_species.pl --species=mt-Insecta-COX1
etraining --species=mt-Insecta-COX1 /dev/shm/tmp/mt-Insecta/trng/train-COX1.gb.train --translation_table=5
augustus --species=mt-Insecta-COX1 /dev/shm/tmp/mt-Insecta/trng/train-COX1.gb.test --translation_table=5 &> /dev/shm/tmp/mt-Insecta/trng/train-COX1.gb.train_test1.out
# optimize
#optimize_augustus.pl --species=mt-Insecta-COX1 --cpus=16 --kfold=8 --rounds=5 /dev/shm/tmp/mt-Insecta/trng/train-COX1.gb.train && rm -r tmp_opt_mt-Insecta-COX1
#etraining --species=mt-Insecta-COX1 /dev/shm/tmp/mt-Insecta/trng/train-COX1.gb.train
#augustus --species=mt-Insecta-COX1 /dev/shm/tmp/mt-Insecta/trng/train-COX1.gb.test &> /dev/shm/tmp/mt-Insecta/trng/train-COX1.gb.train_test2.out
(cd /share/home/app/bin/augustus-3.3.1/config/species/ && tar cvzf /dev/shm/tmp/ogap_db/mt-Insecta/agst/mt-Insecta-COX1.tgz mt-Insecta-COX1)
`
2020-03-19 11:36:31,532 -INFO- run CMD: `# train
(cd /share/home/app/bin/augustus-3.3.1/config/species/ && rm mt-Insecta-COX3 -r)
randomSplit.pl /dev/shm/tmp/mt-Insecta/trng/train-COX3.gb 39
new_species.pl --species=mt-Insecta-COX3
etraining --species=mt-Insecta-COX3 /dev/shm/tmp/mt-Insecta/trng/train-COX3.gb.train --translation_table=5
augustus --species=mt-Insecta-COX3 /dev/shm/tmp/mt-Insecta/trng/train-COX3.gb.test --translation_table=5 &> /dev/shm/tmp/mt-Insecta/trng/train-COX3.gb.train_test1.out
# optimize
#optimize_augustus.pl --species=mt-Insecta-COX3 --cpus=16 --kfold=8 --rounds=5 /dev/shm/tmp/mt-Insecta/trng/train-COX3.gb.train && rm -r tmp_opt_mt-Insecta-COX3
#etraining --species=mt-Insecta-COX3 /dev/shm/tmp/mt-Insecta/trng/train-COX3.gb.train
#augustus --species=mt-Insecta-COX3 /dev/shm/tmp/mt-Insecta/trng/train-COX3.gb.test &> /dev/shm/tmp/mt-Insecta/trng/train-COX3.gb.train_test2.out
(cd /share/home/app/bin/augustus-3.3.1/config/species/ && tar cvzf /dev/shm/tmp/ogap_db/mt-Insecta/agst/mt-Insecta-COX3.tgz mt-Insecta-COX3)
`
2020-03-19 11:36:39,605 -INFO- run CMD: `# train
(cd /share/home/app/bin/augustus-3.3.1/config/species/ && rm mt-Insecta-COX2 -r)
randomSplit.pl /dev/shm/tmp/mt-Insecta/trng/train-COX2.gb 39
new_species.pl --species=mt-Insecta-COX2
etraining --species=mt-Insecta-COX2 /dev/shm/tmp/mt-Insecta/trng/train-COX2.gb.train --translation_table=5
augustus --species=mt-Insecta-COX2 /dev/shm/tmp/mt-Insecta/trng/train-COX2.gb.test --translation_table=5 &> /dev/shm/tmp/mt-Insecta/trng/train-COX2.gb.train_test1.out
# optimize
#optimize_augustus.pl --species=mt-Insecta-COX2 --cpus=16 --kfold=8 --rounds=5 /dev/shm/tmp/mt-Insecta/trng/train-COX2.gb.train && rm -r tmp_opt_mt-Insecta-COX2
#etraining --species=mt-Insecta-COX2 /dev/shm/tmp/mt-Insecta/trng/train-COX2.gb.train
#augustus --species=mt-Insecta-COX2 /dev/shm/tmp/mt-Insecta/trng/train-COX2.gb.test &> /dev/shm/tmp/mt-Insecta/trng/train-COX2.gb.train_test2.out
(cd /share/home/app/bin/augustus-3.3.1/config/species/ && tar cvzf /dev/shm/tmp/ogap_db/mt-Insecta/agst/mt-Insecta-COX2.tgz mt-Insecta-COX2)
`
2020-03-19 11:36:47,889 -INFO- run CMD: `# train
(cd /share/home/app/bin/augustus-3.3.1/config/species/ && rm mt-Insecta-ND5 -r)
randomSplit.pl /dev/shm/tmp/mt-Insecta/trng/train-ND5.gb 37
new_species.pl --species=mt-Insecta-ND5
etraining --species=mt-Insecta-ND5 /dev/shm/tmp/mt-Insecta/trng/train-ND5.gb.train --translation_table=5
augustus --species=mt-Insecta-ND5 /dev/shm/tmp/mt-Insecta/trng/train-ND5.gb.test --translation_table=5 &> /dev/shm/tmp/mt-Insecta/trng/train-ND5.gb.train_test1.out
# optimize
#optimize_augustus.pl --species=mt-Insecta-ND5 --cpus=16 --kfold=8 --rounds=5 /dev/shm/tmp/mt-Insecta/trng/train-ND5.gb.train && rm -r tmp_opt_mt-Insecta-ND5
#etraining --species=mt-Insecta-ND5 /dev/shm/tmp/mt-Insecta/trng/train-ND5.gb.train
#augustus --species=mt-Insecta-ND5 /dev/shm/tmp/mt-Insecta/trng/train-ND5.gb.test &> /dev/shm/tmp/mt-Insecta/trng/train-ND5.gb.train_test2.out
(cd /share/home/app/bin/augustus-3.3.1/config/species/ && tar cvzf /dev/shm/tmp/ogap_db/mt-Insecta/agst/mt-Insecta-ND5.tgz mt-Insecta-ND5)
`
2020-03-19 11:36:58,653 -INFO- run CMD: `# train
(cd /share/home/app/bin/augustus-3.3.1/config/species/ && rm mt-Insecta-ND4 -r)
randomSplit.pl /dev/shm/tmp/mt-Insecta/trng/train-ND4.gb 37
new_species.pl --species=mt-Insecta-ND4
etraining --species=mt-Insecta-ND4 /dev/shm/tmp/mt-Insecta/trng/train-ND4.gb.train --translation_table=5
augustus --species=mt-Insecta-ND4 /dev/shm/tmp/mt-Insecta/trng/train-ND4.gb.test --translation_table=5 &> /dev/shm/tmp/mt-Insecta/trng/train-ND4.gb.train_test1.out
# optimize
#optimize_augustus.pl --species=mt-Insecta-ND4 --cpus=16 --kfold=8 --rounds=5 /dev/shm/tmp/mt-Insecta/trng/train-ND4.gb.train && rm -r tmp_opt_mt-Insecta-ND4
#etraining --species=mt-Insecta-ND4 /dev/shm/tmp/mt-Insecta/trng/train-ND4.gb.train
#augustus --species=mt-Insecta-ND4 /dev/shm/tmp/mt-Insecta/trng/train-ND4.gb.test &> /dev/shm/tmp/mt-Insecta/trng/train-ND4.gb.train_test2.out
(cd /share/home/app/bin/augustus-3.3.1/config/species/ && tar cvzf /dev/shm/tmp/ogap_db/mt-Insecta/agst/mt-Insecta-ND4.tgz mt-Insecta-ND4)
`
2020-03-19 11:37:08,941 -INFO- run CMD: `# train
(cd /share/home/app/bin/augustus-3.3.1/config/species/ && rm mt-Insecta-ND6 -r)
randomSplit.pl /dev/shm/tmp/mt-Insecta/trng/train-ND6.gb 38
new_species.pl --species=mt-Insecta-ND6
etraining --species=mt-Insecta-ND6 /dev/shm/tmp/mt-Insecta/trng/train-ND6.gb.train --translation_table=5
augustus --species=mt-Insecta-ND6 /dev/shm/tmp/mt-Insecta/trng/train-ND6.gb.test --translation_table=5 &> /dev/shm/tmp/mt-Insecta/trng/train-ND6.gb.train_test1.out
# optimize
#optimize_augustus.pl --species=mt-Insecta-ND6 --cpus=16 --kfold=8 --rounds=5 /dev/shm/tmp/mt-Insecta/trng/train-ND6.gb.train && rm -r tmp_opt_mt-Insecta-ND6
#etraining --species=mt-Insecta-ND6 /dev/shm/tmp/mt-Insecta/trng/train-ND6.gb.train
#augustus --species=mt-Insecta-ND6 /dev/shm/tmp/mt-Insecta/trng/train-ND6.gb.test &> /dev/shm/tmp/mt-Insecta/trng/train-ND6.gb.train_test2.out
(cd /share/home/app/bin/augustus-3.3.1/config/species/ && tar cvzf /dev/shm/tmp/ogap_db/mt-Insecta/agst/mt-Insecta-ND6.tgz mt-Insecta-ND6)
`
2020-03-19 11:37:16,876 -INFO- run CMD: `# train
(cd /share/home/app/bin/augustus-3.3.1/config/species/ && rm mt-Insecta-ND1 -r)
randomSplit.pl /dev/shm/tmp/mt-Insecta/trng/train-ND1.gb 39
new_species.pl --species=mt-Insecta-ND1
etraining --species=mt-Insecta-ND1 /dev/shm/tmp/mt-Insecta/trng/train-ND1.gb.train --translation_table=5
augustus --species=mt-Insecta-ND1 /dev/shm/tmp/mt-Insecta/trng/train-ND1.gb.test --translation_table=5 &> /dev/shm/tmp/mt-Insecta/trng/train-ND1.gb.train_test1.out
# optimize
#optimize_augustus.pl --species=mt-Insecta-ND1 --cpus=16 --kfold=8 --rounds=5 /dev/shm/tmp/mt-Insecta/trng/train-ND1.gb.train && rm -r tmp_opt_mt-Insecta-ND1
#etraining --species=mt-Insecta-ND1 /dev/shm/tmp/mt-Insecta/trng/train-ND1.gb.train
#augustus --species=mt-Insecta-ND1 /dev/shm/tmp/mt-Insecta/trng/train-ND1.gb.test &> /dev/shm/tmp/mt-Insecta/trng/train-ND1.gb.train_test2.out
(cd /share/home/app/bin/augustus-3.3.1/config/species/ && tar cvzf /dev/shm/tmp/ogap_db/mt-Insecta/agst/mt-Insecta-ND1.tgz mt-Insecta-ND1)
`
2020-03-19 11:37:26,014 -INFO- run CMD: `# train
(cd /share/home/app/bin/augustus-3.3.1/config/species/ && rm mt-Insecta-ND3 -r)
randomSplit.pl /dev/shm/tmp/mt-Insecta/trng/train-ND3.gb 39
new_species.pl --species=mt-Insecta-ND3
etraining --species=mt-Insecta-ND3 /dev/shm/tmp/mt-Insecta/trng/train-ND3.gb.train --translation_table=5
augustus --species=mt-Insecta-ND3 /dev/shm/tmp/mt-Insecta/trng/train-ND3.gb.test --translation_table=5 &> /dev/shm/tmp/mt-Insecta/trng/train-ND3.gb.train_test1.out
# optimize
#optimize_augustus.pl --species=mt-Insecta-ND3 --cpus=16 --kfold=8 --rounds=5 /dev/shm/tmp/mt-Insecta/trng/train-ND3.gb.train && rm -r tmp_opt_mt-Insecta-ND3
#etraining --species=mt-Insecta-ND3 /dev/shm/tmp/mt-Insecta/trng/train-ND3.gb.train
#augustus --species=mt-Insecta-ND3 /dev/shm/tmp/mt-Insecta/trng/train-ND3.gb.test &> /dev/shm/tmp/mt-Insecta/trng/train-ND3.gb.train_test2.out
(cd /share/home/app/bin/augustus-3.3.1/config/species/ && tar cvzf /dev/shm/tmp/ogap_db/mt-Insecta/agst/mt-Insecta-ND3.tgz mt-Insecta-ND3)
`
2020-03-19 11:37:34,188 -INFO- run CMD: `# train
(cd /share/home/app/bin/augustus-3.3.1/config/species/ && rm mt-Insecta-ND2 -r)
randomSplit.pl /dev/shm/tmp/mt-Insecta/trng/train-ND2.gb 39
new_species.pl --species=mt-Insecta-ND2
etraining --species=mt-Insecta-ND2 /dev/shm/tmp/mt-Insecta/trng/train-ND2.gb.train --translation_table=5
augustus --species=mt-Insecta-ND2 /dev/shm/tmp/mt-Insecta/trng/train-ND2.gb.test --translation_table=5 &> /dev/shm/tmp/mt-Insecta/trng/train-ND2.gb.train_test1.out
# optimize
#optimize_augustus.pl --species=mt-Insecta-ND2 --cpus=16 --kfold=8 --rounds=5 /dev/shm/tmp/mt-Insecta/trng/train-ND2.gb.train && rm -r tmp_opt_mt-Insecta-ND2
#etraining --species=mt-Insecta-ND2 /dev/shm/tmp/mt-Insecta/trng/train-ND2.gb.train
#augustus --species=mt-Insecta-ND2 /dev/shm/tmp/mt-Insecta/trng/train-ND2.gb.test &> /dev/shm/tmp/mt-Insecta/trng/train-ND2.gb.train_test2.out
(cd /share/home/app/bin/augustus-3.3.1/config/species/ && tar cvzf /dev/shm/tmp/ogap_db/mt-Insecta/agst/mt-Insecta-ND2.tgz mt-Insecta-ND2)
`
2020-03-19 11:37:42,008 -INFO- run CMD: `# train
(cd /share/home/app/bin/augustus-3.3.1/config/species/ && rm mt-Insecta-ATP6 -r)
randomSplit.pl /dev/shm/tmp/mt-Insecta/trng/train-ATP6.gb 39
new_species.pl --species=mt-Insecta-ATP6
etraining --species=mt-Insecta-ATP6 /dev/shm/tmp/mt-Insecta/trng/train-ATP6.gb.train --translation_table=5
augustus --species=mt-Insecta-ATP6 /dev/shm/tmp/mt-Insecta/trng/train-ATP6.gb.test --translation_table=5 &> /dev/shm/tmp/mt-Insecta/trng/train-ATP6.gb.train_test1.out
# optimize
#optimize_augustus.pl --species=mt-Insecta-ATP6 --cpus=16 --kfold=8 --rounds=5 /dev/shm/tmp/mt-Insecta/trng/train-ATP6.gb.train && rm -r tmp_opt_mt-Insecta-ATP6
#etraining --species=mt-Insecta-ATP6 /dev/shm/tmp/mt-Insecta/trng/train-ATP6.gb.train
#augustus --species=mt-Insecta-ATP6 /dev/shm/tmp/mt-Insecta/trng/train-ATP6.gb.test &> /dev/shm/tmp/mt-Insecta/trng/train-ATP6.gb.train_test2.out
(cd /share/home/app/bin/augustus-3.3.1/config/species/ && tar cvzf /dev/shm/tmp/ogap_db/mt-Insecta/agst/mt-Insecta-ATP6.tgz mt-Insecta-ATP6)
`
2020-03-19 11:37:50,168 -INFO- run CMD: `# train
(cd /share/home/app/bin/augustus-3.3.1/config/species/ && rm mt-Insecta-ATP8 -r)
randomSplit.pl /dev/shm/tmp/mt-Insecta/trng/train-ATP8.gb 33
new_species.pl --species=mt-Insecta-ATP8
etraining --species=mt-Insecta-ATP8 /dev/shm/tmp/mt-Insecta/trng/train-ATP8.gb.train --translation_table=5
augustus --species=mt-Insecta-ATP8 /dev/shm/tmp/mt-Insecta/trng/train-ATP8.gb.test --translation_table=5 &> /dev/shm/tmp/mt-Insecta/trng/train-ATP8.gb.train_test1.out
# optimize
#optimize_augustus.pl --species=mt-Insecta-ATP8 --cpus=16 --kfold=8 --rounds=5 /dev/shm/tmp/mt-Insecta/trng/train-ATP8.gb.train && rm -r tmp_opt_mt-Insecta-ATP8
#etraining --species=mt-Insecta-ATP8 /dev/shm/tmp/mt-Insecta/trng/train-ATP8.gb.train
#augustus --species=mt-Insecta-ATP8 /dev/shm/tmp/mt-Insecta/trng/train-ATP8.gb.test &> /dev/shm/tmp/mt-Insecta/trng/train-ATP8.gb.train_test2.out
(cd /share/home/app/bin/augustus-3.3.1/config/species/ && tar cvzf /dev/shm/tmp/ogap_db/mt-Insecta/agst/mt-Insecta-ATP8.tgz mt-Insecta-ATP8)
`
2020-03-19 11:37:57,049 -INFO- run CMD: `# train
(cd /share/home/app/bin/augustus-3.3.1/config/species/ && rm mt-Insecta-ND4L -r)
randomSplit.pl /dev/shm/tmp/mt-Insecta/trng/train-ND4L.gb 38
new_species.pl --species=mt-Insecta-ND4L
etraining --species=mt-Insecta-ND4L /dev/shm/tmp/mt-Insecta/trng/train-ND4L.gb.train --translation_table=5
augustus --species=mt-Insecta-ND4L /dev/shm/tmp/mt-Insecta/trng/train-ND4L.gb.test --translation_table=5 &> /dev/shm/tmp/mt-Insecta/trng/train-ND4L.gb.train_test1.out
# optimize
#optimize_augustus.pl --species=mt-Insecta-ND4L --cpus=16 --kfold=8 --rounds=5 /dev/shm/tmp/mt-Insecta/trng/train-ND4L.gb.train && rm -r tmp_opt_mt-Insecta-ND4L
#etraining --species=mt-Insecta-ND4L /dev/shm/tmp/mt-Insecta/trng/train-ND4L.gb.train
#augustus --species=mt-Insecta-ND4L /dev/shm/tmp/mt-Insecta/trng/train-ND4L.gb.test &> /dev/shm/tmp/mt-Insecta/trng/train-ND4L.gb.train_test2.out
(cd /share/home/app/bin/augustus-3.3.1/config/species/ && tar cvzf /dev/shm/tmp/ogap_db/mt-Insecta/agst/mt-Insecta-ND4L.tgz mt-Insecta-ND4L)
`
2020-03-19 11:38:05,135 -INFO- run CMD: `# train
(cd /share/home/app/bin/augustus-3.3.1/config/species/ && rm mt-Insecta-CYTB -r)
randomSplit.pl /dev/shm/tmp/mt-Insecta/trng/train-CYTB.gb 39
new_species.pl --species=mt-Insecta-CYTB
etraining --species=mt-Insecta-CYTB /dev/shm/tmp/mt-Insecta/trng/train-CYTB.gb.train --translation_table=5
augustus --species=mt-Insecta-CYTB /dev/shm/tmp/mt-Insecta/trng/train-CYTB.gb.test --translation_table=5 &> /dev/shm/tmp/mt-Insecta/trng/train-CYTB.gb.train_test1.out
# optimize
#optimize_augustus.pl --species=mt-Insecta-CYTB --cpus=16 --kfold=8 --rounds=5 /dev/shm/tmp/mt-Insecta/trng/train-CYTB.gb.train && rm -r tmp_opt_mt-Insecta-CYTB
#etraining --species=mt-Insecta-CYTB /dev/shm/tmp/mt-Insecta/trng/train-CYTB.gb.train
#augustus --species=mt-Insecta-CYTB /dev/shm/tmp/mt-Insecta/trng/train-CYTB.gb.test &> /dev/shm/tmp/mt-Insecta/trng/train-CYTB.gb.train_test2.out
(cd /share/home/app/bin/augustus-3.3.1/config/species/ && tar cvzf /dev/shm/tmp/ogap_db/mt-Insecta/agst/mt-Insecta-CYTB.tgz mt-Insecta-CYTB)
`
2020-03-19 11:38:13,455 -INFO- writing ('rRNA', 'tRNA') sequences into /dev/shm/tmp/mt-Insecta/rrna
2020-03-19 11:38:14,276 -INFO- running OrthoFinder to cluster genes
2020-03-19 11:38:14,277 -INFO- run CMD: `orthofinder.py -f /dev/shm/tmp/mt-Insecta/rrna -M msa -T fasttree -t 16 -S blastn -s /dev/shm/tmp/ogap_db/mt-Insecta/species.treefile`
2020-03-19 11:58:38,227 -INFO- parsing OrthoFinder orthologs
2020-03-19 11:58:38,387 -INFO- parsing orthologs group into /dev/shm/tmp/mt-Insecta/alns
2020-03-19 11:58:38,446 -INFO- using min_count=5.95 to get gene name
2020-03-19 11:58:38,765 -INFO- get gene name `rrnS` from Counter({'rrnS': 18, 'SSU': 2, 'Phraortes_sp-_Iriomote_Island-gene113': 1, 'Heteropteryx_dilatata-gene112': 1, 'Diamphipnoa_annulata-gene111': 1, 'Megaloprepus_caerulatus-gene74': 1, 'Microhodotermes_viator-gene114': 1, 'Jellisonia_amadoi-gene113': 1, 'Rapisma_xizangense-gene113': 1, 'Neopanorpa_pulchra-gene113': 1, 'Sialis_hamata-gene114': 1, 'Neuroperla_schedingi-gene111': 1, 'Isonychia_kiangsinensis-gene112': 1, 'Bittacus_strigosus-gene74': 1, 'Nesomachilis_australica-gene113': 1, 'Mongoloraphidia_harmandi-gene112': 1, 'Hydrobasileus_croceus-gene135': 1, 'Blattella_germanica-gene113': 1, 'Troglophilus_neglectus-gene137': 1, 'Pseudolestes_mirabilis-gene113': 1, 'Incisitermes_minor-gene112': 1, 'Eubasilissa_regina-gene114': 1, 'Siphlonurus_immanis-gene114': 1, 'Hystrichopsylla_weida_qinlingensis-gene74': 1, 'Suwallia_teleckojensis-gene111': 1, 'Dorcadia_ioffi-gene111': 1, 'Anastrepha_fraterculus-gene97': 1, 'Micromus_angulatus-gene112': 1, 'Rhopalopsole_bulbifera-gene111': 1, 'Nasutitermes_corniger-gene126': 1, 'Mastotermes_darwiniensis-gene114': 1, 'Sibylla_pretiosa-gene112': 1, 'Sclerophasma_paresisense-gene113': 1, 'Xyleus_modestus-gene136': 1, 'Apochrysa_matsumurae-gene113': 1, 'Challia_fletcheri-gene113': 1, 'Petrobius_brevistylis-gene114': 1, 'Humbertiella_nada-gene74': 1, 'Zorotypus_medoensis-gene111': 1, 'Parafronurus_youi-gene115': 1, 'Antarctoperla_michaelseni-gene111': 1, 'Leptomantella_albella-gene114': 1, 'ssu': 1, 'Toxodera_hauseri-gene112': 1, 'Pyrgacris_descampsi-gene136': 1, 'Nemoura_nankinensis-gene111': 1, 'rrnL': 1, 'Amantis_nawai-gene112': 1, 's-rRNA': 1, 'Limnephilus_decipiens-gene56': 1, 'rns': 1, 'Exorista_civilis-gene111': 1, 'Thermobia_domestica-gene113': 1, 'Ephemera_orientalis-gene114': 1, 'Eomantis_yunnanensis-gene112': 1, 'srRNA': 1, 'Ommexecha_virens-gene136': 1, 'Euborellia_arcanum-gene72': 1, 'Megacrania_alpheus_adan-gene114': 1, 'Apteroperla_tikumana-gene137': 1, 'Euphaea_yayeyamana-gene113': 1, 'Tricholepidion_gertschi-gene113': 1, 'Creobroter_gemmatus-gene78': 1, 'Macromia_daimoji-gene111': 1, 'Ischnura_pumilio-gene112': 1, 'Neoneuromus_tonkinensis-gene138': 1, 'Parochlus_steinenii-gene2': 1, 'Nymphes_myrmeleonoides-gene114': 1, 'Vestalis_melania-gene113': 1})
2020-03-19 11:58:38,766 -INFO- get product `12S ribosomal RNA` from Counter({'12S ribosomal RNA': 55, 's-rRNA': 31, 'small subunit ribosomal RNA': 1})
2020-03-19 11:58:38,768 -INFO- get exon number `1` from Counter({1: 87})
2020-03-19 11:58:38,768 -INFO- get trans_splicing `False` from Counter({False: 87})
2020-03-19 11:58:44,292 -INFO- get gene name `rrnL` from Counter({'rrnL': 22, 'trnL1-tag': 3, 'LSU': 2, 'l-rRNA': 2, 'Microhodotermes_viator-gene112': 1, 'Heteropteryx_dilatata-gene110': 1, 'Parafronurus_youi-gene113': 1, 'Amantis_nawai-gene108': 1, 'Megaloprepus_caerulatus-gene70': 1, 'Lachesilla_anna-gene107': 1, 'Bittacus_strigosus-gene70': 1, 'Neopanorpa_pulchra-gene111': 1, 'Eomantis_yunnanensis-gene108': 1, 'Phraortes_sp-_Iriomote_Island-gene111': 1, 'Lepidopsocidae_sp-_RS-2001-gene111': 1, 'Blattella_germanica-gene111': 1, 'Mongoloraphidia_harmandi-gene110': 1, 'Rapisma_xizangense-gene111': 1, 'Hydrobasileus_croceus-gene132': 1, 'Troglophilus_neglectus-gene134': 1, 'Stimulopalpus_japonicus-gene108': 1, 'Hystrichopsylla_weida_qinlingensis-gene70': 1, 'Nesomachilis_australica-gene111': 1, 'Atelura_formicaria-gene112': 1, 'Eubasilissa_regina-gene112': 1, 'lrRNA': 1, 'trnL2': 1, 'Challia_fletcheri-gene111': 1, 'Mastotermes_darwiniensis-gene112': 1, 'Sialis_hamata-gene112': 1, 'Antarctoperla_michaelseni-gene107': 1, 'Mengenilla_moldrzyki-gene105': 1, 'Isonychia_kiangsinensis-gene108': 1, 'Siphlonurus_immanis-gene112': 1, 'Nasutitermes_corniger-gene123': 1, '16SrRNA': 1, 'Anastrepha_fraterculus-gene93': 1, 'Sclerophasma_paresisense-gene111': 1, 'Xyleus_modestus-gene133': 1, 'Toxodera_hauseri-gene108': 1, 'Humbertiella_nada-gene70': 1, 'Petrobius_brevistylis-gene112': 1, 'Euphaea_yayeyamana-gene111': 1, 'Megacrania_alpheus_adan-gene112': 1, 'Leptomantella_albella-gene112': 1, 'rnl': 1, 'Nemoura_nankinensis-gene107': 1, 'Macromia_daimoji-gene107': 1, 'Incisitermes_minor-gene108': 1, 'Phryganopsyche_latipennis-gene70': 1, 'Triaenodes_tardus-gene107': 1, 'rrnS': 1, 'Limnephilus_decipiens-gene54': 1, 'Pyrgacris_descampsi-gene133': 1, 'rrn16': 1, 'Neoneuromus_tonkinensis-gene134': 1, 'Thermobia_domestica-gene111': 1, 'Suwallia_teleckojensis-gene107': 1, 'Ephemera_orientalis-gene112': 1, 'Diamphipnoa_annulata-gene107': 1, 'Apochrysa_matsumurae-gene111': 1, 'Dorcadia_ioffi-gene107': 1, 'Pseudolestes_mirabilis-gene111': 1, 'Micromus_angulatus-gene108': 1, 'Ommexecha_virens-gene133': 1, 'Tricholepidion_gertschi-gene111': 1, 'Vestalis_melania-gene111': 1, 'Apteroperla_tikumana-gene133': 1, 'Zorotypus_medoensis-gene109': 1, 'Ischnura_pumilio-gene110': 1, 'Rhopalopsole_bulbifera-gene107': 1, 'Neuroperla_schedingi-gene107': 1, 'Exorista_civilis-gene107': 1, 'Jellisonia_amadoi-gene111': 1, 'Nauphoeta_cinerea-gene107': 1, 'Euborellia_arcanum-gene68': 1, 'Nymphes_myrmeleonoides-gene112': 1, 'Creobroter_gemmatus-gene74': 1, 'Sibylla_pretiosa-gene108': 1, 'Parochlus_steinenii-gene6': 1})
2020-03-19 11:58:44,294 -INFO- get product `16S ribosomal RNA` from Counter({'16S ribosomal RNA': 66, 'l-rRNA': 34, 'tRNA-Leu': 4, 'large subunit ribosomal RNA': 1})
2020-03-19 11:58:44,299 -INFO- get exon number `1` from Counter({1: 105})
2020-03-19 11:58:44,299 -INFO- get trans_splicing `False` from Counter({False: 105})
2020-03-19 11:58:44,304 -INFO- get gene name `trnV-uac` from Counter({'trnV-uac': 1, 'trnV': 1})
2020-03-19 11:58:44,304 -INFO- get gene name `rrnL` from Counter({'rrnL': 3})
2020-03-19 11:58:44,306 -INFO- get gene name `trnK` from Counter({'trnK': 10, 'trnK-ctt': 4, 'trnK-CUU': 1, 'Neoneuromus_tonkinensis-gene53': 1, 'trnK-aag': 1, 'Lepidopsocidae_sp-_RS-2001-gene32': 1, 'Heteropteryx_dilatata-gene44': 1, 'Rhopalopsole_bulbifera-gene43': 1, 'Nymphes_myrmeleonoides-gene45': 1, 'Eumantispa_harmandi-gene44': 1, 'Apochrysa_matsumurae-gene45': 1, 'Mastotermes_darwiniensis-gene45': 1, 'Sialis_hamata-gene45': 1, 'Mongoloraphidia_harmandi-gene45': 1, 'Tricholepidion_gertschi-gene44': 1, 'Blattella_germanica-gene44': 1, 'Dorcadia_ioffi-gene43': 1, 'Nemoura_nankinensis-gene43': 1, 'Neopanorpa_pulchra-gene44': 1, 'Rapisma_xizangense-gene45': 1, 'Micromus_angulatus-gene44': 1})
2020-03-19 11:58:44,307 -INFO- get product `tRNA-Lys` from Counter({'tRNA-Lys': 33})
2020-03-19 11:58:44,308 -INFO- get exon number `1` from Counter({1: 33})
2020-03-19 11:58:44,308 -INFO- get trans_splicing `False` from Counter({False: 33})
2020-03-19 11:58:44,309 -INFO- get gene name `trnM-cat` from Counter({'trnM-cat': 7, 'trnM': 2, 'Leptomantella_albella-gene3': 1, 'Diamphipnoa_annulata-gene6': 1, 'Epacanthaclisis_banksi-gene3': 1, 'Neuroperla_schedingi-gene6': 1, 'Toxodera_hauseri-gene6': 1, 'Nemoura_nankinensis-gene6': 1, 'Sialis_hamata-gene3': 1, 'Nymphes_myrmeleonoides-gene3': 1, 'Apochrysa_matsumurae-gene3': 1})
2020-03-19 11:58:44,310 -INFO- get product `tRNA-Met` from Counter({'tRNA-Met': 18})
2020-03-19 11:58:44,310 -INFO- get exon number `1` from Counter({1: 18})
2020-03-19 11:58:44,310 -INFO- get trans_splicing `False` from Counter({False: 18})
2020-03-19 11:58:44,311 -INFO- get gene name `trnM-cat` from Counter({'trnM-cat': 2, 'Micromus_angulatus-gene6': 1, 'Suwallia_teleckojensis-gene6': 1, 'trnM': 1, 'trnM-atg': 1, 'Humbertiella_nada-gene2': 1, 'Antarctoperla_michaelseni-gene6': 1, 'Rapisma_xizangense-gene3': 1})
2020-03-19 11:58:44,311 -INFO- get gene name `trnW-tca` from Counter({'trnW-tca': 2, 'trnW': 2, 'Heteropteryx_dilatata-gene8': 1, 'Sclerophasma_paresisense-gene8': 1, 'Phraortes_sp-_Iriomote_Island-gene8': 1, 'trnW-uca': 1, 'Megacrania_alpheus_adan-gene8': 1, 'Rapisma_xizangense-gene9': 1, 'Dorcadia_ioffi-gene11': 1, 'Jellisonia_amadoi-gene8': 1})
2020-03-19 11:58:44,312 -INFO- get gene name `trnI-gat` from Counter({'trnI-gat': 2, 'Jellisonia_amadoi-gene1': 1, 'Limnephilus_decipiens-gene1': 1, 'Ephemera_orientalis-gene1': 1, 'Eubasilissa_regina-gene1': 1, 'Neopanorpa_pulchra-gene1': 1, 'Eumantispa_harmandi-gene2': 1, 'Siphlonurus_immanis-gene1': 1, 'Macromia_daimoji-gene2': 1, 'Apochrysa_matsumurae-gene1': 1})
2020-03-19 11:58:44,312 -INFO- get gene name `Heteropteryx_dilatata-gene86` from Counter({'Heteropteryx_dilatata-gene86': 1, 'Atelura_formicaria-gene88': 1})
2020-03-19 11:58:44,312 -INFO- get gene name `trnG` from Counter({'trnG': 3, 'trnG-ucc': 1, 'Rapisma_xizangense-gene61': 1})
2020-03-19 11:58:44,313 -INFO- get gene name `Humbertiella_nada-gene46` from Counter({'Humbertiella_nada-gene46': 1, 'Amantis_nawai-gene78': 1, 'Eomantis_yunnanensis-gene78': 1, 'Creobroter_gemmatus-gene50': 1, 'Sibylla_pretiosa-gene78': 1, 'Toxodera_hauseri-gene78': 1, 'Leptomantella_albella-gene71': 1})
2020-03-19 11:58:44,313 -INFO- get gene name `trnV-tac` from Counter({'trnV-tac': 2})
2020-03-19 11:58:44,313 -INFO- get gene name `Siphlonurus_immanis-gene2` from Counter({'Siphlonurus_immanis-gene2': 1, 'Neopanorpa_pulchra-gene2': 1, 'Ephemera_orientalis-gene2': 1})
2020-03-19 11:58:44,313 -INFO- get gene name `Eomantis_yunnanensis-gene13` from Counter({'Eomantis_yunnanensis-gene13': 1, 'Sibylla_pretiosa-gene13': 1, 'Toxodera_hauseri-gene13': 1})
2020-03-19 11:58:44,314 -INFO- get gene name `trnG-tcc` from Counter({'trnG-tcc': 1, 'Bittacus_strigosus-gene32': 1})
2020-03-19 11:58:44,314 -INFO- get gene name `Leptomantella_albella-gene113` from Counter({'Leptomantella_albella-gene113': 1, 'Eomantis_yunnanensis-gene110': 1, 'Amantis_nawai-gene110': 1})
2020-03-19 11:58:44,314 -INFO- get gene name `trnQ-ttg` from Counter({'trnQ-ttg': 4, 'trnQ': 2, 'Heteropteryx_dilatata-gene2': 1, 'Diamphipnoa_annulata-gene4': 1, 'Neuroperla_schedingi-gene4': 1, 'Sialis_hamata-gene2': 1, 'Bittacus_strigosus-gene4': 1, 'Megacrania_alpheus_adan-gene2': 1, 'Antarctoperla_michaelseni-gene4': 1, 'Nymphes_myrmeleonoides-gene2': 1, 'Apochrysa_matsumurae-gene2': 1})
2020-03-19 11:58:44,315 -INFO- get gene name `trnI` from Counter({'trnI': 5, 'trnI-gat': 2})
2020-03-19 11:58:44,315 -INFO- get gene name `trnF` from Counter({'trnF': 3, 'trnF-gaa': 1})
2020-03-19 11:58:44,315 -INFO- get gene name `Dorypteryx_domestica-gene109` from Counter({'Dorypteryx_domestica-gene109': 1, 'Prionoglaris_stygia-gene108': 1, 'Amphigerontia_montivaga-gene108': 1})
2020-03-19 11:58:44,316 -INFO- get gene name `trnD-gtc` from Counter({'trnD-gtc': 3})
2020-03-19 11:58:44,316 -INFO- get gene name `trnC-gca` from Counter({'trnC-gca': 3})
2020-03-19 11:58:44,316 -INFO- get gene name `trnA` from Counter({'trnA': 2, 'Blattella_germanica-gene65': 1, 'Creobroter_gemmatus-gene36': 1, 'Petrobius_brevistylis-gene65': 1, 'Atelura_formicaria-gene66': 1, 'trnA-ugc': 1, 'Rhopalopsole_bulbifera-gene67': 1})
2020-03-19 11:58:44,316 -INFO- get gene name `trnN-aac` from Counter({'trnN-aac': 1, 'Ischnura_pumilio-gene66': 1, 'Megaloprepus_caerulatus-gene40': 1, 'Euphaea_yayeyamana-gene67': 1})
2020-03-19 11:58:44,317 -INFO- get gene name `trnD` from Counter({'trnD': 2, 'Sialis_hamata-gene46': 1, 'Neoneuromus_tonkinensis-gene55': 1, 'Diamphipnoa_annulata-gene45': 1, 'Eomantis_yunnanensis-gene46': 1, 'trnD-gac': 1, 'Amantis_nawai-gene46': 1, 'Leptomantella_albella-gene46': 1})
2020-03-19 11:58:44,317 -INFO- get gene name `Dorcadia_ioffi-gene45` from Counter({'Dorcadia_ioffi-gene45': 1, 'Blattella_germanica-gene45': 1, 'trnD': 1, 'Euphaea_yayeyamana-gene45': 1, 'Lachesilla_anna-gene45': 1, 'Jellisonia_amadoi-gene45': 1, 'Amphigerontia_montivaga-gene46': 1})
2020-03-19 11:58:44,318 -INFO- get gene name `trnK-ctt` from Counter({'trnK-ctt': 3, 'Bittacus_strigosus-gene22': 1, 'Eomantis_yunnanensis-gene44': 1, 'Neuroperla_schedingi-gene43': 1, 'Megacrania_alpheus_adan-gene45': 1, 'Diamphipnoa_annulata-gene43': 1, 'Epacanthaclisis_banksi-gene45': 1, 'Jellisonia_amadoi-gene44': 1, 'Antarctoperla_michaelseni-gene43': 1})
2020-03-19 11:58:44,318 -INFO- get gene name `trnM-cat` from Counter({'trnM-cat': 1, 'trnM': 1})
2020-03-19 11:58:44,318 -INFO- get gene name `trnS2-tga` from Counter({'trnS2-tga': 2, 'Jellisonia_amadoi-gene106': 1, 'Neopanorpa_pulchra-gene106': 1, 'Dorcadia_ioffi-gene100': 1})
2020-03-19 11:58:44,319 -INFO- get gene name `trnC-gca` from Counter({'trnC-gca': 4, 'trnC': 1, 'Megacrania_alpheus_adan-gene9': 1, 'Epacanthaclisis_banksi-gene8': 1, 'Heteropteryx_dilatata-gene9': 1, 'Rapisma_xizangense-gene8': 1, 'Nymphes_myrmeleonoides-gene8': 1, 'Eumantispa_harmandi-gene11': 1, 'Micromus_angulatus-gene11': 1, 'Apochrysa_matsumurae-gene8': 1})
2020-03-19 11:58:44,319 -INFO- get gene name `trnF-ttc` from Counter({'trnF-ttc': 1, 'Antarctoperla_michaelseni-gene77': 1})
2020-03-19 11:58:44,320 -INFO- get gene name `trnA-tgc` from Counter({'trnA-tgc': 4, 'Leptomantella_albella-gene66': 1, 'Bittacus_strigosus-gene36': 1, 'Neopanorpa_pulchra-gene65': 1, 'trnA': 1, 'Sibylla_pretiosa-gene68': 1, 'Amantis_nawai-gene68': 1, 'Macromia_daimoji-gene67': 1, 'Sialis_hamata-gene66': 1, 'Toxodera_hauseri-gene68': 1, 'Ischnura_pumilio-gene64': 1, 'trnA-gca': 1, 'Rapisma_xizangense-gene65': 1, 'Pseudolestes_mirabilis-gene65': 1, 'Eomantis_yunnanensis-gene68': 1, 'Neoneuromus_tonkinensis-gene77': 1})
2020-03-19 11:58:44,320 -INFO- get gene name `trnE-ttc` from Counter({'trnE-ttc': 3, 'trnE': 2, 'Antarctoperla_michaelseni-gene75': 1, 'Blattella_germanica-gene69': 1, 'Parafronurus_youi-gene71': 1, 'Suwallia_teleckojensis-gene75': 1, 'Neuroperla_schedingi-gene75': 1, 'Siphlonurus_immanis-gene70': 1, 'trnE-uuc': 1, 'Rhopalopsole_bulbifera-gene75': 1})
2020-03-19 11:58:44,321 -INFO- get gene name `trnR-tcg` from Counter({'trnR-tcg': 4, 'Rapisma_xizangense-gene66': 1, 'Neopanorpa_pulchra-gene66': 1, 'Mastotermes_darwiniensis-gene67': 1, 'Bittacus_strigosus-gene38': 1, 'Sialis_hamata-gene67': 1, 'Nymphes_myrmeleonoides-gene67': 1, 'Neoneuromus_tonkinensis-gene79': 1, 'Euborellia_arcanum-gene42': 1, 'Apochrysa_matsumurae-gene66': 1, 'trnR': 1})
2020-03-19 11:58:44,322 -INFO- get gene name `trnN-gtt` from Counter({'trnN-gtt': 8, 'trnN': 4, 'Phraortes_sp-_Iriomote_Island-gene67': 1, 'Rapisma_xizangense-gene67': 1, 'Sclerophasma_paresisense-gene67': 1, 'Humbertiella_nada-gene40': 1, 'Amantis_nawai-gene72': 1, 'Suwallia_teleckojensis-gene71': 1, 'Nymphes_myrmeleonoides-gene68': 1, 'Antarctoperla_michaelseni-gene71': 1, 'Neuroperla_schedingi-gene71': 1, 'Eumantispa_harmandi-gene72': 1, 'Sibylla_pretiosa-gene72': 1, 'Leptomantella_albella-gene68': 1})
2020-03-19 11:58:44,322 -INFO- get product `tRNA-Asn` from Counter({'tRNA-Asn': 24})
2020-03-19 11:58:44,322 -INFO- get exon number `1` from Counter({1: 24})
2020-03-19 11:58:44,323 -INFO- get trans_splicing `False` from Counter({False: 24})
2020-03-19 11:58:44,323 -INFO- get gene name `trnI` from Counter({'trnI': 1, 'Nemoura_nankinensis-gene2': 1})
2020-03-19 11:58:44,323 -INFO- get gene name `trnS1-gct` from Counter({'trnS1-gct': 1, 'trnS': 1})
2020-03-19 11:58:44,324 -INFO- get gene name `trnM` from Counter({'trnM': 2, 'Blattella_germanica-gene3': 1, 'trnM-cau': 1, 'Eomantis_yunnanensis-gene6': 1, 'Amantis_nawai-gene6': 1, 'Mastotermes_darwiniensis-gene3': 1, 'Creobroter_gemmatus-gene6': 1})
2020-03-19 11:58:44,324 -INFO- get gene name `Epacanthaclisis_banksi-gene111` from Counter({'Epacanthaclisis_banksi-gene111': 1, 'tRNA-L1': 1, 'Rapisma_xizangense-gene110': 1, 'Eumantispa_harmandi-gene106': 1, 'Nymphes_myrmeleonoides-gene111': 1, 'Apochrysa_matsumurae-gene110': 1})
2020-03-19 11:58:44,324 -INFO- get gene name `trnY` from Counter({'trnY': 1, 'trnY-gta': 1})
2020-03-19 11:58:44,325 -INFO- get gene name `trnG-tcc` from Counter({'trnG-tcc': 1, 'Lepidopsocidae_sp-_RS-2001-gene65': 1, 'Prionoglaris_stygia-gene63': 1})
2020-03-19 11:58:44,325 -INFO- get gene name `trnW-tca` from Counter({'trnW-tca': 4, 'trnW': 2, 'Micromus_angulatus-gene13': 1})
2020-03-19 11:58:44,325 -INFO- get gene name `trnS1-gct` from Counter({'trnS1-gct': 4, 'trnS1-agc': 1, 'Suwallia_teleckojensis-gene73': 1, 'trnS2': 1, 'Eumantispa_harmandi-gene74': 1, 'trnS': 1})
2020-03-19 11:58:44,326 -INFO- get gene name `trnS1` from Counter({'trnS1': 3, 'tRNA-S1': 2, 'trnS1-AGN': 1, 'trnS-gct': 1})
2020-03-19 11:58:44,326 -INFO- get gene name `Amphigerontia_montivaga-gene8` from Counter({'Amphigerontia_montivaga-gene8': 1, 'Lachesilla_anna-gene8': 1})
2020-03-19 11:58:44,326 -INFO- get gene name `Neoneuromus_tonkinensis-gene85` from Counter({'Neoneuromus_tonkinensis-gene85': 1, 'Ephemera_orientalis-gene70': 1, 'trnE-ttc': 1, 'Pseudolestes_mirabilis-gene69': 1, 'Sialis_hamata-gene70': 1, 'Megacrania_alpheus_adan-gene70': 1, 'trnE-uuc': 1, 'Heteropteryx_dilatata-gene68': 1})
2020-03-19 11:58:44,327 -INFO- get gene name `trnK` from Counter({'trnK': 4, 'trnK-cuu': 1, 'Macromia_daimoji-gene43': 1, 'Pseudolestes_mirabilis-gene44': 1, 'Ischnura_pumilio-gene44': 1, 'Sclerophasma_paresisense-gene45': 1, 'Phraortes_sp-_Iriomote_Island-gene45': 1, 'Megaloprepus_caerulatus-gene22': 1})
2020-03-19 11:58:44,327 -INFO- get gene name `trnP-tgg` from Counter({'trnP-tgg': 2, 'Mengenilla_moldrzyki-gene81': 1, 'trnP': 1})
2020-03-19 11:58:44,327 -INFO- get gene name `Pseudolestes_mirabilis-gene61` from Counter({'Pseudolestes_mirabilis-gene61': 1, 'Suwallia_teleckojensis-gene62': 1})
2020-03-19 11:58:44,327 -INFO- get gene name `Megacrania_alpheus_adan-gene62` from Counter({'Megacrania_alpheus_adan-gene62': 1, 'Zorotypus_medoensis-gene60': 1, 'Heteropteryx_dilatata-gene60': 1, 'Phraortes_sp-_Iriomote_Island-gene61': 1})
2020-03-19 11:58:44,328 -INFO- get gene name `Humbertiella_nada-gene36` from Counter({'Humbertiella_nada-gene36': 1, 'Nymphes_myrmeleonoides-gene66': 1, 'Lachesilla_anna-gene64': 1})
2020-03-19 11:58:44,328 -INFO- get gene name `Bittacus_strigosus-gene68` from Counter({'Bittacus_strigosus-gene68': 1, 'Dorcadia_ioffi-gene105': 1, 'trnL': 1, 'trnL1-tag': 1, 'Rhopalopsole_bulbifera-gene105': 1, 'Jellisonia_amadoi-gene110': 1, 'Mongoloraphidia_harmandi-gene109': 1})
2020-03-19 11:58:44,328 -INFO- get gene name `Dorcadia_ioffi-gene4` from Counter({'Dorcadia_ioffi-gene4': 1, 'Jellisonia_amadoi-gene2': 1, 'trnQ-UUG': 1})
2020-03-19 11:58:44,329 -INFO- get gene name `trnG` from Counter({'trnG': 5, 'trnG-tcc': 2, 'Eubasilissa_regina-gene62': 1, 'Blattella_germanica-gene61': 1})
2020-03-19 11:58:44,329 -INFO- get gene name `trnS1-gct` from Counter({'trnS1-gct': 1, 'Macromia_daimoji-gene73': 1})
2020-03-19 11:58:44,329 -INFO- get gene name `Limnephilus_decipiens-gene9` from Counter({'Limnephilus_decipiens-gene9': 1, 'Triaenodes_tardus-gene15': 1, 'Eubasilissa_regina-gene10': 1, 'Phraortes_sp-_Iriomote_Island-gene10': 1})
2020-03-19 11:58:44,329 -INFO- get gene name `Humbertiella_nada-gene10` from Counter({'Humbertiella_nada-gene10': 1, 'Creobroter_gemmatus-gene10': 1, 'Eomantis_yunnanensis-gene11': 1, 'Amantis_nawai-gene11': 1, 'Toxodera_hauseri-gene11': 1, 'Blattella_germanica-gene8': 1})
2020-03-19 11:58:44,330 -INFO- get gene name `trnV` from Counter({'trnV': 1, 'Sialis_hamata-gene113': 1})
2020-03-19 11:58:44,330 -INFO- get gene name `trnE` from Counter({'trnE': 2, 'trnE-ttc': 1})
2020-03-19 11:58:44,330 -INFO- get gene name `trnL2-taa` from Counter({'trnL2-taa': 2, 'Stimulopalpus_japonicus-gene39': 1, 'trnL': 1, 'Mongoloraphidia_harmandi-gene34': 1, 'Sclerophasma_paresisense-gene34': 1})
2020-03-19 11:58:44,330 -INFO- get gene name `trnR` from Counter({'trnR': 1, 'trnR-tcg': 1})
2020-03-19 11:58:44,331 -INFO- get gene name `trnA-tgc` from Counter({'trnA-tgc': 1, 'Ephemera_orientalis-gene66': 1, 'Nesomachilis_australica-gene66': 1, 'Antarctoperla_michaelseni-gene67': 1, 'Suwallia_teleckojensis-gene67': 1, 'Siphlonurus_immanis-gene66': 1, 'Nemoura_nankinensis-gene67': 1, 'Neuroperla_schedingi-gene67': 1, 'Diamphipnoa_annulata-gene67': 1})
2020-03-19 11:58:44,331 -INFO- get gene name `Diamphipnoa_annulata-gene75` from Counter({'Diamphipnoa_annulata-gene75': 1, 'Neopanorpa_pulchra-gene69': 1, 'Bittacus_strigosus-gene44': 1})
2020-03-19 11:58:44,331 -INFO- get gene name `trnQ` from Counter({'trnQ': 4, 'Eubasilissa_regina-gene2': 1, 'trnQ-ttg': 1})
2020-03-19 11:58:44,331 -INFO- get gene name `Lachesilla_anna-gene43` from Counter({'Lachesilla_anna-gene43': 1, 'trnK': 1, 'Amphigerontia_montivaga-gene44': 1})
2020-03-19 11:58:44,332 -INFO- get gene name `trnS2` from Counter({'trnS2': 3, 'trnS-tga': 1, 'Limnephilus_decipiens-gene50': 1, 'tRNA-S2': 1, 'trnS2-UCN': 1, 'Eubasilissa_regina-gene107': 1})
2020-03-19 11:58:44,332 -INFO- get gene name `trnG` from Counter({'trnG': 2, 'Euphaea_yayeyamana-gene61': 1, 'Micromus_angulatus-gene63': 1, 'Neopanorpa_pulchra-gene61': 1, 'Diamphipnoa_annulata-gene62': 1, 'Nymphes_myrmeleonoides-gene62': 1, 'Macromia_daimoji-gene62': 1, 'Neuroperla_schedingi-gene62': 1, 'Nemoura_nankinensis-gene62': 1, 'trnG-tcc': 1, 'Apochrysa_matsumurae-gene61': 1, 'Eumantispa_harmandi-gene63': 1, 'Rhopalopsole_bulbifera-gene62': 1, 'Neoneuromus_tonkinensis-gene72': 1, 'Epacanthaclisis_banksi-gene62': 1})
2020-03-19 11:58:44,333 -INFO- get gene name `Leptomantella_albella-gene2` from Counter({'Leptomantella_albella-gene2': 1, 'Blattella_germanica-gene2': 1, 'Eomantis_yunnanensis-gene4': 1, 'Amantis_nawai-gene4': 1, 'Sibylla_pretiosa-gene4': 1, 'Creobroter_gemmatus-gene4': 1})
2020-03-19 11:58:44,333 -INFO- get gene name `Bittacus_strigosus-gene40` from Counter({'Bittacus_strigosus-gene40': 1, 'Micromus_angulatus-gene72': 1, 'Neopanorpa_pulchra-gene67': 1, 'Parafronurus_youi-gene69': 1, 'Ephemera_orientalis-gene68': 1, 'trnN-gtt': 1, 'Heteropteryx_dilatata-gene66': 1, 'Siphlonurus_immanis-gene68': 1})
2020-03-19 11:58:44,333 -INFO- get gene name `trnL2-taa` from Counter({'trnL2-taa': 1, 'Dorcadia_ioffi-gene38': 1, 'Jellisonia_amadoi-gene33': 1})
2020-03-19 11:58:44,334 -INFO- get gene name `Neuroperla_schedingi-gene73` from Counter({'Neuroperla_schedingi-gene73': 1, 'Diamphipnoa_annulata-gene73': 1})
2020-03-19 11:58:44,334 -INFO- get gene name `trnN-gtt` from Counter({'trnN-gtt': 1, 'trnN': 1})
2020-03-19 11:58:44,334 -INFO- get gene name `trnN` from Counter({'trnN': 4, 'trnN-gtt': 2, 'Blattella_germanica-gene67': 1, 'Sialis_hamata-gene68': 1, 'Mastotermes_darwiniensis-gene68': 1, 'Dorcadia_ioffi-gene71': 1, 'Zorotypus_medoensis-gene66': 1, 'Toxodera_hauseri-gene72': 1, 'Neoneuromus_tonkinensis-gene81': 1, 'Triaenodes_tardus-gene75': 1, 'Jellisonia_amadoi-gene67': 1})
2020-03-19 11:58:44,335 -INFO- get gene name `Sibylla_pretiosa-gene46` from Counter({'Sibylla_pretiosa-gene46': 1, 'Creobroter_gemmatus-gene24': 1, 'Zorotypus_medoensis-gene45': 1, 'trnD': 1, 'Rapisma_xizangense-gene46': 1, 'Heteropteryx_dilatata-gene45': 1})
2020-03-19 11:58:44,335 -INFO- get gene name `Prionoglaris_stygia-gene7` from Counter({'Prionoglaris_stygia-gene7': 1, 'Amphigerontia_montivaga-gene2': 1})
2020-03-19 11:58:44,336 -INFO- get gene name `Nemoura_nankinensis-gene109` from Counter({'Nemoura_nankinensis-gene109': 1, 'Antarctoperla_michaelseni-gene109': 1, 'trnV-tac': 1, 'Suwallia_teleckojensis-gene109': 1, 'Diamphipnoa_annulata-gene109': 1, 'Neuroperla_schedingi-gene109': 1})
2020-03-19 11:58:44,788 -INFO- get gene name `trnI-gat` from Counter({'trnI-gat': 3, 'trnI': 2, 'Mongoloraphidia_harmandi-gene1': 1, 'Dorcadia_ioffi-gene2': 1})
2020-03-19 11:58:44,790 -INFO- get gene name `trnT` from Counter({'trnT': 4, 'Humbertiella_nada-gene56': 1, 'trnT-ugu': 1, 'Macromia_daimoji-gene90': 1, 'Antarctoperla_michaelseni-gene90': 1, 'Neopanorpa_pulchra-gene86': 1, 'Euphaea_yayeyamana-gene86': 1, 'trnT-tgt': 1, 'Diamphipnoa_annulata-gene90': 1, 'Neuroperla_schedingi-gene90': 1, 'Nemoura_nankinensis-gene90': 1})
2020-03-19 11:58:44,791 -INFO- get gene name `trnW-tca` from Counter({'trnW-tca': 3, 'trnW': 2, 'Nymphes_myrmeleonoides-gene9': 1, 'Epacanthaclisis_banksi-gene9': 1, 'Nesomachilis_australica-gene8': 1, 'Suwallia_teleckojensis-gene11': 1, 'Eumantispa_harmandi-gene13': 1, 'Antarctoperla_michaelseni-gene11': 1, 'Apochrysa_matsumurae-gene9': 1, 'Nemoura_nankinensis-gene11': 1, 'Sialis_hamata-gene8': 1, 'trnW-tga': 1, 'Petrobius_brevistylis-gene8': 1, 'Diamphipnoa_annulata-gene11': 1})
2020-03-19 11:58:44,792 -INFO- get gene name `Eomantis_yunnanensis-gene93` from Counter({'Eomantis_yunnanensis-gene93': 1, 'Sibylla_pretiosa-gene93': 1, 'Amantis_nawai-gene93': 1})
2020-03-19 11:58:44,792 -INFO- get gene name `Petrobius_brevistylis-gene87` from Counter({'Petrobius_brevistylis-gene87': 1, 'Leptomantella_albella-gene87': 1, 'Eomantis_yunnanensis-gene91': 1})
2020-03-19 11:58:44,794 -INFO- get gene name `trnL2-taa` from Counter({'trnL2-taa': 3, 'Nemoura_nankinensis-gene38': 1, 'trnL-taa': 1, 'Suwallia_teleckojensis-gene38': 1, 'trnL2': 1, 'Rhopalopsole_bulbifera-gene38': 1, 'Amantis_nawai-gene39': 1, 'trnL-tta': 1, 'Neuroperla_schedingi-gene38': 1, 'Ephemera_orientalis-gene34': 1, 'Antarctoperla_michaelseni-gene38': 1, 'Eomantis_yunnanensis-gene39': 1, 'Leptomantella_albella-gene34': 1, 'Sibylla_pretiosa-gene39': 1, 'Siphlonurus_immanis-gene34': 1, 'Parafronurus_youi-gene35': 1})
2020-03-19 11:58:44,794 -INFO- get gene name `Eumantispa_harmandi-gene39` from Counter({'Eumantispa_harmandi-gene39': 1, 'Apochrysa_matsumurae-gene34': 1})
2020-03-19 11:58:44,795 -INFO- get gene name `rrnS` from Counter({'rrnS': 3})
2020-03-19 11:58:44,795 -INFO- get gene name `trnP-tgg` from Counter({'trnP-tgg': 2, 'Leptomantella_albella-gene88': 1, 'Jellisonia_amadoi-gene87': 1, 'Blattella_germanica-gene87': 1, 'Dorcadia_ioffi-gene92': 1})
2020-03-19 11:58:44,796 -INFO- get gene name `trnI-gau` from Counter({'trnI-gau': 1, 'Micromus_angulatus-gene2': 1})
2020-03-19 11:58:44,796 -INFO- get gene name `Prionoglaris_stygia-gene112` from Counter({'Prionoglaris_stygia-gene112': 1, 'Stimulopalpus_japonicus-gene112': 1, 'Lepidopsocidae_sp-_RS-2001-gene113': 1, 'Lachesilla_anna-gene111': 1, 'rrnS': 1, 'Amphigerontia_montivaga-gene112': 1})
2020-03-19 11:58:44,796 -INFO- get gene name `trnL-uag` from Counter({'trnL-uag': 1, 'trnL': 1})
2020-03-19 11:58:44,797 -INFO- get gene name `Mongoloraphidia_harmandi-gene3` from Counter({'Mongoloraphidia_harmandi-gene3': 1, 'Ischnura_pumilio-gene3': 1, 'Jellisonia_amadoi-gene3': 1, 'Euphaea_yayeyamana-gene3': 1})
2020-03-19 11:58:44,797 -INFO- get gene name `Sibylla_pretiosa-gene6` from Counter({'Sibylla_pretiosa-gene6': 1, 'trnM': 1})
2020-03-19 11:58:44,797 -INFO- get gene name `trnI` from Counter({'trnI': 1, 'Suwallia_teleckojensis-gene2': 1, 'Tricholepidion_gertschi-gene1': 1, 'Bittacus_strigosus-gene2': 1})
2020-03-19 11:58:44,798 -INFO- get gene name `trnH` from Counter({'trnH': 1, 'Nymphes_myrmeleonoides-gene78': 1, 'Neopanorpa_pulchra-gene77': 1, 'Blattella_germanica-gene77': 1, 'Epacanthaclisis_banksi-gene78': 1, 'Dorcadia_ioffi-gene82': 1, 'Bittacus_strigosus-gene50': 1, 'trnH-gtg': 1, 'Ephemera_orientalis-gene78': 1, 'Siphlonurus_immanis-gene78': 1})
2020-03-19 11:58:44,798 -INFO- get gene name `trnP-tgg` from Counter({'trnP-tgg': 6, 'trnP': 4, 'Neopanorpa_pulchra-gene87': 1, 'Amphigerontia_montivaga-gene93': 1, 'Toxodera_hauseri-gene93': 1, 'trnP-UGG': 1})
2020-03-19 11:58:44,799 -INFO- get product `tRNA-Pro` from Counter({'tRNA-Pro': 14})
2020-03-19 11:58:44,799 -INFO- get exon number `1` from Counter({1: 14})
2020-03-19 11:58:44,799 -INFO- get trans_splicing `False` from Counter({False: 14})
2020-03-19 11:58:44,800 -INFO- get gene name `Vestalis_melania-gene8` from Counter({'Vestalis_melania-gene8': 1, 'Siphlonurus_immanis-gene8': 1, 'Parafronurus_youi-gene9': 1, 'Ephemera_orientalis-gene8': 1, 'Pseudolestes_mirabilis-gene8': 1})
2020-03-19 11:58:44,800 -INFO- get gene name `Eomantis_yunnanensis-gene106` from Counter({'Eomantis_yunnanensis-gene106': 1, 'Leptomantella_albella-gene111': 1, 'trnL': 1})
2020-03-19 11:58:45,707 -INFO- get gene name `Sclerophasma_paresisense-gene65` from Counter({'Sclerophasma_paresisense-gene65': 1, 'Apochrysa_matsumurae-gene65': 1, 'trnP': 1, 'Apochrysa_matsumurae-gene46': 1, 'Phryganopsyche_latipennis-gene58': 1, 'Mongoloraphidia_harmandi-gene46': 1, 'Sclerophasma_paresisense-gene46': 1})
2020-03-19 11:58:45,708 -INFO- get gene name `Siphlonurus_immanis-gene9` from Counter({'Siphlonurus_immanis-gene9': 1, 'Ephemera_orientalis-gene9': 1})
2020-03-19 11:58:45,710 -INFO- get gene name `trnP` from Counter({'trnP': 4, 'trnP-tgg': 1, 'Nymphes_myrmeleonoides-gene88': 1, 'Apochrysa_matsumurae-gene87': 1, 'Rapisma_xizangense-gene87': 1, 'Sialis_hamata-gene88': 1, 'Triaenodes_tardus-gene92': 1, 'trnP-UGG': 1, 'Epacanthaclisis_banksi-gene88': 1, 'Eubasilissa_regina-gene88': 1})
2020-03-19 11:58:45,711 -INFO- get gene name `trnT-tgt` from Counter({'trnT-tgt': 6, 'trnT': 3, 'Neoneuromus_tonkinensis-gene105': 1, 'Micromus_angulatus-gene91': 1, 'Epacanthaclisis_banksi-gene87': 1, 'Rhopalopsole_bulbifera-gene90': 1, 'Sialis_hamata-gene87': 1, 'Creobroter_gemmatus-gene60': 1})
2020-03-19 11:58:45,711 -INFO- get product `tRNA-Thr` from Counter({'tRNA-Thr': 15})
2020-03-19 11:58:45,712 -INFO- get exon number `1` from Counter({1: 15})
2020-03-19 11:58:45,712 -INFO- get trans_splicing `False` from Counter({False: 15})
2020-03-19 11:58:45,713 -INFO- get gene name `trnA-tgc` from Counter({'trnA-tgc': 5, 'Lepidopsocidae_sp-_RS-2001-gene69': 1, 'Phraortes_sp-_Iriomote_Island-gene65': 1, 'Jellisonia_amadoi-gene65': 1, 'Dorcadia_ioffi-gene67': 1})
2020-03-19 11:58:45,714 -INFO- get gene name `Phryganopsyche_latipennis-gene32` from Counter({'Phryganopsyche_latipennis-gene32': 1, 'Thermobia_domestica-gene61': 1, 'trnG': 1})
2020-03-19 11:58:45,714 -INFO- get gene name `s-rRNA` from Counter({'s-rRNA': 1, 'Megaphragma_amalphitanum-gene134': 1})
2020-03-19 11:58:45,715 -INFO- get gene name `Ephemera_orientalis-gene111` from Counter({'Ephemera_orientalis-gene111': 1, 'Siphlonurus_immanis-gene111': 1})
2020-03-19 11:58:45,715 -INFO- get gene name `trnQ-ttg` from Counter({'trnQ-ttg': 2})
2020-03-19 11:58:45,716 -INFO- get gene name `trnV-tac` from Counter({'trnV-tac': 5, 'trnV': 4, 'trnV-UAC': 1})
2020-03-19 11:58:45,716 -INFO- get gene name `Diamphipnoa_annulata-gene100` from Counter({'Diamphipnoa_annulata-gene100': 1, 'trnS2-tga': 1, 'Antarctoperla_michaelseni-gene100': 1, 'Neuroperla_schedingi-gene100': 1, 'Nemoura_nankinensis-gene100': 1})
2020-03-19 11:58:45,717 -INFO- get gene name `Mongoloraphidia_harmandi-gene10` from Counter({'Mongoloraphidia_harmandi-gene10': 1, 'trnY': 1, 'Sialis_hamata-gene10': 1})
2020-03-19 11:58:45,717 -INFO- get gene name `Neuroperla_schedingi-gene2` from Counter({'Neuroperla_schedingi-gene2': 1, 'Thermobia_domestica-gene1': 1})
2020-03-19 11:58:45,717 -INFO- get gene name `Heteropteryx_dilatata-gene3` from Counter({'Heteropteryx_dilatata-gene3': 1, 'trnM': 1, 'Euborellia_arcanum-gene4': 1})
2020-03-19 11:58:45,718 -INFO- get gene name `trnA` from Counter({'trnA': 2, 'Epacanthaclisis_banksi-gene66': 1})
2020-03-19 11:58:45,718 -INFO- get gene name `Sialis_hamata-gene62` from Counter({'Sialis_hamata-gene62': 1, 'trnG': 1})
2020-03-19 11:58:45,718 -INFO- get gene name `trnC` from Counter({'trnC': 2, 'trnC-gca': 1})
2020-03-19 11:58:45,718 -INFO- get gene name `Bittacus_strigosus-gene42` from Counter({'Bittacus_strigosus-gene42': 1, 'Micromus_angulatus-gene74': 1, 'Apochrysa_matsumurae-gene68': 1, 'Nymphes_myrmeleonoides-gene69': 1, 'Epacanthaclisis_banksi-gene69': 1, 'trnS1-tct': 1})
2020-03-19 11:58:45,719 -INFO- get gene name `trnN` from Counter({'trnN': 2, 'trnN-guu': 1})
2020-03-19 11:58:45,719 -INFO- get gene name `trnP-tgg` from Counter({'trnP-tgg': 1, 'Antarctoperla_michaelseni-gene92': 1, 'Diamphipnoa_annulata-gene92': 1, 'Rhopalopsole_bulbifera-gene92': 1})
2020-03-19 11:58:45,719 -INFO- get gene name `Isonychia_kiangsinensis-gene93` from Counter({'Isonychia_kiangsinensis-gene93': 1, 'trnP-tgg': 1, 'Suwallia_teleckojensis-gene92': 1, 'Bittacus_strigosus-gene58': 1, 'Thermobia_domestica-gene87': 1, 'Neuroperla_schedingi-gene92': 1, 'Nemoura_nankinensis-gene92': 1})
2020-03-19 11:58:45,720 -INFO- get gene name `trnS` from Counter({'trnS': 2, 'trnS-gcu': 2})
2020-03-19 11:58:45,720 -INFO- get gene name `trnL1-tag` from Counter({'trnL1-tag': 3, 'trnL-cta': 1, 'trnL-tag': 1, 'trnL2': 1})
2020-03-19 11:58:45,720 -INFO- get gene name `trnG-tcc` from Counter({'trnG-tcc': 2})
2020-03-19 11:58:45,721 -INFO- get gene name `Dorcadia_ioffi-gene90` from Counter({'Dorcadia_ioffi-gene90': 1, 'trnT-tgt': 1})
2020-03-19 11:58:45,721 -INFO- get gene name `trnN-gtt` from Counter({'trnN-gtt': 4, 'Macromia_daimoji-gene71': 1, 'trnN': 1})
2020-03-19 11:58:45,721 -INFO- get gene name `trnG-tcc` from Counter({'trnG-tcc': 1, 'Antarctoperla_michaelseni-gene62': 1})
2020-03-19 11:58:45,722 -INFO- get gene name `trnH-gtg` from Counter({'trnH-gtg': 4, 'trnH': 3, 'Apochrysa_matsumurae-gene77': 1})
2020-03-19 11:58:45,722 -INFO- get gene name `Lachesilla_anna-gene38` from Counter({'Lachesilla_anna-gene38': 1, 'Amphigerontia_montivaga-gene39': 1})
2020-03-19 11:58:45,722 -INFO- get gene name `Leptomantella_albella-gene10` from Counter({'Leptomantella_albella-gene10': 1, 'Amantis_nawai-gene15': 1, 'Humbertiella_nada-gene14': 1, 'Creobroter_gemmatus-gene14': 1, 'Blattella_germanica-gene10': 1, 'Mastotermes_darwiniensis-gene10': 1})
2020-03-19 11:58:45,722 -INFO- get gene name `Ischnura_pumilio-gene33` from Counter({'Ischnura_pumilio-gene33': 1, 'Pseudolestes_mirabilis-gene33': 1})
2020-03-19 11:58:45,723 -INFO- get gene name `trnW` from Counter({'trnW': 4, 'trnW-tca': 1, 'Limnephilus_decipiens-gene7': 1})
2020-03-19 11:58:45,723 -INFO- get gene name `trnY` from Counter({'trnY': 3, 'trnY-gta': 1})
2020-03-19 11:58:45,723 -INFO- get gene name `trnW-tca` from Counter({'trnW-tca': 2})
2020-03-19 11:58:45,724 -INFO- get gene name `trnD` from Counter({'trnD': 4, 'Nymphes_myrmeleonoides-gene46': 1, 'trnD-GUC': 1, 'trnD-gtc': 1})
2020-03-19 11:58:45,724 -INFO- get gene name `trnF` from Counter({'trnF': 2, 'trnF-gaa': 1})
2020-03-19 11:58:45,724 -INFO- get gene name `trnH` from Counter({'trnH': 2, 'trnH-GUG': 1})
2020-03-19 11:58:45,724 -INFO- get gene name `trnK-cuu` from Counter({'trnK-cuu': 1, 'trnK': 1})
2020-03-19 11:58:46,179 -INFO- get gene name `trnI` from Counter({'trnI': 1, 'trnI-gat': 1})
2020-03-19 11:58:46,180 -INFO- get gene name `trnH` from Counter({'trnH': 1, 'Nemoura_nankinensis-gene82': 1})
2020-03-19 11:58:46,180 -INFO- get gene name `Vestalis_melania-gene87` from Counter({'Vestalis_melania-gene87': 1, 'Pseudolestes_mirabilis-gene87': 1})
2020-03-19 11:58:46,180 -INFO- get gene name `Sialis_hamata-gene69` from Counter({'Sialis_hamata-gene69': 1, 'Neopanorpa_pulchra-gene68': 1, 'trnS1': 1, 'Rhopalopsole_bulbifera-gene73': 1, 'Nemoura_nankinensis-gene73': 1})
2020-03-19 11:58:46,181 -INFO- get gene name `Humbertiella_nada-gene44` from Counter({'Humbertiella_nada-gene44': 1, 'Toxodera_hauseri-gene76': 1, 'Sibylla_pretiosa-gene76': 1, 'Creobroter_gemmatus-gene48': 1, 'Phraortes_sp-_Iriomote_Island-gene69': 1, 'Leptomantella_albella-gene70': 1, 'Eubasilissa_regina-gene70': 1})
2020-03-19 11:58:46,181 -INFO- get gene name `trnL1` from Counter({'trnL1': 1, 'Neopanorpa_pulchra-gene33': 1})
2020-03-19 11:58:46,924 -INFO- get gene name `Amantis_nawai-gene70` from Counter({'Amantis_nawai-gene70': 1, 'Creobroter_gemmatus-gene38': 1, 'Humbertiella_nada-gene38': 1, 'Sibylla_pretiosa-gene70': 1})
2020-03-19 11:58:46,926 -INFO- get gene name `trnT-tgt` from Counter({'trnT-tgt': 5, 'Megacrania_alpheus_adan-gene87': 1, 'trnT': 1, 'Lachesilla_anna-gene90': 1, 'Blattella_germanica-gene86': 1})
2020-03-19 11:58:46,926 -INFO- get gene name `Sibylla_pretiosa-gene63` from Counter({'Sibylla_pretiosa-gene63': 1, 'Toxodera_hauseri-gene63': 1})
2020-03-19 11:58:46,927 -INFO- get gene name `Parafronurus_youi-gene11` from Counter({'Parafronurus_youi-gene11': 1, 'Siphlonurus_immanis-gene10': 1, 'Heteropteryx_dilatata-gene10': 1})
2020-03-19 11:58:46,927 -INFO- get gene name `trnQ` from Counter({'trnQ': 1, 'Epacanthaclisis_banksi-gene2': 1})
2020-03-19 11:58:46,927 -INFO- get gene name `trnI` from Counter({'trnI': 2, 'Epacanthaclisis_banksi-gene1': 1})
2020-03-19 11:58:46,927 -INFO- get gene name `trnY-gta` from Counter({'trnY-gta': 4, 'Phryganopsyche_latipennis-gene14': 1})
2020-03-19 11:58:46,928 -INFO- get gene name `trnI-gat` from Counter({'trnI-gat': 2, 'trnI-atc': 1, 'trnI': 1})
2020-03-19 11:58:46,928 -INFO- get gene name `lsu` from Counter({'lsu': 1, 'rRNA': 1, 'rrnL': 1})
2020-03-19 11:58:46,928 -INFO- get gene name `trnC-gca` from Counter({'trnC-gca': 2, 'Diamphipnoa_annulata-gene13': 1, 'Nemoura_nankinensis-gene13': 1, 'Neuroperla_schedingi-gene13': 1})
2020-03-19 11:58:46,929 -INFO- get gene name `trnS1-GCU` from Counter({'trnS1-GCU': 1, 'trnS1': 1})
2020-03-19 11:58:46,929 -INFO- get gene name `trnE` from Counter({'trnE': 2})
2020-03-19 11:58:46,929 -INFO- get gene name `Megaloprepus_caerulatus-gene68` from Counter({'Megaloprepus_caerulatus-gene68': 1, 'Prionoglaris_stygia-gene106': 1, 'Neopanorpa_pulchra-gene110': 1, 'Neoneuromus_tonkinensis-gene132': 1})
2020-03-19 11:58:46,929 -INFO- get gene name `Sibylla_pretiosa-gene11` from Counter({'Sibylla_pretiosa-gene11': 1, 'Microhodotermes_viator-gene8': 1, 'trnW': 1})
2020-03-19 11:58:46,930 -INFO- get gene name `trnI` from Counter({'trnI': 1, 'trnI-gat': 1, 'Antarctoperla_michaelseni-gene2': 1, 'Diamphipnoa_annulata-gene2': 1})
2020-03-19 11:58:46,930 -INFO- get gene name `trnE` from Counter({'trnE': 2, 'Triaenodes_tardus-gene73': 1})
2020-03-19 11:58:46,930 -INFO- get gene name `Toxodera_hauseri-gene46` from Counter({'Toxodera_hauseri-gene46': 1, 'Megacrania_alpheus_adan-gene46': 1})
2020-03-19 11:58:46,930 -INFO- get gene name `trnS-tca` from Counter({'trnS-tca': 1, 'trnS1': 1, 'Micromus_angulatus-gene101': 1, 'trnS2-tga': 1, 'trnS': 1, 'Nymphes_myrmeleonoides-gene107': 1})
2020-03-19 11:58:46,931 -INFO- get gene name `Siphlonurus_immanis-gene45` from Counter({'Siphlonurus_immanis-gene45': 1, 'Ephemera_orientalis-gene45': 1})
2020-03-19 11:58:46,931 -INFO- get gene name `Dorcadia_ioffi-gene69` from Counter({'Dorcadia_ioffi-gene69': 1, 'trnR-tcg': 1})
2020-03-19 11:58:46,931 -INFO- get gene name `Phraortes_sp-_Iriomote_Island-gene34` from Counter({'Phraortes_sp-_Iriomote_Island-gene34': 1, 'Heteropteryx_dilatata-gene33': 1})
2020-03-19 11:58:46,931 -INFO- get gene name `Microhodotermes_viator-gene87` from Counter({'Microhodotermes_viator-gene87': 1, 'trnT': 1, 'Mastotermes_darwiniensis-gene87': 1, 'trnT-tgt': 1})
2020-03-19 11:58:46,932 -INFO- get gene name `trnQ` from Counter({'trnQ': 1, 'Mastotermes_darwiniensis-gene2': 1})
2020-03-19 11:58:46,932 -INFO- get gene name `Atelura_formicaria-gene114` from Counter({'Atelura_formicaria-gene114': 1, 'Dorypteryx_domestica-gene113': 1})
2020-03-19 11:58:46,932 -INFO- get gene name `trnG-tcc` from Counter({'trnG-tcc': 2})
2020-03-19 11:58:46,933 -INFO- get gene name `trnY` from Counter({'trnY': 2, 'Rapisma_xizangense-gene10': 1, 'Apochrysa_matsumurae-gene10': 1, 'Stimulopalpus_japonicus-gene15': 1, 'Neoneuromus_tonkinensis-gene16': 1, 'Amphigerontia_montivaga-gene15': 1, 'Eumantispa_harmandi-gene15': 1, 'Micromus_angulatus-gene15': 1})
2020-03-19 11:58:46,933 -INFO- get gene name `Leptomantella_albella-gene107` from Counter({'Leptomantella_albella-gene107': 1, 'Amantis_nawai-gene101': 1})
2020-03-19 11:58:46,933 -INFO- get gene name `trnH` from Counter({'trnH': 1, 'trnH-gtg': 1})
2020-03-19 11:58:46,933 -INFO- get gene name `Eumantispa_harmandi-gene91` from Counter({'Eumantispa_harmandi-gene91': 1, 'Nymphes_myrmeleonoides-gene87': 1})
2020-03-19 11:58:46,934 -INFO- get gene name `Eubasilissa_regina-gene113` from Counter({'Eubasilissa_regina-gene113': 1, 'Limnephilus_decipiens-gene55': 1, 'Phryganopsyche_latipennis-gene72': 1})
2020-03-19 11:58:46,934 -INFO- get gene name `Euphaea_yayeyamana-gene87` from Counter({'Euphaea_yayeyamana-gene87': 1, 'Macromia_daimoji-gene92': 1, 'trnP-tgg': 1})
2020-03-19 11:58:46,934 -INFO- get gene name `trnE-ttc` from Counter({'trnE-ttc': 2, 'Dorcadia_ioffi-gene75': 1, 'Rapisma_xizangense-gene69': 1, 'Jellisonia_amadoi-gene69': 1})
2020-03-19 11:58:46,934 -INFO- get gene name `trnN-GUU` from Counter({'trnN-GUU': 1, 'Eubasilissa_regina-gene68': 1})
2020-03-19 11:58:46,935 -INFO- get gene name `Phryganopsyche_latipennis-gene12` from Counter({'Phryganopsyche_latipennis-gene12': 1, 'Triaenodes_tardus-gene13': 1, 'Limnephilus_decipiens-gene8': 1})
2020-03-19 11:58:46,935 -INFO- get gene name `Antarctoperla_michaelseni-gene45` from Counter({'Antarctoperla_michaelseni-gene45': 1, 'Nemoura_nankinensis-gene45': 1, 'trnD-gtc': 1})
2020-03-19 11:58:46,935 -INFO- get gene name `trnY-gta` from Counter({'trnY-gta': 2})
2020-03-19 11:58:46,935 -INFO- get gene name `Toxodera_hauseri-gene101` from Counter({'Toxodera_hauseri-gene101': 1, 'Sibylla_pretiosa-gene101': 1})
2020-03-19 11:58:46,935 -INFO- get gene name `trnM-cat` from Counter({'trnM-cat': 1, 'trnM': 1})
2020-03-19 11:58:46,936 -INFO- get gene name `trnK-ctt` from Counter({'trnK-ctt': 2, 'Creobroter_gemmatus-gene22': 1, 'Amantis_nawai-gene44': 1, 'trnK': 1, 'Toxodera_hauseri-gene44': 1})
2020-03-19 11:58:46,936 -INFO- get gene name `trnF-gaa` from Counter({'trnF-gaa': 1, 'Neopanorpa_pulchra-gene70': 1, 'Nemoura_nankinensis-gene77': 1})
2020-03-19 11:58:46,936 -INFO- get gene name `trnI-gat` from Counter({'trnI-gat': 2})
2020-03-19 11:58:46,936 -INFO- get gene name `rrnS` from Counter({'rrnS': 1, 'Zele_chlorophthalmus-gene6': 1})
2020-03-19 11:58:46,937 -INFO- get gene name `Sclerophasma_paresisense-gene110` from Counter({'Sclerophasma_paresisense-gene110': 1, 'trnL1-tag': 1})
2020-03-19 11:58:46,937 -INFO- get gene name `trnE-ttc` from Counter({'trnE-ttc': 1, 'Apochrysa_matsumurae-gene69': 1, 'Zorotypus_medoensis-gene68': 1})
2020-03-19 11:58:46,937 -INFO- get gene name `trnM-cau` from Counter({'trnM-cau': 1, 'trnM': 1, 'Neoneuromus_tonkinensis-gene6': 1})
2020-03-19 11:58:46,937 -INFO- get gene name `trnY` from Counter({'trnY': 1, 'trnY-gta': 1, 'trnY-tac': 1})
2020-03-19 11:58:46,938 -INFO- get gene name `trnI-gat` from Counter({'trnI-gat': 1, 'Amphigerontia_montivaga-gene6': 1})
2020-03-19 11:58:46,938 -INFO- get gene name `Creobroter_gemmatus-gene12` from Counter({'Creobroter_gemmatus-gene12': 1, 'Amantis_nawai-gene13': 1})
2020-03-19 11:58:46,938 -INFO- get gene name `Epacanthaclisis_banksi-gene34` from Counter({'Epacanthaclisis_banksi-gene34': 1, 'Zorotypus_medoensis-gene33': 1, 'Nymphes_myrmeleonoides-gene34': 1, 'tRNA-L2': 1, 'Micromus_angulatus-gene39': 1})
2020-03-19 11:58:46,938 -INFO- get gene name `trnR` from Counter({'trnR': 2, 'trnR-tcg': 1})
2020-03-19 11:58:46,939 -INFO- get gene name `Ephemera_orientalis-gene113` from Counter({'Ephemera_orientalis-gene113': 1, 'Siphlonurus_immanis-gene113': 1})
2020-03-19 11:58:46,939 -INFO- get gene name `trnL` from Counter({'trnL': 1, 'trnL1-tag': 1})
2020-03-19 11:58:46,939 -INFO- get gene name `trnP` from Counter({'trnP': 1, 'trnP-tgg': 1})
2020-03-19 11:58:46,939 -INFO- get gene name `trnA-tgc` from Counter({'trnA-tgc': 1, 'Microhodotermes_viator-gene66': 1})
2020-03-19 11:58:46,940 -INFO- get gene name `trnG-tcc` from Counter({'trnG-tcc': 1, 'trnG': 1})
2020-03-19 11:58:46,940 -INFO- get gene name `Phraortes_sp-_Iriomote_Island-gene68` from Counter({'Phraortes_sp-_Iriomote_Island-gene68': 1, 'Megacrania_alpheus_adan-gene69': 1})
2020-03-19 11:58:46,940 -INFO- get gene name `Thermobia_domestica-gene44` from Counter({'Thermobia_domestica-gene44': 1, 'Microhodotermes_viator-gene45': 1, 'Euphaea_yayeyamana-gene44': 1, 'Vestalis_melania-gene44': 1})
2020-03-19 11:58:46,940 -INFO- get gene name `trnA` from Counter({'trnA': 3, 'Eumantispa_harmandi-gene68': 1, 'Micromus_angulatus-gene68': 1})
2020-03-19 11:58:46,941 -INFO- get gene name `trnS-tga` from Counter({'trnS-tga': 1, 'trnS-UGA': 1})
2020-03-19 11:58:46,941 -INFO- get gene name `trnG-tcc` from Counter({'trnG-tcc': 1, 'trnG-UCC': 1, 'Sclerophasma_paresisense-gene61': 1, 'trnG': 1})
2020-03-19 11:58:46,941 -INFO- get gene name `Dorypteryx_domestica-gene34` from Counter({'Dorypteryx_domestica-gene34': 1, 'Prionoglaris_stygia-gene39': 1})
2020-03-19 11:58:46,941 -INFO- get gene name `12srRNA` from Counter({'12srRNA': 1, 'Nauphoeta_cinerea-gene111': 1})
2020-03-19 11:58:46,942 -INFO- get gene name `Triaenodes_tardus-gene77` from Counter({'Triaenodes_tardus-gene77': 1, 'Phryganopsyche_latipennis-gene46': 1})
2020-03-19 11:58:46,942 -INFO- get gene name `trnS` from Counter({'trnS': 1, 'Bittacus_strigosus-gene64': 1, 'Apochrysa_matsumurae-gene106': 1})
2020-03-19 11:58:46,942 -INFO- get gene name `Mongoloraphidia_harmandi-gene2` from Counter({'Mongoloraphidia_harmandi-gene2': 1, 'Phraortes_sp-_Iriomote_Island-gene2': 1})
2020-03-19 11:58:46,942 -INFO- get gene name `Leptomantella_albella-gene1` from Counter({'Leptomantella_albella-gene1': 1, 'Toxodera_hauseri-gene2': 1, 'Humbertiella_nada-gene4': 1, 'Sibylla_pretiosa-gene2': 1, 'Eomantis_yunnanensis-gene2': 1, 'Amantis_nawai-gene2': 1, 'Creobroter_gemmatus-gene2': 1})
2020-03-19 11:58:46,943 -INFO- get gene name `trnK` from Counter({'trnK': 1, 'trnK-ctt': 1, 'Suwallia_teleckojensis-gene43': 1})
2020-03-19 11:58:46,943 -INFO- get gene name `Vestalis_melania-gene10` from Counter({'Vestalis_melania-gene10': 1, 'Megaloprepus_caerulatus-gene14': 1})
2020-03-19 11:58:46,943 -INFO- get gene name `trnE-ttc` from Counter({'trnE-ttc': 1, 'trnE': 1})
2020-03-19 11:58:46,943 -INFO- get gene name `trnY` from Counter({'trnY': 1, 'trnY-gua': 1, 'trnY-gta': 1, 'Isonychia_kiangsinensis-gene15': 1})
2020-03-19 11:58:46,944 -INFO- get gene name `Isonychia_kiangsinensis-gene70` from Counter({'Isonychia_kiangsinensis-gene70': 1, 'Parafronurus_youi-gene68': 1})
2020-03-19 11:58:46,944 -INFO- get gene name `trnL2` from Counter({'trnL2': 3, 'trnL2-UUR': 1, 'trnL-taa': 1, 'tRNA-L2': 1})
2020-03-19 11:58:46,944 -INFO- get gene name `Ephemera_orientalis-gene107` from Counter({'Ephemera_orientalis-gene107': 1, 'Siphlonurus_immanis-gene107': 1})
2020-03-19 11:58:46,944 -INFO- get gene name `Sibylla_pretiosa-gene83` from Counter({'Sibylla_pretiosa-gene83': 1, 'Amantis_nawai-gene83': 1})
2020-03-19 11:58:46,945 -INFO- get gene name `trnS2-tga` from Counter({'trnS2-tga': 2})
2020-03-19 11:58:46,945 -INFO- get gene name `Jellisonia_amadoi-gene68` from Counter({'Jellisonia_amadoi-gene68': 1, 'Dorcadia_ioffi-gene73': 1})
2020-03-19 11:58:46,945 -INFO- get gene name `Heteropteryx_dilatata-gene1` from Counter({'Heteropteryx_dilatata-gene1': 1, 'Phraortes_sp-_Iriomote_Island-gene1': 1})
2020-03-19 11:58:46,945 -INFO- get gene name `trnA-tgc` from Counter({'trnA-tgc': 1, 'trnA': 1})
2020-03-19 11:58:46,946 -INFO- get gene name `Neuroperla_schedingi-gene105` from Counter({'Neuroperla_schedingi-gene105': 1, 'Nemoura_nankinensis-gene105': 1, 'Antarctoperla_michaelseni-gene105': 1, 'Diamphipnoa_annulata-gene105': 1, 'trnL1-tag': 1})
2020-03-19 11:58:46,946 -INFO- get gene name `Phraortes_sp-_Iriomote_Island-gene112` from Counter({'Phraortes_sp-_Iriomote_Island-gene112': 1, 'Heteropteryx_dilatata-gene111': 1})
2020-03-19 11:58:46,946 -INFO- get gene name `Dorcadia_ioffi-gene77` from Counter({'Dorcadia_ioffi-gene77': 1, 'Apochrysa_matsumurae-gene70': 1})
2020-03-19 11:58:46,946 -INFO- get gene name `trnL2-taa` from Counter({'trnL2-taa': 1, 'Bittacus_strigosus-gene18': 1})
2020-03-19 11:58:46,947 -INFO- get gene name `Eubasilissa_regina-gene34` from Counter({'Eubasilissa_regina-gene34': 1, 'trnL-UAA': 1})
2020-03-19 11:58:46,947 -INFO- get gene name `trnF-GAA` from Counter({'trnF-GAA': 1, 'Limnephilus_decipiens-gene35': 1})
2020-03-19 11:58:46,947 -INFO- get gene name `trnM` from Counter({'trnM': 3})
2020-03-19 11:58:46,947 -INFO- get gene name `Phryganopsyche_latipennis-gene6` from Counter({'Phryganopsyche_latipennis-gene6': 1, 'Eubasilissa_regina-gene3': 1})
2020-03-19 11:58:46,948 -INFO- get gene name `trnN-gtt` from Counter({'trnN-gtt': 2})
2020-03-19 11:58:46,948 -INFO- get gene name `Macromia_daimoji-gene13` from Counter({'Macromia_daimoji-gene13': 1, 'Neoneuromus_tonkinensis-gene14': 1})
2020-03-19 11:58:46,948 -INFO- get gene name `trnL2-taa` from Counter({'trnL2-taa': 1, 'trnL': 1})
2020-03-19 11:58:46,948 -INFO- get gene name `Bittacus_strigosus-gene72` from Counter({'Bittacus_strigosus-gene72': 1, 'Lepidopsocidae_sp-_RS-2001-gene112': 1, 'Micromus_angulatus-gene110': 1, 'Eumantispa_harmandi-gene110': 1, 'Apochrysa_matsumurae-gene112': 1, 'Nymphes_myrmeleonoides-gene113': 1})
2020-03-19 11:58:46,949 -INFO- get gene name `Eomantis_yunnanensis-gene101` from Counter({'Eomantis_yunnanensis-gene101': 1, 'Creobroter_gemmatus-gene68': 1})
2020-03-19 11:58:46,949 -INFO- get gene name `Eomantis_yunnanensis-gene74` from Counter({'Eomantis_yunnanensis-gene74': 1, 'Amantis_nawai-gene74': 1})
2020-03-19 11:58:46,949 -INFO- get gene name `Apochrysa_matsumurae-gene67` from Counter({'Apochrysa_matsumurae-gene67': 1, 'trnN': 1})
2020-03-19 11:58:46,949 -INFO- get gene name `Microhodotermes_viator-gene34` from Counter({'Microhodotermes_viator-gene34': 1, 'trnL-uaa': 1})
2020-03-19 11:58:46,950 -INFO- get gene name `Zele_chlorophthalmus-gene10` from Counter({'Zele_chlorophthalmus-gene10': 1, 'Megaphragma_amalphitanum-gene123': 1, 'rrnL': 1})
2020-03-19 11:58:46,950 -INFO- get gene name `trnF-gaa` from Counter({'trnF-gaa': 1, 'Epacanthaclisis_banksi-gene71': 1})
2020-03-19 11:58:46,950 -INFO- get gene name `Heteropteryx_dilatata-gene85` from Counter({'Heteropteryx_dilatata-gene85': 1, 'trnT-tgt': 1})
2020-03-19 11:58:46,950 -INFO- get gene name `Eubasilissa_regina-gene67` from Counter({'Eubasilissa_regina-gene67': 1, 'Phryganopsyche_latipennis-gene38': 1})
2020-03-19 11:58:46,950 -INFO- get gene name `Sclerophasma_paresisense-gene106` from Counter({'Sclerophasma_paresisense-gene106': 1, 'Sialis_hamata-gene107': 1})
2020-03-19 11:58:46,951 -INFO- get gene name `trnM-cat` from Counter({'trnM-cat': 1, 'Pseudolestes_mirabilis-gene3': 1, 'Megaloprepus_caerulatus-gene6': 1})
2020-03-19 11:58:46,951 -INFO- get gene name `Limnephilus_decipiens-gene26` from Counter({'Limnephilus_decipiens-gene26': 1, 'Triaenodes_tardus-gene62': 1})
2020-03-19 11:58:46,951 -INFO- get gene name `Sclerophasma_paresisense-gene3` from Counter({'Sclerophasma_paresisense-gene3': 1, 'Tricholepidion_gertschi-gene3': 1})
2020-03-19 11:58:46,951 -INFO- get gene name `trnA-tgc` from Counter({'trnA-tgc': 1, 'trnA': 1})
2020-03-19 11:58:46,952 -INFO- get gene name `Siphlonurus_immanis-gene69` from Counter({'Siphlonurus_immanis-gene69': 1, 'Ephemera_orientalis-gene69': 1})
2020-03-19 11:58:46,952 -INFO- get gene name `trnQ` from Counter({'trnQ': 2})
2020-03-19 11:58:46,967 -INFO- extrat 7 genes: ['rrnS', 'rrnL', 'trnK', 'trnM-cat', 'trnN-gtt', 'trnP-tgg', 'trnT-tgt']
2020-03-19 11:58:46,968 -INFO- aligning sequences
2020-03-19 12:02:40,648 -INFO- building hmm profiles
