{'count': False, 'organ': 'mt', 'list': False, 'taxon': 'Mesangiospermae', 'tmpdir': '/dev/shm/tmp', 'custom': None, 'cleanup': False, 'exclude_taxa': None, 'gbfiles': ['/share/home/nature/database/RefSeq/mitochondrion/mitochondrion.1.genomic.gbff.gz', '/share/home/nature/database/RefSeq/mitochondrion/mitochondrion.2.genomic.gbff.gz'], 'check': False, 'dbdir': None}
2020-03-21 13:28:06,683 -INFO- parsing ['/share/home/nature/database/RefSeq/mitochondrion/mitochondrion.1.genomic.gbff.gz', '/share/home/nature/database/RefSeq/mitochondrion/mitochondrion.2.genomic.gbff.gz']
2020-03-21 13:28:06,685 -INFO- version: RefSeq 2020-01-09
loading from /dev/shm/tmp/ogap_db/taxonomy.json.gz
`Leptocephalus sp. 'type II larva' (Smith, 1989)` is not found
`Himantura gerrardi` is not found
`Vazella pourtalesi` is not found
`Palpitomonas bilix Eukaryota.` is not found
`Eukaryota sp. BB2 Eukaryota.` is not found
`Ancoracysta twista Eukaryota.` is not found
`Cyprinus carpio x Megalobrama amblycephala` is not found
2020-03-21 13:37:35,318 -INFO- 1 records: 1 orders, 1 families, 1 genera, 1 organism
2020-03-21 13:37:41,583 -INFO- pruning taxa
2020-03-21 13:37:41,583 -INFO- 1 records: 1 orders, 1 families, 1 genera, 1 organism
2020-03-21 13:37:41,583 -INFO- building taxonomy tree
2020-03-21 13:37:41,583 -INFO- run CMD: `ete3 ncbiquery --search 'Butomus umbellatus' --tree >  /dev/shm/tmp/mt-Mesangiospermae/species.tree.tmp`
2020-03-21 13:37:47,985 -WARNING- exit code 1 for CMD `ete3 ncbiquery --search 'Butomus umbellatus' --tree >  /dev/shm/tmp/mt-Mesangiospermae/species.tree.tmp`: 
2020-03-21 13:37:47,985 -WARNING- 
###STDOUT:
###STDERR:Traceback (most recent call last):
  File "/share/home/app/bin/ete3", line 11, in <module>
    load_entry_point('ete3==3.1.1', 'console_scripts', 'ete3')()
  File "/share/home/app/bin/conda/envs/python3/lib/python3.6/site-packages/ete3/tools/ete.py", line 95, in main
    _main(sys.argv)
  File "/share/home/app/bin/conda/envs/python3/lib/python3.6/site-packages/ete3/tools/ete.py", line 268, in _main
    args.func(args)
  File "/share/home/app/bin/conda/envs/python3/lib/python3.6/site-packages/ete3/tools/ete_ncbiquery.py", line 170, in run
    id2name = ncbi.get_taxid_translator([n.name for n in t.traverse()])
AttributeError: 'list' object has no attribute 'traverse'

Traceback (most recent call last):
  File "/share/home/nature/users/zhangrenang/ogap/makedb.py", line 2, in <module>
    main()
  File "/share/home/nature/users/zhangrenang/ogap/lib/Database.py", line 750, in main
    db.makedb()
  File "/share/home/nature/users/zhangrenang/ogap/lib/Database.py", line 277, in makedb
    sp_tree = self.get_species_tree(set(taxa))
  File "/share/home/nature/users/zhangrenang/ogap/lib/Database.py", line 213, in get_species_tree
    self.convert_tree(tmptree, species_tree)
  File "/share/home/nature/users/zhangrenang/ogap/lib/Database.py", line 579, in convert_tree
    tree = Phylo.read(ncbi_tree, trefmt)
  File "/share/home/yuanqyk/.local/lib/python2.7/site-packages/Bio/Phylo/_io.py", line 67, in read
    raise ValueError("There are no trees in this file.")
ValueError: There are no trees in this file.
