{'count': False, 'organ': 'mt', 'list': False, 'taxon': 'malvids', 'tmpdir': '/dev/shm/tmp', 'custom': None, 'cleanup': False, 'exclude_taxa': None, 'gbfiles': ['/share/home/nature/database/RefSeq/mitochondrion/mitochondrion.1.genomic.gbff.gz', '/share/home/nature/database/RefSeq/mitochondrion/mitochondrion.2.genomic.gbff.gz'], 'check': False, 'dbdir': None}
2020-03-27 18:48:10,974 -INFO- parsing ['/share/home/nature/database/RefSeq/mitochondrion/mitochondrion.1.genomic.gbff.gz', '/share/home/nature/database/RefSeq/mitochondrion/mitochondrion.2.genomic.gbff.gz']
2020-03-27 18:48:10,975 -INFO- version: RefSeq 2020-01-09: build 2020-03-27
loading from /dev/shm/tmp/ogap_db/taxonomy.json.gz
loading genbank records
`Leptocephalus sp. 'type II larva' (Smith, 1989)` is not found
`Himantura gerrardi` is not found
`Vazella pourtalesi` is not found
`Palpitomonas bilix Eukaryota.` is not found
`Eukaryota sp. BB2 Eukaryota.` is not found
`Ancoracysta twista Eukaryota.` is not found
`Cyprinus carpio x Megalobrama amblycephala` is not found
2020-03-27 18:58:55,382 -INFO- 32 records: 5 orders, 9 families, 18 genera, 32 organism
2020-03-27 18:58:55,382 -INFO- pruning taxa
2020-03-27 18:58:55,382 -INFO- 32 records: 5 orders, 9 families, 18 genera, 32 organism
2020-03-27 18:58:55,383 -INFO- building taxonomy tree
2020-03-27 18:58:55,383 -INFO- run CMD: `ete3 ncbiquery --search 'Gossypium trilobum' 'Hibiscus cannabinus' 'Corchorus olitorius' 'Batis maritima' 'Raphanus sativus' 'Gossypium barbadense' 'Citrus sinensis' 'Gossypium harknessii' 'Brassica oleracea' 'Gossypium thurberi' 'Eucalyptus grandis' 'Spondias mombin' 'Geranium maderense' 'Spondias tuberosa' 'Gossypium raimondii' 'Gossypium hirsutum' 'Brassica nigra' 'Brassica rapa subsp. oleifera' 'Carica papaya' 'Brassica napus' 'Brassica juncea' 'Corchorus capsularis' 'Arabis alpina' 'Bombax ceiba' 'Gossypium davidsonii' 'Lagerstroemia indica' 'Brassica carinata' 'Boechera stricta' 'Sinapis arvensis' 'Gossypium arboreum' 'Capsella rubella' 'Arabidopsis thaliana' --tree >  /dev/shm/tmp/mt-malvids/species.tree.tmp`
2020-03-27 18:59:00,503 -INFO- using speceis tree `/dev/shm/tmp/ogap_db/mt-malvids/species.treefile`
2020-03-27 18:59:00,503 -INFO- writing protein sequences into /dev/shm/tmp/mt-malvids/prot
2020-03-27 18:59:00,888 -INFO- 32 taxa: ['Arabidopsis thaliana', 'Arabis alpina', 'Batis maritima', 'Boechera stricta', 'Bombax ceiba', 'Brassica carinata', 'Brassica juncea', 'Brassica napus', 'Brassica nigra', 'Brassica oleracea', 'Brassica rapa subsp. oleifera', 'Capsella rubella', 'Carica papaya', 'Citrus sinensis', 'Corchorus capsularis', 'Corchorus olitorius', 'Eucalyptus grandis', 'Geranium maderense', 'Gossypium arboreum', 'Gossypium barbadense', 'Gossypium davidsonii', 'Gossypium harknessii', 'Gossypium hirsutum', 'Gossypium raimondii', 'Gossypium thurberi', 'Gossypium trilobum', 'Hibiscus cannabinus', 'Lagerstroemia indica', 'Raphanus sativus', 'Sinapis arvensis', 'Spondias mombin', 'Spondias tuberosa']
2020-03-27 18:59:01,003 -INFO- get taxon `root;cellular organisms;Eukaryota;Viridiplantae;Streptophyta;Streptophytina;Embryophyta;Tracheophyta;Euphyllophyta;Spermatophyta;Magnoliopsida;Mesangiospermae;eudicotyledons;Gunneridae;Pentapetalae;rosids;malvids` from Counter({u'root;cellular organisms;Eukaryota;Viridiplantae;Streptophyta;Streptophytina;Embryophyta;Tracheophyta;Euphyllophyta;Spermatophyta;Magnoliopsida;Mesangiospermae;eudicotyledons;Gunneridae;Pentapetalae;rosids;malvids': 32})
2020-03-27 18:59:01,008 -INFO- get transl_table `1` from Counter({1: 1478})
2020-03-27 18:59:01,008 -INFO- running OrthoFinder to cluster genes
2020-03-27 18:59:01,008 -INFO- run CMD: `orthofinder.py -f /dev/shm/tmp/mt-malvids/prot -M msa -T fasttree -t 24  -og`
2020-03-27 19:00:13,499 -INFO- parsing OrthoFinder orthologs
2020-03-27 19:00:13,500 -INFO- parsing orthologs group into /dev/shm/tmp/mt-malvids/alns
2020-03-27 19:00:13,544 -INFO- using min_count=2.56 to get gene name
2020-03-27 19:00:20,889 -INFO- get gene name `ccmFN` from Counter({'ccmFN': 18, 'ccmFN1': 10, 'ccmFN2': 9, 'ccmFn': 3, 'ccmFn2': 1, 'CcmFN2': 1})
2020-03-27 19:00:20,889 -INFO- using gene name `ccmFN`
2020-03-27 19:00:22,616 -INFO- get gene name `cox2` from Counter({'cox2': 25, 'cox2-1': 7, 'cox2-2': 3, 'orf298': 1})
2020-03-27 19:00:22,616 -INFO- using gene name `cox2`
   remove gene Brassica_juncea|cox2-2 with length 440 out of [226.0, 298.25]
   remove gene Brassica_napus|cox2-2 with length 440 out of [226.0, 298.25]
   remove gene Brassica_rapa_subsp._oleifera|cox2-2 with length 440 out of [226.0, 298.25]
   remove gene Corchorus_olitorius|cox2 with length 389 out of [226.0, 298.25]
   remove gene Spondias_mombin|cox2 with length 306 out of [226.0, 298.25]
2020-03-27 19:00:23,853 -INFO- get gene name `nad4` from Counter({'nad4': 30, 'Spondias_mombin-gene120': 1, 'nad4b': 1, 'Spondias_tuberosa-gene26': 1, 'nad4a': 1})
2020-03-27 19:00:23,853 -INFO- using gene name `nad4`
   remove gene Brassica_nigra|nad4 with length 134 out of [411.75, 569.0]
   remove gene Brassica_nigra|nad4a with length 175 out of [411.75, 569.0]
   remove gene Brassica_nigra|nad4b with length 171 out of [411.75, 569.0]
   remove gene Citrus_sinensis|nad4 with length 315 out of [411.75, 569.0]
   remove gene Spondias_mombin|gene120 with length 346 out of [411.75, 569.0]
   remove gene Spondias_tuberosa|gene26 with length 171 out of [411.75, 569.0]
2020-03-27 19:00:25,546 -INFO- get gene name `ccmFC` from Counter({'ccmFC': 23, 'ccmFc': 8, 'ccmFC1': 1, 'ccmFC2': 1})
2020-03-27 19:00:25,546 -INFO- using gene name `ccmFC`
   remove gene Brassica_nigra|ccmFC1 with length 218 out of [407.0, 492.0]
   remove gene Brassica_nigra|ccmFC2 with length 298 out of [407.0, 492.0]
   remove gene Spondias_mombin|ccmFc with length 534 out of [407.0, 492.0]
   remove gene Spondias_tuberosa|ccmFc with length 553 out of [407.0, 492.0]
2020-03-27 19:00:26,396 -INFO- get gene name `nad9` from Counter({'nad9': 32})
2020-03-27 19:00:26,396 -INFO- using gene name `nad9`
2020-03-27 19:00:27,279 -INFO- get gene name `atp6` from Counter({'atp6': 33})
2020-03-27 19:00:27,280 -INFO- using gene name `atp6`
2020-03-27 19:00:28,111 -INFO- get gene name `mttB` from Counter({'mttB': 22, 'tatC': 7, 'orfX': 2, 'Raphanus_sativus-gene187': 1})
2020-03-27 19:00:28,111 -INFO- using gene name `mttB`
   remove gene Bombax_ceiba|mttB with length 114 out of [176.0, 367.25]
   remove gene Brassica_nigra|tatC with length 119 out of [176.0, 367.25]
   remove gene Spondias_tuberosa|mttB with length 115 out of [176.0, 367.25]
2020-03-27 19:00:28,925 -INFO- get gene name `atp9` from Counter({'atp9': 32})
2020-03-27 19:00:28,925 -INFO- using gene name `atp9`
2020-03-27 19:00:29,880 -INFO- get gene name `atp8` from Counter({'atp8': 30, 'orf224': 1, 'orf222': 1, 'orfB': 1})
2020-03-27 19:00:29,880 -INFO- using gene name `atp8`
   remove gene Brassica_napus|orf222 with length 222 out of [133.0, 183.0]
   remove gene Eucalyptus_grandis|atp8 with length 82 out of [133.0, 183.0]
   remove gene Sinapis_arvensis|orf224 with length 224 out of [133.0, 183.0]
2020-03-27 19:00:29,882 -INFO- get gene name `ccmB` from Counter({'ccmB': 32})
2020-03-27 19:00:29,882 -INFO- using gene name `ccmB`
2020-03-27 19:00:29,883 -INFO- get gene name `atp1` from Counter({'atp1': 32})
2020-03-27 19:00:29,884 -INFO- using gene name `atp1`
2020-03-27 19:00:29,885 -INFO- get gene name `cox1` from Counter({'cox1': 32})
2020-03-27 19:00:29,885 -INFO- using gene name `cox1`
2020-03-27 19:00:29,886 -INFO- get gene name `nad6` from Counter({'nad6': 32})
2020-03-27 19:00:29,886 -INFO- using gene name `nad6`
2020-03-27 19:00:29,888 -INFO- get gene name `cob` from Counter({'cob': 32})
2020-03-27 19:00:29,888 -INFO- using gene name `cob`
2020-03-27 19:00:29,889 -INFO- get gene name `nad7` from Counter({'nad7': 32})
2020-03-27 19:00:29,889 -INFO- using gene name `nad7`
   remove gene Brassica_nigra|nad7 with length 155 out of [370.0, 418.0]
   remove gene Lagerstroemia_indica|nad7 with length 447 out of [370.0, 418.0]
   remove gene Spondias_mombin|nad7 with length 357 out of [370.0, 418.0]
   remove gene Spondias_tuberosa|nad7 with length 62 out of [370.0, 418.0]
2020-03-27 19:00:32,413 -INFO- get gene name `nad3` from Counter({'nad3': 32})
2020-03-27 19:00:32,414 -INFO- using gene name `nad3`
2020-03-27 19:00:32,417 -INFO- get gene name `ccmC` from Counter({'ccmC': 32})
2020-03-27 19:00:32,417 -INFO- using gene name `ccmC`
2020-03-27 19:00:32,419 -INFO- get gene name `cox3` from Counter({'cox3': 32})
2020-03-27 19:00:32,419 -INFO- using gene name `cox3`
2020-03-27 19:00:32,422 -INFO- get gene name `nad4L` from Counter({'nad4L': 30, 'nad4l': 2})
2020-03-27 19:00:32,422 -INFO- using gene name `nad4L`
2020-03-27 19:00:32,424 -INFO- get gene name `atp4` from Counter({'atp4': 31, 'orf25': 1})
2020-03-27 19:00:32,425 -INFO- using gene name `atp4`
2020-03-27 19:00:38,430 -INFO- get gene name `rps4` from Counter({'rps4': 31})
2020-03-27 19:00:38,431 -INFO- using gene name `rps4`
   remove gene Batis_maritima|rps4 with length 275 out of [291.5, 427.5]
2020-03-27 19:00:38,433 -INFO- get gene name `rpl5` from Counter({'rpl5': 30, 'rpL5': 1})
2020-03-27 19:00:38,433 -INFO- using gene name `rpl5`
2020-03-27 19:00:38,435 -INFO- get gene name `rps3` from Counter({'rps3': 30})
2020-03-27 19:00:38,435 -INFO- using gene name `rps3`
   remove gene Brassica_nigra|rps3 with length 422 out of [442.0, 680.0]
   remove gene Corchorus_olitorius|rps3 with length 325 out of [442.0, 680.0]
2020-03-27 19:00:38,437 -INFO- get gene name `nad2` from Counter({'nad2': 30})
2020-03-27 19:00:38,437 -INFO- using gene name `nad2`
   remove gene Bombax_ceiba|nad2 with length 305 out of [464.0, 512.0]
   remove gene Brassica_nigra|nad2 with length 214 out of [464.0, 512.0]
   remove gene Corchorus_capsularis|nad2 with length 523 out of [464.0, 512.0]
   remove gene Lagerstroemia_indica|nad2 with length 514 out of [464.0, 512.0]
   remove gene Spondias_mombin|nad2 with length 173 out of [464.0, 512.0]
   remove gene Spondias_tuberosa|nad2 with length 173 out of [464.0, 512.0]
2020-03-27 19:00:38,439 -INFO- get gene name `matR` from Counter({'matR': 30})
2020-03-27 19:00:38,439 -INFO- using gene name `matR`
   remove gene Lagerstroemia_indica|matR with length 412 out of [481.0, 850.75]
2020-03-27 19:00:38,440 -INFO- get gene name `rps12` from Counter({'rps12': 30})
2020-03-27 19:00:38,440 -INFO- using gene name `rps12`
2020-03-27 19:00:38,441 -INFO- get gene name `nad5` from Counter({'nad5': 27, 'Spondias_mombin-gene54': 1, 'Spondias_tuberosa-gene112': 1})
2020-03-27 19:00:38,441 -INFO- using gene name `nad5`
   remove gene Brassica_nigra|nad5 with length 399 out of [589.0, 742.0]
   remove gene Corchorus_olitorius|nad5 with length 478 out of [589.0, 742.0]
   remove gene Spondias_mombin|gene54 with length 483 out of [589.0, 742.0]
   remove gene Spondias_tuberosa|gene112 with length 84 out of [589.0, 742.0]
2020-03-27 19:00:38,442 -INFO- get gene name `rpl16` from Counter({'rpl16': 28, 'rpL16': 1})
2020-03-27 19:00:38,443 -INFO- using gene name `rpl16`
2020-03-27 19:00:38,444 -INFO- get gene name `nad1` from Counter({'nad1': 27, 'Spondias_tuberosa-gene76': 1, 'Spondias_mombin-gene50': 1})
2020-03-27 19:00:38,444 -INFO- using gene name `nad1`
   remove gene Citrus_sinensis|nad1 with length 295 out of [301.0, 349.0]
   remove gene Corchorus_capsularis|nad1 with length 287 out of [301.0, 349.0]
   remove gene Corchorus_olitorius|nad1 with length 299 out of [301.0, 349.0]
   remove gene Spondias_mombin|gene50 with length 99 out of [301.0, 349.0]
   remove gene Spondias_tuberosa|gene76 with length 99 out of [301.0, 349.0]
2020-03-27 19:00:45,589 -INFO- get gene name `rpl2` from Counter({'rpl2': 27, 'rpL2': 1})
2020-03-27 19:00:45,589 -INFO- using gene name `rpl2`
   remove gene Citrus_sinensis|rpl2 with length 133 out of [214.0, 469.0]
   remove gene Spondias_mombin|rpl2 with length 133 out of [214.0, 469.0]
2020-03-27 19:00:45,592 -INFO- get gene name `rps7` from Counter({'rps7': 28})
2020-03-27 19:00:45,592 -INFO- using gene name `rps7`
2020-03-27 19:00:45,594 -INFO- get gene name `rps14` from Counter({'rps14': 24, 'orf120': 1})
2020-03-27 19:00:45,595 -INFO- using gene name `rps14`
   remove gene Spondias_tuberosa|rps14 with length 41 out of [76.0, 124.0]
2020-03-27 19:00:45,597 -INFO- get gene name `sdh4` from Counter({'sdh4': 20})
2020-03-27 19:00:45,597 -INFO- using gene name `sdh4`
2020-03-27 19:00:45,598 -INFO- get gene name `rpl10` from Counter({'rpl10': 19})
2020-03-27 19:00:45,599 -INFO- using gene name `rpl10`
2020-03-27 19:00:45,600 -INFO- get gene name `rps10` from Counter({'rps10': 19})
2020-03-27 19:00:45,600 -INFO- using gene name `rps10`
2020-03-27 19:00:45,602 -INFO- get gene name `sdh3` from Counter({'sdh3': 15})
2020-03-27 19:00:45,602 -INFO- using gene name `sdh3`
2020-03-27 19:00:49,857 -INFO- get gene name `orf293` from Counter({'orf293': 2, 'orf288': 2, 'orf305': 2, 'orf286': 1, 'orf322': 1, 'orf311': 1, 'orf310': 1, 'orf195': 1})
2020-03-27 19:00:49,858 -INFO- get gene name `rps1` from Counter({'rps1': 9})
2020-03-27 19:00:49,858 -INFO- using gene name `rps1`
2020-03-27 19:00:49,860 -INFO- get gene name `orf100b` from Counter({'orf100b': 5, 'orf100': 1, 'orf116d': 1, 'orf100a': 1})
2020-03-27 19:00:49,860 -INFO- using gene name `orf100b`
2020-03-27 19:00:49,861 -INFO- get gene name `orf115c` from Counter({'orf115c': 6, 'orf115b': 1})
2020-03-27 19:00:49,861 -INFO- using gene name `orf115c`
2020-03-27 19:00:49,863 -INFO- get gene name `orf109` from Counter({'orf109': 6, 'orf109a': 1})
2020-03-27 19:00:49,863 -INFO- using gene name `orf109`
2020-03-27 19:00:49,865 -INFO- get gene name `orf106b` from Counter({'orf106b': 5, 'orf106': 1, 'orf106c': 1})
2020-03-27 19:00:49,865 -INFO- using gene name `orf106b`
2020-03-27 19:00:49,866 -INFO- get gene name `orf115d` from Counter({'orf115d': 7})
2020-03-27 19:00:49,866 -INFO- using gene name `orf115d`
2020-03-27 19:00:49,868 -INFO- get gene name `orf108b` from Counter({'orf108b': 7})
2020-03-27 19:00:49,868 -INFO- using gene name `orf108b`
2020-03-27 19:00:49,869 -INFO- get gene name `orf147` from Counter({'orf147': 4, 'orf141': 3})
2020-03-27 19:00:49,870 -INFO- using gene name `orf147`
2020-03-27 19:00:49,871 -INFO- get gene name `orf146` from Counter({'orf146': 6, 'orf106b': 1})
2020-03-27 19:00:49,871 -INFO- using gene name `orf146`
   remove gene Brassica_nigra|orf106b with length 106 out of [122.0, 170.0]
2020-03-27 19:00:49,872 -INFO- get gene name `orf115a` from Counter({'orf115a': 6, 'orf105a': 1})
2020-03-27 19:00:49,873 -INFO- using gene name `orf115a`
2020-03-27 19:00:49,874 -INFO- get gene name `orf257` from Counter({'orf257': 6, 'ycf1': 1})
2020-03-27 19:00:49,874 -INFO- using gene name `orf257`
2020-03-27 19:00:49,875 -INFO- get gene name `orf113a` from Counter({'orf113a': 6, 'orf111': 1})
2020-03-27 19:00:49,876 -INFO- using gene name `orf113a`
2020-03-27 19:00:49,877 -INFO- get gene name `orf100a` from Counter({'orf100a': 4, 'orf100c': 1, 'ycf2': 1, 'orf100b': 1})
2020-03-27 19:00:49,877 -INFO- using gene name `orf100a`
   remove gene Brassica_nigra|ycf2 with length 258 out of [76.0, 124.0]
2020-03-27 19:00:49,879 -INFO- get gene name `orf101a` from Counter({'orf101a': 7})
2020-03-27 19:00:49,879 -INFO- using gene name `orf101a`
2020-03-27 19:00:49,880 -INFO- get gene name `orf113b` from Counter({'orf113b': 4, 'orf170': 2, 'psaA': 1})
2020-03-27 19:00:49,880 -INFO- using gene name `orf113b`
2020-03-27 19:00:49,881 -INFO- get gene name `orf101b` from Counter({'orf101b': 7})
2020-03-27 19:00:49,881 -INFO- using gene name `orf101b`
2020-03-27 19:00:49,881 -INFO- get gene name `orf277` from Counter({'orf277': 2, 'orf265': 2, 'orf261': 1, 'orf309': 1, 'orf266': 1})
2020-03-27 19:00:49,882 -INFO- get gene name `orf125` from Counter({'orf125': 4, 'orf108c': 2, 'orf142': 1})
2020-03-27 19:00:49,882 -INFO- using gene name `orf125`
2020-03-27 19:00:49,883 -INFO- get gene name `orf161` from Counter({'orf161': 7})
2020-03-27 19:00:49,883 -INFO- using gene name `orf161`
2020-03-27 19:00:49,884 -INFO- get gene name `orf104` from Counter({'orf104': 7})
2020-03-27 19:00:49,884 -INFO- using gene name `orf104`
2020-03-27 19:00:49,884 -INFO- get gene name `orf114` from Counter({'orf114': 6})
2020-03-27 19:00:49,885 -INFO- using gene name `orf114`
2020-03-27 19:00:49,885 -INFO- get gene name `orf120` from Counter({'orf120': 5, 'rps14': 1})
2020-03-27 19:00:49,885 -INFO- using gene name `orf120`
2020-03-27 19:00:49,886 -INFO- get gene name `orf135` from Counter({'orf135': 6})
2020-03-27 19:00:49,886 -INFO- using gene name `orf135`
2020-03-27 19:00:49,887 -INFO- get gene name `orf448` from Counter({'orf448': 5, 'orf474': 1})
2020-03-27 19:00:49,887 -INFO- using gene name `orf448`
   remove gene Brassica_nigra|orf474 with length 474 out of [424.0, 472.0]
2020-03-27 19:00:49,888 -INFO- get gene name `orf116` from Counter({'orf116': 6})
2020-03-27 19:00:49,888 -INFO- using gene name `orf116`
2020-03-27 19:00:49,889 -INFO- get gene name `orf124` from Counter({'orf124': 2, 'orf118': 2, 'orf120a': 1, 'orf123': 1})
2020-03-27 19:00:49,889 -INFO- get gene name `orf119` from Counter({'orf119': 5, 'orf133': 1})
2020-03-27 19:00:49,889 -INFO- using gene name `orf119`
2020-03-27 19:00:49,890 -INFO- get gene name `orf159` from Counter({'orf159': 6})
2020-03-27 19:00:49,890 -INFO- using gene name `orf159`
2020-03-27 19:00:49,891 -INFO- get gene name `rps13` from Counter({'rps13': 5})
2020-03-27 19:00:49,891 -INFO- using gene name `rps13`
2020-03-27 19:00:49,892 -INFO- get gene name `orf117b` from Counter({'orf117b': 3, 'orf117': 2})
2020-03-27 19:00:49,892 -INFO- using gene name `orf117b`
2020-03-27 19:00:49,893 -INFO- get gene name `orf110` from Counter({'orf110': 5})
2020-03-27 19:00:49,893 -INFO- using gene name `orf110`
2020-03-27 19:00:49,893 -INFO- get gene name `rps19` from Counter({'rps19': 4})
2020-03-27 19:00:49,894 -INFO- using gene name `rps19`
2020-03-27 19:00:49,894 -INFO- get gene name `orf106a` from Counter({'orf106a': 4})
2020-03-27 19:00:49,894 -INFO- using gene name `orf106a`
2020-03-27 19:00:49,895 -INFO- get gene name `orf101f` from Counter({'orf101f': 4})
2020-03-27 19:00:49,895 -INFO- using gene name `orf101f`
2020-03-27 19:00:49,896 -INFO- get gene name `orf123` from Counter({'orf123': 4})
2020-03-27 19:00:49,896 -INFO- using gene name `orf123`
2020-03-27 19:00:49,897 -INFO- get gene name `orf101e` from Counter({'orf101e': 4})
2020-03-27 19:00:49,897 -INFO- using gene name `orf101e`
2020-03-27 19:00:49,898 -INFO- get gene name `orf108a` from Counter({'orf108a': 4})
2020-03-27 19:00:49,898 -INFO- using gene name `orf108a`
2020-03-27 19:00:49,899 -INFO- get gene name `orf164` from Counter({'orf164': 4})
2020-03-27 19:00:49,899 -INFO- using gene name `orf164`
2020-03-27 19:00:49,900 -INFO- get gene name `orf117a` from Counter({'orf117a': 4})
2020-03-27 19:00:49,900 -INFO- using gene name `orf117a`
2020-03-27 19:00:49,901 -INFO- get gene name `orf101c` from Counter({'orf101c': 4})
2020-03-27 19:00:49,901 -INFO- using gene name `orf101c`
2020-03-27 19:00:49,902 -INFO- get gene name `orf101d` from Counter({'orf101d': 4})
2020-03-27 19:00:49,902 -INFO- using gene name `orf101d`
2020-03-27 19:00:49,903 -INFO- get gene name `orf128` from Counter({'orf128': 4})
2020-03-27 19:00:49,903 -INFO- using gene name `orf128`
2020-03-27 19:00:49,904 -INFO- get gene name `orf112` from Counter({'orf112': 4})
2020-03-27 19:00:49,904 -INFO- using gene name `orf112`
2020-03-27 19:00:49,905 -INFO- get gene name `orf115b` from Counter({'orf115b': 4})
2020-03-27 19:00:49,905 -INFO- using gene name `orf115b`
2020-03-27 19:00:49,906 -INFO- get gene name `orf131` from Counter({'orf131': 3})
2020-03-27 19:00:49,906 -INFO- using gene name `orf131`
2020-03-27 19:00:49,907 -INFO- get gene name `orf138a` from Counter({'orf138a': 3})
2020-03-27 19:00:49,907 -INFO- using gene name `orf138a`
2020-03-27 19:00:49,908 -INFO- get gene name `orf165` from Counter({'orf165': 2, 'rpoB': 1})
2020-03-27 19:00:49,908 -INFO- get gene name `orf124` from Counter({'orf124': 3})
2020-03-27 19:00:49,908 -INFO- using gene name `orf124`
2020-03-27 19:00:49,909 -INFO- get gene name `orf132` from Counter({'orf132': 3})
2020-03-27 19:00:49,909 -INFO- using gene name `orf132`
2020-03-27 19:00:49,909 -INFO- get gene name `orf122` from Counter({'orf122': 3})
2020-03-27 19:00:49,910 -INFO- using gene name `orf122`
2020-03-27 19:00:49,910 -INFO- get gene name `orf188` from Counter({'orf188': 1, 'orf192': 1})
2020-03-27 19:00:49,911 -INFO- get gene name `orf128` from Counter({'orf128': 2})
2020-03-27 19:00:49,911 -INFO- get gene name `orf225` from Counter({'orf225': 1, 'rbcl': 1})
2020-03-27 19:00:49,911 -INFO- get gene name `orf105` from Counter({'orf105': 1, 'orf103': 1})
2020-03-27 19:00:49,915 -INFO- extrat 83 genes: ['atp1', 'atp4', 'atp6', 'atp8', 'atp9', 'ccmB', 'ccmC', 'ccmFC', 'ccmFN', 'cob', 'cox1', 'cox2', 'cox3', 'matR', 'mttB', 'nad1', 'nad2', 'nad3', 'nad4', 'nad4L', 'nad5', 'nad6', 'nad7', 'nad9', 'orf100a', 'orf100b', 'orf101a', 'orf101b', 'orf101c', 'orf101d', 'orf101e', 'orf101f', 'orf104', 'orf106a', 'orf106b', 'orf108a', 'orf108b', 'orf109', 'orf110', 'orf112', 'orf113a', 'orf113b', 'orf114', 'orf115a', 'orf115b', 'orf115c', 'orf115d', 'orf116', 'orf117a', 'orf117b', 'orf119', 'orf120', 'orf122', 'orf123', 'orf124', 'orf125', 'orf128', 'orf131', 'orf132', 'orf135', 'orf138a', 'orf146', 'orf147', 'orf159', 'orf161', 'orf164', 'orf257', 'orf448', 'rpl10', 'rpl16', 'rpl2', 'rpl5', 'rps1', 'rps10', 'rps12', 'rps13', 'rps14', 'rps19', 'rps3', 'rps4', 'rps7', 'sdh3', 'sdh4']
2020-03-27 19:00:49,915 -INFO- aligning sequences
2020-03-27 19:16:15,176 -INFO- building hmm profiles
2020-03-27 19:17:37,437 -INFO- building augustus profiles
2020-03-27 19:18:29,297 -INFO- training augustus models
/share/home/yuanqyk/.local/lib/python2.7/site-packages/Bio/SeqIO/InsdcIO.py:687: BiopythonWarning: Increasing length of locus line to allow long name. This will result in fields that are not in usual positions.
  BiopythonWarning,
2020-03-27 19:23:49,820 -INFO- writing ('rRNA', 'tRNA') sequences into /dev/shm/tmp/mt-malvids/rrna
2020-03-27 19:23:50,042 -INFO- running OrthoFinder to cluster genes
2020-03-27 19:23:50,042 -INFO- run CMD: `orthofinder.py -f /dev/shm/tmp/mt-malvids/rrna -M msa -T fasttree -t 24 -S blastn -og`
2020-03-27 19:25:30,432 -INFO- parsing OrthoFinder orthologs
2020-03-27 19:25:30,433 -INFO- parsing orthologs group into /dev/shm/tmp/mt-malvids/alns
2020-03-27 19:25:30,457 -INFO- using min_count=2 to get gene name
2020-03-27 19:25:34,013 -INFO- get gene name `rrn26` from Counter({'rrn26': 20, 'rrnL': 6, 'Gossypium_harknessii-gene213': 1, 'rRNA26': 1, 'Sinapis_arvensis-gene40': 1, 'Raphanus_sativus-gene127': 1, 'Gossypium_hirsutum-gene212': 1, 'Lagerstroemia_indica-gene192': 1})
2020-03-27 19:25:34,013 -INFO- using gene name `rrn26`
2020-03-27 19:25:38,188 -INFO- get gene name `trnW-CCA-cp` from Counter({'trnW': 16, 'trnW-CCA': 10, 'tRNA-Trp': 2, 'trnW-CCA-cp': 1, 'Sinapis_arvensis-gene167': 1, 'tRNA-Trp-CCA-cp': 1})
2020-03-27 19:25:38,188 -INFO- using gene name `trnW-CCA-cp`
2020-03-27 19:25:41,625 -INFO- get gene name `trnM-CAT-cp` from Counter({'trnM': 16, 'trnM-CAU': 7, 'trnM-CAT': 2, 'Sinapis_arvensis-gene192': 1, 'tRNA-Met-CAT-cp': 1, 'tRNA-Met': 1, 'trbfM-CAU': 1, 'tRNA-met': 1, 'trnM-CAU-cp': 1})
2020-03-27 19:25:41,625 -INFO- using gene name `trnM-CAT-cp`
2020-03-27 19:25:44,157 -INFO- get gene name `trnH-GTG-cp` from Counter({'trnH': 16, 'trnH-GUG': 8, 'trnH-GTG': 2, 'tRNA-His': 2, 'Sinapis_arvensis-gene175': 1, 'tRNA-His-GTG-cp': 1, 'trnH-GUG-cp': 1})
2020-03-27 19:25:44,158 -INFO- using gene name `trnH-GTG-cp`
2020-03-27 19:25:46,752 -INFO- get gene name `rrn5` from Counter({'rrn5': 26, 'rRNA5': 1, 'Gossypium_harknessii-gene162': 1, 'Gossypium_hirsutum-gene164': 1, 'Raphanus_sativus-gene109': 1, 'Sinapis_arvensis-gene224': 1})
2020-03-27 19:25:46,752 -INFO- using gene name `rrn5`
   remove gene Corchorus_olitorius|rrn5 with length 50 out of [95.0, 143.0]
2020-03-27 19:25:48,926 -INFO- get gene name `rrn18` from Counter({'rrn18': 20, 'rrnS': 7, 'Gossypium_harknessii-gene160': 1, 'rRNA18': 1, 'Raphanus_sativus-gene111': 1, 'Gossypium_hirsutum-gene162': 1, 'Sinapis_arvensis-gene222': 1})
2020-03-27 19:25:48,926 -INFO- using gene name `rrn18`
   remove gene Corchorus_olitorius|rrnS with length 72 out of [976.0, 2829.0]
2020-03-27 19:25:51,520 -INFO- get gene name `trnD-GUC-cp` from Counter({'trnD': 15, 'trnD-GUC': 9, 'trnD-GTC': 3, 'tRNA-Asp': 2, 'Sinapis_arvensis-gene2': 1, 'trnD-GUC-cp': 1, 'tRNA-Asp-GTC': 1})
2020-03-27 19:25:51,521 -INFO- using gene name `trnD-GUC-cp`
2020-03-27 19:25:53,325 -INFO- get gene name `trnN-GUU-cp` from Counter({'trnN': 16, 'trnN-GUU': 8, 'tRNA-Asn': 2, 'trnN-GTT': 2, 'tRNA-Asn-GTT': 1, 'trnN-GUU-cp': 1, 'Sinapis_arvensis-gene110': 1})
2020-03-27 19:25:53,326 -INFO- using gene name `trnN-GUU-cp`
2020-03-27 19:25:54,645 -INFO- get gene name `trnK-UUU` from Counter({'trnK': 13, 'trnK-UUU': 9, 'trnK-TTT': 4, 'tRNA-Lys': 2, 'tRNA-Lys-TTT': 1, 'Sinapis_arvensis-gene4': 1})
2020-03-27 19:25:54,645 -INFO- using gene name `trnK-UUU`
2020-03-27 19:25:56,383 -INFO- get gene name `trnS-GCU` from Counter({'trnS': 13, 'trnS-GCU': 9, 'trnS-GCT': 3, 'tRNA-Ser': 2, 'tRNA-Ser-GCT': 1, 'Sinapis_arvensis-gene173': 1})
2020-03-27 19:25:56,383 -INFO- using gene name `trnS-GCU`
2020-03-27 19:25:57,661 -INFO- get gene name `trnE-UUC` from Counter({'trnE': 15, 'trnE-UUC': 11, 'trnE-TTC': 3, 'tRNA-Glu-TTC': 1, 'tRNA-Glu': 1, 'Sinapis_arvensis-gene159': 1})
2020-03-27 19:25:57,661 -INFO- using gene name `trnE-UUC`
2020-03-27 19:25:58,556 -INFO- get gene name `trnP-UGG` from Counter({'trnP': 14, 'trnP-UGG': 10, 'trnP-TGG': 2, 'tRNA-Pro': 2, 'Sinapis_arvensis-gene157': 1, 'tRNA-Pro-TGG': 1})
2020-03-27 19:25:58,556 -INFO- using gene name `trnP-UGG`
2020-03-27 19:25:59,411 -INFO- get gene name `trnY-GUA` from Counter({'trnY': 14, 'trnY-GUA': 9, 'trnY-GTA': 3, 'tRNA-Tyr': 2, 'tRNA-Tyr-GTA': 1, 'Sinapis_arvensis-gene108': 1})
2020-03-27 19:25:59,411 -INFO- using gene name `trnY-GUA`
2020-03-27 19:26:00,291 -INFO- get gene name `trnI-CAU` from Counter({'trnI': 10, 'trnM-CAU': 7, 'trnM': 6, 'trnI-CAU': 2, 'trnI-LAU': 1, 'Sinapis_arvensis-gene212': 1, 'trnM-CAT': 1, 'tRNAI-CAT': 1, 'tRNA-Met-CAT': 1})
2020-03-27 19:26:00,292 -INFO- using gene name `trnI-CAU`
2020-03-27 19:26:00,731 -INFO- get gene name `trnQ-UUG` from Counter({'trnQ': 14, 'trnQ-UUG': 9, 'trnQ-TTG': 4, 'tRNA-Gln': 2, 'Sinapis_arvensis-gene187': 1, 'tRNA-Gln-TTG': 1})
2020-03-27 19:26:00,731 -INFO- using gene name `trnQ-UUG`
2020-03-27 19:26:01,591 -INFO- get gene name `trnC-GCA` from Counter({'trnC': 13, 'trnC-GCA': 11, 'tRNA-Cys': 2, 'trnc': 1, 'Sinapis_arvensis-gene155': 1, 'tRNA-Cys-GCA': 1})
2020-03-27 19:26:01,591 -INFO- using gene name `trnC-GCA`
2020-03-27 19:26:02,403 -INFO- get gene name `trnS-UGA` from Counter({'trnS': 14, 'trnS-UGA': 10, 'trnS-TGA': 2, 'Sinapis_arvensis-gene138': 1, 'tRNA-Ser-TGA': 1, 'tRNA-Ser': 1})
2020-03-27 19:26:02,404 -INFO- using gene name `trnS-UGA`
2020-03-27 19:26:02,406 -INFO- get gene name `trnG-GCC` from Counter({'trnG': 14, 'trnG-GCC': 11, 'tRNA-Gly': 2, 'Sinapis_arvensis-gene79': 1, 'tRNA-Gly-GCC': 1})
2020-03-27 19:26:02,407 -INFO- using gene name `trnG-GCC`
2020-03-27 19:26:02,797 -INFO- get gene name `trnS-GGA-cp` from Counter({'trnS': 13, 'trnS-GGA': 9, 'tRNA-Ser-GGA-cp': 1, 'Sinapis_arvensis-gene23': 1, 'trnS-GGA-cp': 1, 'tRNA-Ser': 1})
2020-03-27 19:26:02,798 -INFO- using gene name `trnS-GGA-cp`
2020-03-27 19:26:04,477 -INFO- get gene name `trnF-GAA` from Counter({'trnF-GAA': 11, 'trnF': 5, 'trnY': 2, 'tRNA-Phe': 1, 'tRNA-Phe-GAA': 1})
2020-03-27 19:26:04,477 -INFO- using gene name `trnF-GAA`
2020-03-27 19:26:07,991 -INFO- get gene name `trnM-CAU` from Counter({'trnM-CAU': 6, 'trnfM-CAU': 1, 'trnM-CAT': 1, 'tRNA-Met-CAT': 1})
2020-03-27 19:26:07,991 -INFO- using gene name `trnM-CAU`
2020-03-27 19:26:09,336 -INFO- get gene name `trnfM-CAT` from Counter({'trnfM': 9, 'trnM': 3, 'tRNA-fMet': 1, 'trnfM-CAT': 1, 'Sinapis_arvensis-gene44': 1, 'tRNA-fMet-CAT': 1})
2020-03-27 19:26:09,337 -INFO- using gene name `trnfM-CAT`
2020-03-27 19:26:10,679 -INFO- get gene name `trnI-TAT-cp` from Counter({'trnI-UAU': 8, 'trnM': 3, 'trnI': 1, 'tRNA-Met': 1, 'trnM-UAU': 1, 'tRNA-Ile': 1, 'trnI-CAU': 1, 'tRNA-Ile-TAT-cp': 1})
2020-03-27 19:26:10,679 -INFO- using gene name `trnI-TAT-cp`
2020-03-27 19:26:10,681 -INFO- get gene name `trnP-TGG-cp` from Counter({'trnP-UGG': 6, 'trnP': 2, 'tRNA-Pro-TGG-cp': 1, 'trnP-TGG': 1})
2020-03-27 19:26:10,682 -INFO- using gene name `trnP-TGG-cp`
2020-03-27 19:26:11,605 -INFO- get gene name `trnL-CCA` from Counter({'trnL': 4, 'Sinapis_arvensis-gene163': 1, 'trnW-CCA': 1, 'trnaL': 1})
2020-03-27 19:26:11,605 -INFO- using gene name `trnL-CCA`
2020-03-27 19:26:12,474 -INFO- get gene name `trnfM-CAU` from Counter({'trnfM-CAU': 2, 'trnM': 2, 'trnfM-CAT': 1, 'trnfM': 1})
2020-03-27 19:26:12,474 -INFO- using gene name `trnfM-CAU`
2020-03-27 19:26:12,476 -INFO- get gene name `trnD-GTC-cp` from Counter({'trnD-GUC': 7, 'tRNA-Asp-GTC-cp': 1})
2020-03-27 19:26:12,477 -INFO- using gene name `trnD-GTC-cp`
2020-03-27 19:26:12,478 -INFO- get gene name `trnV-GAC` from Counter({'trnV-GAC': 7})
2020-03-27 19:26:12,478 -INFO- using gene name `trnV-GAC`
2020-03-27 19:26:12,479 -INFO- get gene name `trnC-GCA` from Counter({'trnC': 3, 'trnC-GCA': 2})
2020-03-27 19:26:12,479 -INFO- using gene name `trnC-GCA`
2020-03-27 19:26:12,932 -INFO- get gene name `trnP-UGG` from Counter({'trnP': 3, 'trnP-UGG': 1, 'trnP-AGG': 1})
2020-03-27 19:26:12,932 -INFO- using gene name `trnP-UGG`
2020-03-27 19:26:12,934 -INFO- get gene name `trnM-CAU` from Counter({'trnM': 4, 'trnM-CAU': 1})
2020-03-27 19:26:12,934 -INFO- using gene name `trnM-CAU`
2020-03-27 19:26:13,410 -INFO- get gene name `trnV-GAC-cp` from Counter({'trnV': 2, 'tRNA-Val-GAC-cp': 1, 'tRNA-Val': 1})
2020-03-27 19:26:13,410 -INFO- using gene name `trnV-GAC-cp`
2020-03-27 19:26:13,411 -INFO- get gene name `trnM-CAU` from Counter({'trnM-CAU': 4, 'trnH': 1})
2020-03-27 19:26:13,411 -INFO- using gene name `trnM-CAU`
2020-03-27 19:26:13,412 -INFO- get gene name `trnR-TCT` from Counter({'trnR': 2, 'trnR-TCT': 1})
2020-03-27 19:26:13,412 -INFO- using gene name `trnR-TCT`
2020-03-27 19:26:13,413 -INFO- get gene name `trnF-GAA` from Counter({'trnF-GAA': 1, 'trnF': 1, 'trnL-CAA': 1})
2020-03-27 19:26:13,413 -INFO- get gene name `trnS` from Counter({'trnS': 3})
2020-03-27 19:26:13,413 -INFO- using gene name `trnS`
2020-03-27 19:26:13,414 -INFO- get gene name `trnY` from Counter({'trnY': 2, 'tRNA-Tyr': 1})
2020-03-27 19:26:13,414 -INFO- using gene name `trnY`
2020-03-27 19:26:13,846 -INFO- get gene name `trnfM-CAU` from Counter({'trnfM-CAU': 2})
2020-03-27 19:26:13,846 -INFO- using gene name `trnfM-CAU`
2020-03-27 19:26:13,859 -INFO- get gene name `trnE-UUC` from Counter({'tRNA-Glu': 1, 'trnE-UUC': 1})
2020-03-27 19:26:13,859 -INFO- get gene name `trnC-GCA` from Counter({'trnC-GCA': 2})
2020-03-27 19:26:13,860 -INFO- using gene name `trnC-GCA`
2020-03-27 19:26:13,860 -INFO- get gene name `trnQ` from Counter({'trnQ': 2})
2020-03-27 19:26:13,860 -INFO- using gene name `trnQ`
2020-03-27 19:26:13,861 -INFO- get gene name `trnM` from Counter({'trnM': 2})
2020-03-27 19:26:13,861 -INFO- using gene name `trnM`
2020-03-27 19:26:13,862 -INFO- get gene name `trnS` from Counter({'trnS': 2})
2020-03-27 19:26:13,862 -INFO- using gene name `trnS`
2020-03-27 19:26:13,863 -INFO- get gene name `trnR` from Counter({'trnR': 2})
2020-03-27 19:26:13,863 -INFO- using gene name `trnR`
2020-03-27 19:26:13,864 -INFO- get gene name `trnT-UGU` from Counter({'trnT': 1, 'trnT-UGU': 1})
2020-03-27 19:26:13,864 -INFO- get gene name `trnG-GCC` from Counter({'trnG-GCC': 1, 'trnG': 1})
2020-03-27 19:26:13,864 -INFO- get gene name `trnfM-CAU` from Counter({'trnfM-CAU': 2})
2020-03-27 19:26:13,864 -INFO- using gene name `trnfM-CAU`
2020-03-27 19:26:13,865 -INFO- get gene name `trnfM-CAU` from Counter({'trnfM-CAU': 2})
2020-03-27 19:26:13,865 -INFO- using gene name `trnfM-CAU`
2020-03-27 19:26:13,865 -INFO- get gene name `trnfM-CAU` from Counter({'trnfM-CAU': 2})
2020-03-27 19:26:13,866 -INFO- using gene name `trnfM-CAU`
2020-03-27 19:26:13,866 -INFO- get gene name `trnE` from Counter({'trnE': 2})
2020-03-27 19:26:13,866 -INFO- using gene name `trnE`
2020-03-27 19:26:13,867 -INFO- get gene name `trnT` from Counter({'trnT': 2})
2020-03-27 19:26:13,867 -INFO- using gene name `trnT`
2020-03-27 19:26:13,870 -INFO- extrat 47 genes: ['rrn18', 'rrn26', 'rrn5', 'trnC-GCA', 'trnC-GCA-28', 'trnC-GCA-39', 'trnD-GTC-cp', 'trnD-GUC-cp', 'trnE', 'trnE-UUC', 'trnF-GAA', 'trnG-GCC', 'trnH-GTG-cp', 'trnI-CAU', 'trnI-TAT-cp', 'trnK-UUU', 'trnL-CCA', 'trnM', 'trnM-CAT-cp', 'trnM-CAU', 'trnM-CAU-30', 'trnM-CAU-32', 'trnN-GUU-cp', 'trnP-TGG-cp', 'trnP-UGG', 'trnP-UGG-29', 'trnQ', 'trnQ-UUG', 'trnR', 'trnR-TCT', 'trnS', 'trnS-42', 'trnS-GCU', 'trnS-GGA-cp', 'trnS-UGA', 'trnT', 'trnV-GAC', 'trnV-GAC-cp', 'trnW-CCA-cp', 'trnY', 'trnY-GUA', 'trnfM-CAT', 'trnfM-CAU', 'trnfM-CAU-37', 'trnfM-CAU-46', 'trnfM-CAU-47', 'trnfM-CAU-48']
2020-03-27 19:26:13,870 -INFO- aligning sequences
2020-03-27 19:35:31,996 -INFO- building hmm profiles
