{'count': False, 'organ': 'mt', 'list': False, 'taxon': 'Liliopsida', 'tmpdir': '/dev/shm/tmp', 'custom': None, 'cleanup': False, 'exclude_taxa': None, 'gbfiles': ['/share/home/nature/database/RefSeq/mitochondrion/mitochondrion.1.genomic.gbff.gz', '/share/home/nature/database/RefSeq/mitochondrion/mitochondrion.2.genomic.gbff.gz'], 'check': False, 'dbdir': None}
2020-03-23 23:16:47,662 -INFO- parsing ['/share/home/nature/database/RefSeq/mitochondrion/mitochondrion.1.genomic.gbff.gz', '/share/home/nature/database/RefSeq/mitochondrion/mitochondrion.2.genomic.gbff.gz']
2020-03-23 23:16:47,663 -INFO- version: RefSeq 2020-01-09: build 2020-03-23
loading from /dev/shm/tmp/ogap_db/taxonomy.json.gz
loading genbank records
`Leptocephalus sp. 'type II larva' (Smith, 1989)` is not found
`Himantura gerrardi` is not found
`Vazella pourtalesi` is not found
`Palpitomonas bilix Eukaryota.` is not found
`Eukaryota sp. BB2 Eukaryota.` is not found
`Ancoracysta twista Eukaryota.` is not found
`Cyprinus carpio x Megalobrama amblycephala` is not found
2020-03-23 23:28:24,916 -INFO- 22 records: 4 orders, 7 families, 15 genera, 22 organism
2020-03-23 23:28:24,917 -INFO- pruning taxa
2020-03-23 23:28:24,917 -INFO- 22 records: 4 orders, 7 families, 15 genera, 22 organism
2020-03-23 23:28:24,917 -INFO- building taxonomy tree
2020-03-23 23:28:24,917 -INFO- run CMD: `ete3 ncbiquery --search 'Zea mays subsp. parviglumis' 'Phoenix dactylifera' 'Stratiotes aloides' 'Allium cepa' 'Triticum timopheevii' 'Oryza minuta' 'Butomus umbellatus' 'Zea perennis' 'Cocos nucifera' 'Triticum aestivum' 'Oryza sativa Indica Group' 'Oryza sativa Japonica Group' 'Tripsacum dactyloides' 'Zea mays subsp. mays' 'Spirodela polyrhiza' 'Oryza rufipogon' 'Eleusine indica' 'Sorghum bicolor' 'Zea luxurians' 'Saccharum officinarum' 'Zostera marina' 'Aegilops speltoides var. ligustica' --tree >  /dev/shm/tmp/mt-Liliopsida/species.tree.tmp`
2020-03-23 23:28:30,796 -INFO- using speceis tree `/dev/shm/tmp/ogap_db/mt-Liliopsida/species.treefile`
2020-03-23 23:28:30,796 -INFO- writing protein sequences into /dev/shm/tmp/mt-Liliopsida/prot
2020-03-23 23:28:31,094 -INFO- 22 taxa: ['Aegilops speltoides var. ligustica', 'Allium cepa', 'Butomus umbellatus', 'Cocos nucifera', 'Eleusine indica', 'Oryza minuta', 'Oryza rufipogon', 'Oryza sativa Indica Group', 'Oryza sativa Japonica Group', 'Phoenix dactylifera', 'Saccharum officinarum', 'Sorghum bicolor', 'Spirodela polyrhiza', 'Stratiotes aloides', 'Tripsacum dactyloides', 'Triticum aestivum', 'Triticum timopheevii', 'Zea luxurians', 'Zea mays subsp. mays', 'Zea mays subsp. parviglumis', 'Zea perennis', 'Zostera marina']
2020-03-23 23:28:31,163 -INFO- get taxon `root;cellular organisms;Eukaryota;Viridiplantae;Streptophyta;Streptophytina;Embryophyta;Tracheophyta;Euphyllophyta;Spermatophyta;Magnoliopsida;Mesangiospermae;Liliopsida` from Counter({u'root;cellular organisms;Eukaryota;Viridiplantae;Streptophyta;Streptophytina;Embryophyta;Tracheophyta;Euphyllophyta;Spermatophyta;Magnoliopsida;Mesangiospermae;Liliopsida': 22})
2020-03-23 23:28:31,167 -INFO- get transl_table `1` from Counter({1: 968})
2020-03-23 23:28:31,167 -INFO- running OrthoFinder to cluster genes
2020-03-23 23:28:31,167 -INFO- run CMD: `orthofinder.py -f /dev/shm/tmp/mt-Liliopsida/prot -M msa -T fasttree -t 24  -og`
2020-03-23 23:29:14,248 -INFO- parsing OrthoFinder orthologs
2020-03-23 23:29:14,249 -INFO- parsing orthologs group into /dev/shm/tmp/mt-Liliopsida/alns
2020-03-23 23:29:14,274 -INFO- using min_count=2.2 to get gene name
2020-03-23 23:29:16,073 -INFO- get gene name `atp6` from Counter({'atp6': 16, 'orf183': 4, 'atp6-1': 3})
2020-03-23 23:29:16,073 -INFO- using gene name `atp6`
2020-03-23 23:29:16,816 -INFO- get gene name `ccmC` from Counter({'ccmC': 21, 'ccmC-1': 1})
2020-03-23 23:29:16,816 -INFO- using gene name `ccmC`
2020-03-23 23:29:17,868 -INFO- get gene name `atp8` from Counter({'atp8': 17, 'orfB': 4, 'atp8-1': 1})
2020-03-23 23:29:17,868 -INFO- using gene name `atp8`
2020-03-23 23:29:18,581 -INFO- get gene name `cox2` from Counter({'cox2': 21, 'cox2b': 1})
2020-03-23 23:29:18,582 -INFO- using gene name `cox2`
2020-03-23 23:29:18,947 -INFO- get gene name `nad9` from Counter({'nad9': 21, 'nad9-1': 1})
2020-03-23 23:29:18,947 -INFO- using gene name `nad9`
2020-03-23 23:29:19,291 -INFO- get gene name `nad6` from Counter({'nad6': 22})
2020-03-23 23:29:19,292 -INFO- using gene name `nad6`
2020-03-23 23:29:19,650 -INFO- get gene name `ccmFn` from Counter({'ccmFn': 10, 'ccmFN': 8, 'ccmFN-1': 1, 'ccmFN2': 1, 'ccmFN1': 1, 'ccmFn1': 1, 'CcmFn': 1})
2020-03-23 23:29:19,650 -INFO- using gene name `ccmFn`
2020-03-23 23:29:20,001 -INFO- get gene name `mttB` from Counter({'mttB': 16, 'orfX': 5, 'mttB-1': 1})
2020-03-23 23:29:20,001 -INFO- using gene name `mttB`
2020-03-23 23:29:20,822 -INFO- get gene name `cox3` from Counter({'cox3': 21, 'psbA': 1})
2020-03-23 23:29:20,822 -INFO- using gene name `cox3`
2020-03-23 23:29:21,254 -INFO- get gene name `atp4` from Counter({'atp4': 18, 'orf25': 4})
2020-03-23 23:29:21,255 -INFO- using gene name `atp4`
2020-03-23 23:29:22,001 -INFO- get gene name `atp1` from Counter({'atp1': 18, 'atp1-a1': 1, 'atp1-b': 1, 'atp1-1': 1})
2020-03-23 23:29:22,001 -INFO- using gene name `atp1`
2020-03-23 23:29:22,003 -INFO- get gene name `matR` from Counter({'matR': 12, 'mat-r': 9, 'mat-r-1': 1})
2020-03-23 23:29:22,003 -INFO- using gene name `matR`
2020-03-23 23:29:22,359 -INFO- get gene name `cox1` from Counter({'cox1': 21})
2020-03-23 23:29:22,360 -INFO- using gene name `cox1`
2020-03-23 23:29:22,753 -INFO- get gene name `nad3` from Counter({'nad3': 21})
2020-03-23 23:29:22,753 -INFO- using gene name `nad3`
2020-03-23 23:29:23,442 -INFO- get gene name `rps12` from Counter({'rps12': 20, 'orf127': 1})
2020-03-23 23:29:23,442 -INFO- using gene name `rps12`
2020-03-23 23:29:23,812 -INFO- get gene name `cob` from Counter({'cob': 19, 'cob-1': 1, 'cobA': 1})
2020-03-23 23:29:23,812 -INFO- using gene name `cob`
2020-03-23 23:29:24,167 -INFO- get gene name `nad2` from Counter({'nad2': 20})
2020-03-23 23:29:24,168 -INFO- using gene name `nad2`
2020-03-23 23:29:24,529 -INFO- get gene name `nad5` from Counter({'nad5': 19, 'ND5': 1})
2020-03-23 23:29:24,529 -INFO- using gene name `nad5`
2020-03-23 23:29:24,531 -INFO- get gene name `nad4L` from Counter({'nad4L': 21})
2020-03-23 23:29:24,531 -INFO- using gene name `nad4L`
2020-03-23 23:29:24,901 -INFO- get gene name `nad4` from Counter({'nad4': 20})
2020-03-23 23:29:24,902 -INFO- using gene name `nad4`
2020-03-23 23:29:25,288 -INFO- get gene name `rps7` from Counter({'rps7': 19, 'rps7-1': 1})
2020-03-23 23:29:25,289 -INFO- using gene name `rps7`
2020-03-23 23:29:25,291 -INFO- get gene name `ccmB` from Counter({'ccmB': 20, 'ccmB-1': 1})
2020-03-23 23:29:25,291 -INFO- using gene name `ccmB`
2020-03-23 23:29:25,292 -INFO- get gene name `atp9` from Counter({'atp9': 21})
2020-03-23 23:29:25,292 -INFO- using gene name `atp9`
2020-03-23 23:29:25,649 -INFO- get gene name `rps3` from Counter({'rps3': 18, 'ccmFn2': 1})
2020-03-23 23:29:25,649 -INFO- using gene name `rps3`
2020-03-23 23:29:26,051 -INFO- get gene name `nad1` from Counter({'nad1': 19})
2020-03-23 23:29:26,052 -INFO- using gene name `nad1`
2020-03-23 23:29:26,054 -INFO- get gene name `nad7` from Counter({'nad7': 20})
2020-03-23 23:29:26,054 -INFO- using gene name `nad7`
2020-03-23 23:29:26,055 -INFO- get gene name `rps1` from Counter({'rps1': 19, 'rps1-1': 1})
2020-03-23 23:29:26,055 -INFO- using gene name `rps1`
2020-03-23 23:29:26,057 -INFO- get gene name `ccmFc` from Counter({'ccmFc': 11, 'ccmFC': 7, 'ccmFC-1': 2})
2020-03-23 23:29:26,057 -INFO- using gene name `ccmFc`
2020-03-23 23:29:26,844 -INFO- get gene name `rps2` from Counter({'rps2': 12, 'rps2A': 3, 'rps2B': 3, 'rps2-1': 1})
2020-03-23 23:29:26,844 -INFO- using gene name `rps2`
2020-03-23 23:29:26,846 -INFO- get gene name `rps13` from Counter({'rps13': 17, 'rp13': 1})
2020-03-23 23:29:26,847 -INFO- using gene name `rps13`
2020-03-23 23:29:26,848 -INFO- get gene name `rps4` from Counter({'rps4': 15, 'rps4-1': 2})
2020-03-23 23:29:26,848 -INFO- using gene name `rps4`
2020-03-23 23:29:26,848 -INFO- get gene name `rpl16` from Counter({'rpl16': 15})
2020-03-23 23:29:26,848 -INFO- using gene name `rpl16`
2020-03-23 23:29:27,237 -INFO- get gene name `rps19` from Counter({'rps19': 6, 'rps19a': 1, 'rps19-p': 1})
2020-03-23 23:29:27,238 -INFO- using gene name `rps19`
2020-03-23 23:29:27,239 -INFO- get gene name `rpl5` from Counter({'rpl5': 10})
2020-03-23 23:29:27,239 -INFO- using gene name `rpl5`
2020-03-23 23:29:27,976 -INFO- get gene name `orf173` from Counter({'orf173': 4, 'orf142': 1, 'orf158-a1': 1})
2020-03-23 23:29:27,977 -INFO- using gene name `orf173`
2020-03-23 23:29:27,978 -INFO- get gene name `rpl2` from Counter({'rpl2': 6, 'orf247-ct': 1})
2020-03-23 23:29:27,978 -INFO- using gene name `rpl2`
2020-03-23 23:29:28,722 -INFO- get gene name `orf490` from Counter({'orf490': 5, 'orf138-a': 1, 'orf117-d': 1})
2020-03-23 23:29:28,722 -INFO- using gene name `orf490`
2020-03-23 23:29:29,098 -INFO- get gene name `RNA_pol` from Counter({'RNA_pol': 2, 'orf417': 1, 'orf1159': 1, 'orf193-a1': 1})
2020-03-23 23:29:29,098 -INFO- get gene name `orf284` from Counter({'orf284': 3, 'orf256': 2})
2020-03-23 23:29:29,098 -INFO- using gene name `orf284`
2020-03-23 23:29:29,473 -INFO- get gene name `orf194` from Counter({'orf194': 4})
2020-03-23 23:29:29,473 -INFO- using gene name `orf194`
2020-03-23 23:29:29,875 -INFO- get gene name `orf152a` from Counter({'orf152a': 4})
2020-03-23 23:29:29,875 -INFO- using gene name `orf152a`
2020-03-23 23:29:30,317 -INFO- get gene name `orf181` from Counter({'orf181': 4})
2020-03-23 23:29:30,317 -INFO- using gene name `orf181`
2020-03-23 23:29:30,738 -INFO- get gene name `orf396` from Counter({'orf396': 2, 'orf423': 1})
2020-03-23 23:29:31,090 -INFO- get gene name `orf100` from Counter({'orf100': 2, 'orf99-a1': 1})
2020-03-23 23:29:31,091 -INFO- get gene name `orf153` from Counter({'orf153': 4})
2020-03-23 23:29:31,091 -INFO- using gene name `orf153`
2020-03-23 23:29:31,092 -INFO- get gene name `orf160` from Counter({'orf160': 4})
2020-03-23 23:29:31,092 -INFO- using gene name `orf160`
2020-03-23 23:29:31,093 -INFO- get gene name `orf241` from Counter({'orf241': 4})
2020-03-23 23:29:31,093 -INFO- using gene name `orf241`
2020-03-23 23:29:31,094 -INFO- get gene name `orf288` from Counter({'orf288': 2, 'orf179': 1, 'CW-orf307': 1})
2020-03-23 23:29:31,481 -INFO- get gene name `ycf68` from Counter({'ycf68': 1, 'orf134-a-ct': 1})
2020-03-23 23:29:31,482 -INFO- get gene name `orf140-b` from Counter({'orf140-b': 1, 'orf101b': 1, 'orf192': 1})
2020-03-23 23:29:31,847 -INFO- get gene name `orf734` from Counter({'orf734': 1, 'orf911': 1, 'rpo': 1})
2020-03-23 23:29:31,848 -INFO- get gene name `rpl10` from Counter({'rpl10': 2, 'orf159': 1})
2020-03-23 23:29:31,849 -INFO- get gene name `orf162` from Counter({'orf162': 3})
2020-03-23 23:29:31,849 -INFO- using gene name `orf162`
2020-03-23 23:29:31,850 -INFO- get gene name `orf161` from Counter({'orf161': 3})
2020-03-23 23:29:31,850 -INFO- using gene name `orf161`
2020-03-23 23:29:31,850 -INFO- get gene name `orf187` from Counter({'orf187': 3})
2020-03-23 23:29:31,851 -INFO- using gene name `orf187`
2020-03-23 23:29:31,851 -INFO- get gene name `orf176` from Counter({'orf176': 3})
2020-03-23 23:29:31,851 -INFO- using gene name `orf176`
2020-03-23 23:29:31,852 -INFO- get gene name `orf165` from Counter({'orf165': 3})
2020-03-23 23:29:31,852 -INFO- using gene name `orf165`
2020-03-23 23:29:32,195 -INFO- get gene name `orf725` from Counter({'orf725': 1, 'atp6': 1})
2020-03-23 23:29:32,196 -INFO- get gene name `orf101-a` from Counter({'orf101-a': 2})
2020-03-23 23:29:32,196 -INFO- get gene name `orf186` from Counter({'orf186': 1, 'orf115a': 1})
2020-03-23 23:29:32,196 -INFO- get gene name `orf146-a` from Counter({'orf146-a': 2})
2020-03-23 23:29:32,197 -INFO- get gene name `rps11` from Counter({'rps11': 2})
2020-03-23 23:29:32,197 -INFO- get gene name `sdh4` from Counter({'sdh4': 2})
2020-03-23 23:29:32,197 -INFO- get gene name `rps14a` from Counter({'rps14a': 1, 'rps14': 1})
2020-03-23 23:29:32,197 -INFO- get gene name `orf111-b` from Counter({'orf111-b': 2})
2020-03-23 23:29:32,198 -INFO- get gene name `orf224` from Counter({'orf224': 2})
2020-03-23 23:29:32,198 -INFO- get gene name `orf152b` from Counter({'orf152b': 2})
2020-03-23 23:29:32,198 -INFO- get gene name `orf248-1` from Counter({'orf248-1': 1, 'orf248': 1})
2020-03-23 23:29:32,198 -INFO- get gene name `orf191` from Counter({'orf191': 2})
2020-03-23 23:29:32,199 -INFO- get gene name `orf147-b` from Counter({'orf147-b': 2})
2020-03-23 23:29:32,199 -INFO- get gene name `orf101-c` from Counter({'orf101-c': 2})
2020-03-23 23:29:32,199 -INFO- get gene name `orf186` from Counter({'orf186': 2})
2020-03-23 23:29:32,203 -INFO- extrat 49 genes: ['atp1', 'atp4', 'atp6', 'atp8', 'atp9', 'ccmB', 'ccmC', 'ccmFc', 'ccmFn', 'cob', 'cox1', 'cox2', 'cox3', 'matR', 'mttB', 'nad1', 'nad2', 'nad3', 'nad4', 'nad4L', 'nad5', 'nad6', 'nad7', 'nad9', 'orf152a', 'orf153', 'orf160', 'orf161', 'orf162', 'orf165', 'orf173', 'orf176', 'orf181', 'orf187', 'orf194', 'orf241', 'orf284', 'orf490', 'rpl16', 'rpl2', 'rpl5', 'rps1', 'rps12', 'rps13', 'rps19', 'rps2', 'rps3', 'rps4', 'rps7']
2020-03-23 23:29:32,203 -INFO- aligning sequences
2020-03-23 23:36:16,611 -INFO- building hmm profiles
2020-03-23 23:36:42,946 -INFO- building augustus profiles
2020-03-23 23:37:07,872 -INFO- training augustus models
/share/home/yuanqyk/.local/lib/python2.7/site-packages/Bio/SeqIO/InsdcIO.py:687: BiopythonWarning: Increasing length of locus line to allow long name. This will result in fields that are not in usual positions.
  BiopythonWarning,
2020-03-23 23:39:46,690 -INFO- writing ('rRNA', 'tRNA') sequences into /dev/shm/tmp/mt-Liliopsida/rrna
2020-03-23 23:39:46,847 -INFO- running OrthoFinder to cluster genes
2020-03-23 23:39:46,848 -INFO- run CMD: `orthofinder.py -f /dev/shm/tmp/mt-Liliopsida/rrna -M msa -T fasttree -t 24 -S blastn -og`
2020-03-23 23:40:39,915 -INFO- parsing OrthoFinder orthologs
2020-03-23 23:40:39,916 -INFO- parsing orthologs group into /dev/shm/tmp/mt-Liliopsida/alns
2020-03-23 23:40:39,936 -INFO- using min_count=2 to get gene name
2020-03-23 23:40:42,746 -INFO- get gene name `rrn5` from Counter({'rrn5': 15, 'rrn5-1': 3, 'Cocos_nucifera-gene243': 1, 'Allium_cepa-gene62': 1, 'Saccharum_officinarum-gene39': 1, 'Phoenix_dactylifera-gene180': 1})
2020-03-23 23:40:42,747 -INFO- using gene name `rrn5`
2020-03-23 23:40:45,370 -INFO- get gene name `rrn18` from Counter({'rrn18': 13, 'rrn18-1': 3, 'rrnS': 1, 'Phoenix_dactylifera-gene179': 1, 'Cocos_nucifera-gene245': 1, 'Saccharum_officinarum-gene37': 1, 'Allium_cepa-gene88': 1})
2020-03-23 23:40:45,370 -INFO- using gene name `rrn18`
2020-03-23 23:40:46,973 -INFO- get gene name `trnfM-CAT` from Counter({'trnfM': 8, 'trnfM-CAT': 3, 'trnM': 2, 'trnfM-1': 2, 'trnM-cau': 2, 'trnM-CAU': 1, 'trnfM-cau': 1, 'Phoenix_dactylifera-gene69': 1})
2020-03-23 23:40:46,973 -INFO- using gene name `trnfM-CAT`
2020-03-23 23:40:49,366 -INFO- get gene name `trnQ-TTG` from Counter({'trnQ': 10, 'trnQ-TTG': 3, 'trnQ-uug': 3, 'trnQ-1': 3, 'trnQ-UUG': 2, 'Phoenix_dactylifera-gene17': 1})
2020-03-23 23:40:49,366 -INFO- using gene name `trnQ-TTG`
2020-03-23 23:40:51,820 -INFO- get gene name `rrn26` from Counter({'rrn26': 12, 'rrn26-1': 4, 'Cocos_nucifera-gene23': 1, 'rrnL': 1, 'Allium_cepa-gene56': 1, 'Saccharum_officinarum-gene88': 1, 'Phoenix_dactylifera-gene68': 1})
2020-03-23 23:40:51,820 -INFO- using gene name `rrn26`
2020-03-23 23:40:54,321 -INFO- get gene name `trnD-guc` from Counter({'trnD': 8, 'trnD-1': 5, 'trnD-guc': 3, 'trnD-GTC': 3, 'trnD-GUC': 1, 'Phoenix_dactylifera-gene63': 1, 'trnD-a1': 1})
2020-03-23 23:40:54,322 -INFO- using gene name `trnD-guc`
2020-03-23 23:40:56,314 -INFO- get gene name `trnE-TTC` from Counter({'trnE': 8, 'trnE-1': 4, 'trnE-TTC': 3, 'trnE-uuc': 3, 'trnE-UUC': 2, 'Phoenix_dactylifera-gene55': 1, 'trnE-a1': 1})
2020-03-23 23:40:56,315 -INFO- using gene name `trnE-TTC`
2020-03-23 23:40:59,492 -INFO- get gene name `trnM-cp` from Counter({'trnM': 10, 'trnM-CAT': 3, 'trnM-cp': 2, 'trnM-a': 2, 'trnM-b-cp': 1, 'trnM-CAU': 1, 'trnM-a-1': 1})
2020-03-23 23:40:59,493 -INFO- using gene name `trnM-cp`
2020-03-23 23:41:00,753 -INFO- get gene name `trnM-cau` from Counter({'trnI': 6, 'trnI-1': 3, 'trnM-cau': 3, 'trnI-CAT': 3, 'trnM': 2, 'trnI-a1': 1, 'trnI-AUA': 1, 'trnM-CAU': 1, 'Phoenix_dactylifera-gene62': 1})
2020-03-23 23:41:00,753 -INFO- using gene name `trnM-cau`
2020-03-23 23:41:03,163 -INFO- get gene name `trnP-TGG` from Counter({'trnP': 5, 'trnP-a-1': 4, 'trnP-TGG': 3, 'trnP-1': 2, 'Phoenix_dactylifera-gene176': 1, 'trnP-a1': 1, 'trnP-a': 1, 'trnP-UGG': 1})
2020-03-23 23:41:03,163 -INFO- using gene name `trnP-TGG`
2020-03-23 23:41:03,951 -INFO- get gene name `trnY-GTA` from Counter({'trnY': 8, 'trn-Y': 4, 'trnY-GTA': 3, 'trnY-GUA': 2, 'trnY-gua': 2, 'trnY-1': 1, 'Phoenix_dactylifera-gene171': 1})
2020-03-23 23:41:03,951 -INFO- using gene name `trnY-GTA`
2020-03-23 23:41:05,582 -INFO- get gene name `trnK-TTT` from Counter({'trnK': 7, 'trnK-1': 4, 'trnK-TTT': 3, 'trnK-UUU': 2, 'Phoenix_dactylifera-gene94': 1})
2020-03-23 23:41:05,583 -INFO- using gene name `trnK-TTT`
2020-03-23 23:41:06,795 -INFO- get gene name `trnH-cp` from Counter({'trnH': 4, 'trnH-cp': 4, 'trnH-GTG': 3, 'trnH-gug': 2, 'trnH-cp-1': 1, 'trnH-ct': 1, 'trnH-GUG': 1})
2020-03-23 23:41:06,795 -INFO- using gene name `trnH-cp`
2020-03-23 23:41:07,606 -INFO- get gene name `trnS-TGA` from Counter({'trnS-b': 4, 'trnS': 4, 'trnS-b-1': 2, 'trnS-TGA': 2, 'Phoenix_dactylifera-gene175': 1, 'trnS-3': 1, 'trnS-1': 1, 'trnS-UGA': 1})
2020-03-23 23:41:07,606 -INFO- using gene name `trnS-TGA`
2020-03-23 23:41:08,404 -INFO- get gene name `trnF-cp` from Counter({'trnF': 7, 'trnF-cp': 5, 'trnF-GAA': 3, 'trnF-ct': 1})
2020-03-23 23:41:08,404 -INFO- using gene name `trnF-cp`
2020-03-23 23:41:09,205 -INFO- get gene name `trnN-cp-1` from Counter({'trnN': 5, 'trnN-GTT': 3, 'trnN-cp-1': 3, 'trnN-cp': 2, 'trnN-GUU': 1, 'trnN-a1-ct': 1})
2020-03-23 23:41:09,205 -INFO- using gene name `trnN-cp-1`
2020-03-23 23:41:09,602 -INFO- get gene name `trnC-cp` from Counter({'trnC': 6, 'trnC-cp': 5, 'trnC-GCA': 3, 'trnC-ct': 1})
2020-03-23 23:41:09,602 -INFO- using gene name `trnC-cp`
2020-03-23 23:41:09,995 -INFO- get gene name `trnW-cp` from Counter({'trnW': 7, 'trnW-CCA': 3, 'trnW-cca': 2, 'trnW-cp': 1, 'trnW-cp-1': 1})
2020-03-23 23:41:09,995 -INFO- using gene name `trnW-cp`
2020-03-23 23:41:09,997 -INFO- get gene name `trnS-GCT` from Counter({'trnS-a': 6, 'trnS-GCT': 2, 'trnS': 2, 'trnS-3': 1, 'trnS-1': 1, 'trnF-GCT': 1, 'Phoenix_dactylifera-gene178': 1, 'trnS-GCU': 1})
2020-03-23 23:41:09,997 -INFO- using gene name `trnS-GCT`
2020-03-23 23:41:11,181 -INFO- get gene name `trnS-GGA` from Counter({'trnS': 4, 'trnS-GGA': 3, 'trnS-2': 2, 'Phoenix_dactylifera-gene154': 1})
2020-03-23 23:41:11,181 -INFO- using gene name `trnS-GGA`
2020-03-23 23:41:11,571 -INFO- get gene name `trnP-b-cp` from Counter({'trnP': 3, 'trnP-b-cp': 3, 'trnP-UGG': 1, 'trnP-b-cp-1': 1, 'trnP-TGG': 1})
2020-03-23 23:41:11,572 -INFO- using gene name `trnP-b-cp`
2020-03-23 23:41:11,961 -INFO- get gene name `trnL-AAC` from Counter({'trnL': 2, 'trnL-a': 1, 'trnI': 1, 'trnL-AAC': 1})
2020-03-23 23:41:11,961 -INFO- using gene name `trnL-AAC`
2020-03-23 23:41:11,962 -INFO- get gene name `trnR-TCT` from Counter({'trnR': 3, 'trnR-TCT': 2})
2020-03-23 23:41:11,962 -INFO- using gene name `trnR-TCT`
2020-03-23 23:41:11,963 -INFO- get gene name `trnM-CAU` from Counter({'trnM-CAU': 2, 'trnfM-cau': 1, 'Phoenix_dactylifera-gene149': 1})
2020-03-23 23:41:11,963 -INFO- using gene name `trnM-CAU`
2020-03-23 23:41:11,964 -INFO- get gene name `trnC-gca` from Counter({'trnC-gca': 3, 'trnC-GCA': 1})
2020-03-23 23:41:11,964 -INFO- using gene name `trnC-gca`
2020-03-23 23:41:12,353 -INFO- get gene name `trnI-gau` from Counter({'trnI-gau': 1, 'trnI-ct': 1, 'trnI-GAU': 1})
2020-03-23 23:41:12,354 -INFO- get gene name `trnI` from Counter({'trnI': 1, 'trnI-ct': 1, 'trnM': 1, 'Phoenix_dactylifera-gene49': 1})
2020-03-23 23:41:12,354 -INFO- get gene name `trnA-ugc` from Counter({'trnA': 2, 'trnA-ugc': 1})
2020-03-23 23:41:12,354 -INFO- using gene name `trnA-ugc`
2020-03-23 23:41:12,355 -INFO- get gene name `rrn16-ct` from Counter({'rrn16-ct': 1, 'Cocos_nucifera-gene166': 1, 'rrn16': 1})
2020-03-23 23:41:12,356 -INFO- get gene name `trnF-GAA` from Counter({'trnF-GAA': 2, 'Phoenix_dactylifera-gene177': 1})
2020-03-23 23:41:12,356 -INFO- using gene name `trnF-GAA`
2020-03-23 23:41:12,356 -INFO- get gene name `trnN-GUU` from Counter({'trnN-GUU': 1, 'trnN': 1})
2020-03-23 23:41:12,357 -INFO- get gene name `trnT-UGU` from Counter({'trnT-UGU': 1, 'Phoenix_dactylifera-gene155': 1})
2020-03-23 23:41:12,357 -INFO- get gene name `trnR-ACG` from Counter({'trnR-ACG': 1, 'trnR-b-ct': 1})
2020-03-23 23:41:12,358 -INFO- get gene name `Phoenix_dactylifera-gene107` from Counter({'Phoenix_dactylifera-gene107': 1, 'trnC-GCA': 1})
2020-03-23 23:41:12,358 -INFO- get gene name `trnK-UUU` from Counter({'trnK-UUU': 1, 'Phoenix_dactylifera-gene67': 1})
2020-03-23 23:41:12,358 -INFO- get gene name `trnK` from Counter({'trnK': 2})
2020-03-23 23:41:12,358 -INFO- using gene name `trnK`
2020-03-23 23:41:12,359 -INFO- get gene name `trnC-GCA` from Counter({'trnL-b': 1, 'trnC-GCA': 1})
2020-03-23 23:41:12,362 -INFO- extrat 28 genes: ['rrn18', 'rrn26', 'rrn5', 'trnA-ugc', 'trnC-cp', 'trnC-gca', 'trnD-guc', 'trnE-TTC', 'trnF-GAA', 'trnF-cp', 'trnH-cp', 'trnK', 'trnK-TTT', 'trnL-AAC', 'trnM-CAU', 'trnM-cau', 'trnM-cp', 'trnN-cp-1', 'trnP-TGG', 'trnP-b-cp', 'trnQ-TTG', 'trnR-TCT', 'trnS-GCT', 'trnS-GGA', 'trnS-TGA', 'trnW-cp', 'trnY-GTA', 'trnfM-CAT']
2020-03-23 23:41:12,362 -INFO- aligning sequences
2020-03-23 23:45:01,152 -INFO- building hmm profiles
