{'count': False, 'organ': 'mt', 'list': False, 'taxon': 'Sar', 'tmpdir': '/dev/shm/tmp', 'custom': None, 'cleanup': False, 'exclude_taxa': None, 'gbfiles': ['/share/home/nature/database/RefSeq/mitochondrion/mitochondrion.1.genomic.gbff.gz', '/share/home/nature/database/RefSeq/mitochondrion/mitochondrion.2.genomic.gbff.gz'], 'check': False, 'dbdir': None}
2020-03-21 22:08:36,902 -INFO- parsing ['/share/home/nature/database/RefSeq/mitochondrion/mitochondrion.1.genomic.gbff.gz', '/share/home/nature/database/RefSeq/mitochondrion/mitochondrion.2.genomic.gbff.gz']
2020-03-21 22:08:36,903 -INFO- version: RefSeq 2020-01-09: build 2020-03-21
loading from /dev/shm/tmp/ogap_db/taxonomy.json.gz
loading genbank records
`Leptocephalus sp. 'type II larva' (Smith, 1989)` is not found
`Himantura gerrardi` is not found
`Vazella pourtalesi` is not found
`Palpitomonas bilix Eukaryota.` is not found
`Eukaryota sp. BB2 Eukaryota.` is not found
`Ancoracysta twista Eukaryota.` is not found
`Cyprinus carpio x Megalobrama amblycephala` is not found
2020-03-21 22:20:56,249 -INFO- 142 records: 35 orders, 50 families, 77 genera, 142 organism
2020-03-21 22:20:56,249 -INFO- pruning taxa
2020-03-21 22:20:56,250 -INFO- 142 records: 35 orders, 50 families, 77 genera, 142 organism
2020-03-21 22:20:56,250 -INFO- building taxonomy tree
2020-03-21 22:20:56,250 -INFO- run CMD: `ete3 ncbiquery --search 'Sargassum horneri' 'Saccharina diabolica' 'Phytophthora phaseoli' 'Saccharina japonica' 'Plasmodium gonderi' 'Nannochloropsis gaditana' 'Plasmodium mexicanum' 'Plasmodium knowlesi' 'Toxarium undulatum' 'Bremia lactucae' 'Synura synuroidea' 'Coccophora langsdorfii' 'Colpomenia peregrina' 'Thalassiosira pseudonana' 'Saccharina longipedalis' 'Sargassum muticum' 'Globisporangium ultimum' 'Turbinaria ornata' 'Plasmodium falciparum' 'Ulnaria acus' 'Plasmodium floridense' 'Dictyopteris divaricata' 'Eimeria furonis' 'Cladosiphon okamuranus' 'Babesia microti strain RI' 'Phytophthora polonica' 'Tetrahymena malaccensis' 'Tetrahymena pyriformis' 'Plasmodium vivax' 'Saccharina sp. ye-B' 'Desmarestia viridis' 'Plasmodium reichenowi' 'Sargassum aquifolium' 'Skeletonema marinoi' 'Saccharina sp.' 'Phytophthora ipomoeae' 'Nannochloropsis granulata' 'Lessonia spicata' 'Aphanomyces astaci' 'Nannochloropsis oceanica' 'Saccharina coriacea' 'Microchloropsis salina' 'Triparma laevis' 'Peronospora tabacina' 'Saccharina ochotensis' 'Phytophthora infestans' 'Phytophthora sojae' 'Paramecium caudatum' 'Undaria pinnatifida' 'Cylindrotheca closterium' 'Saprolegnia ferax' 'Saccharina japonica x Saccharina latissima' 'Spongospora subterranea' 'Saccharina japonica x Saccharina longissima' 'Pythium insidiosum' 'Sargassum natans' 'Haemoproteus columbae' 'Fucus vesiculosus' 'Pseudo-nitzschia multiseries' 'Plasmodium berghei' 'Melosira undulata' 'Blastocystis sp. subtype 4' 'Phytophthora nicotianae' 'Sargassum spinuligerum' 'Nereocystis luetkeana' 'Sargassum hemiphyllum' 'Sargassum vachellianum' 'Saccharina religiosa' 'Asterionella formosa' 'Pylaiella littoralis' 'Sargassum thunbergii' 'Sargassum fluitans' 'Navicula ramosissima' 'Didymosphenia geminata' 'Sargassum fusiforme' 'Petalonia fascia' 'Saccharina sp. ye-C12' 'Tetrahymena pigmentosa' 'Trachydiscus minutus' 'Pseudoperonospora humuli' 'Endarachne binghamiae' 'Halamphora coffeaeformis' 'Cafeteria roenbergensis' 'Nitzschia sp. (in: Bacillariophyta)' 'Fistulifera solaris' 'Plasmodium gallinaceum' 'Heterosigma akashiwo' 'Saccharina latissima' 'Babesia microti' 'Phaeodactylum tricornutum' 'Plasmodium fragile' 'Saccharina longissima' 'Nannochloropsis oculata' 'Vischeria stellata' 'Tetrahymena paravorax' 'Haslea nusantara' 'Paulinella micropora' 'Saccharina sculpera' 'Plasmodium vivax Sal-1' 'Tetrahymena thermophila' 'Psammoneis japonica' 'Dictyota dichotoma' 'Berkeleya fennica' 'Proteromonas lacertae' 'Chattonella marina' 'Lotharella oceanica' 'Phytophthora mirabilis' 'Leucocytozoon majoris' 'Theileria parva' 'Ectocarpus siliculosus' 'Nannochloropsis limnetica' 'Sargassum yezoense' 'Costaria costata' 'Cyclospora cayetanensis' 'Plasmodium simium' 'Macrocystis integrifolia' 'Laminaria hyperborea' 'Pseudoperonospora cubensis' 'Paracercomonas marina' 'Blastocystis sp. DMP/02-328' 'Ochromonas danica' 'Cafileria marina' 'Laminaria digitata' 'Parahaemoproteus vireonis' 'Leucocytozoon sabrazesi' 'Leucocytozoon caulleryi' 'Nitzschia alba' 'Achlya hypogyna' 'Fucus distichus' 'Phytophthora andina' 'Scytosiphon lomentaria' 'Thraustotheca clavata' 'Uronema marinum' 'Phytophthora ramorum' 'Phytophthora sansomeana' 'Saccharina angustata' 'Leucocytozoon fringillinarum' 'Eunotia naegelii' 'Plasmodium juxtanucleare' 'Aphanomyces invadans' 'Babesia duncani' 'Blastocystis sp. ATCC 50177/Nand II' --tree >  /dev/shm/tmp/mt-Sar/species.tree.tmp`
2020-03-21 22:21:06,227 -INFO- using speceis tree `/dev/shm/tmp/ogap_db/mt-Sar/species.treefile`
2020-03-21 22:21:06,227 -INFO- writing protein sequences into /dev/shm/tmp/mt-Sar/prot
2020-03-21 22:21:07,186 -INFO- 142 taxa: ['Achlya hypogyna', 'Aphanomyces astaci', 'Aphanomyces invadans', 'Asterionella formosa', 'Babesia duncani', 'Babesia microti', 'Babesia microti strain RI', 'Berkeleya fennica', 'Blastocystis sp. ATCC 50177/Nand II', 'Blastocystis sp. DMP/02-328', 'Blastocystis sp. subtype 4', 'Bremia lactucae', 'Cafeteria roenbergensis', 'Cafileria marina', 'Chattonella marina', 'Cladosiphon okamuranus', 'Coccophora langsdorfii', 'Colpomenia peregrina', 'Costaria costata', 'Cyclospora cayetanensis', 'Cylindrotheca closterium', 'Desmarestia viridis', 'Dictyopteris divaricata', 'Dictyota dichotoma', 'Didymosphenia geminata', 'Ectocarpus siliculosus', 'Eimeria furonis', 'Endarachne binghamiae', 'Eunotia naegelii', 'Fistulifera solaris', 'Fucus distichus', 'Fucus vesiculosus', 'Globisporangium ultimum', 'Haemoproteus columbae', 'Halamphora coffeaeformis', 'Haslea nusantara', 'Heterosigma akashiwo', 'Laminaria digitata', 'Laminaria hyperborea', 'Lessonia spicata', 'Leucocytozoon caulleryi', 'Leucocytozoon fringillinarum', 'Leucocytozoon majoris', 'Leucocytozoon sabrazesi', 'Lotharella oceanica', 'Macrocystis integrifolia', 'Melosira undulata', 'Microchloropsis salina', 'Nannochloropsis gaditana', 'Nannochloropsis granulata', 'Nannochloropsis limnetica', 'Nannochloropsis oceanica', 'Nannochloropsis oculata', 'Navicula ramosissima', 'Nereocystis luetkeana', 'Nitzschia alba', 'Nitzschia sp. (in: Bacillariophyta)', 'Ochromonas danica', 'Paracercomonas marina', 'Parahaemoproteus vireonis', 'Paramecium caudatum', 'Paulinella micropora', 'Peronospora tabacina', 'Petalonia fascia', 'Phaeodactylum tricornutum', 'Phytophthora andina', 'Phytophthora infestans', 'Phytophthora ipomoeae', 'Phytophthora mirabilis', 'Phytophthora nicotianae', 'Phytophthora phaseoli', 'Phytophthora polonica', 'Phytophthora ramorum', 'Phytophthora sansomeana', 'Phytophthora sojae', 'Plasmodium berghei', 'Plasmodium falciparum', 'Plasmodium floridense', 'Plasmodium fragile', 'Plasmodium gallinaceum', 'Plasmodium gonderi', 'Plasmodium juxtanucleare', 'Plasmodium knowlesi', 'Plasmodium mexicanum', 'Plasmodium reichenowi', 'Plasmodium simium', 'Plasmodium vivax', 'Plasmodium vivax Sal-1', 'Proteromonas lacertae', 'Psammoneis japonica', 'Pseudo-nitzschia multiseries', 'Pseudoperonospora cubensis', 'Pseudoperonospora humuli', 'Pylaiella littoralis', 'Pythium insidiosum', 'Saccharina angustata', 'Saccharina coriacea', 'Saccharina diabolica', 'Saccharina japonica', 'Saccharina japonica x Saccharina latissima', 'Saccharina japonica x Saccharina longissima', 'Saccharina latissima', 'Saccharina longipedalis', 'Saccharina longissima', 'Saccharina ochotensis', 'Saccharina religiosa', 'Saccharina sculpera', 'Saccharina sp.', 'Saccharina sp. ye-B', 'Saccharina sp. ye-C12', 'Saprolegnia ferax', 'Sargassum aquifolium', 'Sargassum fluitans', 'Sargassum fusiforme', 'Sargassum hemiphyllum', 'Sargassum horneri', 'Sargassum muticum', 'Sargassum natans', 'Sargassum spinuligerum', 'Sargassum thunbergii', 'Sargassum vachellianum', 'Sargassum yezoense', 'Scytosiphon lomentaria', 'Skeletonema marinoi', 'Spongospora subterranea', 'Synura synuroidea', 'Tetrahymena malaccensis', 'Tetrahymena paravorax', 'Tetrahymena pigmentosa', 'Tetrahymena pyriformis', 'Tetrahymena thermophila', 'Thalassiosira pseudonana', 'Theileria parva', 'Thraustotheca clavata', 'Toxarium undulatum', 'Trachydiscus minutus', 'Triparma laevis', 'Turbinaria ornata', 'Ulnaria acus', 'Undaria pinnatifida', 'Uronema marinum', 'Vischeria stellata']
2020-03-21 22:21:07,230 -INFO- get taxon `root;cellular organisms;Eukaryota;Sar` from Counter({u'root;cellular organisms;Eukaryota;Sar': 142})
2020-03-21 22:21:07,248 -INFO- get transl_table `1` from Counter({1: 3811, 4: 794})
2020-03-21 22:21:07,248 -INFO- running OrthoFinder to cluster genes
2020-03-21 22:21:07,248 -INFO- run CMD: `orthofinder.py -f /dev/shm/tmp/mt-Sar/prot -M msa -T fasttree -t 24  -og`
2020-03-21 22:33:57,399 -INFO- parsing OrthoFinder orthologs
2020-03-21 22:33:57,400 -INFO- parsing orthologs group into /dev/shm/tmp/mt-Sar/alns
2020-03-21 22:33:57,487 -INFO- using min_count=14.2 to get gene name
2020-03-21 22:35:43,156 -INFO- get gene name `cox1` from Counter({'cox1': 113, 'cox2': 109, 'coxI': 13, 'cox1-cox2': 2, 'coI': 2, 'Achlya_hypogyna-gene100': 1, 'Cox1': 1, 'Thraustotheca_clavata-gene225': 1, 'CoxI': 1, 'COI': 1, 'Thraustotheca_clavata-gene215': 1, 'Achlya_hypogyna-gene78': 1})
2020-03-21 22:37:00,749 -INFO- get gene name `nad2` from Counter({'nad2': 91, 'nad4': 88, 'orf556_1': 1, 'orf556_2': 1, 'orf516': 1, 'Thraustotheca_clavata-gene248': 1, 'Achlya_hypogyna-gene232': 1})
2020-03-21 22:37:04,707 -INFO- get gene name `cob` from Counter({'cob': 107, 'cytb': 19, 'Cytb': 2, 'coxI': 1, 'Achlya_hypogyna-gene11': 1, 'Thraustotheca_clavata-gene19': 1})
2020-03-21 22:37:04,710 -INFO- get gene name `cox3` from Counter({'cox3': 111, 'coxIII': 14, 'Achlya_hypogyna-gene113': 1, 'CoxIII': 1, 'COIII': 1, 'Thraustotheca_clavata-gene203': 1, 'Cox3': 1, 'coIII': 1})
2020-03-21 22:37:14,269 -INFO- get gene name `nad5` from Counter({'nad5': 111, 'nad2': 3, 'nad4': 3, 'Thraustotheca_clavata-gene59': 1, 'NADH5': 1, 'Achlya_hypogyna-gene271': 1, 'nd5': 1})
2020-03-21 22:37:21,374 -INFO- get gene name `nad9` from Counter({'nad9': 109, 'nad9_1': 2, 'nad9_2': 1, 'NADH9': 1, 'nd9': 1, 'Achlya_hypogyna-gene26': 1, 'nad9-rps14': 1, 'Thraustotheca_clavata-gene34': 1})
2020-03-21 22:37:25,604 -INFO- get gene name `nad3` from Counter({'nad3': 113, 'nd3': 1, 'Achlya_hypogyna-gene8': 1, 'Thraustotheca_clavata-gene16': 1, 'NADH3': 1})
2020-03-21 22:37:29,499 -INFO- get gene name `rps12` from Counter({'rps12': 113, 'Thraustotheca_clavata-gene265': 1, 'Achlya_hypogyna-gene250': 1, 'rps12-17': 1})
2020-03-21 22:37:32,069 -INFO- get gene name `nad1` from Counter({'nad1': 106, 'nad1_a': 7, 'NADH1': 1, 'Achlya_hypogyna-gene280': 1, 'Thraustotheca_clavata-gene53': 1, 'nd1': 1})
2020-03-21 22:37:34,630 -INFO- get gene name `rpl14` from Counter({'rpl14': 114, 'Achlya_hypogyna-gene209': 1, 'Thraustotheca_clavata-gene117': 1})
2020-03-21 22:37:48,642 -INFO- get gene name `nad11` from Counter({'nad11': 93, 'nad11b': 6, 'nad11a': 6, 'nad11-b': 3, 'nad11-a': 3, 'Achlya_hypogyna-gene283': 1, 'orf418': 1, 'Thraustotheca_clavata-gene2': 1, 'orf450': 1, 'NADH11': 1, 'nd4': 1, 'na11': 1})
2020-03-21 22:37:48,645 -INFO- get gene name `nad7` from Counter({'nad7': 113, 'Thraustotheca_clavata-gene191': 1, 'NADH7': 1, 'nd7': 1, 'Achlya_hypogyna-gene132': 1})
2020-03-21 22:37:51,792 -INFO- get gene name `atp9` from Counter({'atp9': 110, 'Thraustotheca_clavata-gene45': 1, 'Achlya_hypogyna-gene37': 1})
2020-03-21 22:37:57,121 -INFO- get gene name `nad6` from Counter({'nad6': 106, 'NADH6': 1, 'Thraustotheca_clavata-gene50': 1, 'Achlya_hypogyna-gene42': 1, 'nad2': 1, 'nd6': 1})
2020-03-21 22:37:58,838 -INFO- get gene name `rpl16` from Counter({'rpl16': 111, 'Achlya_hypogyna-gene167': 1, 'rpL16': 1, 'Thraustotheca_clavata-gene154': 1})
2020-03-21 22:38:01,044 -INFO- get gene name `rps13` from Counter({'rps13': 112, 'Achlya_hypogyna-gene188': 1, 'Thraustotheca_clavata-gene137': 1})
2020-03-21 22:38:02,687 -INFO- get gene name `rpl2` from Counter({'rpl2': 110, 'rpL2': 1, 'Achlya_hypogyna-gene183': 1, 'Thraustotheca_clavata-gene141': 1})
2020-03-21 22:38:04,340 -INFO- get gene name `rps19` from Counter({'rps19': 110, 'Achlya_hypogyna-gene180': 1, 'Thraustotheca_clavata-gene146': 1})
2020-03-21 22:38:10,543 -INFO- get gene name `nad4L` from Counter({'nad4L': 97, 'nad4l': 9, 'NADH4L': 1, 'Thraustotheca_clavata-gene56': 1, 'Achlya_hypogyna-gene277': 1, 'Paulinella_micropora-gene44': 1})
2020-03-21 22:38:12,244 -INFO- get gene name `rps4` from Counter({'rps4': 107, 'Thraustotheca_clavata-gene187': 1, 'Achlya_hypogyna-gene136': 1})
2020-03-21 22:38:13,698 -INFO- get gene name `rpl6` from Counter({'rpl6': 105, 'rpl7': 1, 'rpl16': 1, 'Achlya_hypogyna-gene147': 1, 'Thraustotheca_clavata-gene178': 1})
2020-03-21 22:38:16,394 -INFO- get gene name `rps10` from Counter({'rps10': 103, 'Peronospora_tabacina-gene147': 1, 'orf1103': 1, 'Thraustotheca_clavata-gene254': 1})
2020-03-21 22:38:17,218 -INFO- get gene name `atp6` from Counter({'atp6': 104, 'Achlya_hypogyna-gene110': 1, 'Thraustotheca_clavata-gene212': 1, 'orf221': 1})
2020-03-21 22:38:18,916 -INFO- get gene name `rps8` from Counter({'rps8': 103, 'Thraustotheca_clavata-gene175': 1, 'Achlya_hypogyna-gene151': 1})
2020-03-21 22:38:20,467 -INFO- get gene name `rps14` from Counter({'rps14': 102, 'Achlya_hypogyna-gene154': 1, 'Thraustotheca_clavata-gene172': 1})
2020-03-21 22:38:23,000 -INFO- get gene name `rpl5` from Counter({'rpl5': 98, 'Achlya_hypogyna-gene212': 1, 'Thraustotheca_clavata-gene112': 1})
2020-03-21 22:38:24,543 -INFO- get gene name `tatC` from Counter({'tatC': 76, 'ymf16': 10, 'secY': 8, 'mttB': 1, 'Achlya_hypogyna-gene201': 1, 'SecY': 1, 'tp': 1, 'Thraustotheca_clavata-gene126': 1})
2020-03-21 22:38:26,101 -INFO- get gene name `atp8` from Counter({'atp8': 81, 'Lotharella_oceanica-gene99': 1, 'Thraustotheca_clavata-gene166': 1, 'Achlya_hypogyna-gene161': 1})
2020-03-21 22:38:26,104 -INFO- get gene name `rps7` from Counter({'rps7': 74, 'orf77': 1})
2020-03-21 22:38:26,107 -INFO- get gene name `rps11` from Counter({'rps11': 63, 'rpl11': 2, 'orf149': 1})
2020-03-21 22:38:26,109 -INFO- get gene name `rps3` from Counter({'rps3': 62, 'orf168': 1})
2020-03-21 22:38:27,810 -INFO- get gene name `rps2` from Counter({'rps2': 47, 'Thraustotheca_clavata-gene182': 1, 'Achlya_hypogyna-gene141': 1})
2020-03-21 22:38:29,615 -INFO- get gene name `rps3` from Counter({'rps3': 44, 'Achlya_hypogyna-gene175': 1, 'orf1636': 1, 'Thraustotheca_clavata-gene149': 1})
2020-03-21 22:38:29,617 -INFO- get gene name `rpl31` from Counter({'rpl31': 47})
2020-03-21 22:38:29,618 -INFO- get gene name `rps2` from Counter({'rps2': 47})
2020-03-21 22:38:29,619 -INFO- get gene name `ORF130` from Counter({'ORF130': 16, 'orf129': 11, 'orf128': 3, 'orf131': 3, 'orf127': 2, 'orf132': 2, 'Cladosiphon_okamuranus-gene97': 1, 'orf121': 1, 'ORF129': 1, 'orf126': 1, 'ORF127': 1, 'Ectocarpus_siliculosus-gene89': 1, 'orf114': 1, 'orf143': 1, 'orf130': 1})
2020-03-21 22:38:29,621 -INFO- get gene name `ORF41` from Counter({'ORF41': 16, 'orf41': 9, 'orf39': 7, 'orf40': 6, 'orf43': 2, 'Ectocarpus_siliculosus-gene52': 1})
2020-03-21 22:38:45,803 -INFO- get gene name `nad2` from Counter({'nad2': 14, 'nad4': 14, 'cox1': 2, 'nad5': 2, 'nad9_1': 1, 'NADH2': 1, 'NADH4': 1, 'nd2': 1, 'nd4': 1})
2020-03-21 22:38:47,396 -INFO- get gene name `rps11` from Counter({'rps11': 34, 'Achlya_hypogyna-gene192': 1, 'Thraustotheca_clavata-gene134': 1})
2020-03-21 22:38:47,399 -INFO- get gene name `atp1` from Counter({'atp1': 32, 'Thraustotheca_clavata-gene96': 1, 'atp1_b': 1, 'Achlya_hypogyna-gene223': 1})
2020-03-21 22:38:47,400 -INFO- get gene name `ORF377` from Counter({'ORF377': 13, 'orf379': 3, 'orf252': 1, 'orf622': 1, 'orf377': 1, 'orf226': 1, 'ORF384': 1, 'ORF391': 1, 'Cladosiphon_okamuranus-gene115': 1, 'ORF382': 1, 'orf378': 1, 'orf384': 1, 'orf252a': 1, 'ORF420': 1, 'orf206': 1, 'ORF381': 1})
2020-03-21 22:38:49,094 -INFO- get gene name `rps7` from Counter({'rps7': 19, 'Achlya_hypogyna-gene259': 1})
2020-03-21 22:38:49,096 -INFO- get gene name `ymf98` from Counter({'ymf98': 10, 'orf142': 7, 'Achlya_hypogyna-gene128': 1, 'orf143': 1, 'Pseudoperonospora_cubensis-gene131': 1, 'Thraustotheca_clavata-gene195': 1})
2020-03-21 22:38:54,119 -INFO- get gene name `orf2` from Counter({'orf2': 2, 'AI2': 2, 'orf718': 2, 'orf5': 1, 'orf4': 1, 'Halamphora_coffeaeformis-gene22': 1, 'orf6': 1, 'orf1': 1, 'orf742': 1, 'orf755': 1, 'orf590': 1, 'orf748': 1, 'orf795': 1, 'orf750': 1, 'ORF687': 1, 'orf717': 1, 'orf757': 1, 'orf714': 1})
2020-03-21 22:38:55,631 -INFO- get gene name `ymf99` from Counter({'ymf99': 8, 'orf217': 7, 'orf215': 1})
2020-03-21 22:38:57,417 -INFO- get gene name `ymf100` from Counter({'ymf100': 7, 'orf100': 7})
2020-03-21 22:38:58,226 -INFO- get gene name `ymf101` from Counter({'ymf101': 10, 'Thraustotheca_clavata-gene128': 1, 'orf76': 1, 'orf64': 1, 'Achlya_hypogyna-gene199': 1})
2020-03-21 22:38:58,227 -INFO- get gene name `orf157` from Counter({'orf157': 3, 'orf159': 1, 'ORF159': 1, 'orf149': 1, 'orf138': 1, 'orf150': 1, 'orf153': 1, 'orf147': 1, 'orf154': 1, 'orf162': 1, 'orf156': 1})
2020-03-21 22:38:58,227 -INFO- get gene name `orf32` from Counter({'orf32': 13})
2020-03-21 22:38:59,009 -INFO- get gene name `nad4` from Counter({'nad4': 8, 'Achlya_hypogyna-gene122': 1, 'orf567': 1, 'Thraustotheca_clavata-gene199': 1, 'orf463': 1})
2020-03-21 22:38:59,010 -INFO- get gene name `atp8` from Counter({'atp8': 12})
2020-03-21 22:39:01,329 -INFO- get gene name `orf3` from Counter({'orf3': 2, 'orf4': 1, 'orf7': 1, 'rdp': 1, 'orf568': 1, 'orf558': 1, 'orf218': 1, 'orf790': 1, 'orf557': 1})
2020-03-21 22:39:01,330 -INFO- get gene name `ymf65` from Counter({'ymf65': 6, 'nad2': 3, 'orf365': 1})
2020-03-21 22:39:01,330 -INFO- get gene name `orf79` from Counter({'orf79': 6, 'ymf96': 3})
2020-03-21 22:39:02,982 -INFO- get gene name `Peronospora_tabacina-gene37` from Counter({'Peronospora_tabacina-gene37': 1, 'Peronospora_tabacina-gene35': 1, 'Peronospora_tabacina-gene33': 1, 'orf112b': 1, 'orf163': 1, 'orf206': 1, 'orf168': 1, 'orf169': 1})
2020-03-21 22:39:02,983 -INFO- get gene name `rps14` from Counter({'rps14': 7})
2020-03-21 22:39:02,983 -INFO- get gene name `ymf66` from Counter({'ymf66': 6, 'orf448': 1})
2020-03-21 22:39:02,984 -INFO- get gene name `ymf57` from Counter({'ymf57': 6, 'orf100': 1})
2020-03-21 22:39:02,985 -INFO- get gene name `ymf62` from Counter({'ymf62': 4, 'nad6': 3})
2020-03-21 22:39:02,985 -INFO- get gene name `ymf68` from Counter({'ymf68': 6, 'orf593': 1})
2020-03-21 22:39:02,986 -INFO- get gene name `ymf67` from Counter({'ymf67': 6, 'orf443': 1})
2020-03-21 22:39:02,986 -INFO- get gene name `cob` from Counter({'cob': 7})
2020-03-21 22:39:02,987 -INFO- get gene name `nad10` from Counter({'nad10': 7})
2020-03-21 22:39:02,987 -INFO- get gene name `ymf60` from Counter({'ymf60': 4, 'rpl6': 2, 'rp16': 1})
2020-03-21 22:39:02,987 -INFO- get gene name `ymf64` from Counter({'ymf64': 6, 'orf328': 1})
2020-03-21 22:39:02,987 -INFO- get gene name `ymf63` from Counter({'ymf63': 6, 'orf276': 1})
2020-03-21 22:39:02,988 -INFO- get gene name `nad1_b` from Counter({'nad1_b': 7})
2020-03-21 22:39:02,988 -INFO- get gene name `ymf59` from Counter({'ymf59': 5, 'orf152': 1, 'orf149': 1})
2020-03-21 22:39:02,988 -INFO- get gene name `yejR` from Counter({'yejR': 7})
2020-03-21 22:39:02,988 -INFO- get gene name `ymf58` from Counter({'ymf58': 4, 'nad4L': 2, 'nad4l': 1})
2020-03-21 22:39:02,989 -INFO- get gene name `rps3` from Counter({'rps3': 6})
2020-03-21 22:39:02,989 -INFO- get gene name `ymf75` from Counter({'ymf75': 5, 'orf188': 1})
2020-03-21 22:39:02,989 -INFO- get gene name `ymf61` from Counter({'ymf61': 4, 'orf237': 1, 'orf202': 1})
2020-03-21 22:39:02,989 -INFO- get gene name `ymf56` from Counter({'ymf56': 5, 'orf97': 1})
2020-03-21 22:39:02,990 -INFO- get gene name `ymf70` from Counter({'ymf70': 5, 'orf89': 1})
2020-03-21 22:39:02,990 -INFO- get gene name `ymf99` from Counter({'ymf99': 2, 'Thraustotheca_clavata-gene164': 1, 'Achlya_hypogyna-gene163': 1, 'orf273': 1})
2020-03-21 22:39:03,871 -INFO- get gene name `Peronospora_tabacina-gene50` from Counter({'Peronospora_tabacina-gene50': 1, 'orf116': 1, 'Peronospora_tabacina-gene39': 1, 'orf286': 1, 'Peronospora_tabacina-gene31': 1})
2020-03-21 22:39:03,872 -INFO- get gene name `ymf76` from Counter({'ymf76': 4, 'orf421': 1})
2020-03-21 22:39:03,873 -INFO- get gene name `ymf69` from Counter({'ymf69': 4, 'orf74': 1})
2020-03-21 22:39:03,873 -INFO- get gene name `ymf72` from Counter({'ymf72': 4, 'orf117': 1})
2020-03-21 22:39:03,874 -INFO- get gene name `ymf77` from Counter({'ymf77': 4, 'orf1386': 1})
2020-03-21 22:39:03,874 -INFO- get gene name `ymf73` from Counter({'ymf73': 4, 'orf160': 1})
2020-03-21 22:39:03,875 -INFO- get gene name `ymf74` from Counter({'ymf74': 3, 'orf161': 1})
2020-03-21 22:39:03,875 -INFO- get gene name `rps14` from Counter({'rps14': 3})
2020-03-21 22:39:03,876 -INFO- get gene name `rps8` from Counter({'rps8': 3})
2020-03-21 22:39:03,876 -INFO- get gene name `Blastocystis_sp-_DMP_02_328-gene76` from Counter({'Blastocystis_sp-_DMP_02_328-gene76': 1, 'Blastocystis_sp-_subtype_4-gene83': 1, 'Blastocystis_sp-_ATCC_50177_Nand_II-gene75': 1})
2020-03-21 22:39:03,876 -INFO- get gene name `Blastocystis_sp-_subtype_4-gene78` from Counter({'Blastocystis_sp-_subtype_4-gene78': 1, 'Blastocystis_sp-_ATCC_50177_Nand_II-gene80': 1, 'Blastocystis_sp-_DMP_02_328-gene84': 1})
2020-03-21 22:39:03,877 -INFO- get gene name `Blastocystis_sp-_DMP_02_328-gene120` from Counter({'Blastocystis_sp-_DMP_02_328-gene120': 1, 'rps7': 1, 'Blastocystis_sp-_ATCC_50177_Nand_II-gene116': 1})
2020-03-21 22:39:03,877 -INFO- get gene name `rps2` from Counter({'rps2': 3})
2020-03-21 22:39:03,878 -INFO- get gene name `tatAE` from Counter({'tatAE': 1, 'tatA': 1, 'orf54': 1})
2020-03-21 22:39:03,878 -INFO- get gene name `orf77` from Counter({'orf77': 1, 'orf96': 1, 'orf103': 1})
2020-03-21 22:39:04,645 -INFO- get gene name `Ectocarpus_siliculosus-gene234` from Counter({'Ectocarpus_siliculosus-gene234': 1, 'orf71': 1, 'orf252b': 1})
2020-03-21 22:39:04,646 -INFO- get gene name `Peronospora_tabacina-gene41` from Counter({'Peronospora_tabacina-gene41': 1, 'orf183': 1, 'orf98': 1})
2020-03-21 22:39:04,647 -INFO- get gene name `Blastocystis_sp-_DMP_02_328-gene48` from Counter({'Blastocystis_sp-_DMP_02_328-gene48': 1, 'Blastocystis_sp-_subtype_4-gene114': 1})
2020-03-21 22:39:04,647 -INFO- get gene name `atp8` from Counter({'atp8': 2})
2020-03-21 22:39:04,648 -INFO- get gene name `orf166` from Counter({'orf166': 1, 'orf170': 1})
2020-03-21 22:39:04,648 -INFO- get gene name `orf251` from Counter({'orf251': 1, 'orf211': 1})
2020-03-21 22:39:04,649 -INFO- get gene name `orf53` from Counter({'orf53': 1, 'orf55': 1})
2020-03-21 22:39:04,649 -INFO- get gene name `orf51` from Counter({'orf51': 1, 'Dictyota_dichotoma-gene202': 1})
2020-03-21 22:39:04,649 -INFO- get gene name `rpo` from Counter({'rpo': 1, 'orf157': 1})
2020-03-21 22:39:04,650 -INFO- get gene name `orf66` from Counter({'orf66': 2})
2020-03-21 22:39:04,650 -INFO- get gene name `rps7` from Counter({'rps7': 2})
2020-03-21 22:39:04,651 -INFO- get gene name `orfX` from Counter({'orfX': 1, 'ORF405': 1})
2020-03-21 22:39:04,662 -INFO- extrat 40 genes: ['ORF130', 'ORF41', 'atp1', 'atp6', 'atp8', 'atp9', 'cob', 'cox1', 'cox3', 'nad1', 'nad11', 'nad2', 'nad3', 'nad4L', 'nad5', 'nad6', 'nad7', 'nad9', 'rpl14', 'rpl16', 'rpl2', 'rpl31', 'rpl5', 'rpl6', 'rps10', 'rps11', 'rps11-38', 'rps12', 'rps13', 'rps14', 'rps19', 'rps2', 'rps2-34', 'rps3', 'rps3-32', 'rps4', 'rps7', 'rps7-41', 'rps8', 'tatC']
2020-03-21 22:39:04,662 -INFO- aligning sequences
2020-03-21 22:54:39,538 -INFO- building hmm profiles
2020-03-21 22:55:07,749 -INFO- building augustus profiles
2020-03-21 22:55:37,007 -INFO- training augustus models
/share/home/yuanqyk/.local/lib/python2.7/site-packages/Bio/SeqIO/InsdcIO.py:687: BiopythonWarning: Increasing length of locus line to allow long name. This will result in fields that are not in usual positions.
  BiopythonWarning,
2020-03-21 23:00:40,634 -INFO- writing ('rRNA', 'tRNA') sequences into /dev/shm/tmp/mt-Sar/rrna
2020-03-21 23:00:42,344 -INFO- running OrthoFinder to cluster genes
2020-03-21 23:00:42,344 -INFO- run CMD: `orthofinder.py -f /dev/shm/tmp/mt-Sar/rrna -M msa -T fasttree -t 24 -S blastn -og`
2020-03-21 23:18:18,332 -INFO- parsing OrthoFinder orthologs
2020-03-21 23:18:18,332 -INFO- parsing orthologs group into /dev/shm/tmp/mt-Sar/alns
2020-03-21 23:18:18,405 -INFO- using min_count=7.1 to get gene name
2020-03-21 23:19:02,059 -INFO- get gene name `rns` from Counter({'rns': 78, 'rnl': 37, 'rrs': 8, 'rns_b': 5, 'rrnS': 4, 'rrl': 3, 'Peronospora_tabacina-gene27': 1, 'Nannochloropsis_oceanica-gene237': 1, 'Phytophthora_sojae-gene29': 1, 'Spongospora_subterranea-gene71': 1, 'Nannochloropsis_limnetica-gene237': 1, 'Pseudoperonospora_humuli-gene28': 1, 'Microchloropsis_salina-gene258': 1, 'Cladosiphon_okamuranus-gene26': 1, 'Pythium_insidiosum-gene155': 1, 'Nannochloropsis_granulata-gene140': 1, 'rrS': 1, 'Blastocystis_sp-_DMP_02_328-gene13': 1, 'Blastocystis_sp-_ATCC_50177_Nand_II-gene13': 1, 'Nannochloropsis_oculata-gene236': 1, 'Microchloropsis_salina-gene166': 1, 'rns_a': 1, 'Phytophthora_ramorum-gene28': 1, 'Nannochloropsis_granulata-gene236': 1, 'Cladosiphon_okamuranus-gene36': 1, 'rrnl': 1, 'Blastocystis_sp-_subtype_4-gene8': 1, 'rrns': 1, 'Phaeodactylum_tricornutum-gene2': 1, 'Globisporangium_ultimum-gene133': 1, 'Phaeodactylum_tricornutum-gene5': 1})
2020-03-21 23:19:02,067 -INFO- get gene name `trnL-UUA` from Counter({'trnL-uaa': 33, 'trnL': 21, 'trnL-UAA': 5, 'trnL-UUA': 1, 'trnL-TAA': 1, 'Cladosiphon_okamuranus-gene51': 1, 'trnL1': 1})
2020-03-21 23:19:09,283 -INFO- get gene name `rnl` from Counter({'rnl': 27, 'LS7': 4, 'rrl': 4, 'rnl_b_1': 3, 'Phytophthora_sojae-gene2': 1, 'rrL': 1, 'Pseudoperonospora_humuli-gene2': 1, 'Phytophthora_ramorum-gene2': 1, 'Nannochloropsis_limnetica-gene143': 1, 'rrnl': 1, 'Peronospora_tabacina-gene2': 1, 'rrnL': 1, 'Cyclospora_cayetanensis-gene57': 1, 'Pythium_insidiosum-gene371': 1, 'Globisporangium_ultimum-gene380': 1})
2020-03-21 23:19:09,287 -INFO- get gene name `trnI-GAU` from Counter({'trnI-gau': 29, 'trnI': 19, 'trnI-GAU': 2, 'Cladosiphon_okamuranus-gene125': 1, 'Nannochloropsis_limnetica-gene34': 1, 'trnI-GAT': 1, 'trnI-AUC': 1})
2020-03-21 23:19:09,289 -INFO- get gene name `trnM-cau` from Counter({'trnM': 20, 'trnM-cau': 18, 'trnM-cau-f': 4, 'trnM3': 2, 'Cladosiphon_okamuranus-gene30': 1, 'Nannochloropsis_granulata-gene149': 1, 'Nannochloropsis_limnetica-gene152': 1, 'Nannochloropsis_oceanica-gene153': 1, 'Nannochloropsis_oculata-gene152': 1})
2020-03-21 23:19:09,290 -INFO- get gene name `trnF-gaa` from Counter({'trnF-gaa': 24, 'trnF': 22, 'Cladosiphon_okamuranus-gene61': 1})
2020-03-21 23:19:09,292 -INFO- get gene name `trnQ-uug` from Counter({'trnQ-uug': 24, 'trnQ': 22, 'Cladosiphon_okamuranus-gene79': 1})
2020-03-21 23:19:09,294 -INFO- get gene name `trnL-caa` from Counter({'trnL-caa': 24, 'trnL': 19, 'Cladosiphon_okamuranus-gene89': 1, 'trnL3': 1, 'trnL-tag': 1})
2020-03-21 23:19:09,296 -INFO- get gene name `trnK-uuu` from Counter({'trnK-uuu': 23, 'trnK': 22, 'Cladosiphon_okamuranus-gene38': 1})
2020-03-21 23:19:09,297 -INFO- get gene name `trnW-cca` from Counter({'trnW-cca': 22, 'trnW': 22, 'Cladosiphon_okamuranus-gene75': 1})
2020-03-21 23:19:09,299 -INFO- get gene name `trnY-gua` from Counter({'trnY': 22, 'trnY-gua': 22, 'Cladosiphon_okamuranus-gene111': 1})
2020-03-21 23:19:09,300 -INFO- get gene name `trnS-uga` from Counter({'trnS-uga': 23, 'trnS': 18, 'Cladosiphon_okamuranus-gene22': 1, 'trnS2': 1})
2020-03-21 23:19:09,301 -INFO- get gene name `trnE-uuc` from Counter({'trnE': 22, 'trnE-uuc': 20, 'Cladosiphon_okamuranus-gene59': 1})
2020-03-21 23:19:09,303 -INFO- get gene name `trnD-guc` from Counter({'trnD': 22, 'trnD-guc': 18, 'trnD-gtc': 1})
2020-03-21 23:19:09,304 -INFO- get gene name `trnS-ucu` from Counter({'trnS-gcu': 18, 'trnS': 17, 'trnS-ucu': 3})
2020-03-21 23:19:10,095 -INFO- get gene name `trnA-tgc` from Counter({'trnA-ugc': 22, 'trnA': 5, 'trnA-UGC': 4, 'trnA-tgc': 2, 'trnA-TGC': 1, 'rrn5': 1, 'trnA-GCA': 1})
2020-03-21 23:19:13,062 -INFO- get gene name `tRNA-Ile-gat` from Counter({'trnI-gau': 9, 'trnI-gat': 4, 'Globisporangium_ultimum-gene191': 1, 'trnI': 1, 'Blastocystis_sp-_ATCC_50177_Nand_II-gene61': 1, 'Pythium_insidiosum-gene215': 1, 'Bremia_lactucae-gene60': 1, 'Phytophthora_ramorum-gene128': 1, 'Nannochloropsis_oceanica-gene34': 1, 'Nannochloropsis_oculata-gene34': 1, 'tRNA-Ile-gat': 1, 'Blastocystis_sp-_DMP_02_328-gene61': 1, 'Nannochloropsis_granulata-gene34': 1, 'Peronospora_tabacina-gene141': 1, 'Blastocystis_sp-_subtype_4-gene101': 1, 'Phytophthora_sojae-gene124': 1, 'Pseudoperonospora_humuli-gene78': 1, 'trnI-GAU': 1, 'Microchloropsis_salina-gene56': 1})
2020-03-21 23:19:13,064 -INFO- get gene name `trnP-ugg` from Counter({'trnP': 22, 'trnP-ugg': 10, 'Cladosiphon_okamuranus-gene34': 1})
2020-03-21 23:19:13,066 -INFO- get gene name `trnM-cau` from Counter({'trnI': 13, 'trnM-cau': 6, 'trnI-cau': 6, 'trnM': 4, 'trnM2': 2, 'Cladosiphon_okamuranus-gene77': 1, 'trnl-cau': 1})
2020-03-21 23:19:13,068 -INFO- get gene name `trnG-gcc` from Counter({'trnG': 22, 'trnG-gcc': 10, 'Cladosiphon_okamuranus-gene95': 1})
2020-03-21 23:19:13,070 -INFO- get gene name `trnH-gug` from Counter({'trnH': 21, 'trnH-gug': 11})
2020-03-21 23:19:13,072 -INFO- get gene name `trnV-uac` from Counter({'trnV': 22, 'trnV-uac': 9, 'Cladosiphon_okamuranus-gene44': 1})
2020-03-21 23:19:13,074 -INFO- get gene name `trnL-uag` from Counter({'trnL': 17, 'trnL-uag': 13, 'Cladosiphon_okamuranus-gene81': 1, 'trnL2': 1})
2020-03-21 23:19:13,077 -INFO- get gene name `trnM-cau` from Counter({'trnM': 17, 'trnM-cau': 8, 'trnM-cau-e': 3, 'trnM1': 1, 'Cladosiphon_okamuranus-gene49': 1})
2020-03-21 23:19:13,078 -INFO- get gene name `trnR-ucu` from Counter({'trnR': 22, 'trnR-ucu': 7, 'Cladosiphon_okamuranus-gene119': 1})
2020-03-21 23:19:13,079 -INFO- get gene name `rrn5` from Counter({'rrn5': 28, 'Cladosiphon_okamuranus-gene28': 1})
2020-03-21 23:19:13,080 -INFO- get gene name `trnN-guu` from Counter({'trnN': 21, 'trnN-guu': 8})
2020-03-21 23:19:15,650 -INFO- get gene name `trnV-tac` from Counter({'trnV-uac': 9, 'trnV-tac': 3, 'Phytophthora_ramorum-gene126': 1, 'Bremia_lactucae-gene62': 1, 'tRNA-Val-tac': 1, 'Pseudoperonospora_humuli-gene76': 1, 'Globisporangium_ultimum-gene189': 1, 'Peronospora_tabacina-gene139': 1, 'Phytophthora_sojae-gene122': 1, 'Pythium_insidiosum-gene213': 1, 'trnV': 1})
2020-03-21 23:19:21,412 -INFO- get gene name `trnQ-ttg` from Counter({'trnQ-uug': 9, 'trnQ-ttg': 3, 'Globisporangium_ultimum-gene193': 1, 'Bremia_lactucae-gene58': 1, 'tRNA-Gln-ttg': 1, 'Phytophthora_ramorum-gene130': 1, 'Peronospora_tabacina-gene143': 1, 'trnQ': 1, 'Phytophthora_sojae-gene126': 1, 'Pythium_insidiosum-gene217': 1, 'Pseudoperonospora_humuli-gene80': 1})
2020-03-21 23:19:23,043 -INFO- get gene name `tRNA-Phe-gaa` from Counter({'trnF-gaa': 13, 'Bremia_lactucae-gene52': 1, 'Phytophthora_ramorum-gene137': 1, 'tRNA-Phe-gaa': 1, 'trnF': 1, 'Globisporangium_ultimum-gene200': 1, 'Pythium_insidiosum-gene224': 1, 'Peronospora_tabacina-gene150': 1, 'Pseudoperonospora_humuli-gene87': 1, 'Phytophthora_sojae-gene133': 1})
2020-03-21 23:19:24,391 -INFO- get gene name `tRNA-Tyr-gta` from Counter({'trnY-gua': 6, 'trnY-gta': 2, 'Nannochloropsis_oculata-gene145': 1, 'Microchloropsis_salina-gene168': 1, 'Phytophthora_ramorum-gene26': 1, 'Peronospora_tabacina-gene25': 1, 'tRNA-Tyr-gta': 1, 'Phytophthora_sojae-gene25': 1, 'Nannochloropsis_granulata-gene142': 1, 'Bremia_lactucae-gene22': 1, 'Nannochloropsis_limnetica-gene145': 1, 'trnY': 1, 'Nannochloropsis_oceanica-gene146': 1, 'Pseudoperonospora_humuli-gene24': 1, 'Pythium_insidiosum-gene153': 1, 'Globisporangium_ultimum-gene131': 1})
2020-03-21 23:19:24,393 -INFO- get gene name `trnA-ugc` from Counter({'trnA': 20, 'trnA-ugc': 4})
2020-03-21 23:19:24,394 -INFO- get gene name `trnC-gca` from Counter({'trnC': 20, 'trnC-gca': 4})
2020-03-21 23:19:26,677 -INFO- get gene name `tRNA-Lys-ttt` from Counter({'trnK-uuu': 9, 'trnK-ttt': 3, 'Bremia_lactucae-gene127': 1, 'trnK': 1, 'Pseudoperonospora_humuli-gene160': 1, 'tRNA-Lys-ttt': 1, 'Phytophthora_ramorum-gene244': 1, 'Phytophthora_sojae-gene246': 1, 'Pythium_insidiosum-gene345': 1, 'Globisporangium_ultimum-gene354': 1})
2020-03-21 23:19:27,714 -INFO- get gene name `tRNA-Met3-cat` from Counter({'trnI-cau': 7, 'trnI2-cau': 2, 'trnM-cat': 2, 'Globisporangium_ultimum-gene348': 1, 'Pseudoperonospora_humuli-gene154': 1, 'trnM': 1, 'Bremia_lactucae-gene121': 1, 'Phytophthora_ramorum-gene238': 1, 'tRNA-Met3-cat': 1, 'Peronospora_tabacina-gene246': 1, 'trnI-cat': 1, 'Pythium_insidiosum-gene100': 1, 'Phytophthora_sojae-gene240': 1})
2020-03-21 23:19:29,175 -INFO- get gene name `trnS2-uga` from Counter({'trnS-uga': 7, 'trnS-tga': 3, 'trnS2-uga': 2, 'tRNA-Ser-tga': 1, 'Pseudoperonospora_humuli-gene135': 1, 'Phytophthora_sojae-gene211': 1, 'Bremia_lactucae-gene107': 1, 'Pythium_insidiosum-gene130': 1, 'Globisporangium_ultimum-gene104': 1, 'Phytophthora_ramorum-gene208': 1, 'Peronospora_tabacina-gene217': 1, 'trnS': 1})
2020-03-21 23:19:33,196 -INFO- get gene name `trnL-taa` from Counter({'trnL-uaa': 9, 'trnL-taa': 3, 'trnL': 1, 'Bremia_lactucae-gene99': 1, 'tRNA-Leu-taa': 1, 'Peronospora_tabacina-gene208': 1, 'Pseudoperonospora_humuli-gene126': 1, 'Phytophthora_sojae-gene202': 1, 'Globisporangium_ultimum-gene113': 1, 'Phytophthora_ramorum-gene199': 1, 'Pythium_insidiosum-gene135': 1})
2020-03-21 23:19:35,088 -INFO- get gene name `trnL-tag` from Counter({'trnL-uag': 9, 'trnL-tag': 3, 'Peronospora_tabacina-gene206': 1, 'Pythium_insidiosum-gene137': 1, 'Bremia_lactucae-gene97': 1, 'tRNA-Leu-tag': 1, 'Phytophthora_ramorum-gene197': 1, 'trnL': 1, 'Pseudoperonospora_humuli-gene124': 1, 'Phytophthora_sojae-gene200': 1, 'Globisporangium_ultimum-gene115': 1})
2020-03-21 23:19:35,090 -INFO- get gene name `trnL-CUA` from Counter({'trnL-uag': 6, 'trnL': 4, 'trnL-UAG': 4, 'trnL-tag': 2, 'trnL-CUA': 1, 'Nannochloropsis_limnetica-gene63': 1, 'trnL-TAG': 1, 'Microchloropsis_salina-gene86': 1, 'Nannochloropsis_oculata-gene63': 1, 'Nannochloropsis_oceanica-gene63': 1, 'Nannochloropsis_granulata-gene63': 1})
2020-03-21 23:19:36,119 -INFO- get gene name `rnl` from Counter({'rnl': 10, 'rrl': 2, 'rrnL': 2, 'rnl_b_1': 2, 'Blastocystis_sp-_subtype_4-gene6': 1, 'Blastocystis_sp-_DMP_02_328-gene17': 1, 'Nannochloropsis_oculata-gene143': 1, 'Nannochloropsis_oceanica-gene144': 1, 'Blastocystis_sp-_ATCC_50177_Nand_II-gene17': 1})
2020-03-21 23:19:36,969 -INFO- get gene name `trnC-gca` from Counter({'trnC-gca': 12, 'Pseudoperonospora_humuli-gene133': 1, 'trnC': 1, 'Bremia_lactucae-gene105': 1, 'Pythium_insidiosum-gene306': 1, 'Globisporangium_ultimum-gene106': 1, 'Phytophthora_ramorum-gene206': 1, 'Phytophthora_sojae-gene209': 1, 'Peronospora_tabacina-gene215': 1, 'tRNA-Cys-gca': 1})
2020-03-21 23:19:36,972 -INFO- get gene name `trnF-GAA` from Counter({'trnF-gaa': 8, 'trnF-GAA': 5, 'trnF': 3, 'Microchloropsis_salina-gene197': 1, 'Nannochloropsis_oculata-gene174': 1, 'Nannochloropsis_oceanica-gene175': 1, 'Nannochloropsis_limnetica-gene174': 1, 'Nannochloropsis_granulata-gene171': 1, 'trnF-UUC': 1})
2020-03-21 23:19:38,276 -INFO- get gene name `trnN-guu` from Counter({'trnN-guu': 8, 'Pseudoperonospora_humuli-gene4': 1, 'Phytophthora_ramorum-gene4': 1, 'trnN': 1, 'Phytophthora_sojae-gene4': 1, 'trnN-gtt': 1, 'tRNA-Asn-gtt': 1, 'Peronospora_tabacina-gene4': 1, 'Pythium_insidiosum-gene373': 1, 'Bremia_lactucae-gene4': 1, 'Globisporangium_ultimum-gene382': 1})
2020-03-21 23:19:38,278 -INFO- get gene name `trnG-gcc` from Counter({'trnG-gcc': 17, 'trnG': 2})
2020-03-21 23:19:40,210 -INFO- get gene name `trnR-ucu` from Counter({'trnR-ucu': 6, 'Phytophthora_sojae-gene173': 1, 'trnR-tct': 1, 'Globisporangium_ultimum-gene22': 1, 'Bremia_lactucae-gene87': 1, 'tRNA-Arg-tct': 1, 'Peronospora_tabacina-gene190': 1, 'Phytophthora_ramorum-gene179': 1, 'Pseudoperonospora_humuli-gene113': 1, 'trnR': 1, 'Pythium_insidiosum-gene161': 1})
2020-03-21 23:19:41,513 -INFO- get gene name `tRNA-Ser-gct` from Counter({'trnS-gcu': 6, 'Pseudoperonospora_humuli-gene6': 1, 'trnS': 1, 'tRNA-Ser-gct': 1, 'Phytophthora_ramorum-gene6': 1, 'trnS-gct': 1, 'Globisporangium_ultimum-gene38': 1, 'Peronospora_tabacina-gene6': 1, 'Bremia_lactucae-gene6': 1, 'Pythium_insidiosum-gene375': 1, 'Phytophthora_sojae-gene6': 1})
2020-03-21 23:19:42,459 -INFO- get gene name `trnM-cat` from Counter({'trnM-cau-e': 5, 'Globisporangium_ultimum-gene36': 1, 'Phytophthora_ramorum-gene8': 1, 'trnM': 1, 'Phytophthora_sojae-gene8': 1, 'Pseudoperonospora_humuli-gene8': 1, 'trnM-cat': 1, 'trnM-cau': 1, 'Pythium_insidiosum-gene377': 1, 'Bremia_lactucae-gene8': 1, 'Peronospora_tabacina-gene8': 1, 'tRNA-Met-cat': 1})
2020-03-21 23:19:44,082 -INFO- get gene name `trnP-tgg` from Counter({'trnP-ugg': 6, 'trnP-tgg': 1, 'Globisporangium_ultimum-gene34': 1, 'Pseudoperonospora_humuli-gene10': 1, 'Phytophthora_sojae-gene10': 1, 'Peronospora_tabacina-gene10': 1, 'trnP': 1, 'tRNA-Pro-tgg': 1, 'Pythium_insidiosum-gene379': 1, 'Phytophthora_ramorum-gene10': 1, 'Bremia_lactucae-gene10': 1})
2020-03-21 23:19:45,454 -INFO- get gene name `tRNA-Gly-tcc` from Counter({'trnG-ucc': 6, 'Phytophthora_sojae-gene23': 1, 'Peronospora_tabacina-gene23': 1, 'tRNA-Gly-tcc': 1, 'Bremia_lactucae-gene20': 1, 'trnG': 1, 'trnG-tcc': 1, 'Globisporangium_ultimum-gene129': 1, 'Pythium_insidiosum-gene151': 1, 'Phytophthora_ramorum-gene24': 1, 'Pseudoperonospora_humuli-gene22': 1})
2020-03-21 23:19:45,456 -INFO- get gene name `tRNA-Glu-ttc` from Counter({'trnE-uuc': 8, 'Pythium_insidiosum-gene244': 1, 'tRNA-Glu-ttc': 1, 'trnE-ttc': 1, 'trnE': 1, 'Bremia_lactucae-gene40': 1, 'Globisporangium_ultimum-gene220': 1, 'Peronospora_tabacina-gene168': 1, 'Phytophthora_ramorum-gene156': 1, 'Pseudoperonospora_humuli-gene102': 1, 'Phytophthora_sojae-gene151': 1})
2020-03-21 23:19:46,484 -INFO- get gene name `trnA-tgc` from Counter({'trnA-ugc': 6, 'trnA-tgc': 1, 'Pseudoperonospora_humuli-gene162': 1, 'trnA': 1, 'tRNA-Ala-tgc': 1, 'Phytophthora_ramorum-gene246': 1, 'Bremia_lactucae-gene129': 1, 'Peronospora_tabacina-gene254': 1, 'Pythium_insidiosum-gene347': 1, 'Globisporangium_ultimum-gene356': 1, 'Phytophthora_sojae-gene248': 1})
2020-03-21 23:19:46,486 -INFO- get gene name `trnV-tac` from Counter({'trnV-UAC': 4, 'trnV-uac': 3, 'trnV-tac': 2, 'trnV': 2, 'Nannochloropsis_granulata-gene157': 1, 'Microchloropsis_salina-gene183': 1, 'Nannochloropsis_oceanica-gene161': 1, 'Nannochloropsis_limnetica-gene160': 1, 'Nannochloropsis_oculata-gene160': 1, 'trnV-GUA': 1})
2020-03-21 23:19:47,286 -INFO- get gene name `trnM-cat` from Counter({'trnM-cau-f': 5, 'Phytophthora_sojae-gene12': 1, 'Pseudoperonospora_humuli-gene12': 1, 'Pythium_insidiosum-gene139': 1, 'Peronospora_tabacina-gene12': 1, 'trnM-cat': 1, 'trnM-cau': 1, 'Bremia_lactucae-gene12': 1, 'Phytophthora_ramorum-gene12': 1, 'tRNA-Met2-cat': 1, 'trnM': 1})
2020-03-21 23:19:47,736 -INFO- get gene name `tRNA-Gly-gcc` from Counter({'trnG-gcc': 7, 'Peronospora_tabacina-gene21': 1, 'Phytophthora_sojae-gene21': 1, 'tRNA-Gly-gcc': 1, 'trnG': 1, 'Globisporangium_ultimum-gene127': 1, 'Bremia_lactucae-gene18': 1, 'Pseudoperonospora_humuli-gene20': 1, 'Phytophthora_ramorum-gene22': 1})
2020-03-21 23:19:48,176 -INFO- get gene name `tRNA-Trp-cca` from Counter({'trnW-cca': 7, 'Phytophthora_sojae-gene31': 1, 'Peronospora_tabacina-gene29': 1, 'Bremia_lactucae-gene24': 1, 'Phytophthora_ramorum-gene30': 1, 'tRNA-Trp-cca': 1, 'Pseudoperonospora_humuli-gene26': 1, 'Globisporangium_ultimum-gene135': 1, 'trnW': 1})
2020-03-21 23:19:48,177 -INFO- get gene name `tRNA-Arg-gcg` from Counter({'trnR-gcg': 7, 'tRNA-Arg-gcg': 1, 'Globisporangium_ultimum-gene195': 1, 'Bremia_lactucae-gene56': 1, 'Phytophthora_ramorum-gene132': 1, 'Peronospora_tabacina-gene145': 1, 'Phytophthora_sojae-gene128': 1, 'Pythium_insidiosum-gene219': 1, 'trnR': 1, 'Pseudoperonospora_humuli-gene82': 1})
2020-03-21 23:19:48,178 -INFO- get gene name `tRNA-Asp-gtc` from Counter({'trnD-guc': 6, 'Bremia_lactucae-gene72': 1, 'Phytophthora_ramorum-gene97': 1, 'Phytophthora_sojae-gene93': 1, 'trnD': 1, 'Peronospora_tabacina-gene110': 1, 'Globisporangium_ultimum-gene160': 1, 'tRNA-Asp-gtc': 1, 'Pythium_insidiosum-gene184': 1, 'trnD-gtc': 1, 'Pseudoperonospora_humuli-gene47': 1})
2020-03-21 23:19:48,179 -INFO- get gene name `trnM-CAU` from Counter({'trnM': 4, 'trnI-CAU': 4, 'trnI-cau': 3, 'trnM-CAU': 2, 'trnM-cau': 2})
2020-03-21 23:19:48,179 -INFO- get gene name `trnH-gug` from Counter({'trnH-gug': 6, 'trnH': 1, 'Phytophthora_sojae-gene145': 1, 'trnH-gtg': 1, 'tRNA-His-gtg': 1, 'Bremia_lactucae-gene44': 1, 'Globisporangium_ultimum-gene214': 1, 'Pseudoperonospora_humuli-gene97': 1, 'Peronospora_tabacina-gene162': 1, 'Phytophthora_ramorum-gene150': 1})
2020-03-21 23:19:48,180 -INFO- get gene name `trnN-guu` from Counter({'trnN-guu': 13, 'Cladosiphon_okamuranus-gene57': 1, 'trnN': 1})
2020-03-21 23:19:48,181 -INFO- get gene name `trnR-ucu` from Counter({'trnR-ucu': 15})
2020-03-21 23:19:48,182 -INFO- get gene name `trnR-CGA` from Counter({'trnR-ucg': 5, 'trnR-UCG': 4, 'trnR': 3, 'trnR-CGA': 1, 'trnR-TCG': 1})
2020-03-21 23:19:48,182 -INFO- get gene name `trnY-gua` from Counter({'trnY-gua': 5, 'trnY-GUA': 4, 'trnY': 3, 'trnY-UAC': 1, 'trnY-GTA': 1})
2020-03-21 23:19:48,183 -INFO- get gene name `trnL-uag` from Counter({'trnL-uag': 13, 'trnL-UAG': 1})
2020-03-21 23:19:48,184 -INFO- get gene name `trnP-ugg` from Counter({'trnP-ugg': 14})
2020-03-21 23:19:48,184 -INFO- get gene name `trnQ-ttg` from Counter({'trnQ-uug': 3, 'trnQ-UUG': 2, 'trnQ-ttg': 1, 'Nannochloropsis_limnetica-gene46': 1, 'trnQ-TTG': 1, 'Microchloropsis_salina-gene68': 1, 'Nannochloropsis_oculata-gene46': 1, 'Nannochloropsis_granulata-gene46': 1, 'trnQ': 1, 'trnQ-CAA': 1, 'Nannochloropsis_oceanica-gene46': 1})
2020-03-21 23:19:48,185 -INFO- get gene name `trnK-uuu` from Counter({'trnK-uuu': 5, 'trnK': 3, 'trnK-UUU': 3, 'trnK-TTT': 1, 'trnK-AAA': 1})
2020-03-21 23:19:48,185 -INFO- get gene name `trnV-uac` from Counter({'trnV-uac': 13})
2020-03-21 23:19:48,186 -INFO- get gene name `trnM-cau` from Counter({'trnM-cau': 13})
2020-03-21 23:19:48,186 -INFO- get gene name `trnH-gug` from Counter({'trnH-gug': 13})
2020-03-21 23:19:48,187 -INFO- get gene name `trnM-cau` from Counter({'trnM-cau': 13})
2020-03-21 23:19:48,187 -INFO- get gene name `rrn5` from Counter({'rrn5': 13})
2020-03-21 23:19:48,188 -INFO- get gene name `trnC-gca` from Counter({'trnC-gca': 12, 'trnC': 1})
2020-03-21 23:19:48,189 -INFO- get gene name `trnG-gcc` from Counter({'trnG-gcc': 6, 'trnD-gtc': 2, 'Nannochloropsis_granulata-gene234': 1, 'Nannochloropsis_oceanica-gene138': 1, 'Nannochloropsis_oculata-gene137': 1, 'Nannochloropsis_limnetica-gene137': 1})
2020-03-21 23:19:48,189 -INFO- get gene name `trnS-tga` from Counter({'trnS-uga': 4, 'trnS': 3, 'trnS-UGA': 2, 'trnS-tga': 1, 'trnF': 1})
2020-03-21 23:19:48,189 -INFO- get gene name `trnI-gau` from Counter({'trnI-gau': 5, 'trnI': 4, 'trnI-GAU': 2})
2020-03-21 23:19:48,190 -INFO- get gene name `trnH-gug` from Counter({'trnH-GUG': 4, 'trnH': 3, 'trnH-gug': 2, 'trnH-CAC': 1, 'trnH-GTG': 1})
2020-03-21 23:19:48,190 -INFO- get gene name `trnM-CAU` from Counter({'trnM': 4, 'trnM-CAU': 2, 'trneM-cau': 2, 'trnM-CAT': 1, 'trnM-cau': 1, 'trnM-cau-e': 1})
2020-03-21 23:19:48,190 -INFO- get gene name `trnK-uuu` from Counter({'trnI-uau': 9, 'trnI': 1, 'trnK-uuu': 1})
2020-03-21 23:19:48,191 -INFO- get gene name `trnP-ugg` from Counter({'trnP-UGG': 6, 'trnP-ugg': 3, 'trnP-TGG': 1})
2020-03-21 23:19:48,191 -INFO- get gene name `trnS-GCU` from Counter({'trnS-GCU': 3, 'trnS': 3, 'trnS-GCT': 1, 'trnS-gcu': 1, 'trnS-gct': 1, 'trnS-AGC': 1})
2020-03-21 23:19:51,188 -INFO- get gene name `trnL-uaa-_1` from Counter({'trnL-uaa-_1': 3, 'trnL_1': 1, 'Tetrahymena_paravorax-gene9': 1})
2020-03-21 23:19:51,190 -INFO- get gene name `trnD-GUC` from Counter({'trnD-guc': 5, 'trnD': 3, 'trnD-GUC': 1})
2020-03-21 23:19:51,191 -INFO- get gene name `trnH-gug` from Counter({'trnH-gug': 2, 'trnH-gtg': 2, 'Nannochloropsis_limnetica-gene48': 1, 'Microchloropsis_salina-gene70': 1, 'Nannochloropsis_oceanica-gene48': 1, 'Nannochloropsis_granulata-gene48': 1, 'Nannochloropsis_oculata-gene48': 1})
2020-03-21 23:19:52,468 -INFO- get gene name `trnG-tcc` from Counter({'trnG-ucc': 3, 'trnG-tcc': 2})
2020-03-21 23:19:54,175 -INFO- get gene name `trnR-gcg` from Counter({'trnR-gcg': 5})
2020-03-21 23:19:54,177 -INFO- get gene name `Nannochloropsis_granulata-gene159` from Counter({'Nannochloropsis_granulata-gene159': 1, 'trnE-uuc': 1, 'Nannochloropsis_oceanica-gene163': 1, 'Microchloropsis_salina-gene185': 1, 'trnE': 1, 'trnE-UUC': 1, 'Nannochloropsis_oculata-gene162': 1, 'Nannochloropsis_limnetica-gene162': 1})
2020-03-21 23:19:54,177 -INFO- get gene name `trnK-uuu` from Counter({'trnK-uuu': 2, 'Microchloropsis_salina-gene222': 1, 'Nannochloropsis_oculata-gene200': 1, 'Nannochloropsis_limnetica-gene200': 1, 'Nannochloropsis_oceanica-gene201': 1, 'Nannochloropsis_granulata-gene197': 1, 'trnK-ttt': 1})
2020-03-21 23:19:54,178 -INFO- get gene name `trnG-GGC` from Counter({'trnG-GCC': 5, 'Microchloropsis_salina-gene179': 1, 'trnG-GGC': 1, 'trnG-gcc': 1})
2020-03-21 23:19:54,179 -INFO- get gene name `trnR-UCU` from Counter({'trnR-UCU': 2, 'Nannochloropsis_oculata-gene141': 1, 'Nannochloropsis_limnetica-gene141': 1, 'trnR-tct': 1, 'Microchloropsis_salina-gene164': 1, 'Nannochloropsis_granulata-gene138': 1, 'Nannochloropsis_oceanica-gene142': 1})
2020-03-21 23:19:54,179 -INFO- get gene name `trnR-UCG` from Counter({'trnR-tcg': 2, 'Nannochloropsis_limnetica-gene243': 1, 'Nannochloropsis_oceanica-gene243': 1, 'Microchloropsis_salina-gene264': 1, 'Nannochloropsis_granulata-gene242': 1, 'trnR-UCG': 1, 'Nannochloropsis_oculata-gene242': 1})
2020-03-21 23:19:54,180 -INFO- get gene name `trnI-cat` from Counter({'trnI-cat': 2, 'Nannochloropsis_oculata-gene150': 1, 'Nannochloropsis_limnetica-gene150': 1, 'Nannochloropsis_granulata-gene147': 1, 'Nannochloropsis_oceanica-gene151': 1, 'trnI-cau': 1, 'Microchloropsis_salina-gene173': 1})
2020-03-21 23:19:55,522 -INFO- get gene name `trnD-guc` from Counter({'trnD-guc': 3, 'trnD-gct': 1, 'trnD-gtc': 1})
2020-03-21 23:19:56,568 -INFO- get gene name `trnE-ttc` from Counter({'trnE-uuc': 3, 'trnE-ttc': 2})
2020-03-21 23:19:57,926 -INFO- get gene name `trnP-ugg` from Counter({'trnP-ugg': 3, 'trnP-tgg': 2})
2020-03-21 23:19:59,270 -INFO- get gene name `trnM-cat` from Counter({'trnM-cau-e': 3, 'trnM-cat': 2})
2020-03-21 23:20:00,268 -INFO- get gene name `trnR-ucu` from Counter({'trnR-tct': 2, 'tnrR-ucu': 2, 'trnR-ucu': 1})
2020-03-21 23:20:00,269 -INFO- get gene name `trnV-uac` from Counter({'trnV-uac': 5, 'trnV': 2})
2020-03-21 23:20:00,270 -INFO- get gene name `trnN-guu` from Counter({'trnN-guu': 1, 'Nannochloropsis_oceanica-gene165': 1, 'Nannochloropsis_limnetica-gene164': 1, 'trnN-gtt': 1, 'Microchloropsis_salina-gene187': 1, 'Nannochloropsis_granulata-gene161': 1, 'Nannochloropsis_oculata-gene164': 1})
2020-03-21 23:20:00,271 -INFO- get gene name `trnQ-uug` from Counter({'trnS-gcu': 4, 'Cladosiphon_okamuranus-gene18': 1, 'trnS1': 1, 'trnQ-uug': 1})
2020-03-21 23:20:00,273 -INFO- get gene name `trnW-cca` from Counter({'trnW-cca': 2, 'Microchloropsis_salina-gene189': 1, 'Nannochloropsis_oceanica-gene167': 1, 'Nannochloropsis_limnetica-gene166': 1, 'Nannochloropsis_granulata-gene163': 1, 'Nannochloropsis_oculata-gene166': 1})
2020-03-21 23:20:00,274 -INFO- get gene name `trnN-GUU` from Counter({'trnN-guu': 3, 'trnN-GUU': 1, 'trnN-GTT': 1, 'trnN-gtt': 1, 'trnN': 1})
2020-03-21 23:20:00,275 -INFO- get gene name `trnP-tgg` from Counter({'trnP-tgg': 1, 'Nannochloropsis_oceanica-gene169': 1, 'Microchloropsis_salina-gene191': 1, 'Nannochloropsis_limnetica-gene168': 1, 'Nannochloropsis_granulata-gene165': 1, 'Nannochloropsis_oculata-gene168': 1, 'trnP-ugg': 1})
2020-03-21 23:20:00,276 -INFO- get gene name `trnA-tgc` from Counter({'trnA-tgc': 2, 'Nannochloropsis_oceanica-gene183': 1, 'Nannochloropsis_granulata-gene179': 1, 'Nannochloropsis_oculata-gene182': 1, 'Microchloropsis_salina-gene205': 1, 'Nannochloropsis_limnetica-gene182': 1})
2020-03-21 23:20:00,277 -INFO- get gene name `LS9` from Counter({'LS9': 4, 'Cyclospora_cayetanensis-gene18': 1, 'Eimeria_furonis-gene22': 1})
2020-03-21 23:20:00,277 -INFO- get gene name `trnR-AGA` from Counter({'trnR-UCU': 2, 'trnR-AGA': 1, 'trnR-ucu': 1, 'trnR': 1, 'trnR-TCT': 1})
2020-03-21 23:20:00,278 -INFO- get gene name `Nannochloropsis_oculata-gene154` from Counter({'Nannochloropsis_oculata-gene154': 1, 'Nannochloropsis_granulata-gene151': 1, 'trnC-GCA': 1, 'Nannochloropsis_limnetica-gene154': 1, 'Microchloropsis_salina-gene177': 1, 'Nannochloropsis_oceanica-gene155': 1})
2020-03-21 23:20:00,278 -INFO- get gene name `Nannochloropsis_oculata-gene170` from Counter({'Nannochloropsis_oculata-gene170': 1, 'Microchloropsis_salina-gene193': 1, 'trnM-cat-e': 1, 'Nannochloropsis_oceanica-gene171': 1, 'Nannochloropsis_limnetica-gene170': 1, 'Nannochloropsis_granulata-gene167': 1})
2020-03-21 23:20:00,279 -INFO- get gene name `Microchloropsis_salina-gene195` from Counter({'Microchloropsis_salina-gene195': 1, 'Nannochloropsis_oculata-gene172': 1, 'trnS-gct': 1, 'Nannochloropsis_oceanica-gene173': 1, 'Nannochloropsis_limnetica-gene172': 1, 'Nannochloropsis_granulata-gene169': 1})
2020-03-21 23:20:00,279 -INFO- get gene name `trnL-taa` from Counter({'trnL-taa': 1, 'Microchloropsis_salina-gene246': 1, 'Nannochloropsis_oculata-gene224': 1, 'Nannochloropsis_granulata-gene222': 1, 'Nannochloropsis_limnetica-gene225': 1, 'Nannochloropsis_oceanica-gene225': 1})
2020-03-21 23:20:00,279 -INFO- get gene name `trnW-CCA` from Counter({'trnW-CCA': 2, 'trnW-cca': 2, 'trnW-UGG': 1, 'trnW': 1})
2020-03-21 23:20:03,263 -INFO- get gene name `rnl_a_1` from Counter({'rnl_a_1': 2, 'rnl_a_2': 1})
2020-03-21 23:20:03,264 -INFO- get gene name `trnH-gug` from Counter({'trnH-gug': 3, 'trnH-gtg': 2})
2020-03-21 23:20:03,265 -INFO- get gene name `trnY-gua` from Counter({'trnY-gua': 3, 'trnY-gta': 2})
2020-03-21 23:20:03,266 -INFO- get gene name `trnC-gca` from Counter({'trnC-gca': 3, 'trnC': 2})
2020-03-21 23:20:03,267 -INFO- get gene name `trnE-ttc` from Counter({'trnE-ttc': 2, 'Blastocystis_sp-_ATCC_50177_Nand_II-gene114': 1, 'Blastocystis_sp-_subtype_4-gene44': 1, 'Blastocystis_sp-_DMP_02_328-gene118': 1})
2020-03-21 23:20:03,268 -INFO- get gene name `trnC-gca` from Counter({'trnC-gca': 4, 'trnC': 1})
2020-03-21 23:20:03,268 -INFO- get gene name `trnK` from Counter({'trnK': 4, 'trnX': 1})
2020-03-21 23:20:03,269 -INFO- get gene name `trnC-UGC` from Counter({'trnC-GCA': 3, 'trnC': 1, 'trnC-UGC': 1})
2020-03-21 23:20:03,269 -INFO- get gene name `Nannochloropsis_oculata-gene156` from Counter({'Nannochloropsis_oculata-gene156': 1, 'Nannochloropsis_granulata-gene153': 1, 'Nannochloropsis_limnetica-gene156': 1, 'trnG-gcc': 1, 'Nannochloropsis_oceanica-gene157': 1})
2020-03-21 23:20:03,270 -INFO- get gene name `Microchloropsis_salina-gene162` from Counter({'Microchloropsis_salina-gene162': 1, 'Nannochloropsis_limnetica-gene139': 1, 'Nannochloropsis_oculata-gene139': 1, 'Nannochloropsis_oceanica-gene140': 1, 'Nannochloropsis_granulata-gene136': 1})
2020-03-21 23:20:03,270 -INFO- get gene name `Microchloropsis_salina-gene181` from Counter({'Microchloropsis_salina-gene181': 1, 'Nannochloropsis_limnetica-gene158': 1, 'Nannochloropsis_oceanica-gene159': 1, 'Nannochloropsis_granulata-gene155': 1, 'Nannochloropsis_oculata-gene158': 1})
2020-03-21 23:20:03,270 -INFO- get gene name `trnQ-uug` from Counter({'trnQ': 2, 'trnQ-uug': 2, 'trnQ-UUG': 1})
2020-03-21 23:20:03,271 -INFO- get gene name `trnY-gua` from Counter({'trnY-gua': 4, 'trnY': 1})
2020-03-21 23:20:03,271 -INFO- get gene name `trnF-gaa` from Counter({'trnF-gaa': 3, 'Tetrahymena_pigmentosa-gene58': 1, 'trnF': 1})
2020-03-21 23:20:03,272 -INFO- get gene name `trnH-gug` from Counter({'trnH-gug': 3, 'Tetrahymena_pigmentosa-gene83': 1, 'trnH': 1})
2020-03-21 23:20:03,272 -INFO- get gene name `trnW-uca` from Counter({'trnW-uca': 4, 'trnW': 1})
2020-03-21 23:20:03,272 -INFO- get gene name `trnE-uuc` from Counter({'trnE-uuc': 4, 'trnE': 1})
2020-03-21 23:20:06,135 -INFO- get gene name `trnS1-gcu` from Counter({'trnS1-gcu': 2})
2020-03-21 23:20:07,777 -INFO- get gene name `trnW-cca` from Counter({'trnW-cca': 2})
2020-03-21 23:20:07,778 -INFO- get gene name `trnA-ugc` from Counter({'trnA-ugc': 3, 'Cladosiphon_okamuranus-gene42': 1})
2020-03-21 23:20:07,779 -INFO- get gene name `trnS-TGA` from Counter({'trnS-UGA': 2, 'trnS-TGA': 1, 'trnS-UCA': 1})
2020-03-21 23:20:07,779 -INFO- get gene name `trnD-GAC` from Counter({'trnD-GUC': 2, 'trnD-GAC': 1, 'trnD-GTC': 1})
2020-03-21 23:20:07,780 -INFO- get gene name `trnfM-CAU` from Counter({'trnfM-CAU': 1, 'trnM-CAT': 1, 'trnM-CAU': 1, 'trnM': 1})
2020-03-21 23:20:07,780 -INFO- get gene name `trnE-TTC` from Counter({'trnE-UUC': 3, 'trnE-TTC': 1})
2020-03-21 23:20:07,781 -INFO- get gene name `trnM-cau` from Counter({'trnM-cau': 2, 'trnM-cau-e': 2})
2020-03-21 23:20:07,781 -INFO- get gene name `trnY-gua` from Counter({'trnY': 2, 'trnY-gua': 2})
2020-03-21 23:20:07,782 -INFO- get gene name `rnl` from Counter({'rnl': 2, 'Eimeria_furonis-gene73': 1, 'rnl_b': 1})
2020-03-21 23:20:07,783 -INFO- get gene name `trnC-gca` from Counter({'trnC-gca': 2, 'trnC': 1, 'trnC-GCA': 1})
2020-03-21 23:20:07,783 -INFO- get gene name `LS1` from Counter({'LS1': 4})
2020-03-21 23:20:07,784 -INFO- get gene name `SS4` from Counter({'SS4': 4})
2020-03-21 23:20:07,784 -INFO- get gene name `SS6` from Counter({'SS6': 4})
2020-03-21 23:20:07,784 -INFO- get gene name `LS6` from Counter({'LS6': 4})
2020-03-21 23:20:07,785 -INFO- get gene name `LS3` from Counter({'LS3': 4})
2020-03-21 23:20:07,785 -INFO- get gene name `SS2` from Counter({'SS2': 4})
2020-03-21 23:20:07,786 -INFO- get gene name `LS4` from Counter({'LS4': 4})
2020-03-21 23:20:07,786 -INFO- get gene name `LS8` from Counter({'LS8': 4})
2020-03-21 23:20:07,786 -INFO- get gene name `SS5` from Counter({'SS5': 4})
2020-03-21 23:20:07,786 -INFO- get gene name `SS1` from Counter({'SS1': 4})
2020-03-21 23:20:07,787 -INFO- get gene name `Nannochloropsis_oculata-gene244` from Counter({'Nannochloropsis_oculata-gene244': 1, 'Nannochloropsis_granulata-gene244': 1, 'trnL-caa': 1, 'Nannochloropsis_limnetica-gene245': 1})
2020-03-21 23:20:08,304 -INFO- get gene name `trnE-uuc` from Counter({'trnE-uuc': 2, 'trnE': 1})
2020-03-21 23:20:08,306 -INFO- get gene name `rns_a` from Counter({'rns_a': 4})
2020-03-21 23:20:09,982 -INFO- get gene name `rnl_a_2` from Counter({'rnl_a_2': 1, 'rnl_a_1': 1})
2020-03-21 23:20:09,983 -INFO- get gene name `trnS-gct` from Counter({'trnS-gct': 2, 'trnS-gcu': 1})
2020-03-21 23:20:09,984 -INFO- get gene name `trnM-cat` from Counter({'trnM-cat': 2, 'trnM-cau-f': 1})
2020-03-21 23:20:09,985 -INFO- get gene name `trnN-guu` from Counter({'trnN-guu': 1, 'trnN-gtt': 1, 'trnL-tag': 1})
2020-03-21 23:20:09,986 -INFO- get gene name `trnF-gaa` from Counter({'trnF-gaa': 3})
2020-03-21 23:20:09,987 -INFO- get gene name `trnW-CCA` from Counter({'trnW-CCA': 1, 'trnW-cca': 1, 'trnW': 1})
2020-03-21 23:20:09,988 -INFO- get gene name `Blastocystis_sp-_DMP_02_328-gene19` from Counter({'Blastocystis_sp-_DMP_02_328-gene19': 1, 'Blastocystis_sp-_subtype_4-gene4': 1, 'Blastocystis_sp-_ATCC_50177_Nand_II-gene19': 1})
2020-03-21 23:20:09,988 -INFO- get gene name `Blastocystis_sp-_ATCC_50177_Nand_II-gene59` from Counter({'Blastocystis_sp-_ATCC_50177_Nand_II-gene59': 1, 'Blastocystis_sp-_DMP_02_328-gene59': 1, 'Blastocystis_sp-_subtype_4-gene103': 1})
2020-03-21 23:20:09,989 -INFO- get gene name `Blastocystis_sp-_ATCC_50177_Nand_II-gene63` from Counter({'Blastocystis_sp-_ATCC_50177_Nand_II-gene63': 1, 'Blastocystis_sp-_subtype_4-gene99': 1, 'Blastocystis_sp-_DMP_02_328-gene63': 1})
2020-03-21 23:20:09,989 -INFO- get gene name `Blastocystis_sp-_DMP_02_328-gene116` from Counter({'Blastocystis_sp-_DMP_02_328-gene116': 1, 'Blastocystis_sp-_subtype_4-gene46': 1, 'Blastocystis_sp-_ATCC_50177_Nand_II-gene112': 1})
2020-03-21 23:20:09,990 -INFO- get gene name `Blastocystis_sp-_ATCC_50177_Nand_II-gene122` from Counter({'Blastocystis_sp-_ATCC_50177_Nand_II-gene122': 1, 'Blastocystis_sp-_DMP_02_328-gene126': 1, 'Blastocystis_sp-_subtype_4-gene36': 1})
2020-03-21 23:20:09,990 -INFO- get gene name `Blastocystis_sp-_DMP_02_328-gene139` from Counter({'Blastocystis_sp-_DMP_02_328-gene139': 1, 'Blastocystis_sp-_ATCC_50177_Nand_II-gene135': 1, 'Blastocystis_sp-_subtype_4-gene23': 1})
2020-03-21 23:20:09,991 -INFO- get gene name `Blastocystis_sp-_ATCC_50177_Nand_II-gene137` from Counter({'Blastocystis_sp-_ATCC_50177_Nand_II-gene137': 1, 'Blastocystis_sp-_subtype_4-gene21': 1, 'Blastocystis_sp-_DMP_02_328-gene141': 1})
2020-03-21 23:20:09,991 -INFO- get gene name `trnS-gct` from Counter({'trnS-gcu': 2, 'trnS-gct': 1})
2020-03-21 23:20:09,992 -INFO- get gene name `trnC-gca` from Counter({'trnC-gca': 2, 'Cladosiphon_okamuranus-gene55': 1})
2020-03-21 23:20:10,494 -INFO- get gene name `Pythium_insidiosum-gene149` from Counter({'Pythium_insidiosum-gene149': 1, 'trnG-gcc': 1})
2020-03-21 23:20:10,495 -INFO- get gene name `trnR-ucu` from Counter({'trnR': 2, 'trnR-ucu': 1})
2020-03-21 23:20:10,496 -INFO- get gene name `trnN-GUU` from Counter({'trnN-GUU': 2, 'trnN-AAC': 1})
2020-03-21 23:20:10,497 -INFO- get gene name `trnA-ugc` from Counter({'trnA-ugc': 2, 'trnA-UGC': 1})
2020-03-21 23:20:10,498 -INFO- get gene name `SS3` from Counter({'SS3': 3})
2020-03-21 23:20:10,499 -INFO- get gene name `LS2` from Counter({'LS2': 3})
2020-03-21 23:20:10,499 -INFO- get gene name `Pseudo_nitzschia_multiseries-gene137` from Counter({'Pseudo_nitzschia_multiseries-gene137': 1, 'trnM-CAT': 1, 'trnM-CAU': 1})
2020-03-21 23:20:10,500 -INFO- get gene name `trnH-gug` from Counter({'trnH-gug': 2, 'trnH': 1})
2020-03-21 23:20:10,501 -INFO- get gene name `trnS-gct` from Counter({'trnS': 1, 'trnS-gct': 1, 'trnS-gcu': 1})
2020-03-21 23:20:11,022 -INFO- get gene name `Pythium_insidiosum-gene238` from Counter({'Pythium_insidiosum-gene238': 1, 'Spongospora_subterranea-gene63': 1})
2020-03-21 23:20:11,023 -INFO- get gene name `trnW-cca` from Counter({'trnW-cca': 2})
2020-03-21 23:20:11,024 -INFO- get gene name `trnN-guu` from Counter({'trnN-guu': 2})
2020-03-21 23:20:11,025 -INFO- get gene name `trnM-cau` from Counter({'trnM-cau': 2})
2020-03-21 23:20:11,026 -INFO- get gene name `trnL-UAG` from Counter({'trnL-UAG': 1, 'trnL-uag': 1})
2020-03-21 23:20:11,026 -INFO- get gene name `Theileria_parva-gene39` from Counter({'Theileria_parva-gene39': 1, 'Babesia_duncani-gene3': 1})
2020-03-21 23:20:11,027 -INFO- get gene name `Babesia_duncani-gene14` from Counter({'Babesia_duncani-gene14': 1, 'Theileria_parva-gene17': 1})
2020-03-21 23:20:11,028 -INFO- get gene name `Babesia_duncani-gene16` from Counter({'Babesia_duncani-gene16': 1, 'Theileria_parva-gene15': 1})
2020-03-21 23:20:11,028 -INFO- get gene name `LSU4` from Counter({'LSU4': 1, 'Babesia_microti-gene5': 1})
2020-03-21 23:20:11,029 -INFO- get gene name `Babesia_microti-gene7` from Counter({'Babesia_microti-gene7': 1, 'LSU5': 1})
2020-03-21 23:20:11,029 -INFO- get gene name `Babesia_microti-gene11` from Counter({'Babesia_microti-gene11': 1, 'LSU2': 1})
2020-03-21 23:20:11,030 -INFO- get gene name `LSU6` from Counter({'LSU6': 1, 'Babesia_microti-gene13': 1})
2020-03-21 23:20:11,030 -INFO- get gene name `LSU3` from Counter({'LSU3': 1, 'Babesia_microti-gene17': 1})
2020-03-21 23:20:11,030 -INFO- get gene name `Babesia_microti-gene19` from Counter({'Babesia_microti-gene19': 1, 'LSU1': 1})
2020-03-21 23:20:11,031 -INFO- get gene name `trnP` from Counter({'trnP': 2})
2020-03-21 23:20:11,031 -INFO- get gene name `Blastocystis_sp-_ATCC_50177_Nand_II-gene7` from Counter({'Blastocystis_sp-_ATCC_50177_Nand_II-gene7': 1, 'Blastocystis_sp-_DMP_02_328-gene7': 1})
2020-03-21 23:20:11,031 -INFO- get gene name `Blastocystis_sp-_DMP_02_328-gene5` from Counter({'Blastocystis_sp-_DMP_02_328-gene5': 1, 'Blastocystis_sp-_subtype_4-gene14': 1})
2020-03-21 23:20:11,032 -INFO- get gene name `Blastocystis_sp-_DMP_02_328-gene21` from Counter({'Blastocystis_sp-_DMP_02_328-gene21': 1, 'Blastocystis_sp-_subtype_4-gene2': 1})
2020-03-21 23:20:11,032 -INFO- get gene name `Blastocystis_sp-_subtype_4-gene97` from Counter({'Blastocystis_sp-_subtype_4-gene97': 1, 'Blastocystis_sp-_DMP_02_328-gene65': 1})
2020-03-21 23:20:11,032 -INFO- get gene name `Blastocystis_sp-_subtype_4-gene25` from Counter({'Blastocystis_sp-_subtype_4-gene25': 1, 'Blastocystis_sp-_DMP_02_328-gene137': 1})
2020-03-21 23:20:11,032 -INFO- get gene name `Blastocystis_sp-_subtype_4-gene19` from Counter({'Blastocystis_sp-_subtype_4-gene19': 1, 'Blastocystis_sp-_DMP_02_328-gene143': 1})
2020-03-21 23:20:11,033 -INFO- get gene name `trnV-tac` from Counter({'trnV-tac': 1, 'trnV-uac': 1})
2020-03-21 23:20:11,033 -INFO- get gene name `trnY-gua` from Counter({'trnY-gua': 1, 'Spongospora_subterranea-gene95': 1})
2020-03-21 23:20:11,033 -INFO- get gene name `trnL-taa` from Counter({'trnL-taa': 1, 'trnL-uaa': 1})
2020-03-21 23:20:11,034 -INFO- get gene name `trnD-guc` from Counter({'trnD-guc': 2})
2020-03-21 23:20:11,034 -INFO- get gene name `trnK-uuu` from Counter({'trnK-uuu': 2})
2020-03-21 23:20:11,034 -INFO- get gene name `trnG-uuc` from Counter({'trnG-uuc': 1, 'trnE-uuc': 1})
2020-03-21 23:20:11,035 -INFO- get gene name `trnS-uga` from Counter({'trnS-uga': 2})
2020-03-21 23:20:11,035 -INFO- get gene name `trnY-gua` from Counter({'trnY-gua': 2})
2020-03-21 23:20:11,035 -INFO- get gene name `trnL-uag` from Counter({'trnL-uag': 2})
2020-03-21 23:20:11,035 -INFO- get gene name `trneW-cca` from Counter({'trneW-cca': 1, 'trnW-cca': 1})
2020-03-21 23:20:11,036 -INFO- get gene name `trnV-uac` from Counter({'trnV-uac': 2})
2020-03-21 23:20:11,036 -INFO- get gene name `trnL-uaa` from Counter({'trnL-uaa': 2})
2020-03-21 23:20:11,036 -INFO- get gene name `trnR-ucg` from Counter({'trnR-ucg': 2})
2020-03-21 23:20:11,037 -INFO- get gene name `trnP-ugg` from Counter({'trnP-ugg': 2})
2020-03-21 23:20:11,037 -INFO- get gene name `Cladosiphon_okamuranus-gene40` from Counter({'Cladosiphon_okamuranus-gene40': 1, 'trnD-guc': 1})
2020-03-21 23:20:11,037 -INFO- get gene name `trnL-uaa` from Counter({'trnL-uaa': 1, 'trnS-gga': 1})
2020-03-21 23:20:11,037 -INFO- get gene name `Eimeria_furonis-gene20` from Counter({'Eimeria_furonis-gene20': 1, 'Cyclospora_cayetanensis-gene16': 1})
2020-03-21 23:20:11,038 -INFO- get gene name `Eimeria_furonis-gene32` from Counter({'Eimeria_furonis-gene32': 1, 'Cyclospora_cayetanensis-gene22': 1})
2020-03-21 23:20:11,038 -INFO- get gene name `Eimeria_furonis-gene34` from Counter({'Eimeria_furonis-gene34': 1, 'Cyclospora_cayetanensis-gene24': 1})
2020-03-21 23:20:11,038 -INFO- get gene name `Eimeria_furonis-gene36` from Counter({'Eimeria_furonis-gene36': 1, 'Cyclospora_cayetanensis-gene26': 1})
2020-03-21 23:20:11,038 -INFO- get gene name `Eimeria_furonis-gene38` from Counter({'Eimeria_furonis-gene38': 1, 'Cyclospora_cayetanensis-gene28': 1})
2020-03-21 23:20:11,039 -INFO- get gene name `Cyclospora_cayetanensis-gene34` from Counter({'Cyclospora_cayetanensis-gene34': 1, 'Eimeria_furonis-gene46': 1})
2020-03-21 23:20:11,039 -INFO- get gene name `Cyclospora_cayetanensis-gene36` from Counter({'Cyclospora_cayetanensis-gene36': 1, 'Eimeria_furonis-gene48': 1})
2020-03-21 23:20:11,039 -INFO- get gene name `Eimeria_furonis-gene54` from Counter({'Eimeria_furonis-gene54': 1, 'Cyclospora_cayetanensis-gene40': 1})
2020-03-21 23:20:11,039 -INFO- get gene name `Eimeria_furonis-gene56` from Counter({'Eimeria_furonis-gene56': 1, 'Cyclospora_cayetanensis-gene42': 1})
2020-03-21 23:20:11,040 -INFO- get gene name `Cyclospora_cayetanensis-gene49` from Counter({'Cyclospora_cayetanensis-gene49': 1, 'Eimeria_furonis-gene63': 1})
2020-03-21 23:20:11,040 -INFO- get gene name `Eimeria_furonis-gene67` from Counter({'Eimeria_furonis-gene67': 1, 'Cyclospora_cayetanensis-gene53': 1})
2020-03-21 23:20:11,040 -INFO- get gene name `Cyclospora_cayetanensis-gene55` from Counter({'Cyclospora_cayetanensis-gene55': 1, 'Eimeria_furonis-gene71': 1})
2020-03-21 23:20:11,040 -INFO- get gene name `Eimeria_furonis-gene75` from Counter({'Eimeria_furonis-gene75': 1, 'Cyclospora_cayetanensis-gene59': 1})
2020-03-21 23:20:11,041 -INFO- get gene name `Eimeria_furonis-gene77` from Counter({'Eimeria_furonis-gene77': 1, 'Cyclospora_cayetanensis-gene61': 1})
2020-03-21 23:20:11,041 -INFO- get gene name `trnN-GUU` from Counter({'trnN-GUU': 1, 'trnN': 1})
2020-03-21 23:20:11,041 -INFO- get gene name `trnM-cau` from Counter({'trnM-cau': 1, 'trnMe-CAU': 1})
2020-03-21 23:20:11,042 -INFO- get gene name `trnR-ucu` from Counter({'trnR-ucu': 2})
2020-03-21 23:20:11,042 -INFO- get gene name `trnD-guc` from Counter({'trnD-guc': 2})
2020-03-21 23:20:11,042 -INFO- get gene name `trnS-gcu` from Counter({'trnS-gcu': 2})
2020-03-21 23:20:11,042 -INFO- get gene name `trnM-cau` from Counter({'trnM-cau-f': 1, 'trnM-cau': 1})
2020-03-21 23:20:11,043 -INFO- get gene name `trnK-uuu` from Counter({'trnK-uuu': 1, 'trnK': 1})
2020-03-21 23:20:11,043 -INFO- get gene name `trnD-guc` from Counter({'trnD-guc': 2})
2020-03-21 23:20:11,043 -INFO- get gene name `trnS-tga` from Counter({'trnS-tga': 1, 'trnS-UGA': 1})
2020-03-21 23:20:11,043 -INFO- get gene name `trnW-CCA` from Counter({'trnW-CCA': 2})
2020-03-21 23:20:11,044 -INFO- get gene name `trnP-ugg` from Counter({'trnP-ugg': 1, 'trnP': 1})
2020-03-21 23:20:11,044 -INFO- get gene name `trnA-ugc` from Counter({'trnA-ugc': 2})
2020-03-21 23:20:11,044 -INFO- get gene name `trnMf-cau` from Counter({'trnMf-cau': 1, 'trnM-3': 1})
2020-03-21 23:20:11,044 -INFO- get gene name `trnC-gca` from Counter({'trnC-gca': 2})
2020-03-21 23:20:11,045 -INFO- get gene name `trnR-UCU` from Counter({'trnR-UCU': 1, 'trnR-ucu': 1})
2020-03-21 23:20:11,045 -INFO- get gene name `trnY-GUA` from Counter({'trnY-GUA': 1, 'trnY-gua': 1})
2020-03-21 23:20:11,045 -INFO- get gene name `trnW-cca` from Counter({'trnW-cca': 1, 'trnW': 1})
2020-03-21 23:20:11,046 -INFO- get gene name `trnD-guc` from Counter({'trnD': 1, 'trnD-guc': 1})
2020-03-21 23:20:11,046 -INFO- get gene name `trnW-uca` from Counter({'trnW-uca': 1, 'trnW': 1})
2020-03-21 23:20:11,046 -INFO- get gene name `trnM-cau` from Counter({'trnM-cau': 1, 'trnM': 1})
2020-03-21 23:20:11,046 -INFO- get gene name `trnM-cau` from Counter({'trnM-cau': 2})
2020-03-21 23:20:11,047 -INFO- get gene name `trnL-uaa` from Counter({'trnL-uaa': 1, 'trnL-UAA': 1})
2020-03-21 23:20:11,052 -INFO- extrat 34 genes: ['rnl', 'rnl-39', 'rns', 'rrn5', 'rrn5-71', 'trnC-gca', 'trnC-gca-72', 'trnD-guc', 'trnE-uuc', 'trnF-gaa', 'trnG-gcc', 'trnG-gcc-43', 'trnH-gug', 'trnH-gug-69', 'trnK-uuu', 'trnL-caa', 'trnL-uag', 'trnL-uag-63', 'trnM-cau', 'trnM-cau-23', 'trnM-cau-68', 'trnM-cau-70', 'trnN-guu', 'trnN-guu-42', 'trnN-guu-59', 'trnP-ugg', 'trnP-ugg-64', 'trnQ-uug', 'trnR-ucu', 'trnS-uga', 'trnV-uac', 'trnV-uac-67', 'trnW-cca', 'trnY-gua']
2020-03-21 23:20:11,052 -INFO- aligning sequences
2020-03-21 23:34:59,427 -INFO- building hmm profiles
