{'count': False, 'organ': 'mt', 'list': False, 'taxon': 'eudicotyledons', 'tmpdir': '/dev/shm/tmp', 'custom': None, 'cleanup': False, 'exclude_taxa': None, 'gbfiles': ['/share/home/nature/database/RefSeq/mitochondrion/mitochondrion.1.genomic.gbff.gz', '/share/home/nature/database/RefSeq/mitochondrion/mitochondrion.2.genomic.gbff.gz'], 'check': False, 'dbdir': None}
2020-03-21 22:26:55,648 -INFO- parsing ['/share/home/nature/database/RefSeq/mitochondrion/mitochondrion.1.genomic.gbff.gz', '/share/home/nature/database/RefSeq/mitochondrion/mitochondrion.2.genomic.gbff.gz']
2020-03-21 22:26:55,652 -INFO- version: RefSeq 2020-01-09: build 2020-03-21
loading from /dev/shm/tmp/ogap_db/taxonomy.json.gz
loading genbank records
`Leptocephalus sp. 'type II larva' (Smith, 1989)` is not found
`Himantura gerrardi` is not found
`Vazella pourtalesi` is not found
`Palpitomonas bilix Eukaryota.` is not found
`Eukaryota sp. BB2 Eukaryota.` is not found
`Ancoracysta twista Eukaryota.` is not found
`Cyprinus carpio x Megalobrama amblycephala` is not found
2020-03-21 22:39:30,264 -INFO- 108 records: 19 orders, 37 families, 80 genera, 108 organism
2020-03-21 22:39:30,264 -INFO- pruning taxa
2020-03-21 22:39:30,264 -INFO- 108 records: 19 orders, 37 families, 80 genera, 108 organism
2020-03-21 22:39:30,265 -INFO- building taxonomy tree
2020-03-21 22:39:30,265 -INFO- run CMD: `ete3 ncbiquery --search 'Gossypium trilobum' 'Populus tremula x Populus alba' 'Cannabis sativa' 'Populus davidiana' 'Corchorus olitorius' 'Solanum lycopersicum' 'Vitis vinifera' 'Gossypium barbadense' 'Cucumis sativus' 'Lactuca saligna' 'Gossypium raimondii' 'Castilleja paramensis' 'Chrysanthemum boreale' 'Ilex pubescens' 'Salix suchowensis' 'Hesperelaea palmeri' 'Nicotiana attenuata' 'Cynanchum auriculatum' 'Glycine max' 'Glycine soja' 'Lagerstroemia indica' 'Libidibia coriaria' 'Ammopiptanthus mongolicus' 'Salvia miltiorrhiza' 'Populus tremula' 'Arabidopsis thaliana' 'Spinacia oleracea' 'Solanum pennellii' 'Malus domestica' 'Ajuga reptans' 'Silene latifolia' 'Ziziphus jujuba' 'Brassica rapa subsp. oleifera' 'Camellia sinensis' 'Pongamia pinnata' 'Eriobotrya japonica' 'Populus alba' 'Gossypium thurberi' 'Physochlaina orientalis' 'Erythranthe guttata' 'Platycodon grandiflorus' 'Senna occidentalis' 'Helianthus annuus' 'Nicotiana sylvestris' 'Beta vulgaris subsp. maritima' 'Brassica napus' 'Brassica juncea' 'Arabis alpina' 'Bombax ceiba' 'Tamarindus indica' 'Dorcoceras hygrometricum' 'Styphnolobium japonicum' 'Haematoxylum brasiletto' 'Asclepias syriaca' 'Phaseolus vulgaris' 'Codonopsis lanceolata' 'Utricularia reniformis' 'Vigna radiata' 'Hibiscus cannabinus' 'Senna tora' 'Batis maritima' 'Bupleurum falcatum' 'Raphanus sativus' 'Citrus sinensis' 'Acacia ligulata' 'Brassica oleracea' 'Boechera stricta' 'Diplostephium hartwegii' 'Lotus japonicus' 'Morus notabilis' 'Hyoscyamus niger' 'Gossypium hirsutum' 'Viscum album' 'Brassica nigra' 'Lactuca sativa' 'Manihot esculenta' 'Corchorus capsularis' 'Ricinus communis' 'Sophora flavescens' 'Vaccinium macrocarpon' 'Capsicum annuum' 'Medicago truncatula' 'Brassica carinata' 'Prunus avium' 'Sinapis arvensis' 'Carica papaya' 'Lactuca serriola' 'Cucurbita pepo' 'Rhazya stricta' 'Gossypium harknessii' 'Nepenthes ventricosa x Nepenthes alata' 'Eucalyptus grandis' 'Citrullus lanatus' 'Spondias mombin' 'Geranium maderense' 'Spondias tuberosa' 'Beta macrocarpa' 'Daucus carota subsp. sativus' 'Nicotiana tabacum' 'Beta vulgaris subsp. vulgaris' 'Gossypium davidsonii' 'Chenopodium quinoa' 'Ipomoea nil' 'Salix purpurea' 'Vigna angularis' 'Leucaena trichandra' 'Gossypium arboreum' 'Capsella rubella' --tree >  /dev/shm/tmp/mt-eudicotyledons/species.tree.tmp`
2020-03-21 22:39:39,509 -INFO- using speceis tree `/dev/shm/tmp/ogap_db/mt-eudicotyledons/species.treefile`
2020-03-21 22:39:39,509 -INFO- writing protein sequences into /dev/shm/tmp/mt-eudicotyledons/prot
2020-03-21 22:39:41,483 -INFO- 108 taxa: ['Acacia ligulata', 'Ajuga reptans', 'Ammopiptanthus mongolicus', 'Arabidopsis thaliana', 'Arabis alpina', 'Asclepias syriaca', 'Batis maritima', 'Beta macrocarpa', 'Beta vulgaris subsp. maritima', 'Beta vulgaris subsp. vulgaris', 'Boechera stricta', 'Bombax ceiba', 'Brassica carinata', 'Brassica juncea', 'Brassica napus', 'Brassica nigra', 'Brassica oleracea', 'Brassica rapa subsp. oleifera', 'Bupleurum falcatum', 'Camellia sinensis', 'Cannabis sativa', 'Capsella rubella', 'Capsicum annuum', 'Carica papaya', 'Castilleja paramensis', 'Chenopodium quinoa', 'Chrysanthemum boreale', 'Citrullus lanatus', 'Citrus sinensis', 'Codonopsis lanceolata', 'Corchorus capsularis', 'Corchorus olitorius', 'Cucumis sativus', 'Cucurbita pepo', 'Cynanchum auriculatum', 'Daucus carota subsp. sativus', 'Diplostephium hartwegii', 'Dorcoceras hygrometricum', 'Eriobotrya japonica', 'Erythranthe guttata', 'Eucalyptus grandis', 'Geranium maderense', 'Glycine max', 'Glycine soja', 'Gossypium arboreum', 'Gossypium barbadense', 'Gossypium davidsonii', 'Gossypium harknessii', 'Gossypium hirsutum', 'Gossypium raimondii', 'Gossypium thurberi', 'Gossypium trilobum', 'Haematoxylum brasiletto', 'Helianthus annuus', 'Hesperelaea palmeri', 'Hibiscus cannabinus', 'Hyoscyamus niger', 'Ilex pubescens', 'Ipomoea nil', 'Lactuca saligna', 'Lactuca sativa', 'Lactuca serriola', 'Lagerstroemia indica', 'Leucaena trichandra', 'Libidibia coriaria', 'Lotus japonicus', 'Malus domestica', 'Manihot esculenta', 'Medicago truncatula', 'Morus notabilis', 'Nepenthes ventricosa x Nepenthes alata', 'Nicotiana attenuata', 'Nicotiana sylvestris', 'Nicotiana tabacum', 'Phaseolus vulgaris', 'Physochlaina orientalis', 'Platycodon grandiflorus', 'Pongamia pinnata', 'Populus alba', 'Populus davidiana', 'Populus tremula', 'Populus tremula x Populus alba', 'Prunus avium', 'Raphanus sativus', 'Rhazya stricta', 'Ricinus communis', 'Salix purpurea', 'Salix suchowensis', 'Salvia miltiorrhiza', 'Senna occidentalis', 'Senna tora', 'Silene latifolia', 'Sinapis arvensis', 'Solanum lycopersicum', 'Solanum pennellii', 'Sophora flavescens', 'Spinacia oleracea', 'Spondias mombin', 'Spondias tuberosa', 'Styphnolobium japonicum', 'Tamarindus indica', 'Utricularia reniformis', 'Vaccinium macrocarpon', 'Vigna angularis', 'Vigna radiata', 'Viscum album', 'Vitis vinifera', 'Ziziphus jujuba']
2020-03-21 22:39:41,889 -INFO- get taxon `root;cellular organisms;Eukaryota;Viridiplantae;Streptophyta;Streptophytina;Embryophyta;Tracheophyta;Euphyllophyta;Spermatophyta;Magnoliopsida;Mesangiospermae;eudicotyledons` from Counter({u'root;cellular organisms;Eukaryota;Viridiplantae;Streptophyta;Streptophytina;Embryophyta;Tracheophyta;Euphyllophyta;Spermatophyta;Magnoliopsida;Mesangiospermae;eudicotyledons': 108})
2020-03-21 22:39:41,921 -INFO- get transl_table `1` from Counter({1: 7294})
2020-03-21 22:39:41,922 -INFO- running OrthoFinder to cluster genes
2020-03-21 22:39:41,922 -INFO- run CMD: `orthofinder.py -f /dev/shm/tmp/mt-eudicotyledons/prot -M msa -T fasttree -t 24  -og`
2020-03-21 22:48:36,995 -INFO- parsing OrthoFinder orthologs
2020-03-21 22:48:36,996 -INFO- parsing orthologs group into /dev/shm/tmp/mt-eudicotyledons/alns
2020-03-21 22:48:37,185 -INFO- using min_count=10.8 to get gene name
2020-03-21 22:49:01,049 -INFO- get gene name `ccmFn` from Counter({'ccmFn': 58, 'ccmFN': 35, 'ccmFN1': 10, 'ccmFN2': 9, 'ccmfn': 1, 'orf178': 1, 'ccmFn2': 1, 'ccb577': 1, 'ccmF': 1, 'ccbFn': 1, 'CcmFN2': 1})
2020-03-21 22:49:10,983 -INFO- get gene name `nad4` from Counter({'nad4': 103, 'nad4a': 2, 'orf175': 2, 'Spondias_tuberosa-gene26': 1, 'Spondias_mombin-gene120': 1, 'orf171': 1, 'nad4b': 1, 'ND4': 1})
2020-03-21 22:49:25,307 -INFO- get gene name `atp1` from Counter({'atp1': 109, 'atpA': 3, 'orf226': 1, 'atp1-1': 1, 'ATP1': 1, 'orf470': 1})
2020-03-21 22:49:47,736 -INFO- get gene name `nad5` from Counter({'nad5': 99, 'orf116b': 2, 'orf116': 1, 'orf101c': 1, 'Spondias_mombin-gene54': 1, 'Utricularia_reniformis-gene1000': 1, 'Spondias_tuberosa-gene112': 1, 'ND5': 1})
2020-03-21 22:49:57,193 -INFO- get gene name `nad2` from Counter({'nad2': 103, 'orf300': 3, 'orf127d': 2, 'orf134c': 2, 'orf214': 1, 'Bupleurum_falcatum-gene121': 1, 'ND2': 1, 'orf197': 1, 'orf204a': 1, 'orf190': 1})
2020-03-21 22:50:07,903 -INFO- get gene name `ccmFc` from Counter({'ccmFc': 72, 'ccmFC': 29, 'orf294': 2, 'orf208': 2, 'ccmfc': 2, 'ccb438': 1, 'Utricularia_reniformis-gene4441': 1, 'ccmFC2': 1, 'ccmFC1': 1, 'orf298': 1})
2020-03-21 22:50:24,667 -INFO- get gene name `nad1` from Counter({'nad1': 95, 'orf133c': 2, 'orf128': 2, 'orf108c': 2, 'Bupleurum_falcatum-gene171': 1, 'orf117': 1, 'orf100': 1, 'orf101b': 1, 'Utricularia_reniformis-gene3749': 1, 'amoMp17': 1, 'Spondias_mombin-gene50': 1, 'Utricularia_reniformis-gene4546': 1, 'Utricularia_reniformis-gene316': 1, 'Utricularia_reniformis-gene2122': 1, 'Utricularia_reniformis-gene3105': 1, 'ND1': 1, 'Spondias_tuberosa-gene76': 1, 'orf142': 1})
2020-03-21 22:50:34,717 -INFO- get gene name `atp6` from Counter({'atp6': 104, 'atp6-1': 1, 'ORF387': 1, 'orf115a': 1, 'ATP6': 1})
2020-03-21 22:50:46,029 -INFO- get gene name `atp9` from Counter({'atp9': 102, 'ATP9': 1, 'orf111e': 1, 'atp9-1': 1})
2020-03-21 22:50:57,611 -INFO- get gene name `nad9` from Counter({'nad9': 105, 'ND9': 1})
2020-03-21 22:51:02,142 -INFO- get gene name `ccmB` from Counter({'ccmB': 104, 'ccbB': 1, 'ccmb': 1, 'ccb206': 1})
2020-03-21 22:51:10,032 -INFO- get gene name `nad7` from Counter({'nad7': 104, 'orf155b': 3, 'amoMp16': 1, 'Bupleurum_falcatum-gene48': 1, 'ND7': 1})
2020-03-21 22:51:18,819 -INFO- get gene name `nad3` from Counter({'nad3': 103, 'ND3': 1})
2020-03-21 22:51:19,777 -INFO- get gene name `ccmC` from Counter({'ccmC': 103, 'orf518': 3, 'ccbC': 1, 'ccmc': 1})
2020-03-21 22:51:23,083 -INFO- get gene name `cox3` from Counter({'cox3': 104, 'coxIII': 1, 'COX3': 1})
2020-03-21 22:51:23,997 -INFO- get gene name `nad6` from Counter({'nad6': 106, 'ND6': 1})
2020-03-21 22:51:27,462 -INFO- get gene name `cox1` from Counter({'cox1': 101, 'orf575': 2, 'COX1': 1, 'coxI': 1})
2020-03-21 22:51:34,075 -INFO- get gene name `cox2` from Counter({'cox2': 93, 'cox2-1': 7, 'cox2-2': 3, 'orf178b': 2, 'COX2': 1, 'ORF300': 1})
2020-03-21 22:51:39,846 -INFO- get gene name `atp8` from Counter({'atp8': 96, 'orfB': 3, 'orf217c': 2, 'ATP8': 2})
2020-03-21 22:51:45,771 -INFO- get gene name `rps3` from Counter({'rps3': 99, 'orf273': 2, 'rps3-1': 1, 'orf246': 1, 'ccmFn': 1})
2020-03-21 22:51:47,694 -INFO- get gene name `rps12` from Counter({'rps12': 103})
2020-03-21 22:51:47,698 -INFO- get gene name `cob` from Counter({'cob': 103, 'CYTB': 1, 'cytB': 1, 'cob2': 1})
2020-03-21 22:51:47,701 -INFO- get gene name `matR` from Counter({'matR': 98, 'mat-r': 4, 'mat-R': 4})
2020-03-21 22:51:48,699 -INFO- get gene name `atp4` from Counter({'atp4': 99, 'orf25': 5, 'ATP4': 1})
2020-03-21 22:51:54,153 -INFO- get gene name `mttB` from Counter({'mttB': 77, 'tatC': 13, 'orfX': 5, 'orf1': 1, 'Raphanus_sativus-gene187': 1, 'Malus_domestica-gene7': 1, 'orf115b': 1})
2020-03-21 22:51:55,830 -INFO- get gene name `rps4` from Counter({'rps4': 101})
2020-03-21 22:52:08,830 -INFO- get gene name `rpl5` from Counter({'rpl5': 87, 'rp15': 2, 'orf193': 2, 'rps15': 1, 'rpL5': 1, 'Bupleurum_falcatum-gene71': 1})
2020-03-21 22:52:10,674 -INFO- get gene name `nad4L` from Counter({'nad4L': 95, 'nad4l': 3, 'ND4L': 1, 'nad4L-1': 1})
2020-03-21 22:52:16,730 -INFO- get gene name `rpl16` from Counter({'rpl16': 81, 'rpL16': 1, 'rpl16-1': 1})
2020-03-21 22:52:32,250 -INFO- get gene name `rpl2` from Counter({'rpl2': 61, 'orf138a': 3, 'rpL2': 1, 'orf133': 1, 'amoMp28': 1, 'orf172': 1, 'amoMp7': 1, 'orf315': 1, 'orf293': 1})
2020-03-21 22:52:36,034 -INFO- get gene name `rps14` from Counter({'rps14': 65, 'orf120': 1, 'orf112a': 1})
2020-03-21 22:52:43,464 -INFO- get gene name `rpl10` from Counter({'rpl10': 63, 'orf159': 1, 'orf159b': 1})
2020-03-21 22:52:47,374 -INFO- get gene name `rps7` from Counter({'rps7': 61, 'orf155a': 2, 'orf101d': 1})
2020-03-21 22:52:50,682 -INFO- get gene name `rps1` from Counter({'rps1': 55, 'orf216': 1, 'orf152a': 1, 'orf206': 1})
2020-03-21 22:52:50,685 -INFO- get gene name `sdh4` from Counter({'sdh4': 61, 'orf116': 1, 'orf125e': 1})
2020-03-21 22:52:53,612 -INFO- get gene name `rps10` from Counter({'rps10': 60})
2020-03-21 22:52:55,693 -INFO- get gene name `rps13` from Counter({'rps13': 54})
2020-03-21 22:53:00,836 -INFO- get gene name `sdh3` from Counter({'sdh3': 42, 'sdh3-1': 1, 'ORF112': 1})
2020-03-21 22:53:08,096 -INFO- get gene name `rps19` from Counter({'rps19': 29, 'rps19-1': 2, 'rps16': 1})
2020-03-21 22:53:14,152 -INFO- get gene name `dpo` from Counter({'dpo': 3, 'orf192': 3, 'orf135a': 2, 'orf290': 2, 'orf202': 2, 'orf774': 2, 'orf409': 1, 'Utricularia_reniformis-gene2679': 1, 'Utricularia_reniformis-gene2685': 1, 'orf135': 1, 'Utricularia_reniformis-gene2682': 1, 'Utricularia_reniformis-gene1864': 1, 'Utricularia_reniformis-gene1872': 1, 'Utricularia_reniformis-gene1757': 1, 'orf297a': 1, 'Utricularia_reniformis-gene1753': 1, 'orf107d': 1, 'orf496b': 1, 'orf310': 1, 'ORF498': 1, 'orf102i': 1})
2020-03-21 22:53:33,975 -INFO- get gene name `orf119` from Counter({'orf119': 5, 'orf448': 5, 'orf152': 2, 'orf189': 2, 'Populus_alba-gene185': 1, 'Utricularia_reniformis-gene951': 1, 'orf142': 1, 'ORF217': 1, 'orf99c': 1, 'orf125c': 1, 'orf170': 1, 'orf474': 1, 'Utricularia_reniformis-gene551': 1, 'orf208': 1, 'orf155': 1, 'Populus_davidiana-gene181': 1, 'orf133': 1, 'Utricularia_reniformis-gene3107': 1, 'Utricularia_reniformis-gene1946': 1, 'Utricularia_reniformis-gene1943': 1, 'orf240': 1, 'Populus_alba-gene21': 1, 'ORF118': 1, 'Utricularia_reniformis-gene3110': 1, 'orf481': 1, 'Populus_davidiana-gene14': 1, 'orf543': 1})
2020-03-21 22:53:41,362 -INFO- get gene name `orf101b` from Counter({'orf101b': 7, 'orf122b': 2, 'orf145': 2, 'orf182a': 2, 'orf176a': 2, 'Utricularia_reniformis-gene3575': 1, 'Populus_alba-gene2': 1, 'orf185': 1, 'orf58': 1, 'orf138a': 1, 'Populus_davidiana-gene2': 1, 'orf129b': 1, 'ORF127': 1, 'amoMp12': 1, 'orf147': 1, 'Utricularia_reniformis-gene3573': 1, 'orf166a': 1, 'ORF215': 1})
2020-03-21 22:53:51,708 -INFO- get gene name `rps4` from Counter({'rps4': 3, 'orf256': 2, 'orf293': 2, 'orf271': 2, 'orf288': 2, 'orf305': 2, 'orf99a': 2, 'orf286': 1, 'ORF279': 1, 'orf322': 1, 'ORF332': 1, 'orf311': 1, 'orf268': 1, 'orf195': 1, 'orf310': 1, 'orf210': 1, 'ORF56': 1})
2020-03-21 22:53:58,176 -INFO- get gene name `orf348` from Counter({'orf348': 3, 'orf352': 3, 'orf670': 3, 'orf217a': 2, 'Utricularia_reniformis-gene2268': 1, 'orf2': 1, 'Utricularia_reniformis-gene2264': 1, 'Utricularia_reniformis-gene456': 1, 'orf217': 1, 'RNA_pol': 1, 'rpo': 1})
2020-03-21 22:54:04,860 -INFO- get gene name `orf227` from Counter({'orf227': 2, 'orf172-1': 1, 'orf250': 1, 'orf281': 1, 'orf110': 1, 'orf274': 1, 'orf136': 1, 'orf182b': 1, 'orf110c': 1, 'orf264': 1, 'orf115c': 1, 'orf214': 1, 'ORF234': 1})
2020-03-21 22:54:06,744 -INFO- get gene name `orf195` from Counter({'orf195': 3, 'orf281': 2, 'orf100e': 1, 'ORF278': 1, 'orf126': 1, 'ORF290': 1, 'orf298': 1, 'Utricularia_reniformis-gene4270': 1, 'Utricularia_reniformis-gene1049': 1, 'orf166b': 1, 'orf279': 1})
2020-03-21 22:54:07,729 -INFO- get gene name `orf113b` from Counter({'orf113b': 4, 'orf170': 2, 'psaA': 2, 'orf224': 1, 'orf151': 1, 'orf581': 1, 'amoMp1': 1, 'psaB': 1})
2020-03-21 22:54:08,798 -INFO- get gene name `orf100a` from Counter({'orf100a': 4, 'orf115c': 3, 'orf100c': 1, 'orf100b': 1, 'ycf2': 1, 'amoMp13': 1, 'amoMp10': 1, 'orf585': 1})
2020-03-21 22:54:08,799 -INFO- get gene name `orf115a` from Counter({'orf115a': 6, 'orf185': 2, 'orf125f': 1, 'orf105a': 1, 'Bupleurum_falcatum-gene54': 1, 'orf125a': 1})
2020-03-21 22:54:17,083 -INFO- get gene name `orf143b` from Counter({'orf143b': 3, 'orf393': 3, 'orf204': 3, 'Utricularia_reniformis-gene854': 1, 'Utricularia_reniformis-gene849': 1, 'orf881': 1})
2020-03-21 22:54:17,085 -INFO- get gene name `orf115b` from Counter({'orf115b': 5, 'orf101': 3, 'orf116': 1, 'orf101a': 1, 'orf59': 1, 'Bupleurum_falcatum-gene9': 1})
2020-03-21 22:54:17,085 -INFO- get gene name `orf100b` from Counter({'orf100b': 5, 'orf102': 1, 'orf100': 1, 'orf116d': 1, 'Bupleurum_falcatum-gene168': 1, 'orf100a': 1})
2020-03-21 22:54:17,086 -INFO- get gene name `orf277` from Counter({'orf277': 2, 'orf265': 2, 'orf245': 1, 'orf249': 1, 'orf261': 1, 'orf266': 1, 'orf309': 1, 'orf265b': 1})
2020-03-21 22:54:17,086 -INFO- get gene name `orf115c` from Counter({'orf115c': 6, 'orf100a': 3, 'orf115b': 1})
2020-03-21 22:54:17,087 -INFO- get gene name `orf147` from Counter({'orf147': 4, 'orf141': 3, 'orf764': 3})
2020-03-21 22:54:17,087 -INFO- get gene name `orf135` from Counter({'orf135': 6, 'rnaseH': 1, 'orf141': 1, 'orf333': 1, 'Utricularia_reniformis-gene688': 1})
2020-03-21 22:54:18,104 -INFO- get gene name `orf241` from Counter({'orf241': 2, 'sdh3': 2, 'orf142': 1, 'Populus_davidiana-gene133': 1, 'orf171a': 1, 'Populus_alba-gene138': 1})
2020-03-21 22:54:19,423 -INFO- get gene name `orf110b` from Counter({'orf110b': 4, 'Utricularia_reniformis-gene629': 1, 'orf150': 1, 'orf116b': 1, 'Utricularia_reniformis-gene627': 1})
2020-03-21 22:54:19,424 -INFO- get gene name `orf106b` from Counter({'orf106b': 5, 'orf106': 1, 'Utricularia_reniformis-gene3331': 1, 'orf106c': 1})
2020-03-21 22:54:19,425 -INFO- get gene name `orf257` from Counter({'orf257': 6, 'orf267': 1, 'ycf1': 1})
2020-03-21 22:54:21,938 -INFO- get gene name `orf261` from Counter({'orf261': 1, 'Populus_davidiana-gene135': 1, 'orf189': 1, 'ORF230': 1, 'Populus_alba-gene140': 1, 'orf265a': 1})
2020-03-21 22:54:21,939 -INFO- get gene name `orf109` from Counter({'orf109': 6, 'orf109a': 1})
2020-03-21 22:54:21,939 -INFO- get gene name `orf115d` from Counter({'orf115d': 7})
2020-03-21 22:54:21,940 -INFO- get gene name `orf108b` from Counter({'orf108b': 7})
2020-03-21 22:54:21,941 -INFO- get gene name `orf146` from Counter({'orf146': 6, 'orf106b': 1})
2020-03-21 22:54:21,941 -INFO- get gene name `orf113a` from Counter({'orf113a': 6, 'orf111': 1})
2020-03-21 22:54:21,942 -INFO- get gene name `orf101a` from Counter({'orf101a': 7})
2020-03-21 22:54:21,942 -INFO- get gene name `orf125` from Counter({'orf125': 4, 'orf108c': 2, 'orf142': 1})
2020-03-21 22:54:21,943 -INFO- get gene name `orf161` from Counter({'orf161': 7})
2020-03-21 22:54:21,943 -INFO- get gene name `orf104` from Counter({'orf104': 7})
2020-03-21 22:54:21,944 -INFO- get gene name `orf3` from Counter({'orf3': 2, 'Utricularia_reniformis-gene1605': 1, 'Bupleurum_falcatum-gene17': 1, 'orf103e': 1, 'orf104': 1, 'orf103a': 1})
2020-03-21 22:54:23,058 -INFO- get gene name `orf165` from Counter({'orf165': 2, 'Utricularia_reniformis-gene4080': 1, 'rpoB': 1, 'rpob': 1, 'orf128a': 1})
2020-03-21 22:54:23,058 -INFO- get gene name `rbcL` from Counter({'rbcL': 3, 'orf225': 1, 'orf484': 1, 'rbcl': 1})
2020-03-21 22:54:23,058 -INFO- get gene name `orf148b` from Counter({'orf148b': 2, 'orf169c': 2, 'Bupleurum_falcatum-gene33': 1, 'orf169': 1})
2020-03-21 22:54:25,798 -INFO- get gene name `orf119a` from Counter({'orf119a': 3})
2020-03-21 22:54:31,442 -INFO- get gene name `orf148` from Counter({'orf148': 3})
2020-03-21 22:54:34,513 -INFO- get gene name `orf106b` from Counter({'orf106b': 3})
2020-03-21 22:54:35,362 -INFO- get gene name `orf124` from Counter({'orf124': 3, 'orf128a': 1, 'orf125d': 1, 'orf125b': 1})
2020-03-21 22:54:35,363 -INFO- get gene name `orf152a` from Counter({'orf152a': 2, 'orf202': 2, 'orf152': 1, 'Utricularia_reniformis-gene4572': 1})
2020-03-21 22:54:35,364 -INFO- get gene name `orf114` from Counter({'orf114': 6})
2020-03-21 22:54:35,364 -INFO- get gene name `orf120` from Counter({'orf120': 5, 'rps14': 1})
2020-03-21 22:54:35,365 -INFO- get gene name `orf116` from Counter({'orf116': 6})
2020-03-21 22:54:35,365 -INFO- get gene name `orf124` from Counter({'orf124': 2, 'orf118': 2, 'orf120a': 1, 'orf123': 1})
2020-03-21 22:54:35,366 -INFO- get gene name `orf159` from Counter({'orf159': 6})
2020-03-21 22:54:35,366 -INFO- get gene name `orf108a` from Counter({'orf108a': 4, 'amoMp11': 1})
2020-03-21 22:54:36,717 -INFO- get gene name `Utricularia_reniformis-gene2890` from Counter({'Utricularia_reniformis-gene2890': 1, 'Utricularia_reniformis-gene2478': 1, 'amoMp15': 1, 'orf105b': 1, 'orf148': 1})
2020-03-21 22:54:39,999 -INFO- get gene name `Utricularia_reniformis-gene2643` from Counter({'Utricularia_reniformis-gene2643': 1, 'orf134': 1, 'orf291': 1, 'orf127c': 1})
2020-03-21 22:54:40,920 -INFO- get gene name `orf178` from Counter({'orf178': 1, 'orf116b': 1, 'orf152c': 1, 'orf152': 1, 'orf221': 1})
2020-03-21 22:54:40,921 -INFO- get gene name `orf270` from Counter({'orf270': 3, 'orf873': 1, 'orf317': 1})
2020-03-21 22:54:41,856 -INFO- get gene name `orf119b` from Counter({'orf119b': 3, 'orf102c': 1, 'orf302': 1})
2020-03-21 22:54:41,857 -INFO- get gene name `orf224a` from Counter({'orf224a': 2, 'orf190': 1, 'rpo': 1, 'Utricularia_reniformis-gene1878': 1})
2020-03-21 22:54:41,857 -INFO- get gene name `orf117b` from Counter({'orf117b': 3, 'orf117': 2})
2020-03-21 22:54:41,858 -INFO- get gene name `orf106a` from Counter({'orf106a': 4, 'Utricularia_reniformis-gene4069': 1})
2020-03-21 22:54:41,858 -INFO- get gene name `orf110` from Counter({'orf110': 5})
2020-03-21 22:54:41,859 -INFO- get gene name `rps11` from Counter({'rps11': 4})
2020-03-21 22:54:43,023 -INFO- get gene name `psbA` from Counter({'psbA': 2, 'orf353': 1, 'amoMp3': 1})
2020-03-21 22:54:43,023 -INFO- get gene name `RNAP` from Counter({'RNAP': 2, 'amoMp6': 1, 'orf337': 1})
2020-03-21 22:54:44,013 -INFO- get gene name `Utricularia_reniformis-gene863` from Counter({'Utricularia_reniformis-gene863': 1, 'Utricularia_reniformis-gene860': 1, 'Utricularia_reniformis-gene857': 1, 'amoMp9': 1})
2020-03-21 22:54:44,014 -INFO- get gene name `orf124a` from Counter({'orf124a': 1, 'amoMp14': 1, 'orf146': 1, 'orf287': 1})
2020-03-21 22:54:44,014 -INFO- get gene name `orf102k` from Counter({'orf102k': 1, 'Bupleurum_falcatum-gene177': 1, 'amoMp18': 1, 'Utricularia_reniformis-gene1618': 1})
2020-03-21 22:54:44,015 -INFO- get gene name `orf117a` from Counter({'orf117a': 2, 'Utricularia_reniformis-gene637': 1, 'amoMp25': 1})
2020-03-21 22:54:44,897 -INFO- get gene name `orf160a` from Counter({'orf160a': 1, 'amoMp26': 1, 'orf138b': 1})
2020-03-21 22:54:44,898 -INFO- get gene name `orf42` from Counter({'orf42': 1, 'amoMp27': 1, 'orf103d': 1, 'orf103c': 1})
2020-03-21 22:54:45,786 -INFO- get gene name `orf114d` from Counter({'orf114d': 3})
2020-03-21 22:54:45,786 -INFO- get gene name `orf145d` from Counter({'orf145d': 2, 'orf109a': 1, 'orf109c': 1})
2020-03-21 22:54:45,787 -INFO- get gene name `orf122c` from Counter({'orf122c': 2, 'orf102e': 2})
2020-03-21 22:54:48,504 -INFO- get gene name `orf106c` from Counter({'orf106c': 2})
2020-03-21 22:54:48,504 -INFO- get gene name `orf146` from Counter({'orf146': 3, 'orf116a': 1})
2020-03-21 22:54:49,766 -INFO- get gene name `orf238` from Counter({'orf238': 2, 'orf126': 1})
2020-03-21 22:54:49,767 -INFO- get gene name `orf187a` from Counter({'orf187a': 2, 'orf187': 1, 'orf108d': 1})
2020-03-21 22:54:49,768 -INFO- get gene name `orf122` from Counter({'orf122': 2, 'orf60': 1, 'orf122a': 1})
2020-03-21 22:54:49,768 -INFO- get gene name `orf116a` from Counter({'orf116a': 2, 'orf116': 1, 'ORF209': 1})
2020-03-21 22:54:49,769 -INFO- get gene name `orf105c` from Counter({'orf105c': 2, 'orf106': 1, 'orf144': 1})
2020-03-21 22:54:49,769 -INFO- get gene name `orf101f` from Counter({'orf101f': 4})
2020-03-21 22:54:49,770 -INFO- get gene name `orf123` from Counter({'orf123': 4})
2020-03-21 22:54:49,770 -INFO- get gene name `orf101e` from Counter({'orf101e': 4})
2020-03-21 22:54:49,771 -INFO- get gene name `orf164` from Counter({'orf164': 4})
2020-03-21 22:54:49,771 -INFO- get gene name `orf117a` from Counter({'orf117a': 4})
2020-03-21 22:54:49,771 -INFO- get gene name `orf101c` from Counter({'orf101c': 4})
2020-03-21 22:54:49,772 -INFO- get gene name `orf122` from Counter({'orf122': 3, 'orf119': 1})
2020-03-21 22:54:49,772 -INFO- get gene name `orf101d` from Counter({'orf101d': 4})
2020-03-21 22:54:49,772 -INFO- get gene name `orf128` from Counter({'orf128': 4})
2020-03-21 22:54:49,773 -INFO- get gene name `orf112` from Counter({'orf112': 4})
2020-03-21 22:54:51,547 -INFO- get gene name `orf139-1` from Counter({'orf139-1': 1, 'orf139': 1})
2020-03-21 22:54:52,427 -INFO- get gene name `petG` from Counter({'petG': 4})
2020-03-21 22:54:52,428 -INFO- get gene name `rpl23` from Counter({'rpl23': 3})
2020-03-21 22:54:52,428 -INFO- get gene name `orf109d` from Counter({'orf109d': 1, 'petA': 1, 'cof': 1})
2020-03-21 22:54:52,428 -INFO- get gene name `Utricularia_reniformis-gene2748` from Counter({'Utricularia_reniformis-gene2748': 1, 'amoMp5': 1, 'orf675': 1})
2020-03-21 22:54:52,428 -INFO- get gene name `atpB` from Counter({'atpB': 2, 'orf498': 1})
2020-03-21 22:54:52,428 -INFO- get gene name `orf105a` from Counter({'orf105a': 1, 'Utricularia_reniformis-gene2696': 1, 'amoMp19': 1})
2020-03-21 22:54:52,429 -INFO- get gene name `orf121` from Counter({'orf121': 2, 'amoMp21': 1})
2020-03-21 22:54:52,429 -INFO- get gene name `orf108e` from Counter({'orf108e': 1, 'amoMp23': 1, 'orf108': 1})
2020-03-21 22:54:52,429 -INFO- get gene name `amoMp24` from Counter({'amoMp24': 1, 'orf102': 1, 'Bupleurum_falcatum-gene44': 1})
2020-03-21 22:54:56,406 -INFO- get gene name `orf143` from Counter({'orf143': 1, 'orf100a': 1})
2020-03-21 22:54:56,407 -INFO- get gene name `orf114c` from Counter({'orf114c': 3})
2020-03-21 22:54:56,408 -INFO- get gene name `orf138` from Counter({'orf138': 3})
2020-03-21 22:54:56,408 -INFO- get gene name `orf121` from Counter({'orf121': 3})
2020-03-21 22:54:56,409 -INFO- get gene name `orf102a` from Counter({'orf102a': 3})
2020-03-21 22:54:56,409 -INFO- get gene name `orf198a` from Counter({'orf198a': 2, 'orf198': 1})
2020-03-21 22:54:56,410 -INFO- get gene name `orf125a` from Counter({'orf125a': 2, 'orf125': 1})
2020-03-21 22:54:56,410 -INFO- get gene name `orf109c` from Counter({'orf109c': 2, 'orf134': 1})
2020-03-21 22:54:56,411 -INFO- get gene name `orf109a` from Counter({'orf109a': 2, 'orf109': 1})
2020-03-21 22:54:56,411 -INFO- get gene name `orf120b` from Counter({'orf120b': 2, 'orf120': 1})
2020-03-21 22:54:56,411 -INFO- get gene name `orf147b` from Counter({'orf147b': 2, 'orf147': 1})
2020-03-21 22:54:56,412 -INFO- get gene name `orf162` from Counter({'orf162': 3})
2020-03-21 22:54:56,412 -INFO- get gene name `orf115a` from Counter({'orf115a': 3})
2020-03-21 22:54:56,413 -INFO- get gene name `orf317` from Counter({'orf317': 3})
2020-03-21 22:54:56,413 -INFO- get gene name `orf105a` from Counter({'orf105a': 3})
2020-03-21 22:54:56,414 -INFO- get gene name `orf329a` from Counter({'orf329a': 2, 'orf329': 1})
2020-03-21 22:54:56,414 -INFO- get gene name `orf152b` from Counter({'orf152b': 2, 'orf152': 1})
2020-03-21 22:54:56,415 -INFO- get gene name `orf143a` from Counter({'orf143a': 3})
2020-03-21 22:54:56,415 -INFO- get gene name `orf112b` from Counter({'orf112b': 3})
2020-03-21 22:54:56,416 -INFO- get gene name `orf174b` from Counter({'orf174b': 2, 'orf102b': 1})
2020-03-21 22:54:56,416 -INFO- get gene name `orf114a` from Counter({'orf114a': 3})
2020-03-21 22:54:56,416 -INFO- get gene name `orf106a` from Counter({'orf106a': 3})
2020-03-21 22:54:56,417 -INFO- get gene name `orf315` from Counter({'orf315': 3})
2020-03-21 22:54:56,417 -INFO- get gene name `orf99b` from Counter({'orf99b': 2, 'orf100f': 1})
2020-03-21 22:54:56,418 -INFO- get gene name `orf166` from Counter({'orf166': 3})
2020-03-21 22:54:56,418 -INFO- get gene name `orf103c` from Counter({'orf103c': 3})
2020-03-21 22:54:56,419 -INFO- get gene name `orf131` from Counter({'orf131': 3})
2020-03-21 22:54:56,419 -INFO- get gene name `orf169a` from Counter({'orf169a': 2, 'orf211': 1})
2020-03-21 22:54:56,420 -INFO- get gene name `orf105b` from Counter({'orf105b': 3})
2020-03-21 22:54:56,420 -INFO- get gene name `orf133b` from Counter({'orf133b': 3})
2020-03-21 22:54:56,420 -INFO- get gene name `orf108b` from Counter({'orf108b': 3})
2020-03-21 22:54:56,421 -INFO- get gene name `orf215` from Counter({'orf215': 1, 'orf279': 1, 'orf282': 1})
2020-03-21 22:54:56,421 -INFO- get gene name `orf105d` from Counter({'orf105d': 2, 'orf104c': 1})
2020-03-21 22:54:56,422 -INFO- get gene name `orf103b` from Counter({'orf103b': 3})
2020-03-21 22:54:56,422 -INFO- get gene name `orf111a` from Counter({'orf111a': 2, 'orf111': 1})
2020-03-21 22:54:56,423 -INFO- get gene name `orf199` from Counter({'orf199': 3})
2020-03-21 22:54:56,423 -INFO- get gene name `orf125b` from Counter({'orf125b': 2, 'Utricularia_reniformis-gene2043': 1})
2020-03-21 22:54:56,424 -INFO- get gene name `orf107b` from Counter({'orf107b': 3})
2020-03-21 22:54:56,424 -INFO- get gene name `orf107a` from Counter({'orf107a': 3})
2020-03-21 22:54:56,424 -INFO- get gene name `orf104a` from Counter({'orf104a': 3})
2020-03-21 22:54:56,425 -INFO- get gene name `orf113a` from Counter({'orf113a': 2, 'orf113': 1})
2020-03-21 22:54:56,425 -INFO- get gene name `orf136b` from Counter({'orf136b': 2, 'orf165': 1})
2020-03-21 22:54:56,426 -INFO- get gene name `orf103a` from Counter({'orf103a': 3})
2020-03-21 22:54:56,426 -INFO- get gene name `orf114b` from Counter({'orf114b': 3})
2020-03-21 22:54:56,427 -INFO- get gene name `orf108a` from Counter({'orf108a': 3})
2020-03-21 22:54:56,427 -INFO- get gene name `orf261` from Counter({'orf261': 2, 'orf214': 1})
2020-03-21 22:54:56,427 -INFO- get gene name `orf131` from Counter({'orf131': 3})
2020-03-21 22:54:56,427 -INFO- get gene name `orf124` from Counter({'orf124': 3})
2020-03-21 22:54:56,428 -INFO- get gene name `orf132` from Counter({'orf132': 3})
2020-03-21 22:54:56,428 -INFO- get gene name `orf192` from Counter({'orf192': 2, 'orf188': 1})
2020-03-21 22:54:56,428 -INFO- get gene name `orf103b` from Counter({'orf103b': 1, 'orf103': 1, 'Bupleurum_falcatum-gene2': 1})
2020-03-21 22:54:56,428 -INFO- get gene name `orf136` from Counter({'orf136': 1, 'orf136a': 1, 'Bupleurum_falcatum-gene4': 1})
2020-03-21 22:54:56,428 -INFO- get gene name `orf105b` from Counter({'orf105b': 1, 'Bupleurum_falcatum-gene96': 1, 'orf101c': 1})
2020-03-21 22:54:57,449 -INFO- get gene name `Utricularia_reniformis-gene1572` from Counter({'Utricularia_reniformis-gene1572': 1, 'orf138b': 1})
2020-03-21 22:54:57,450 -INFO- get gene name `ORF216` from Counter({'ORF216': 1, 'orf158': 1, 'orf239': 1})
2020-03-21 22:54:58,319 -INFO- get gene name `orf119a` from Counter({'orf119a': 1, 'orf118': 1})
2020-03-21 22:54:58,320 -INFO- get gene name `orf151` from Counter({'orf151': 1, 'orf123b': 1, 'orf152': 1})
2020-03-21 22:54:58,320 -INFO- get gene name `Utricularia_reniformis-gene2915` from Counter({'Utricularia_reniformis-gene2915': 1, 'orf104': 1, 'orf104a': 1})
2020-03-21 22:55:00,550 -INFO- get gene name `orf110` from Counter({'orf110': 1, 'orf110a': 1})
2020-03-21 22:55:00,551 -INFO- get gene name `orf107b` from Counter({'orf107b': 1, 'orf123': 1, 'Utricularia_reniformis-gene2037': 1})
2020-03-21 22:55:00,551 -INFO- get gene name `orf136b` from Counter({'orf136b': 1, 'orf136': 1, 'ORF176': 1})
2020-03-21 22:55:00,552 -INFO- get gene name `petL` from Counter({'petL': 3})
2020-03-21 22:55:01,472 -INFO- get gene name `Utricularia_reniformis-gene1532` from Counter({'Utricularia_reniformis-gene1532': 1, 'orf112a': 1})
2020-03-21 22:55:01,473 -INFO- get gene name `Utricularia_reniformis-gene1731` from Counter({'Utricularia_reniformis-gene1731': 1, 'orf121c': 1, 'orf103a': 1})
2020-03-21 22:55:01,474 -INFO- get gene name `Populus_alba-gene156` from Counter({'Populus_alba-gene156': 1, 'Populus_davidiana-gene152': 1, 'Utricularia_reniformis-gene4701': 1})
2020-03-21 22:55:01,474 -INFO- get gene name `rpl14` from Counter({'rpl14': 2})
2020-03-21 22:55:01,475 -INFO- get gene name `orf473` from Counter({'orf473': 1, 'amoMp2': 1})
2020-03-21 22:55:01,475 -INFO- get gene name `orf135` from Counter({'orf135': 1, 'amoMp22': 1})
2020-03-21 22:55:01,475 -INFO- get gene name `orf137` from Counter({'orf137': 1, 'orf112a': 1})
2020-03-21 22:55:01,476 -INFO- get gene name `orf114c` from Counter({'orf114c': 1, 'orf109b': 1})
2020-03-21 22:55:01,476 -INFO- get gene name `Utricularia_reniformis-gene1299` from Counter({'Utricularia_reniformis-gene1299': 1, 'orf113e': 1})
2020-03-21 22:55:01,477 -INFO- get gene name `orf100g` from Counter({'orf100g': 2})
2020-03-21 22:55:01,477 -INFO- get gene name `orf160` from Counter({'orf160': 1, 'orf110a': 1})
2020-03-21 22:55:01,477 -INFO- get gene name `orf137` from Counter({'orf137': 2})
2020-03-21 22:55:01,478 -INFO- get gene name `orf107c` from Counter({'orf107c': 2})
2020-03-21 22:55:01,478 -INFO- get gene name `orf99g` from Counter({'orf99g': 2})
2020-03-21 22:55:01,478 -INFO- get gene name `orf140` from Counter({'orf140': 2})
2020-03-21 22:55:01,478 -INFO- get gene name `orf224` from Counter({'orf224': 1, 'orf222': 1})
2020-03-21 22:55:01,479 -INFO- get gene name `orf173` from Counter({'orf173': 1, 'Bupleurum_falcatum-gene56': 1})
2020-03-21 22:55:01,479 -INFO- get gene name `orf105` from Counter({'orf105': 1, 'orf103': 1})
2020-03-21 22:55:01,479 -INFO- get gene name `Utricularia_reniformis-gene386` from Counter({'Utricularia_reniformis-gene386': 1, 'Bupleurum_falcatum-gene101': 1})
2020-03-21 22:55:01,479 -INFO- get gene name `Bupleurum_falcatum-gene187` from Counter({'Bupleurum_falcatum-gene187': 1, 'Utricularia_reniformis-gene1611': 1})
2020-03-21 22:55:01,479 -INFO- get gene name `orf102a` from Counter({'orf102a': 1, 'orf103b': 1})
2020-03-21 22:55:01,480 -INFO- get gene name `orf104a` from Counter({'orf104a': 1, 'orf104': 1})
2020-03-21 22:55:01,480 -INFO- get gene name `orf122` from Counter({'orf122': 1, 'orf138a': 1})
2020-03-21 22:55:01,480 -INFO- get gene name `orf131b` from Counter({'orf131b': 1, 'orf131': 1})
2020-03-21 22:55:01,480 -INFO- get gene name `orf121b` from Counter({'orf121b': 1, 'orf121': 1})
2020-03-21 22:55:01,480 -INFO- get gene name `orf111a` from Counter({'orf111a': 1, 'orf111': 1})
2020-03-21 22:55:01,481 -INFO- get gene name `orf122b` from Counter({'orf122b': 1, 'orf106b': 1})
2020-03-21 22:55:01,481 -INFO- get gene name `orf104c` from Counter({'orf104c': 1, 'orf104b': 1})
2020-03-21 22:55:01,481 -INFO- get gene name `orf117b` from Counter({'orf117b': 1, 'orf130a': 1})
2020-03-21 22:55:01,481 -INFO- get gene name `orf115` from Counter({'orf115': 1, 'orf115b': 1})
2020-03-21 22:55:01,481 -INFO- get gene name `orf102a` from Counter({'orf102a': 1, 'orf102g': 1})
2020-03-21 22:55:01,482 -INFO- get gene name `orf108c` from Counter({'orf108c': 1, 'orf222': 1})
2020-03-21 22:55:01,482 -INFO- get gene name `Utricularia_reniformis-gene4673` from Counter({'Utricularia_reniformis-gene4673': 1, 'orf102h': 1})
2020-03-21 22:55:01,482 -INFO- get gene name `orf108b` from Counter({'orf108b': 1, 'orf144': 1})
2020-03-21 22:55:01,482 -INFO- get gene name `orf123a` from Counter({'orf123a': 1, 'orf125b': 1})
2020-03-21 22:55:01,482 -INFO- get gene name `orf132b` from Counter({'orf132b': 1, 'orf175': 1})
2020-03-21 22:55:01,483 -INFO- get gene name `orf147` from Counter({'orf147': 1, 'atpE': 1})
2020-03-21 22:55:01,483 -INFO- get gene name `orf49` from Counter({'orf49': 1, 'orf111': 1})
2020-03-21 22:55:01,483 -INFO- get gene name `ORF354` from Counter({'ORF354': 1, 'Utricularia_reniformis-gene1036': 1})
2020-03-21 22:55:01,483 -INFO- get gene name `psbM` from Counter({'psbM': 2})
2020-03-21 22:55:01,483 -INFO- get gene name `orf129` from Counter({'orf129': 2})
2020-03-21 22:55:01,484 -INFO- get gene name `orf100a` from Counter({'orf100a': 1, 'orf100': 1})
2020-03-21 22:55:01,484 -INFO- get gene name `orf110e` from Counter({'orf110e': 1, 'orf110': 1})
2020-03-21 22:55:01,484 -INFO- get gene name `orf109` from Counter({'orf109': 2})
2020-03-21 22:55:01,484 -INFO- get gene name `orf104b` from Counter({'orf104b': 1, 'orf160': 1})
2020-03-21 22:55:01,484 -INFO- get gene name `orf106` from Counter({'orf106': 1, 'orf106a': 1})
2020-03-21 22:55:01,485 -INFO- get gene name `orf114b` from Counter({'orf114b': 1, 'orf114': 1})
2020-03-21 22:55:01,485 -INFO- get gene name `orf117` from Counter({'orf117': 2})
2020-03-21 22:55:01,485 -INFO- get gene name `orf110b` from Counter({'orf110b': 1, 'orf110': 1})
2020-03-21 22:55:01,485 -INFO- get gene name `orf167` from Counter({'orf167': 2})
2020-03-21 22:55:01,485 -INFO- get gene name `orf151` from Counter({'orf151': 2})
2020-03-21 22:55:01,486 -INFO- get gene name `orf107` from Counter({'orf107': 1, 'orf107a': 1})
2020-03-21 22:55:01,486 -INFO- get gene name `orf105a` from Counter({'orf105a': 1, 'orf105': 1})
2020-03-21 22:55:01,486 -INFO- get gene name `orf100b` from Counter({'orf100b': 1, 'orf100': 1})
2020-03-21 22:55:01,486 -INFO- get gene name `orf215` from Counter({'orf215': 2})
2020-03-21 22:55:01,486 -INFO- get gene name `orf106` from Counter({'orf106': 1, 'orf106b': 1})
2020-03-21 22:55:01,487 -INFO- get gene name `orf114` from Counter({'orf114': 1, 'orf114a': 1})
2020-03-21 22:55:01,487 -INFO- get gene name `orf100c` from Counter({'orf100c': 1, 'orf100': 1})
2020-03-21 22:55:01,487 -INFO- get gene name `orf145` from Counter({'orf145': 2})
2020-03-21 22:55:01,487 -INFO- get gene name `orf103` from Counter({'orf103': 1, 'orf103c': 1})
2020-03-21 22:55:01,487 -INFO- get gene name `orf162` from Counter({'orf162': 1, 'orf101': 1})
2020-03-21 22:55:01,487 -INFO- get gene name `orf111a` from Counter({'orf111a': 2})
2020-03-21 22:55:01,488 -INFO- get gene name `ORF258` from Counter({'ORF258': 1, 'orf177': 1})
2020-03-21 22:55:01,488 -INFO- get gene name `Utricularia_reniformis-gene4623` from Counter({'Utricularia_reniformis-gene4623': 1, 'orf202': 1})
2020-03-21 22:55:01,488 -INFO- get gene name `orf131c` from Counter({'orf131c': 1, 'orf139': 1})
2020-03-21 22:55:01,488 -INFO- get gene name `orf86` from Counter({'orf86': 1, 'orf103e': 1})
2020-03-21 22:55:01,488 -INFO- get gene name `Populus_alba-gene42` from Counter({'Populus_alba-gene42': 1, 'Populus_davidiana-gene35': 1})
2020-03-21 22:55:01,489 -INFO- get gene name `Populus_alba-gene45` from Counter({'Populus_alba-gene45': 1, 'Populus_davidiana-gene38': 1})
2020-03-21 22:55:01,489 -INFO- get gene name `Populus_alba-gene106` from Counter({'Populus_alba-gene106': 1, 'Populus_davidiana-gene99': 1})
2020-03-21 22:55:01,489 -INFO- get gene name `Populus_davidiana-gene108` from Counter({'Populus_davidiana-gene108': 1, 'Populus_alba-gene115': 1})
2020-03-21 22:55:01,489 -INFO- get gene name `Populus_alba-gene129` from Counter({'Populus_alba-gene129': 1, 'Populus_davidiana-gene122': 1})
2020-03-21 22:55:01,489 -INFO- get gene name `Populus_davidiana-gene157` from Counter({'Populus_davidiana-gene157': 1, 'Populus_alba-gene161': 1})
2020-03-21 22:55:01,490 -INFO- get gene name `Populus_davidiana-gene184` from Counter({'Populus_davidiana-gene184': 1, 'Populus_alba-gene188': 1})
2020-03-21 22:55:01,490 -INFO- get gene name `Populus_davidiana-gene190` from Counter({'Populus_davidiana-gene190': 1, 'Populus_alba-gene194': 1})
2020-03-21 22:55:01,490 -INFO- get gene name `Populus_davidiana-gene192` from Counter({'Populus_davidiana-gene192': 1, 'Populus_alba-gene196': 1})
2020-03-21 22:55:01,490 -INFO- get gene name `Populus_alba-gene201` from Counter({'Populus_alba-gene201': 1, 'Populus_davidiana-gene197': 1})
2020-03-21 22:55:01,490 -INFO- get gene name `Populus_davidiana-gene211` from Counter({'Populus_davidiana-gene211': 1, 'Populus_alba-gene215': 1})
2020-03-21 22:55:01,490 -INFO- get gene name `Populus_davidiana-gene213` from Counter({'Populus_davidiana-gene213': 1, 'Populus_alba-gene217': 1})
2020-03-21 22:55:01,491 -INFO- get gene name `Populus_alba-gene225` from Counter({'Populus_alba-gene225': 1, 'Populus_davidiana-gene221': 1})
2020-03-21 22:55:01,491 -INFO- get gene name `Populus_alba-gene235` from Counter({'Populus_alba-gene235': 1, 'Populus_davidiana-gene229': 1})
2020-03-21 22:55:01,491 -INFO- get gene name `orf304` from Counter({'orf304': 1, 'Utricularia_reniformis-gene2003': 1})
2020-03-21 22:55:01,491 -INFO- get gene name `orf129b` from Counter({'orf129b': 1, 'Utricularia_reniformis-gene893': 1})
2020-03-21 22:55:02,429 -INFO- get gene name `cox2` from Counter({'cox2': 2})
2020-03-21 22:55:02,430 -INFO- get gene name `rpl36` from Counter({'rpl36': 2})
2020-03-21 22:55:03,283 -INFO- get gene name `Utricularia_reniformis-gene1557` from Counter({'Utricularia_reniformis-gene1557': 1})
2020-03-21 22:55:03,299 -INFO- extrat 39 genes: ['atp1', 'atp4', 'atp6', 'atp8', 'atp9', 'ccmB', 'ccmC', 'ccmFc', 'ccmFn', 'cob', 'cox1', 'cox2', 'cox3', 'matR', 'mttB', 'nad1', 'nad2', 'nad3', 'nad4', 'nad4L', 'nad5', 'nad6', 'nad7', 'nad9', 'rpl10', 'rpl16', 'rpl2', 'rpl5', 'rps1', 'rps10', 'rps12', 'rps13', 'rps14', 'rps19', 'rps3', 'rps4', 'rps7', 'sdh3', 'sdh4']
2020-03-21 22:55:03,300 -INFO- aligning sequences
2020-03-21 23:17:38,876 -INFO- building hmm profiles
2020-03-21 23:18:08,556 -INFO- building augustus profiles
2020-03-21 23:18:40,099 -INFO- training augustus models
/share/home/yuanqyk/.local/lib/python2.7/site-packages/Bio/SeqIO/InsdcIO.py:687: BiopythonWarning: Increasing length of locus line to allow long name. This will result in fields that are not in usual positions.
  BiopythonWarning,
2020-03-21 23:25:28,508 -INFO- writing ('rRNA', 'tRNA') sequences into /dev/shm/tmp/mt-eudicotyledons/rrna
2020-03-21 23:25:29,086 -INFO- running OrthoFinder to cluster genes
2020-03-21 23:25:29,086 -INFO- run CMD: `orthofinder.py -f /dev/shm/tmp/mt-eudicotyledons/rrna -M msa -T fasttree -t 24 -S blastn -og`
2020-03-21 23:38:46,891 -INFO- parsing OrthoFinder orthologs
2020-03-21 23:38:46,892 -INFO- parsing orthologs group into /dev/shm/tmp/mt-eudicotyledons/alns
2020-03-21 23:38:46,948 -INFO- using min_count=5.4 to get gene name
2020-03-21 23:39:10,161 -INFO- get gene name `trnfM-cau` from Counter({'trnfM': 21, 'trnM-CAT': 16, 'trnfM-CAU': 15, 'trnM-CAU': 12, 'trnM': 11, 'trnfM-CAT': 10, 'trnfM-cau': 4, 'trnfM-1': 4, 'tRNA-fMet': 3, 'trnfM-2': 3, 'tRNA-fMet-CAU': 2, 'trnM-cat': 2, 'Chenopodium_quinoa-gene175': 1, 'trnM-CAT_4': 1, 'tRNA-fMet-CAT': 1, 'trnfM-3': 1, 'trnM-CAU6': 1, 'trnM-cau': 1, 'tRNA-fMet-cau': 1, 'trnfMet-CAU': 1, 'trnfM-CAT-1': 1, 'Vaccinium_macrocarpon-gene125': 1, 'Beta_vulgaris_subsp-_vulgaris-gene327': 1, 'Sinapis_arvensis-gene44': 1})
2020-03-21 23:39:25,318 -INFO- get gene name `rrn26` from Counter({'rrn26': 60, 'rrnL': 32, '26rrn': 2, 'Gossypium_harknessii-gene213': 1, 'rrn26S': 1, 'rRNA26': 1, 'rnl': 1, 'Sinapis_arvensis-gene40': 1, 'Chenopodium_quinoa-gene94': 1, 'Raphanus_sativus-gene127': 1, 'Salix_purpurea-gene202': 1, 'rrL': 1, 'Gossypium_hirsutum-gene212': 1, 'rrn26-1': 1, '26Srrn': 1, 'Lagerstroemia_indica-gene192': 1})
2020-03-21 23:39:39,229 -INFO- get gene name `tRNA-Met-CAT-cp` from Counter({'trnM-CAU': 34, 'trnM': 32, 'trnM-CAT': 24, 'trnM-cp': 3, 'trnM-cau': 3, 'trnM-CAT-cp': 2, 'tRNA-Met-CAU': 2, 'tRNA-Met': 2, 'tRNA-Met-CAT-cp': 1, 'Vaccinium_macrocarpon-gene35': 1, 'trbfM-CAU': 1, 'Beta_vulgaris_subsp-_vulgaris-gene228': 1, 'Vaccinium_macrocarpon-gene181': 1, 'tRNA-met': 1, 'trnM-CAU-cp': 1, 'Sinapis_arvensis-gene192': 1, 'trnM-CAU4': 1, 'trnM-CAU5': 1, 'Chenopodium_quinoa-gene11': 1, 'tRNA-Met-cau': 1, 'trnM-cp-CAT': 1, 'trnM-cat': 1})
2020-03-21 23:39:47,584 -INFO- get gene name `rrn18` from Counter({'rrn18': 60, 'rrnS': 34, '18rrn': 2, 'rrn18S': 1, 'Gossypium_harknessii-gene160': 1, 'Chenopodium_quinoa-gene87': 1, '18Srrn': 1, 'rRNA18': 1, 'Raphanus_sativus-gene111': 1, 'Gossypium_hirsutum-gene162': 1, 'Sinapis_arvensis-gene222': 1, 'rrS': 1, 'Castilleja_paramensis-gene118': 1})
2020-03-21 23:39:56,818 -INFO- get gene name `trnN-GTT-cp` from Counter({'trnN-GUU': 31, 'trnN': 29, 'trnN-GTT': 22, 'trnN-cp': 5, 'trnN-guu': 4, 'tRNA-Asn': 3, 'trnN-GTT-cp': 2, 'tRNA-Asn-GUU': 2, 'trnN-GUU-cp': 2, 'Chenopodium_quinoa-gene7': 1, 'Sinapis_arvensis-gene110': 1, 'tRNA-Asn-GTT': 1, 'tRNA-Asn-guu': 1, 'Vaccinium_macrocarpon-gene106': 1, 'trnN-gtt': 1, 'Beta_vulgaris_subsp-_vulgaris-gene220': 1, 'trnX-Xxx': 1, 'trnD-GUC': 1})
2020-03-21 23:40:06,502 -INFO- get gene name `tRNA-Trp-CCA-cp` from Counter({'trnW-CCA': 58, 'trnW': 27, 'trnW-cca': 5, 'trnW-cp': 3, 'tRNA-Trp': 3, 'tRNA-Trp-CCA': 2, 'tRNA-Trp-CCA-cp': 1, 'Beta_vulgaris_subsp-_vulgaris-gene12': 1, 'trnW-CCA-cp': 1, 'Chenopodium_quinoa-gene168': 1, 'Sinapis_arvensis-gene167': 1, 'tRNA-Trp-cca': 1, 'Vaccinium_macrocarpon-gene40': 1, 'trnW-cp-CCA': 1})
2020-03-21 23:40:14,936 -INFO- get gene name `rrn5` from Counter({'rrn5': 94, '5rrn': 2, 'Vaccinium_macrocarpon-gene201': 1, 'rRNA5': 1, 'Gossypium_harknessii-gene162': 1, 'rrn5S': 1, 'Gossypium_hirsutum-gene164': 1, '5Srrn': 1, 'Raphanus_sativus-gene109': 1, 'Sinapis_arvensis-gene224': 1, 'Chenopodium_quinoa-gene89': 1})
2020-03-21 23:40:22,217 -INFO- get gene name `trnP-TGG` from Counter({'trnP-UGG': 33, 'trnP-TGG': 31, 'trnP': 24, 'trnP-ugg': 4, 'tRNA-Pro': 3, 'tRNA-Pro-UGG': 2, 'tRNA-Pro-ugg': 1, 'trnP-tgg': 1, 'Sinapis_arvensis-gene157': 1, 'tRNA-Pro-TGG': 1, 'Chenopodium_quinoa-gene135': 1, 'Beta_vulgaris_subsp-_vulgaris-gene828': 1, 'trnF-TGG': 1, 'Vaccinium_macrocarpon-gene92': 1})
2020-03-21 23:40:29,437 -INFO- get gene name `trnK-ttt` from Counter({'trnK-UUU': 33, 'trnK-TTT': 31, 'trnK': 21, 'trnK-uuu': 4, 'tRNA-Lys': 3, 'tRNA-Lys-UUU': 2, 'trnK-ttt': 1, 'tRNA-Lys-TTT': 1, 'Sinapis_arvensis-gene4': 1, 'tRNA-Lys-uuu': 1, 'Beta_vulgaris_subsp-_vulgaris-gene374': 1, 'Chenopodium_quinoa-gene26': 1, 'Vaccinium_macrocarpon-gene45': 1})
2020-03-21 23:40:33,659 -INFO- get gene name `trnI-cau` from Counter({'trnM-CAU': 25, 'trnI': 19, 'trnI-CAT': 13, 'trnM-CAT': 12, 'trnM': 8, 'trnI-CAU': 6, 'trnI-cau': 3, 'trnI-LAU': 1, 'tRNA-Ile-CAU': 1, 'tRNA-Ile': 1, 'tRNA-Met-CAU': 1, 'tRNA-Met-CAT': 1, 'tRNA-Ile-cau': 1, 'Sinapis_arvensis-gene212': 1, 'trnM-CAU2': 1, 'trnM-cat': 1, 'trnM-cau': 1, 'tRNAI-CAT': 1, 'Beta_vulgaris_subsp-_vulgaris-gene478': 1, 'Nepenthes_ventricosa_x_Nepenthes_alata-gene182': 1, 'Chenopodium_quinoa-gene107': 1, 'trnI-TAT': 1, 'Vaccinium_macrocarpon-gene145': 1, 'trnI-CAT-1': 1})
2020-03-21 23:40:40,115 -INFO- get gene name `trnD-GUC-cp` from Counter({'trnD-GUC': 33, 'trnD-GTC': 26, 'trnD': 23, 'trnD-guc': 4, 'tRNA-Asp': 3, 'tRNA-Asp-GUC': 2, 'trnD-cp-GTC': 1, 'trnQ-UUG': 1, 'Beta_vulgaris_subsp-_vulgaris-gene737': 1, 'Sinapis_arvensis-gene2': 1, 'Chenopodium_quinoa-gene44': 1, 'trnD-GUC-cp': 1, 'tRNA-Asp-guc': 1, 'tRNA-Asp-GTC': 1, 'trnD-gtc': 1, 'Vaccinium_macrocarpon-gene183': 1})
2020-03-21 23:40:43,600 -INFO- get gene name `trnE-uuc` from Counter({'trnE-UUC': 35, 'trnE-TTC': 33, 'trnE': 23, 'trnE-uuc': 4, 'tRNA-Glu-UUC': 2, 'tRNA-Glu': 2, 'tRNA-Glu-uuc': 1, 'Chenopodium_quinoa-gene13': 1, 'tRNA-Glu-TTC': 1, 'trnE-ttc': 1, 'Vaccinium_macrocarpon-gene197': 1, 'Sinapis_arvensis-gene159': 1, 'Beta_vulgaris_subsp-_vulgaris-gene230': 1})
2020-03-21 23:40:49,325 -INFO- get gene name `tRNA-His-GTG-cp` from Counter({'trnH-GUG': 31, 'trnH': 29, 'trnH-GTG': 17, 'trnH-cp': 4, 'trnH-gug': 4, 'tRNA-His': 3, 'trnH-GTG-cp': 2, 'tRNA-His-GUG': 2, 'Sinapis_arvensis-gene175': 1, 'trnH-gtg': 1, 'tRNA-His-gug': 1, 'tRNA-His-GTG-cp': 1, 'trnH-GUG-cp': 1, 'Chenopodium_quinoa-gene15': 1, 'Vaccinium_macrocarpon-gene195': 1, 'Beta_vulgaris_subsp-_vulgaris-gene232': 1})
2020-03-21 23:40:51,684 -INFO- get gene name `tRNA-Cys-GCA` from Counter({'trnC-GCA': 57, 'trnC': 24, 'trnC-gca': 5, 'tRNA-Cys-GCA': 3, 'tRNA-Cys': 3, 'trnC-GCA-2': 3, 'Vaccinium_macrocarpon-gene104': 1, 'trnc': 1, 'Chenopodium_quinoa-gene9': 1, 'Sinapis_arvensis-gene155': 1, 'trnC-1': 1, 'tRNA-Cys-gca': 1, 'Beta_vulgaris_subsp-_vulgaris-gene224': 1})
2020-03-21 23:40:53,336 -INFO- get gene name `trnQ-TTG` from Counter({'trnQ-TTG': 32, 'trnQ-UUG': 32, 'trnQ': 22, 'trnQ-uug': 4, 'tRNA-Gln': 3, 'tRNA-Gln-UUG': 2, 'trnQ-ttg': 1, 'Chenopodium_quinoa-gene85': 1, 'tRNA-Gln-TTG': 1, 'Vaccinium_macrocarpon-gene193': 1, 'Sinapis_arvensis-gene187': 1, 'Beta_vulgaris_subsp-_vulgaris-gene794': 1, 'trnQ-TTG-1': 1, 'tRNA-Gln-uug': 1})
2020-03-21 23:40:54,995 -INFO- get gene name `trnY-gua` from Counter({'trnY-GTA': 36, 'trnY-GUA': 29, 'trnY': 21, 'trnY-gua': 4, 'tRNA-Tyr': 3, 'tRNA-Tyr-GUA': 2, 'Chenopodium_quinoa-gene5': 1, 'tRNA-Tyr-gua': 1, 'tRNA-Tyr-GTA': 1, 'trnY-gta': 1, 'Vaccinium_macrocarpon-gene108': 1, 'Sinapis_arvensis-gene108': 1, 'Beta_vulgaris_subsp-_vulgaris-gene218': 1})
2020-03-21 23:41:00,746 -INFO- get gene name `trnF-gaa` from Counter({'trnF-GAA': 64, 'trnF': 13, 'trnF-gaa': 5, 'tRNA-Phe-GAA': 3, 'tRNA-Phe': 2, 'trnY': 2, 'tRNA-Phe-gaa': 1, 'Chenopodium_quinoa-gene133': 1, 'Beta_vulgaris_subsp-_vulgaris-gene832': 1, 'Vaccinium_macrocarpon-gene94': 1})
2020-03-21 23:41:03,017 -INFO- get gene name `tRNA-Gly-gcc` from Counter({'trnG-GCC': 61, 'trnG': 22, 'trnG-gcc': 5, 'tRNA-Gly': 3, 'tRNA-Gly-GCC': 3, 'trnG-GCC-1': 1, 'tRNA-Gly-gcc': 1, 'Chenopodium_quinoa-gene83': 1, 'Beta_vulgaris_subsp-_vulgaris-gene799': 1, 'Sinapis_arvensis-gene79': 1})
2020-03-21 23:41:07,732 -INFO- get gene name `tRNA-Ser-gcu` from Counter({'trnS-GCU': 31, 'trnS-GCT': 26, 'trnS': 20, 'trnS-gcu': 4, 'tRNA-Ser': 3, 'tRNA-Ser-gcu': 1, 'tRNA-Ser-GCT': 1, 'Sinapis_arvensis-gene173': 1, 'Chenopodium_quinoa-gene131': 1, 'trnS-UGA': 1, 'Beta_vulgaris_subsp-_vulgaris-gene834': 1, 'tRNA-Ser-GCU': 1, 'trnS-gct': 1, 'Vaccinium_macrocarpon-gene96': 1})
2020-03-21 23:41:08,894 -INFO- get gene name `tRNA-Ser-TGA` from Counter({'trnS-TGA': 23, 'trnS-UGA': 23, 'trnS': 15, 'trnS-UGU': 4, 'trnS-uga': 3, 'tRNA-Ser-UGA': 2, 'tRNA-Ser': 2, 'tRNA-Ser-TGA': 1, 'Chenopodium_quinoa-gene22': 1, 'Beta_vulgaris_subsp-_vulgaris-gene331': 1, 'tRNA-Ser-uga': 1, 'Nepenthes_ventricosa_x_Nepenthes_alata-gene177': 1, 'Sinapis_arvensis-gene138': 1, 'trnS-TGT': 1, 'Vaccinium_macrocarpon-gene147': 1})
2020-03-21 23:41:10,546 -INFO- get gene name `tRNA-Ser-GGA-cp` from Counter({'trnS-GGA': 29, 'trnS': 15, 'trnS-gga': 2, 'trnS-GGA-cp': 2, 'tRNA-Ser': 2, 'tRNA-Ser-GGA-cp': 1, 'Beta_vulgaris_subsp-_vulgaris-gene646': 1, 'Sinapis_arvensis-gene23': 1, 'Chenopodium_quinoa-gene173': 1, 'trnS-cp-GGA': 1, 'trnS-GCT': 1, 'tRNA-Ser-gga': 1})
2020-03-21 23:41:13,915 -INFO- get gene name `tRNA-Ile-TAT-cp` from Counter({'trnL-CAA': 8, 'trnI-UAU': 8, 'trnI-CAU': 4, 'trnM': 3, 'trnI': 2, 'trnI-cau': 2, 'trnM-CAT': 2, 'tRNA-Ile': 2, 'tRNA-Met': 1, 'trnM-UAU': 1, 'tRNA-Ile-UAU': 1, 'tRNA-Ile-TAT-cp': 1, 'Beta_vulgaris_subsp-_vulgaris-gene836': 1, 'trnM-CAU': 1, 'trnI-cp': 1, 'trnI-CAT': 1, 'trnM-cau': 1, 'trnL-CAA3': 1})
2020-03-21 23:41:16,800 -INFO- get gene name `trnP-cp` from Counter({'trnP-TGG': 11, 'trnP-UGG': 6, 'trnP': 6, 'trnP-AGG': 2, 'trnP-ugg': 2, 'trnW-CCA': 2, 'Beta_vulgaris_subsp-_vulgaris-gene10': 1, 'tRNA-Pro-ugg': 1, 'trnP-GGG': 1, 'trnP-UGG2': 1, 'trnL-GAG': 1, 'trnP-cp': 1, 'tRNA-Pro-UGG': 1, 'tRNA-Pro-GGG': 1})
2020-03-21 23:41:18,486 -INFO- get gene name `trnC-gca` from Counter({'trnC-GCA': 6, 'trnC': 5, 'trnC-GCA-1': 3, 'trnC-gca': 1, 'Chenopodium_quinoa-gene177': 1, 'tRNA-Cys': 1, 'trnC-2': 1, 'Beta_vulgaris_subsp-_vulgaris-gene291': 1, 'tRNA-Cys-gca': 1})
2020-03-21 23:41:19,024 -INFO- get gene name `tRNA-Val-GAC-cp` from Counter({'trnV-GAC': 11, 'trnV': 4, 'tRNA-Val': 2, 'trnV-gac': 1, 'tRNA-Val-gac': 1, 'Beta_vulgaris_subsp-_vulgaris-gene24': 1, 'tRNA-Val-GAC-cp': 1})
2020-03-21 23:41:23,513 -INFO- get gene name `trnfM-CAU` from Counter({'trnM-CAU': 6, 'trnfM-CAU': 1, 'trnM-CAT': 1, 'tRNA-Met-CAT': 1})
2020-03-21 23:41:24,597 -INFO- get gene name `trnL-cp` from Counter({'trnL-CAA': 7, 'trnL': 4, 'trnW-CCA': 1, 'Sinapis_arvensis-gene163': 1, 'Vaccinium_macrocarpon-gene129': 1, 'trnaL': 1, 'trnL-cp': 1})
2020-03-21 23:41:26,165 -INFO- get gene name `trnF-GAA` from Counter({'trnF-GAA': 8, 'trnL-CAA': 1, 'trnF': 1})
2020-03-21 23:41:26,167 -INFO- get gene name `tRNA-Pro-TGG-cp` from Counter({'trnP-UGG': 6, 'trnP': 2, 'tRNA-Pro-TGG-cp': 1, 'trnP-TGG': 1})
2020-03-21 23:41:26,167 -INFO- get gene name `trnQ-UUG` from Counter({'trnT-UGU': 3, 'trnT': 2, 'trnQ-UUG': 1, 'trnK-TTT': 1, 'trnM-CAT': 1, 'trnT-TGT': 1})
2020-03-21 23:41:27,856 -INFO- get gene name `tRNA-fMet-cau` from Counter({'tRNA-fMet': 1, 'tRNA-fMet-cau': 1, 'Beta_vulgaris_subsp-_vulgaris-gene526': 1})
2020-03-21 23:41:27,857 -INFO- get gene name `trnR-ACG` from Counter({'trnR-ACG': 5, 'trnR': 3})
2020-03-21 23:41:29,545 -INFO- get gene name `trnS-GCT` from Counter({'trnS-GCT': 5})
2020-03-21 23:41:29,546 -INFO- get gene name `tRNA-Asp-GTC-cp` from Counter({'trnD-GUC': 7, 'tRNA-Asp-GTC-cp': 1})
2020-03-21 23:41:29,547 -INFO- get gene name `trnD-GUC` from Counter({'trnD-GUC': 3, 'trnD-guc': 2, 'trnD': 1, 'tRNA-Asp-GUC': 1, 'trnD-GTC': 1})
2020-03-21 23:41:30,071 -INFO- get gene name `trnT-GGU` from Counter({'trnT-GGT': 3, 'trnT': 2, 'trnT-GGU': 1, 'tRNA-Thr-GGU': 1})
2020-03-21 23:41:30,072 -INFO- get gene name `trnR-UCU` from Counter({'trnR-TCT': 3, 'trnR': 2, 'trnR-UCU': 1, 'tRNA-Arg-UCU': 1})
2020-03-21 23:41:30,072 -INFO- get gene name `trnV-GAC` from Counter({'trnV-GAC': 7})
2020-03-21 23:41:30,073 -INFO- get gene name `trnM-CAT` from Counter({'trnM-CAT': 2, 'trnM-CAU': 2, 'trnM-CAU3': 1, 'trnM': 1})
2020-03-21 23:41:30,074 -INFO- get gene name `trnY-GTA` from Counter({'trnY': 2, 'trnY-GTA': 2, 'tRNA-Tyr-GUA': 1, 'tRNA-Tyr': 1})
2020-03-21 23:41:30,074 -INFO- get gene name `trnS-TGA` from Counter({'trnS': 3, 'trnS-TGA': 2})
2020-03-21 23:41:30,075 -INFO- get gene name `trnC-GCA` from Counter({'trnC-GCA': 4, 'trnC-GCA2': 1})
2020-03-21 23:41:30,075 -INFO- get gene name `trnM-CAU` from Counter({'trnM-CAU': 4, 'trnH': 1})
2020-03-21 23:41:30,076 -INFO- get gene name `trnE-cp` from Counter({'trnE-uuc': 2, 'trnE-TTC': 1, 'trnE-cp': 1, 'trnE': 1})
2020-03-21 23:41:30,076 -INFO- get gene name `trnH-ATG` from Counter({'trnH-AUG': 4, 'trnH-ATG': 1})
2020-03-21 23:41:30,077 -INFO- get gene name `trnI-GAU` from Counter({'trnI-GAU': 4})
2020-03-21 23:41:30,077 -INFO- get gene name `trnQ-TTG` from Counter({'trnQ': 2, 'trnQ-UUG2': 1, 'trnQ-TTG': 1})
2020-03-21 23:41:30,078 -INFO- get gene name `trnE-TTC` from Counter({'tRNA-Glu': 1, 'trnE-TTC': 1, 'trnE-UUC': 1, 'tRNA-Glu-UUC': 1})
2020-03-21 23:41:30,078 -INFO- get gene name `trnT-TGT` from Counter({'trnT-UGU': 2, 'trnT': 1, 'trnT-TGT': 1})
2020-03-21 23:41:30,078 -INFO- get gene name `trnT-TGT` from Counter({'trnT-TGT': 4})
2020-03-21 23:41:31,218 -INFO- get gene name `trnF-GAA` from Counter({'trnF-GAA': 1, 'tRNA-Phe-GAA': 1})
2020-03-21 23:41:31,219 -INFO- get gene name `trnK-CUU` from Counter({'trnK-CUU': 4})
2020-03-21 23:41:31,219 -INFO- get gene name `trnG-GCC` from Counter({'trnG-GCC': 2, 'trnG': 1})
2020-03-21 23:41:31,220 -INFO- get gene name `tRNA-Leu-UAG` from Counter({'tRNA-Leu-UAG': 1, 'trnL': 1, 'trnL-TAG': 1})
2020-03-21 23:41:31,776 -INFO- get gene name `trnfM-CAU` from Counter({'trnfM-CAU': 2})
2020-03-21 23:41:31,776 -INFO- get gene name `trnT-GGT` from Counter({'trnT-GGT': 3})
2020-03-21 23:41:31,777 -INFO- get gene name `trnT-UGU` from Counter({'trnT-UGU': 2})
2020-03-21 23:41:31,777 -INFO- get gene name `trnA-UGC` from Counter({'trnA-UGC': 2})
2020-03-21 23:41:31,778 -INFO- get gene name `trnN-AUU` from Counter({'trnN-AUU': 1, 'trnK-CTT': 1})
2020-03-21 23:41:31,778 -INFO- get gene name `trnS` from Counter({'trnS': 2})
2020-03-21 23:41:31,778 -INFO- get gene name `trnN-GUU` from Counter({'trnN-GUU': 1, 'tRNA-Asn-GUU': 1})
2020-03-21 23:41:31,778 -INFO- get gene name `trnfM-CAU` from Counter({'trnfM-CAU': 2})
2020-03-21 23:41:31,779 -INFO- get gene name `trnS-GGA` from Counter({'trnS-GGA': 1, 'rrn26': 1})
2020-03-21 23:41:31,779 -INFO- get gene name `trnfM-CAU` from Counter({'trnfM-CAU': 2})
2020-03-21 23:41:31,779 -INFO- get gene name `trnfM-CAU` from Counter({'trnfM-CAU': 2})
2020-03-21 23:41:31,779 -INFO- get gene name `trnN-GUU` from Counter({'trnN-GUU': 2})
2020-03-21 23:41:31,780 -INFO- get gene name `trnX` from Counter({'trnX': 2})
2020-03-21 23:41:31,780 -INFO- get gene name `trnC` from Counter({'trnC': 2})
2020-03-21 23:41:31,780 -INFO- get gene name `trnE` from Counter({'trnE': 2})
2020-03-21 23:41:31,784 -INFO- extrat 7 genes: ['rrn18', 'rrn26', 'rrn5', 'trnF-GAA', 'trnP-TGG', 'trnQ-TTG', 'trnV-GAC']
2020-03-21 23:41:31,784 -INFO- aligning sequences
2020-03-21 23:48:42,975 -INFO- building hmm profiles
