{'count': False, 'organ': 'mt', 'list': False, 'taxon': 'rosids', 'tmpdir': '/dev/shm/tmp', 'custom': None, 'cleanup': False, 'exclude_taxa': None, 'gbfiles': ['/share/home/nature/database/RefSeq/mitochondrion/mitochondrion.1.genomic.gbff.gz', '/share/home/nature/database/RefSeq/mitochondrion/mitochondrion.2.genomic.gbff.gz'], 'check': False, 'dbdir': None}
2020-03-27 18:48:11,015 -INFO- parsing ['/share/home/nature/database/RefSeq/mitochondrion/mitochondrion.1.genomic.gbff.gz', '/share/home/nature/database/RefSeq/mitochondrion/mitochondrion.2.genomic.gbff.gz']
2020-03-27 18:48:11,016 -INFO- version: RefSeq 2020-01-09: build 2020-03-27
loading from /dev/shm/tmp/ogap_db/taxonomy.json.gz
loading genbank records
`Leptocephalus sp. 'type II larva' (Smith, 1989)` is not found
`Himantura gerrardi` is not found
`Vazella pourtalesi` is not found
`Palpitomonas bilix Eukaryota.` is not found
`Eukaryota sp. BB2 Eukaryota.` is not found
`Ancoracysta twista Eukaryota.` is not found
`Cyprinus carpio x Megalobrama amblycephala` is not found
2020-03-27 18:59:57,389 -INFO- 68 records: 10 orders, 18 families, 47 genera, 68 organism
2020-03-27 18:59:57,389 -INFO- pruning taxa
2020-03-27 18:59:57,389 -INFO- 68 records: 10 orders, 18 families, 47 genera, 68 organism
2020-03-27 18:59:57,389 -INFO- building taxonomy tree
2020-03-27 18:59:57,389 -INFO- run CMD: `ete3 ncbiquery --search 'Gossypium trilobum' 'Populus tremula x Populus alba' 'Hibiscus cannabinus' 'Ziziphus jujuba' 'Senna tora' 'Cannabis sativa' 'Populus davidiana' 'Haematoxylum brasiletto' 'Corchorus olitorius' 'Pongamia pinnata' 'Vigna radiata' 'Batis maritima' 'Raphanus sativus' 'Prunus avium' 'Eriobotrya japonica' 'Vitis vinifera' 'Gossypium barbadense' 'Populus alba' 'Citrus sinensis' 'Cucurbita pepo' 'Acacia ligulata' 'Gossypium harknessii' 'Cucumis sativus' 'Gossypium thurberi' 'Brassica napus' 'Eucalyptus grandis' 'Citrullus lanatus' 'Spondias mombin' 'Brassica juncea' 'Lotus japonicus' 'Geranium maderense' 'Spondias tuberosa' 'Morus notabilis' 'Senna occidentalis' 'Gossypium raimondii' 'Phaseolus vulgaris' 'Gossypium hirsutum' 'Sophora flavescens' 'Brassica nigra' 'Tamarindus indica' 'Brassica rapa subsp. oleifera' 'Carica papaya' 'Salix suchowensis' 'Manihot esculenta' 'Corchorus capsularis' 'Arabis alpina' 'Bombax ceiba' 'Gossypium davidsonii' 'Brassica oleracea' 'Glycine max' 'Glycine soja' 'Salix purpurea' 'Ricinus communis' 'Vigna angularis' 'Lagerstroemia indica' 'Libidibia coriaria' 'Ammopiptanthus mongolicus' 'Brassica carinata' 'Leucaena trichandra' 'Styphnolobium japonicum' 'Boechera stricta' 'Sinapis arvensis' 'Gossypium arboreum' 'Capsella rubella' 'Populus tremula' 'Medicago truncatula' 'Arabidopsis thaliana' 'Malus domestica' --tree >  /dev/shm/tmp/mt-rosids/species.tree.tmp`
2020-03-27 19:00:05,725 -INFO- using speceis tree `/dev/shm/tmp/ogap_db/mt-rosids/species.treefile`
2020-03-27 19:00:05,726 -INFO- writing protein sequences into /dev/shm/tmp/mt-rosids/prot
2020-03-27 19:00:06,531 -INFO- 68 taxa: ['Acacia ligulata', 'Ammopiptanthus mongolicus', 'Arabidopsis thaliana', 'Arabis alpina', 'Batis maritima', 'Boechera stricta', 'Bombax ceiba', 'Brassica carinata', 'Brassica juncea', 'Brassica napus', 'Brassica nigra', 'Brassica oleracea', 'Brassica rapa subsp. oleifera', 'Cannabis sativa', 'Capsella rubella', 'Carica papaya', 'Citrullus lanatus', 'Citrus sinensis', 'Corchorus capsularis', 'Corchorus olitorius', 'Cucumis sativus', 'Cucurbita pepo', 'Eriobotrya japonica', 'Eucalyptus grandis', 'Geranium maderense', 'Glycine max', 'Glycine soja', 'Gossypium arboreum', 'Gossypium barbadense', 'Gossypium davidsonii', 'Gossypium harknessii', 'Gossypium hirsutum', 'Gossypium raimondii', 'Gossypium thurberi', 'Gossypium trilobum', 'Haematoxylum brasiletto', 'Hibiscus cannabinus', 'Lagerstroemia indica', 'Leucaena trichandra', 'Libidibia coriaria', 'Lotus japonicus', 'Malus domestica', 'Manihot esculenta', 'Medicago truncatula', 'Morus notabilis', 'Phaseolus vulgaris', 'Pongamia pinnata', 'Populus alba', 'Populus davidiana', 'Populus tremula', 'Populus tremula x Populus alba', 'Prunus avium', 'Raphanus sativus', 'Ricinus communis', 'Salix purpurea', 'Salix suchowensis', 'Senna occidentalis', 'Senna tora', 'Sinapis arvensis', 'Sophora flavescens', 'Spondias mombin', 'Spondias tuberosa', 'Styphnolobium japonicum', 'Tamarindus indica', 'Vigna angularis', 'Vigna radiata', 'Vitis vinifera', 'Ziziphus jujuba']
2020-03-27 19:00:06,779 -INFO- get taxon `root;cellular organisms;Eukaryota;Viridiplantae;Streptophyta;Streptophytina;Embryophyta;Tracheophyta;Euphyllophyta;Spermatophyta;Magnoliopsida;Mesangiospermae;eudicotyledons;Gunneridae;Pentapetalae;rosids` from Counter({u'root;cellular organisms;Eukaryota;Viridiplantae;Streptophyta;Streptophytina;Embryophyta;Tracheophyta;Euphyllophyta;Spermatophyta;Magnoliopsida;Mesangiospermae;eudicotyledons;Gunneridae;Pentapetalae;rosids': 68})
2020-03-27 19:00:06,795 -INFO- get transl_table `1` from Counter({1: 2960})
2020-03-27 19:00:06,796 -INFO- running OrthoFinder to cluster genes
2020-03-27 19:00:06,796 -INFO- run CMD: `orthofinder.py -f /dev/shm/tmp/mt-rosids/prot -M msa -T fasttree -t 24  -og`
2020-03-27 19:04:17,462 -INFO- parsing OrthoFinder orthologs
2020-03-27 19:04:17,463 -INFO- parsing orthologs group into /dev/shm/tmp/mt-rosids/alns
2020-03-27 19:04:17,538 -INFO- using min_count=5.44 to get gene name
2020-03-27 19:04:24,731 -INFO- get gene name `ccmFn` from Counter({'ccmFn': 33, 'ccmFN': 22, 'ccmFN1': 10, 'ccmFN2': 9, 'ccmfn': 1, 'ccmF': 1, 'ccmFn2': 1, 'CcmFN2': 1, 'orf178': 1, 'ccbFn': 1})
2020-03-27 19:04:24,731 -INFO- using gene name `ccmFn`
2020-03-27 19:04:27,691 -INFO- get gene name `atp1` from Counter({'atp1': 67, 'atpA': 3, 'atp1-1': 1})
2020-03-27 19:04:27,692 -INFO- using gene name `atp1`
   remove gene Ammopiptanthus_mongolicus|atp1 with length 763 out of [483.0, 533.0]
   remove gene Senna_tora|atp1 with length 707 out of [483.0, 533.0]
   remove gene Sophora_flavescens|atp1 with length 667 out of [483.0, 533.0]
2020-03-27 19:04:30,062 -INFO- get gene name `nad4` from Counter({'nad4': 67, 'nad4a': 2, 'Spondias_mombin-gene120': 1, 'nad4b': 1, 'Spondias_tuberosa-gene26': 1})
2020-03-27 19:04:30,063 -INFO- using gene name `nad4`
   remove gene Ammopiptanthus_mongolicus|nad4 with length 223 out of [471.0, 519.0]
   remove gene Ammopiptanthus_mongolicus|nad4-199 with length 293 out of [471.0, 519.0]
   remove gene Ammopiptanthus_mongolicus|nad4a with length 175 out of [471.0, 519.0]
   remove gene Brassica_nigra|nad4 with length 134 out of [471.0, 519.0]
   remove gene Brassica_nigra|nad4a with length 175 out of [471.0, 519.0]
   remove gene Brassica_nigra|nad4b with length 171 out of [471.0, 519.0]
   remove gene Cannabis_sativa|nad4 with length 354 out of [471.0, 519.0]
   remove gene Citrus_sinensis|nad4 with length 315 out of [471.0, 519.0]
   remove gene Corchorus_olitorius|nad4 with length 463 out of [471.0, 519.0]
   remove gene Leucaena_trichandra|nad4 with length 385 out of [471.0, 519.0]
   remove gene Morus_notabilis|nad4 with length 353 out of [471.0, 519.0]
   remove gene Spondias_mombin|gene120 with length 346 out of [471.0, 519.0]
   remove gene Spondias_tuberosa|gene26 with length 171 out of [471.0, 519.0]
   remove gene Vigna_angularis|nad4 with length 525 out of [471.0, 519.0]
2020-03-27 19:04:32,353 -INFO- get gene name `atp6` from Counter({'atp6': 67, 'atp6-1': 1})
2020-03-27 19:04:32,354 -INFO- using gene name `atp6`
2020-03-27 19:04:34,481 -INFO- get gene name `nad9` from Counter({'nad9': 68})
2020-03-27 19:04:34,482 -INFO- using gene name `nad9`
   remove gene Sophora_flavescens|nad9 with length 222 out of [166.0, 214.0]
2020-03-27 19:04:36,765 -INFO- get gene name `ccmFc` from Counter({'ccmFc': 37, 'ccmFC': 27, 'ccmfc': 2, 'ccmFC1': 1, 'ccmFC2': 1, 'orf298': 1})
2020-03-27 19:04:36,765 -INFO- using gene name `ccmFc`
   remove gene Ammopiptanthus_mongolicus|ccmfc with length 316 out of [362.0, 532.0]
   remove gene Brassica_nigra|ccmFC1 with length 218 out of [362.0, 532.0]
   remove gene Brassica_nigra|ccmFC2 with length 298 out of [362.0, 532.0]
   remove gene Glycine_soja|orf298 with length 298 out of [362.0, 532.0]
   remove gene Sophora_flavescens|ccmFc with length 239 out of [362.0, 532.0]
   remove gene Spondias_mombin|ccmFc with length 534 out of [362.0, 532.0]
   remove gene Spondias_tuberosa|ccmFc with length 553 out of [362.0, 532.0]
2020-03-27 19:04:39,207 -INFO- get gene name `atp9` from Counter({'atp9': 66, 'atp9-1': 1})
2020-03-27 19:04:39,208 -INFO- using gene name `atp9`
2020-03-27 19:04:42,252 -INFO- get gene name `cox2` from Counter({'cox2': 56, 'cox2-1': 7, 'cox2-2': 3, 'ORF278': 1, 'orf298': 1, 'ORF300': 1})
2020-03-27 19:04:42,252 -INFO- using gene name `cox2`
   remove gene Brassica_juncea|cox2-2 with length 440 out of [124.0, 413.0]
   remove gene Brassica_napus|cox2-2 with length 440 out of [124.0, 413.0]
   remove gene Brassica_rapa_subsp._oleifera|cox2-2 with length 440 out of [124.0, 413.0]
   remove gene Styphnolobium_japonicum|cox2 with length 446 out of [124.0, 413.0]
2020-03-27 19:04:43,666 -INFO- get gene name `nad7` from Counter({'nad7': 68, 'amoMp16': 1, 'orf173': 1})
2020-03-27 19:04:43,667 -INFO- using gene name `nad7`
   remove gene Ammopiptanthus_mongolicus|amoMp16 with length 771 out of [370.0, 418.0]
   remove gene Ammopiptanthus_mongolicus|nad7 with length 171 out of [370.0, 418.0]
   remove gene Brassica_nigra|nad7 with length 155 out of [370.0, 418.0]
   remove gene Brassica_nigra|orf173 with length 173 out of [370.0, 418.0]
   remove gene Lagerstroemia_indica|nad7 with length 447 out of [370.0, 418.0]
   remove gene Spondias_mombin|nad7 with length 357 out of [370.0, 418.0]
   remove gene Spondias_tuberosa|nad7 with length 62 out of [370.0, 418.0]
2020-03-27 19:04:45,224 -INFO- get gene name `nad2` from Counter({'nad2': 67, 'orf127d': 2, 'orf101': 1})
2020-03-27 19:04:45,224 -INFO- using gene name `nad2`
   remove gene Ammopiptanthus_mongolicus|nad2 with length 63 out of [462.0, 512.0]
   remove gene Ammopiptanthus_mongolicus|nad2-332 with length 196 out of [462.0, 512.0]
   remove gene Ammopiptanthus_mongolicus|orf127d with length 245 out of [462.0, 512.0]
   remove gene Batis_maritima|orf127d with length 127 out of [462.0, 512.0]
   remove gene Bombax_ceiba|nad2 with length 305 out of [462.0, 512.0]
   remove gene Brassica_nigra|nad2 with length 214 out of [462.0, 512.0]
   remove gene Corchorus_capsularis|nad2 with length 523 out of [462.0, 512.0]
   remove gene Glycine_soja|nad2 with length 176 out of [462.0, 512.0]
   remove gene Glycine_soja|orf101-285 with length 101 out of [462.0, 512.0]
   remove gene Lagerstroemia_indica|nad2 with length 514 out of [462.0, 512.0]
   remove gene Leucaena_trichandra|nad2 with length 190 out of [462.0, 512.0]
   remove gene Sophora_flavescens|nad2 with length 460 out of [462.0, 512.0]
   remove gene Spondias_mombin|nad2 with length 173 out of [462.0, 512.0]
   remove gene Spondias_tuberosa|nad2 with length 173 out of [462.0, 512.0]
2020-03-27 19:04:45,651 -INFO- get gene name `atp4` from Counter({'atp4': 67, 'orf25': 1})
2020-03-27 19:04:45,652 -INFO- using gene name `atp4`
2020-03-27 19:04:47,091 -INFO- get gene name `nad3` from Counter({'nad3': 66})
2020-03-27 19:04:47,091 -INFO- using gene name `nad3`
   remove gene Sophora_flavescens|nad3 with length 336 out of [94.0, 142.0]
2020-03-27 19:04:47,095 -INFO- get gene name `ccmB` from Counter({'ccmB': 66, 'ccbB': 1, 'ccmb': 1})
2020-03-27 19:04:47,095 -INFO- using gene name `ccmB`
   remove gene Ammopiptanthus_mongolicus|ccmb with length 100 out of [182.0, 230.0]
2020-03-27 19:04:47,098 -INFO- get gene name `nad6` from Counter({'nad6': 68})
2020-03-27 19:04:47,098 -INFO- using gene name `nad6`
   remove gene Ammopiptanthus_mongolicus|nad6 with length 138 out of [181.0, 230.0]
2020-03-27 19:04:47,101 -INFO- get gene name `ccmC` from Counter({'ccmC': 66, 'ccbC': 1, 'ccmc': 1})
2020-03-27 19:04:47,101 -INFO- using gene name `ccmC`
   remove gene Ammopiptanthus_mongolicus|ccmc with length 328 out of [214.0, 282.0]
   remove gene Sophora_flavescens|ccmC with length 328 out of [214.0, 282.0]
2020-03-27 19:04:47,576 -INFO- get gene name `cox3` from Counter({'cox3': 67})
2020-03-27 19:04:47,576 -INFO- using gene name `cox3`
2020-03-27 19:04:47,580 -INFO- get gene name `cox1` from Counter({'cox1': 67})
2020-03-27 19:04:47,580 -INFO- using gene name `cox1`
   remove gene Ammopiptanthus_mongolicus|cox1 with length 595 out of [503.0, 552.0]
   remove gene Malus_domestica|cox1 with length 495 out of [503.0, 552.0]
   remove gene Prunus_avium|cox1 with length 495 out of [503.0, 552.0]
2020-03-27 19:04:49,479 -INFO- get gene name `nad5` from Counter({'nad5': 62, 'Spondias_mombin-gene54': 1, 'Spondias_tuberosa-gene112': 1})
2020-03-27 19:04:49,479 -INFO- using gene name `nad5`
   remove gene Ammopiptanthus_mongolicus|nad5 with length 541 out of [634.0, 702.0]
   remove gene Ammopiptanthus_mongolicus|nad5-369 with length 492 out of [634.0, 702.0]
   remove gene Brassica_nigra|nad5 with length 399 out of [634.0, 702.0]
   remove gene Corchorus_olitorius|nad5 with length 478 out of [634.0, 702.0]
   remove gene Spondias_mombin|gene54 with length 483 out of [634.0, 702.0]
   remove gene Spondias_tuberosa|gene112 with length 84 out of [634.0, 702.0]
2020-03-27 19:04:49,483 -INFO- get gene name `cob` from Counter({'cob': 66, 'cob2': 1})
2020-03-27 19:04:49,483 -INFO- using gene name `cob`
   remove gene Ammopiptanthus_mongolicus|cob with length 333 out of [368.0, 417.0]
2020-03-27 19:04:49,920 -INFO- get gene name `rps12` from Counter({'rps12': 65})
2020-03-27 19:04:49,921 -INFO- using gene name `rps12`
2020-03-27 19:04:49,924 -INFO- get gene name `matR` from Counter({'matR': 66})
2020-03-27 19:04:49,924 -INFO- using gene name `matR`
   remove gene Ammopiptanthus_mongolicus|matR with length 876 out of [544.25, 778.0]
   remove gene Lagerstroemia_indica|matR with length 412 out of [544.25, 778.0]
   remove gene Vitis_vinifera|matR with length 401 out of [544.25, 778.0]
2020-03-27 19:04:50,868 -INFO- get gene name `nad4L` from Counter({'nad4L': 61, 'nad4l': 2, 'nad4L-1': 1})
2020-03-27 19:04:50,869 -INFO- using gene name `nad4L`
2020-03-27 19:04:50,872 -INFO- get gene name `atp8` from Counter({'atp8': 65, 'orfB': 1})
2020-03-27 19:04:50,872 -INFO- using gene name `atp8`
   remove gene Eucalyptus_grandis|atp8 with length 82 out of [134.0, 184.0]
2020-03-27 19:04:51,930 -INFO- get gene name `mttB` from Counter({'mttB': 51, 'tatC': 8, 'orfX': 2, 'Raphanus_sativus-gene187': 1, 'Malus_domestica-gene7': 1})
2020-03-27 19:04:51,930 -INFO- using gene name `mttB`
2020-03-27 19:04:52,970 -INFO- get gene name `rps4` from Counter({'rps4': 63})
2020-03-27 19:04:52,971 -INFO- using gene name `rps4`
2020-03-27 19:04:54,024 -INFO- get gene name `nad1` from Counter({'nad1': 60, 'Spondias_tuberosa-gene76': 1, 'orf101b': 1, 'Spondias_mombin-gene50': 1})
2020-03-27 19:04:54,024 -INFO- using gene name `nad1`
   remove gene Batis_maritima|orf101b with length 101 out of [203.5, 433.0]
   remove gene Glycine_soja|nad1 with length 99 out of [203.5, 433.0]
   remove gene Spondias_mombin|gene50 with length 99 out of [203.5, 433.0]
   remove gene Spondias_tuberosa|gene76 with length 99 out of [203.5, 433.0]
2020-03-27 19:04:54,028 -INFO- get gene name `rps3` from Counter({'rps3': 64})
2020-03-27 19:04:54,028 -INFO- using gene name `rps3`
   remove gene Ammopiptanthus_mongolicus|rps3 with length 1041 out of [403.0, 709.0]
   remove gene Corchorus_olitorius|rps3 with length 325 out of [403.0, 709.0]
   remove gene Leucaena_trichandra|rps3 with length 353 out of [403.0, 709.0]
2020-03-27 19:04:54,500 -INFO- get gene name `rpl5` from Counter({'rpl5': 57, 'rp15': 2, 'rpL5': 1})
2020-03-27 19:04:54,500 -INFO- using gene name `rpl5`
   remove gene Ammopiptanthus_mongolicus|rpl5 with length 283 out of [161.0, 211.0]
2020-03-27 19:04:54,932 -INFO- get gene name `rpl16` from Counter({'rpl16': 58, 'rpL16': 1})
2020-03-27 19:04:54,932 -INFO- using gene name `rpl16`
2020-03-27 19:04:55,430 -INFO- get gene name `rps14` from Counter({'rps14': 50, 'orf120': 1})
2020-03-27 19:04:55,430 -INFO- using gene name `rps14`
   remove gene Malus_domestica|rps14 with length 71 out of [76.0, 124.0]
   remove gene Prunus_avium|rps14 with length 58 out of [76.0, 124.0]
   remove gene Spondias_tuberosa|rps14 with length 41 out of [76.0, 124.0]
2020-03-27 19:04:57,320 -INFO- get gene name `rpl2` from Counter({'rpl2': 42, 'rpL2': 1, 'amoMp28': 1})
2020-03-27 19:04:57,321 -INFO- using gene name `rpl2`
   remove gene Ammopiptanthus_mongolicus|amoMp28 with length 133 out of [202.0, 478.25]
   remove gene Citrus_sinensis|rpl2 with length 133 out of [202.0, 478.25]
   remove gene Spondias_mombin|rpl2 with length 133 out of [202.0, 478.25]
2020-03-27 19:04:58,324 -INFO- get gene name `rps7` from Counter({'rps7': 43, 'orf155a': 1})
2020-03-27 19:04:58,325 -INFO- using gene name `rps7`
   remove gene Ammopiptanthus_mongolicus|orf155a with length 237 out of [124.0, 172.0]
2020-03-27 19:04:59,238 -INFO- get gene name `rps10` from Counter({'rps10': 42})
2020-03-27 19:04:59,238 -INFO- using gene name `rps10`
2020-03-27 19:04:59,241 -INFO- get gene name `sdh4` from Counter({'sdh4': 43, 'orf116': 1})
2020-03-27 19:04:59,241 -INFO- using gene name `sdh4`
2020-03-27 19:05:00,191 -INFO- get gene name `rps1` from Counter({'rps1': 39, 'orf206': 1})
2020-03-27 19:05:00,191 -INFO- using gene name `rps1`
2020-03-27 19:05:00,194 -INFO- get gene name `rpl10` from Counter({'rpl10': 37, 'orf159': 1})
2020-03-27 19:05:00,194 -INFO- using gene name `rpl10`
   remove gene Ammopiptanthus_mongolicus|rpl10 with length 318 out of [138.0, 186.0]
2020-03-27 19:05:01,102 -INFO- get gene name `sdh3` from Counter({'sdh3': 24, 'sdh3-1': 1})
2020-03-27 19:05:01,102 -INFO- using gene name `sdh3`
2020-03-27 19:05:02,557 -INFO- get gene name `rps19` from Counter({'rps19': 13, 'rps19-1': 2})
2020-03-27 19:05:02,558 -INFO- using gene name `rps19`
   remove gene Hibiscus_cannabinus|rps19 with length 43 out of [70.0, 120.0]
   remove gene Ricinus_communis|rps19 with length 64 out of [70.0, 120.0]
2020-03-27 19:05:04,899 -INFO- get gene name `orf293` from Counter({'orf293': 2, 'orf277': 2, 'orf271': 2, 'orf288': 2, 'orf305': 2, 'orf286': 1, 'orf322': 1, 'ORF332': 1, 'orf311': 1, 'orf310': 1, 'orf195': 1, 'orf309': 1, 'ORF279': 1})
2020-03-27 19:05:04,899 -INFO- get gene name `rps13` from Counter({'rps13': 17})
2020-03-27 19:05:04,899 -INFO- using gene name `rps13`
2020-03-27 19:05:07,841 -INFO- get gene name `orf119` from Counter({'orf119': 5, 'orf448': 5, 'orf189': 2, 'Populus_alba-gene185': 1, 'orf133': 1, 'Populus_davidiana-gene181': 1, 'ORF217': 1, 'orf474': 1})
2020-03-27 19:05:07,842 -INFO- get gene name `orf101b` from Counter({'orf101b': 7, 'ORF127': 1, 'Populus_alba-gene2': 1, 'amoMp12': 1, 'orf145': 1, 'Populus_davidiana-gene2': 1, 'ORF215': 1})
2020-03-27 19:05:07,842 -INFO- using gene name `orf101b`
2020-03-27 19:05:07,844 -INFO- get gene name `orf113b` from Counter({'orf113b': 4, 'orf170': 2, 'psaA': 2, 'amoMp1': 1})
2020-03-27 19:05:08,321 -INFO- get gene name `orf100a` from Counter({'orf100a': 4, 'orf100c': 1, 'orf100b': 1, 'ycf2': 1, 'amoMp13': 1, 'amoMp10': 1})
2020-03-27 19:05:08,322 -INFO- get gene name `orf115a` from Counter({'orf115a': 6, 'orf185': 2, 'orf105a': 1})
2020-03-27 19:05:08,322 -INFO- using gene name `orf115a`
   remove gene Ammopiptanthus_mongolicus|orf185 with length 388 out of [91.0, 139.0]
   remove gene Vitis_vinifera|orf185 with length 184 out of [91.0, 139.0]
2020-03-27 19:05:08,324 -INFO- get gene name `orf100b` from Counter({'orf100b': 5, 'orf102': 1, 'orf100': 1, 'orf116d': 1, 'orf100a': 1})
2020-03-27 19:05:08,779 -INFO- get gene name `orf241` from Counter({'orf241': 2, 'sdh3': 2, 'orf142': 1, 'Populus_alba-gene138': 1, 'Populus_davidiana-gene133': 1})
2020-03-27 19:05:09,722 -INFO- get gene name `orf172-1` from Counter({'orf172-1': 1, 'orf214': 1, 'orf110': 1, 'orf110c': 1})
2020-03-27 19:05:09,723 -INFO- get gene name `orf124` from Counter({'orf124': 2, 'orf118': 2, 'orf120a': 1, 'orf123': 1, 'amoMp23': 1})
2020-03-27 19:05:09,723 -INFO- get gene name `orf115c` from Counter({'orf115c': 6, 'orf115b': 1})
2020-03-27 19:05:09,724 -INFO- using gene name `orf115c`
2020-03-27 19:05:09,725 -INFO- get gene name `orf109` from Counter({'orf109': 6, 'orf109a': 1})
2020-03-27 19:05:09,726 -INFO- using gene name `orf109`
2020-03-27 19:05:09,727 -INFO- get gene name `orf106b` from Counter({'orf106b': 5, 'orf106': 1, 'orf106c': 1})
2020-03-27 19:05:09,728 -INFO- get gene name `orf115d` from Counter({'orf115d': 7})
2020-03-27 19:05:09,728 -INFO- using gene name `orf115d`
2020-03-27 19:05:09,729 -INFO- get gene name `orf108b` from Counter({'orf108b': 7})
2020-03-27 19:05:09,729 -INFO- using gene name `orf108b`
2020-03-27 19:05:09,730 -INFO- get gene name `orf147` from Counter({'orf147': 4, 'orf141': 3})
2020-03-27 19:05:09,731 -INFO- get gene name `orf146` from Counter({'orf146': 6, 'orf106b': 1})
2020-03-27 19:05:09,731 -INFO- using gene name `orf146`
   remove gene Brassica_nigra|orf106b with length 106 out of [122.0, 170.0]
2020-03-27 19:05:09,732 -INFO- get gene name `orf257` from Counter({'orf257': 6, 'ycf1': 1})
2020-03-27 19:05:09,732 -INFO- using gene name `orf257`
2020-03-27 19:05:09,734 -INFO- get gene name `orf135` from Counter({'orf135': 6, 'orf333': 1})
2020-03-27 19:05:09,734 -INFO- using gene name `orf135`
   remove gene Vitis_vinifera|orf333 with length 221 out of [111.0, 159.0]
2020-03-27 19:05:09,735 -INFO- get gene name `orf113a` from Counter({'orf113a': 6, 'orf111': 1})
2020-03-27 19:05:09,735 -INFO- using gene name `orf113a`
2020-03-27 19:05:09,737 -INFO- get gene name `orf101a` from Counter({'orf101a': 7})
2020-03-27 19:05:09,737 -INFO- using gene name `orf101a`
2020-03-27 19:05:09,738 -INFO- get gene name `orf125` from Counter({'orf125': 4, 'orf108c': 2, 'orf142': 1})
2020-03-27 19:05:09,738 -INFO- get gene name `orf161` from Counter({'orf161': 7})
2020-03-27 19:05:09,738 -INFO- using gene name `orf161`
2020-03-27 19:05:09,739 -INFO- get gene name `orf104` from Counter({'orf104': 7})
2020-03-27 19:05:09,739 -INFO- using gene name `orf104`
2020-03-27 19:05:09,740 -INFO- get gene name `orf114` from Counter({'orf114': 6})
2020-03-27 19:05:09,740 -INFO- using gene name `orf114`
2020-03-27 19:05:09,741 -INFO- get gene name `orf120` from Counter({'orf120': 5, 'rps14': 1})
2020-03-27 19:05:09,741 -INFO- get gene name `orf116` from Counter({'orf116': 6})
2020-03-27 19:05:09,741 -INFO- using gene name `orf116`
2020-03-27 19:05:09,742 -INFO- get gene name `orf159` from Counter({'orf159': 6})
2020-03-27 19:05:09,742 -INFO- using gene name `orf159`
2020-03-27 19:05:09,742 -INFO- get gene name `orf115b` from Counter({'orf115b': 4, 'orf101': 1, 'orf101a': 1})
2020-03-27 19:05:09,743 -INFO- get gene name `orf108a` from Counter({'orf108a': 4, 'amoMp11': 1})
2020-03-27 19:05:09,743 -INFO- get gene name `orf117b` from Counter({'orf117b': 3, 'orf117': 2})
2020-03-27 19:05:09,743 -INFO- get gene name `orf110` from Counter({'orf110': 5})
2020-03-27 19:05:09,743 -INFO- get gene name `orf165` from Counter({'orf165': 2, 'rpoB': 1, 'rpob': 1})
2020-03-27 19:05:09,744 -INFO- get gene name `rbcL` from Counter({'rbcL': 2, 'orf225': 1, 'rbcl': 1})
2020-03-27 19:05:10,224 -INFO- get gene name `orf202` from Counter({'orf202': 2, 'amoMp14': 1, 'orf287': 1})
2020-03-27 19:05:10,224 -INFO- get gene name `orf106a` from Counter({'orf106a': 4})
2020-03-27 19:05:10,225 -INFO- get gene name `orf101f` from Counter({'orf101f': 4})
2020-03-27 19:05:10,225 -INFO- get gene name `orf123` from Counter({'orf123': 4})
2020-03-27 19:05:10,226 -INFO- get gene name `orf265` from Counter({'orf265': 2, 'orf261': 1, 'orf266': 1})
2020-03-27 19:05:10,226 -INFO- get gene name `orf101e` from Counter({'orf101e': 4})
2020-03-27 19:05:10,227 -INFO- get gene name `orf164` from Counter({'orf164': 4})
2020-03-27 19:05:10,227 -INFO- get gene name `orf117a` from Counter({'orf117a': 4})
2020-03-27 19:05:10,228 -INFO- get gene name `orf101c` from Counter({'orf101c': 4})
2020-03-27 19:05:10,228 -INFO- get gene name `orf101d` from Counter({'orf101d': 4})
2020-03-27 19:05:10,228 -INFO- get gene name `orf128` from Counter({'orf128': 4})
2020-03-27 19:05:10,229 -INFO- get gene name `orf112` from Counter({'orf112': 4})
2020-03-27 19:05:11,258 -INFO- get gene name `orf139-1` from Counter({'orf139-1': 1, 'orf139': 1})
2020-03-27 19:05:11,793 -INFO- get gene name `psbA` from Counter({'psbA': 2, 'amoMp3': 1})
2020-03-27 19:05:11,793 -INFO- get gene name `orf128` from Counter({'orf128': 2, 'amoMp17': 1})
2020-03-27 19:05:11,794 -INFO- get gene name `orf131` from Counter({'orf131': 3})
2020-03-27 19:05:11,794 -INFO- get gene name `orf138a` from Counter({'orf138a': 3})
2020-03-27 19:05:11,795 -INFO- get gene name `orf124` from Counter({'orf124': 3})
2020-03-27 19:05:11,795 -INFO- get gene name `orf132` from Counter({'orf132': 3})
2020-03-27 19:05:11,795 -INFO- get gene name `orf122` from Counter({'orf122': 3})
2020-03-27 19:05:12,302 -INFO- get gene name `orf250` from Counter({'orf250': 1, 'ORF234': 1})
2020-03-27 19:05:12,818 -INFO- get gene name `orf110` from Counter({'orf110': 1, 'orf110a': 1})
2020-03-27 19:05:12,819 -INFO- get gene name `orf136b` from Counter({'orf136b': 1, 'orf136': 1, 'ORF176': 1})
2020-03-27 19:05:13,329 -INFO- get gene name `petG` from Counter({'petG': 3})
2020-03-27 19:05:13,330 -INFO- get gene name `Populus_alba-gene21` from Counter({'Populus_alba-gene21': 1, 'ORF118': 1, 'Populus_davidiana-gene14': 1})
2020-03-27 19:05:13,331 -INFO- get gene name `dpo` from Counter({'dpo': 1, 'ORF498': 1})
2020-03-27 19:05:13,331 -INFO- get gene name `rpl14` from Counter({'rpl14': 2})
2020-03-27 19:05:13,332 -INFO- get gene name `rps11` from Counter({'rps11': 2})
2020-03-27 19:05:13,332 -INFO- get gene name `petA` from Counter({'petA': 1, 'cof': 1})
2020-03-27 19:05:13,332 -INFO- get gene name `orf148b` from Counter({'orf148b': 2})
2020-03-27 19:05:13,333 -INFO- get gene name `orf148` from Counter({'orf148': 1, 'amoMp15': 1})
2020-03-27 19:05:13,333 -INFO- get gene name `orf135` from Counter({'orf135': 1, 'amoMp22': 1})
2020-03-27 19:05:13,333 -INFO- get gene name `orf150` from Counter({'orf150': 1, 'orf110b': 1})
2020-03-27 19:05:13,334 -INFO- get gene name `amoMp24` from Counter({'amoMp24': 1, 'orf102': 1})
2020-03-27 19:05:13,334 -INFO- get gene name `orf160a` from Counter({'orf160a': 1, 'amoMp26': 1})
2020-03-27 19:05:13,335 -INFO- get gene name `ORF230` from Counter({'ORF230': 1, 'orf189': 1})
2020-03-27 19:05:13,335 -INFO- get gene name `orf224` from Counter({'orf224': 1, 'orf222': 1})
2020-03-27 19:05:13,335 -INFO- get gene name `orf188` from Counter({'orf188': 1, 'orf192': 1})
2020-03-27 19:05:13,336 -INFO- get gene name `orf105` from Counter({'orf105': 1, 'orf103': 1})
2020-03-27 19:05:13,336 -INFO- get gene name `psbM` from Counter({'psbM': 2})
2020-03-27 19:05:13,336 -INFO- get gene name `orf104` from Counter({'orf104': 1, 'orf104a': 1})
2020-03-27 19:05:13,337 -INFO- get gene name `orf129` from Counter({'orf129': 2})
2020-03-27 19:05:13,337 -INFO- get gene name `orf152` from Counter({'orf152': 2})
2020-03-27 19:05:13,337 -INFO- get gene name `orf100a` from Counter({'orf100a': 1, 'orf100': 1})
2020-03-27 19:05:13,338 -INFO- get gene name `orf110e` from Counter({'orf110e': 1, 'orf110': 1})
2020-03-27 19:05:13,338 -INFO- get gene name `orf109` from Counter({'orf109': 2})
2020-03-27 19:05:13,338 -INFO- get gene name `orf106` from Counter({'orf106': 1, 'orf106a': 1})
2020-03-27 19:05:13,339 -INFO- get gene name `orf114b` from Counter({'orf114b': 1, 'orf114': 1})
2020-03-27 19:05:13,339 -INFO- get gene name `orf117` from Counter({'orf117': 2})
2020-03-27 19:05:13,340 -INFO- get gene name `orf110b` from Counter({'orf110b': 1, 'orf110': 1})
2020-03-27 19:05:13,340 -INFO- get gene name `orf167` from Counter({'orf167': 2})
2020-03-27 19:05:13,340 -INFO- get gene name `orf151` from Counter({'orf151': 2})
2020-03-27 19:05:13,341 -INFO- get gene name `orf261` from Counter({'orf261': 2})
2020-03-27 19:05:13,341 -INFO- get gene name `orf107` from Counter({'orf107': 1, 'orf107a': 1})
2020-03-27 19:05:13,341 -INFO- get gene name `orf105a` from Counter({'orf105a': 1, 'orf105': 1})
2020-03-27 19:05:13,342 -INFO- get gene name `orf107b` from Counter({'orf107b': 1, 'orf123': 1})
2020-03-27 19:05:13,342 -INFO- get gene name `orf100b` from Counter({'orf100b': 1, 'orf100': 1})
2020-03-27 19:05:13,342 -INFO- get gene name `orf136` from Counter({'orf136': 1, 'orf136a': 1})
2020-03-27 19:05:13,343 -INFO- get gene name `orf103b` from Counter({'orf103b': 1, 'orf103': 1})
2020-03-27 19:05:13,343 -INFO- get gene name `orf215` from Counter({'orf215': 2})
2020-03-27 19:05:13,343 -INFO- get gene name `orf106` from Counter({'orf106': 1, 'orf106b': 1})
2020-03-27 19:05:13,344 -INFO- get gene name `orf114` from Counter({'orf114': 1, 'orf114a': 1})
2020-03-27 19:05:13,344 -INFO- get gene name `orf100c` from Counter({'orf100c': 1, 'orf100': 1})
2020-03-27 19:05:13,344 -INFO- get gene name `orf145` from Counter({'orf145': 2})
2020-03-27 19:05:13,345 -INFO- get gene name `orf103` from Counter({'orf103': 1, 'orf103c': 1})
2020-03-27 19:05:13,345 -INFO- get gene name `Populus_alba-gene42` from Counter({'Populus_alba-gene42': 1, 'Populus_davidiana-gene35': 1})
2020-03-27 19:05:13,345 -INFO- get gene name `Populus_alba-gene45` from Counter({'Populus_alba-gene45': 1, 'Populus_davidiana-gene38': 1})
2020-03-27 19:05:13,346 -INFO- get gene name `Populus_alba-gene106` from Counter({'Populus_alba-gene106': 1, 'Populus_davidiana-gene99': 1})
2020-03-27 19:05:13,346 -INFO- get gene name `Populus_davidiana-gene108` from Counter({'Populus_davidiana-gene108': 1, 'Populus_alba-gene115': 1})
2020-03-27 19:05:13,347 -INFO- get gene name `Populus_alba-gene129` from Counter({'Populus_alba-gene129': 1, 'Populus_davidiana-gene122': 1})
2020-03-27 19:05:13,347 -INFO- get gene name `Populus_alba-gene140` from Counter({'Populus_alba-gene140': 1, 'Populus_davidiana-gene135': 1})
2020-03-27 19:05:13,347 -INFO- get gene name `Populus_alba-gene156` from Counter({'Populus_alba-gene156': 1, 'Populus_davidiana-gene152': 1})
2020-03-27 19:05:13,347 -INFO- get gene name `Populus_davidiana-gene157` from Counter({'Populus_davidiana-gene157': 1, 'Populus_alba-gene161': 1})
2020-03-27 19:05:13,347 -INFO- get gene name `Populus_davidiana-gene184` from Counter({'Populus_davidiana-gene184': 1, 'Populus_alba-gene188': 1})
2020-03-27 19:05:13,348 -INFO- get gene name `Populus_davidiana-gene190` from Counter({'Populus_davidiana-gene190': 1, 'Populus_alba-gene194': 1})
2020-03-27 19:05:13,348 -INFO- get gene name `Populus_davidiana-gene192` from Counter({'Populus_davidiana-gene192': 1, 'Populus_alba-gene196': 1})
2020-03-27 19:05:13,348 -INFO- get gene name `Populus_alba-gene201` from Counter({'Populus_alba-gene201': 1, 'Populus_davidiana-gene197': 1})
2020-03-27 19:05:13,348 -INFO- get gene name `Populus_davidiana-gene211` from Counter({'Populus_davidiana-gene211': 1, 'Populus_alba-gene215': 1})
2020-03-27 19:05:13,348 -INFO- get gene name `Populus_davidiana-gene213` from Counter({'Populus_davidiana-gene213': 1, 'Populus_alba-gene217': 1})
2020-03-27 19:05:13,349 -INFO- get gene name `Populus_alba-gene225` from Counter({'Populus_alba-gene225': 1, 'Populus_davidiana-gene221': 1})
2020-03-27 19:05:13,349 -INFO- get gene name `Populus_alba-gene235` from Counter({'Populus_alba-gene235': 1, 'Populus_davidiana-gene229': 1})
2020-03-27 19:05:13,849 -INFO- get gene name `cox2` from Counter({'cox2': 2})
2020-03-27 19:05:13,859 -INFO- extrat 55 genes: ['atp1', 'atp4', 'atp6', 'atp8', 'atp9', 'ccmB', 'ccmC', 'ccmFc', 'ccmFn', 'cob', 'cox1', 'cox2', 'cox3', 'matR', 'mttB', 'nad1', 'nad2', 'nad3', 'nad4', 'nad4L', 'nad5', 'nad6', 'nad7', 'nad9', 'orf101a', 'orf101b', 'orf104', 'orf108b', 'orf109', 'orf113a', 'orf114', 'orf115a', 'orf115c', 'orf115d', 'orf116', 'orf135', 'orf146', 'orf159', 'orf161', 'orf257', 'rpl10', 'rpl16', 'rpl2', 'rpl5', 'rps1', 'rps10', 'rps12', 'rps13', 'rps14', 'rps19', 'rps3', 'rps4', 'rps7', 'sdh3', 'sdh4']
2020-03-27 19:05:13,859 -INFO- aligning sequences
2020-03-27 19:18:20,463 -INFO- building hmm profiles
2020-03-27 19:18:54,804 -INFO- building augustus profiles
2020-03-27 19:19:32,509 -INFO- training augustus models
/share/home/yuanqyk/.local/lib/python2.7/site-packages/Bio/SeqIO/InsdcIO.py:687: BiopythonWarning: Increasing length of locus line to allow long name. This will result in fields that are not in usual positions.
  BiopythonWarning,
2020-03-27 19:26:05,057 -INFO- writing ('rRNA', 'tRNA') sequences into /dev/shm/tmp/mt-rosids/rrna
2020-03-27 19:26:05,423 -INFO- running OrthoFinder to cluster genes
2020-03-27 19:26:05,423 -INFO- run CMD: `orthofinder.py -f /dev/shm/tmp/mt-rosids/rrna -M msa -T fasttree -t 24 -S blastn -og`
2020-03-27 19:31:28,602 -INFO- parsing OrthoFinder orthologs
2020-03-27 19:31:28,603 -INFO- parsing orthologs group into /dev/shm/tmp/mt-rosids/alns
2020-03-27 19:31:28,645 -INFO- using min_count=2.72 to get gene name
2020-03-27 19:31:40,385 -INFO- get gene name `trnfM-CAU` from Counter({'trnfM': 19, 'trnfM-CAU': 12, 'trnM': 11, 'trnfM-CAT': 5, 'trnfM-1': 4, 'trnM-CAU': 4, 'trnfM-2': 3, 'trnM-CAT': 3, 'tRNA-fMet': 2, 'trnM-cat': 2, 'trnfM-cau': 2, 'tRNA-fMet-CAU': 2, 'trnfM-3': 1, 'tRNA-fMet-CAT': 1, 'trnfMet-CAU': 1, 'Sinapis_arvensis-gene44': 1})
2020-03-27 19:31:40,385 -INFO- using gene name `trnfM-CAU`
2020-03-27 19:31:46,843 -INFO- get gene name `rrn26` from Counter({'rrn26': 34, 'rrnL': 21, '26rrn': 2, 'Gossypium_harknessii-gene213': 1, 'rrL': 1, 'rRNA26': 1, 'Sinapis_arvensis-gene40': 1, 'rnl': 1, 'rrn26S': 1, '26Srrn': 1, 'Salix_purpurea-gene202': 1, 'Raphanus_sativus-gene127': 1, 'Gossypium_hirsutum-gene212': 1, 'Lagerstroemia_indica-gene192': 1})
2020-03-27 19:31:46,843 -INFO- using gene name `rrn26`
2020-03-27 19:31:53,206 -INFO- get gene name `trnW-CCA-cp` from Counter({'trnW-CCA': 28, 'trnW': 25, 'trnW-cp': 3, 'tRNA-Trp-CCA': 2, 'trnW-cca': 2, 'tRNA-Trp': 2, 'tRNA-Trp-CCA-cp': 1, 'trnW-CCA-cp': 1, 'Sinapis_arvensis-gene167': 1})
2020-03-27 19:31:53,206 -INFO- using gene name `trnW-CCA-cp`
2020-03-27 19:31:58,095 -INFO- get gene name `trnN-GUU-cp` from Counter({'trnN': 27, 'trnN-GUU': 20, 'trnN-GTT': 6, 'trnN-cp': 4, 'trnN-GTT-cp': 2, 'tRNA-Asn': 2, 'tRNA-Asn-GUU': 2, 'trnN-GUU-cp': 2, 'Sinapis_arvensis-gene110': 1, 'tRNA-Asn-GTT': 1, 'trnN-gtt': 1, 'trnN-guu': 1, 'trnX-Xxx': 1, 'trnD-GUC': 1})
2020-03-27 19:31:58,095 -INFO- using gene name `trnN-GUU-cp`
2020-03-27 19:32:01,997 -INFO- get gene name `rrn5` from Counter({'rrn5': 59, '5rrn': 2, 'rRNA5': 1, 'Gossypium_harknessii-gene162': 1, 'rrn5S': 1, 'Gossypium_hirsutum-gene164': 1, '5Srrn': 1, 'Raphanus_sativus-gene109': 1, 'Sinapis_arvensis-gene224': 1})
2020-03-27 19:32:01,997 -INFO- using gene name `rrn5`
   remove gene Corchorus_olitorius|rrn5 with length 50 out of [92.0, 143.0]
2020-03-27 19:32:06,626 -INFO- get gene name `trnH-GUG-cp` from Counter({'trnH': 25, 'trnH-GUG': 21, 'trnH-GTG': 6, 'trnH-cp': 3, 'tRNA-His-GUG': 2, 'trnH-GTG-cp': 2, 'tRNA-His': 2, 'Sinapis_arvensis-gene175': 1, 'trnH-gtg': 1, 'tRNA-His-GTG-cp': 1, 'trnH-GUG-cp': 1, 'trnH-gug': 1})
2020-03-27 19:32:06,627 -INFO- using gene name `trnH-GUG-cp`
2020-03-27 19:32:10,993 -INFO- get gene name `trnP-UGG` from Counter({'trnP': 23, 'trnP-UGG': 22, 'trnP-TGG': 12, 'tRNA-Pro': 2, 'tRNA-Pro-UGG': 2, 'trnF-TGG': 1, 'trnP-tgg': 1, 'Sinapis_arvensis-gene157': 1, 'tRNA-Pro-TGG': 1, 'trnP-ugg': 1})
2020-03-27 19:32:10,994 -INFO- using gene name `trnP-UGG`
2020-03-27 19:32:15,373 -INFO- get gene name `trnM-CAU-cp` from Counter({'trnM': 26, 'trnM-CAU': 20, 'trnM-CAT': 5, 'trnM-cp': 3, 'tRNA-Met-CAU': 2, 'trnM-CAT-cp': 2, 'Sinapis_arvensis-gene192': 1, 'tRNA-Met-CAT-cp': 1, 'tRNA-Met': 1, 'trbfM-CAU': 1, 'trnM-cat': 1, 'tRNA-met': 1, 'trnM-cau': 1, 'trnM-CAU-cp': 1})
2020-03-27 19:32:15,374 -INFO- using gene name `trnM-CAU-cp`
2020-03-27 19:32:18,805 -INFO- get gene name `rrn18` from Counter({'rrn18': 33, 'rrnS': 23, '18rrn': 2, 'rrn18S': 1, 'Gossypium_harknessii-gene160': 1, '18Srrn': 1, 'rRNA18': 1, 'Raphanus_sativus-gene111': 1, 'Gossypium_hirsutum-gene162': 1, 'Sinapis_arvensis-gene222': 1, 'rrS': 1})
2020-03-27 19:32:18,805 -INFO- using gene name `rrn18`
   remove gene Corchorus_olitorius|rrnS with length 72 out of [1111.0, 2709.0]
2020-03-27 19:32:22,789 -INFO- get gene name `trnK-UUU` from Counter({'trnK-UUU': 22, 'trnK': 20, 'trnK-TTT': 14, 'tRNA-Lys': 2, 'tRNA-Lys-UUU': 2, 'Sinapis_arvensis-gene4': 1, 'trnK-ttt': 1, 'tRNA-Lys-TTT': 1, 'trnK-uuu': 1})
2020-03-27 19:32:22,789 -INFO- using gene name `trnK-UUU`
2020-03-27 19:32:26,687 -INFO- get gene name `trnD-GUC-cp` from Counter({'trnD-GUC': 23, 'trnD': 22, 'trnD-GTC': 9, 'tRNA-Asp-GUC': 2, 'tRNA-Asp': 2, 'Sinapis_arvensis-gene2': 1, 'trnD-guc': 1, 'trnD-GUC-cp': 1, 'tRNA-Asp-GTC': 1, 'trnD-gtc': 1})
2020-03-27 19:32:26,687 -INFO- using gene name `trnD-GUC-cp`
2020-03-27 19:32:28,671 -INFO- get gene name `trnE-UUC` from Counter({'trnE-UUC': 25, 'trnE': 22, 'trnE-TTC': 14, 'tRNA-Glu-UUC': 2, 'tRNA-Glu-TTC': 1, 'tRNA-Glu': 1, 'trnE-ttc': 1, 'trnE-uuc': 1, 'Sinapis_arvensis-gene159': 1})
2020-03-27 19:32:28,671 -INFO- using gene name `trnE-UUC`
2020-03-27 19:32:29,685 -INFO- get gene name `trnQ-UUG` from Counter({'trnQ-UUG': 23, 'trnQ': 21, 'trnQ-TTG': 14, 'tRNA-Gln-UUG': 2, 'tRNA-Gln': 2, 'trnQ-uug': 1, 'trnQ-ttg': 1, 'Sinapis_arvensis-gene187': 1, 'tRNA-Gln-TTG': 1, 'trnQ-TTG-1': 1})
2020-03-27 19:32:29,686 -INFO- using gene name `trnQ-UUG`
2020-03-27 19:32:31,140 -INFO- get gene name `trnM-CAU` from Counter({'trnM-CAU': 19, 'trnI': 17, 'trnM': 7, 'trnM-CAT': 5, 'trnI-CAT': 5, 'trnI-CAU': 3, 'trnI-LAU': 1, 'Sinapis_arvensis-gene212': 1, 'trnI-cau': 1, 'trnM-cat': 1, 'tRNAI-CAT': 1, 'trnI-TAT': 1, 'tRNA-Met-CAT': 1, 'tRNA-Met-CAU': 1, 'tRNA-Ile-CAU': 1})
2020-03-27 19:32:31,140 -INFO- using gene name `trnM-CAU`
2020-03-27 19:32:32,126 -INFO- get gene name `trnG-GCC` from Counter({'trnG-GCC': 35, 'trnG': 21, 'tRNA-Gly-GCC': 3, 'tRNA-Gly': 2, 'trnG-gcc': 2, 'trnG-GCC-1': 1, 'Sinapis_arvensis-gene79': 1})
2020-03-27 19:32:32,126 -INFO- using gene name `trnG-GCC`
2020-03-27 19:32:33,102 -INFO- get gene name `trnY-GUA` from Counter({'trnY': 20, 'trnY-GUA': 18, 'trnY-GTA': 18, 'tRNA-Tyr-GUA': 2, 'tRNA-Tyr': 2, 'trnY-gua': 1, 'tRNA-Tyr-GTA': 1, 'trnY-gta': 1, 'Sinapis_arvensis-gene108': 1})
2020-03-27 19:32:33,103 -INFO- using gene name `trnY-GUA`
2020-03-27 19:32:34,647 -INFO- get gene name `trnC-GCA` from Counter({'trnC-GCA': 31, 'trnC': 19, 'trnC-GCA-2': 3, 'tRNA-Cys-GCA': 3, 'trnC-gca': 2, 'tRNA-Cys': 2, 'trnc': 1, 'Sinapis_arvensis-gene155': 1, 'trnC-1': 1})
2020-03-27 19:32:34,648 -INFO- using gene name `trnC-GCA`
2020-03-27 19:32:37,062 -INFO- get gene name `trnS-GCU` from Counter({'trnS-GCU': 21, 'trnS': 19, 'trnS-GCT': 8, 'tRNA-Ser': 2, 'tRNA-Ser-GCU': 1, 'tRNA-Ser-GCT': 1, 'trnS-gcu': 1, 'Sinapis_arvensis-gene173': 1, 'trnS-gct': 1})
2020-03-27 19:32:37,063 -INFO- using gene name `trnS-GCU`
2020-03-27 19:32:39,473 -INFO- get gene name `trnF-GAA` from Counter({'trnF-GAA': 34, 'trnF': 12, 'tRNA-Phe-GAA': 3, 'trnF-gaa': 2, 'trnY': 2, 'tRNA-Phe': 1})
2020-03-27 19:32:39,474 -INFO- using gene name `trnF-GAA`
2020-03-27 19:32:40,414 -INFO- get gene name `trnS-UGA` from Counter({'trnS-UGA': 17, 'trnS': 15, 'trnS-TGA': 7, 'trnS-UGU': 4, 'tRNA-Ser-UGA': 2, 'tRNA-Ser-TGA': 1, 'Sinapis_arvensis-gene138': 1, 'tRNA-Ser': 1, 'trnS-TGT': 1})
2020-03-27 19:32:40,414 -INFO- using gene name `trnS-UGA`
2020-03-27 19:32:40,927 -INFO- get gene name `trnS-GGA-cp` from Counter({'trnS-GGA': 15, 'trnS': 14, 'trnS-GGA-cp': 2, 'tRNA-Ser-GGA-cp': 1, 'Sinapis_arvensis-gene23': 1, 'tRNA-Ser': 1})
2020-03-27 19:32:40,927 -INFO- using gene name `trnS-GGA-cp`
2020-03-27 19:32:42,412 -INFO- get gene name `trnI-TAT-cp` from Counter({'trnI-UAU': 8, 'trnM': 3, 'trnI': 1, 'tRNA-Met': 1, 'trnM-UAU': 1, 'tRNA-Ile-UAU': 1, 'trnM-CAT': 1, 'trnM-CAU': 1, 'tRNA-Ile': 1, 'trnI-CAU': 1, 'tRNA-Ile-TAT-cp': 1})
2020-03-27 19:32:42,412 -INFO- using gene name `trnI-TAT-cp`
2020-03-27 19:32:46,266 -INFO- get gene name `trnM-CAU` from Counter({'trnM-CAU': 6, 'trnfM-CAU': 1, 'trnM-CAT': 1, 'tRNA-Met-CAT': 1})
2020-03-27 19:32:46,266 -INFO- using gene name `trnM-CAU`
2020-03-27 19:32:47,757 -INFO- get gene name `trnP-UGG` from Counter({'trnP-UGG': 6, 'trnP': 4, 'trnP-TGG': 1, 'trnP-AGG': 1, 'trnP-GGG': 1, 'tRNA-Pro-GGG': 1, 'tRNA-Pro-UGG': 1})
2020-03-27 19:32:47,757 -INFO- using gene name `trnP-UGG`
2020-03-27 19:32:47,760 -INFO- get gene name `trnC-GCA` from Counter({'trnC': 5, 'trnC-GCA': 5, 'trnC-GCA-1': 3, 'trnC-gca': 1, 'trnC-2': 1})
2020-03-27 19:32:47,760 -INFO- using gene name `trnC-GCA`
2020-03-27 19:32:48,255 -INFO- get gene name `trnV-GAC-cp` from Counter({'trnV-GAC': 5, 'trnV': 4, 'trnV-gac': 1, 'tRNA-Val-GAC-cp': 1, 'tRNA-Val': 1})
2020-03-27 19:32:48,256 -INFO- using gene name `trnV-GAC-cp`
2020-03-27 19:32:49,196 -INFO- get gene name `trnL-CAA` from Counter({'trnL': 4, 'trnL-CAA': 3, 'Sinapis_arvensis-gene163': 1, 'trnW-CCA': 1, 'trnaL': 1})
2020-03-27 19:32:49,197 -INFO- using gene name `trnL-CAA`
2020-03-27 19:32:49,199 -INFO- get gene name `trnM-CAU` from Counter({'trnM-CAU': 5, 'trnM': 5, 'trnM-CAT': 1})
2020-03-27 19:32:49,199 -INFO- using gene name `trnM-CAU`
2020-03-27 19:32:49,201 -INFO- get gene name `trnP-TGG-cp` from Counter({'trnP-UGG': 6, 'trnP': 2, 'tRNA-Pro-TGG-cp': 1, 'trnP-TGG': 1})
2020-03-27 19:32:49,201 -INFO- using gene name `trnP-TGG-cp`
2020-03-27 19:32:49,203 -INFO- get gene name `trnD-GTC-cp` from Counter({'trnD-GUC': 7, 'tRNA-Asp-GTC-cp': 1})
2020-03-27 19:32:49,203 -INFO- using gene name `trnD-GTC-cp`
2020-03-27 19:32:49,692 -INFO- get gene name `trnF-GAA` from Counter({'trnF-GAA': 3, 'trnL-CAA': 1, 'trnF': 1})
2020-03-27 19:32:49,693 -INFO- using gene name `trnF-GAA`
2020-03-27 19:32:49,695 -INFO- get gene name `trnT-UGU` from Counter({'trnT': 2, 'trnT-UGU': 2, 'trnM-CAT': 1, 'trnQ-UUG': 1, 'trnK-TTT': 1})
2020-03-27 19:32:49,695 -INFO- get gene name `trnV-GAC` from Counter({'trnV-GAC': 7})
2020-03-27 19:32:49,695 -INFO- using gene name `trnV-GAC`
2020-03-27 19:32:49,697 -INFO- get gene name `trnY-GTA` from Counter({'trnY': 2, 'trnY-GTA': 1, 'tRNA-Tyr-GUA': 1, 'tRNA-Tyr': 1})
2020-03-27 19:32:49,698 -INFO- get gene name `trnR-TCT` from Counter({'trnR': 2, 'trnR-TCT': 2, 'tRNA-Arg-UCU': 1})
2020-03-27 19:32:49,698 -INFO- get gene name `trnR-ACG` from Counter({'trnR': 3, 'trnR-ACG': 2})
2020-03-27 19:32:49,698 -INFO- using gene name `trnR-ACG`
2020-03-27 19:32:49,700 -INFO- get gene name `trnM-CAU` from Counter({'trnM-CAU': 4, 'trnH': 1})
2020-03-27 19:32:49,700 -INFO- using gene name `trnM-CAU`
2020-03-27 19:32:49,701 -INFO- get gene name `trnD-GUC` from Counter({'trnD-GUC': 3, 'trnD': 1, 'tRNA-Asp-GUC': 1})
2020-03-27 19:32:49,701 -INFO- using gene name `trnD-GUC`
2020-03-27 19:32:49,703 -INFO- get gene name `trnH-AUG` from Counter({'trnH-AUG': 4, 'trnH-ATG': 1})
2020-03-27 19:32:49,703 -INFO- using gene name `trnH-AUG`
2020-03-27 19:32:49,704 -INFO- get gene name `trnS-TGA` from Counter({'trnS': 3, 'trnS-TGA': 1})
2020-03-27 19:32:49,704 -INFO- using gene name `trnS-TGA`
2020-03-27 19:32:49,706 -INFO- get gene name `trnT-GGU` from Counter({'trnT': 2, 'tRNA-Thr-GGU': 1, 'trnT-GGT': 1})
2020-03-27 19:32:49,712 -INFO- get gene name `trnE-TTC` from Counter({'tRNA-Glu': 1, 'trnE-TTC': 1, 'trnE-UUC': 1, 'tRNA-Glu-UUC': 1})
2020-03-27 19:32:50,634 -INFO- get gene name `trnF-GAA` from Counter({'trnF-GAA': 1, 'tRNA-Phe-GAA': 1})
2020-03-27 19:32:50,635 -INFO- get gene name `trnK-CUU` from Counter({'trnK-CUU': 4})
2020-03-27 19:32:50,635 -INFO- using gene name `trnK-CUU`
2020-03-27 19:32:50,637 -INFO- get gene name `trnI-GAU` from Counter({'trnI-GAU': 3})
2020-03-27 19:32:50,637 -INFO- using gene name `trnI-GAU`
2020-03-27 19:32:50,639 -INFO- get gene name `trnQ-TTG` from Counter({'trnQ': 2, 'trnQ-TTG': 1})
2020-03-27 19:32:50,639 -INFO- get gene name `trnG-GCC` from Counter({'trnG-GCC': 2, 'trnG': 1})
2020-03-27 19:32:50,639 -INFO- get gene name `trnT-TGT` from Counter({'trnT': 1, 'trnT-TGT': 1, 'trnT-UGU': 1})
2020-03-27 19:32:50,640 -INFO- get gene name `trnC-GCA` from Counter({'trnC-GCA': 3})
2020-03-27 19:32:50,640 -INFO- using gene name `trnC-GCA`
2020-03-27 19:32:50,641 -INFO- get gene name `trnL-UAG` from Counter({'tRNA-Leu-UAG': 1, 'trnL': 1, 'trnL-TAG': 1})
2020-03-27 19:32:51,159 -INFO- get gene name `trnfM-CAU` from Counter({'trnfM-CAU': 2})
2020-03-27 19:32:51,160 -INFO- get gene name `trnM-CAT` from Counter({'trnM-CAT': 1, 'trnM': 1})
2020-03-27 19:32:51,161 -INFO- get gene name `trnS-GCT` from Counter({'trnS': 1, 'trnS-GCT': 1})
2020-03-27 19:32:51,161 -INFO- get gene name `trnS` from Counter({'trnS': 2})
2020-03-27 19:32:51,162 -INFO- get gene name `trnN-GUU` from Counter({'trnN-GUU': 1, 'tRNA-Asn-GUU': 1})
2020-03-27 19:32:51,162 -INFO- get gene name `trnfM-CAU` from Counter({'trnfM-CAU': 2})
2020-03-27 19:32:51,163 -INFO- get gene name `trnfM-CAU` from Counter({'trnfM-CAU': 2})
2020-03-27 19:32:51,163 -INFO- get gene name `trnfM-CAU` from Counter({'trnfM-CAU': 2})
2020-03-27 19:32:51,164 -INFO- get gene name `trnN-GUU` from Counter({'trnN-GUU': 2})
2020-03-27 19:32:51,164 -INFO- get gene name `trnX` from Counter({'trnX': 2})
2020-03-27 19:32:51,165 -INFO- get gene name `trnC` from Counter({'trnC': 2})
2020-03-27 19:32:51,165 -INFO- get gene name `trnE` from Counter({'trnE': 2})
2020-03-27 19:32:51,172 -INFO- extrat 40 genes: ['rrn18', 'rrn26', 'rrn5', 'trnC-GCA', 'trnC-GCA-24', 'trnC-GCA-48', 'trnD-GTC-cp', 'trnD-GUC', 'trnD-GUC-cp', 'trnE-UUC', 'trnF-GAA', 'trnF-GAA-30', 'trnG-GCC', 'trnH-AUG', 'trnH-GUG-cp', 'trnI-GAU', 'trnI-TAT-cp', 'trnK-CUU', 'trnK-UUU', 'trnL-CAA', 'trnM-CAU', 'trnM-CAU-22', 'trnM-CAU-27', 'trnM-CAU-36', 'trnM-CAU-cp', 'trnN-GUU-cp', 'trnP-TGG-cp', 'trnP-UGG', 'trnP-UGG-23', 'trnQ-UUG', 'trnR-ACG', 'trnS-GCU', 'trnS-GGA-cp', 'trnS-TGA', 'trnS-UGA', 'trnV-GAC', 'trnV-GAC-cp', 'trnW-CCA-cp', 'trnY-GUA', 'trnfM-CAU']
2020-03-27 19:32:51,172 -INFO- aligning sequences
2020-03-27 19:41:06,837 -INFO- building hmm profiles
