{'count': False, 'organ': 'mt', 'list': False, 'taxon': 'asterids', 'tmpdir': '/dev/shm/tmp', 'custom': None, 'cleanup': False, 'exclude_taxa': None, 'gbfiles': ['/share/home/nature/database/RefSeq/mitochondrion/mitochondrion.1.genomic.gbff.gz', '/share/home/nature/database/RefSeq/mitochondrion/mitochondrion.2.genomic.gbff.gz'], 'check': False, 'dbdir': None}
2020-03-21 21:45:28,256 -INFO- parsing ['/share/home/nature/database/RefSeq/mitochondrion/mitochondrion.1.genomic.gbff.gz', '/share/home/nature/database/RefSeq/mitochondrion/mitochondrion.2.genomic.gbff.gz']
2020-03-21 21:45:28,257 -INFO- version: RefSeq 2020-01-09: build 2020-03-21
loading from /dev/shm/tmp/ogap_db/taxonomy.json.gz
loading genbank records
`Leptocephalus sp. 'type II larva' (Smith, 1989)` is not found
`Himantura gerrardi` is not found
`Vazella pourtalesi` is not found
`Palpitomonas bilix Eukaryota.` is not found
`Eukaryota sp. BB2 Eukaryota.` is not found
`Ancoracysta twista Eukaryota.` is not found
`Cyprinus carpio x Megalobrama amblycephala` is not found
2020-03-21 21:57:22,052 -INFO- 32 records: 7 orders, 15 families, 27 genera, 32 organism
2020-03-21 21:57:22,052 -INFO- pruning taxa
2020-03-21 21:57:22,052 -INFO- 32 records: 7 orders, 15 families, 27 genera, 32 organism
2020-03-21 21:57:22,052 -INFO- building taxonomy tree
2020-03-21 21:57:22,052 -INFO- run CMD: `ete3 ncbiquery --search 'Ajuga reptans' 'Camellia sinensis' 'Solanum lycopersicum' 'Lactuca serriola' 'Bupleurum falcatum' 'Rhazya stricta' 'Lactuca saligna' 'Physochlaina orientalis' 'Diplostephium hartwegii' 'Hyoscyamus niger' 'Helianthus annuus' 'Nicotiana sylvestris' 'Chrysanthemum boreale' 'Ilex pubescens' 'Lactuca sativa' 'Hesperelaea palmeri' 'Nicotiana tabacum' 'Ipomoea nil' 'Cynanchum auriculatum' 'Castilleja paramensis' 'Nicotiana attenuata' 'Dorcoceras hygrometricum' 'Daucus carota subsp. sativus' 'Vaccinium macrocarpon' 'Salvia miltiorrhiza' 'Capsicum annuum' 'Erythranthe guttata' 'Asclepias syriaca' 'Platycodon grandiflorus' 'Codonopsis lanceolata' 'Solanum pennellii' 'Utricularia reniformis' --tree >  /dev/shm/tmp/mt-asterids/species.tree.tmp`
2020-03-21 21:57:37,851 -INFO- using speceis tree `/dev/shm/tmp/ogap_db/mt-asterids/species.treefile`
2020-03-21 21:57:37,851 -INFO- writing protein sequences into /dev/shm/tmp/mt-asterids/prot
2020-03-21 21:57:38,741 -INFO- 32 taxa: ['Ajuga reptans', 'Asclepias syriaca', 'Bupleurum falcatum', 'Camellia sinensis', 'Capsicum annuum', 'Castilleja paramensis', 'Chrysanthemum boreale', 'Codonopsis lanceolata', 'Cynanchum auriculatum', 'Daucus carota subsp. sativus', 'Diplostephium hartwegii', 'Dorcoceras hygrometricum', 'Erythranthe guttata', 'Helianthus annuus', 'Hesperelaea palmeri', 'Hyoscyamus niger', 'Ilex pubescens', 'Ipomoea nil', 'Lactuca saligna', 'Lactuca sativa', 'Lactuca serriola', 'Nicotiana attenuata', 'Nicotiana sylvestris', 'Nicotiana tabacum', 'Physochlaina orientalis', 'Platycodon grandiflorus', 'Rhazya stricta', 'Salvia miltiorrhiza', 'Solanum lycopersicum', 'Solanum pennellii', 'Utricularia reniformis', 'Vaccinium macrocarpon']
2020-03-21 21:57:38,843 -INFO- get taxon `root;cellular organisms;Eukaryota;Viridiplantae;Streptophyta;Streptophytina;Embryophyta;Tracheophyta;Euphyllophyta;Spermatophyta;Magnoliopsida;Mesangiospermae;eudicotyledons;Gunneridae;Pentapetalae;asterids` from Counter({u'root;cellular organisms;Eukaryota;Viridiplantae;Streptophyta;Streptophytina;Embryophyta;Tracheophyta;Euphyllophyta;Spermatophyta;Magnoliopsida;Mesangiospermae;eudicotyledons;Gunneridae;Pentapetalae;asterids': 32})
2020-03-21 21:57:38,864 -INFO- get transl_table `1` from Counter({1: 3750})
2020-03-21 21:57:38,864 -INFO- running OrthoFinder to cluster genes
2020-03-21 21:57:38,864 -INFO- run CMD: `orthofinder.py -f /dev/shm/tmp/mt-asterids/prot -M msa -T fasttree -t 24  -og`
2020-03-21 21:58:57,553 -INFO- parsing OrthoFinder orthologs
2020-03-21 21:58:57,554 -INFO- parsing orthologs group into /dev/shm/tmp/mt-asterids/alns
2020-03-21 21:58:57,652 -INFO- using min_count=3.2 to get gene name
2020-03-21 21:59:02,573 -INFO- get gene name `nad5` from Counter({'nad5': 30, 'ORF56': 1, 'ND5': 1, 'orf101c': 1})
2020-03-21 21:59:04,320 -INFO- get gene name `nad2` from Counter({'nad2': 29, 'orf101d': 1, 'ND2': 1, 'orf214': 1, 'Bupleurum_falcatum-gene121': 1, 'orf197': 1, 'orf204a': 1, 'orf190': 1})
2020-03-21 21:59:06,131 -INFO- get gene name `atp1` from Counter({'atp1': 34, 'orf226': 1, 'ATP1': 1, 'orf470': 1})
2020-03-21 21:59:07,877 -INFO- get gene name `ccmB` from Counter({'ccmB': 31})
2020-03-21 21:59:09,234 -INFO- get gene name `nad3` from Counter({'nad3': 30, 'ND3': 1})
2020-03-21 21:59:10,596 -INFO- get gene name `atp9` from Counter({'atp9': 29, 'ATP9': 1})
2020-03-21 21:59:11,033 -INFO- get gene name `ccmC` from Counter({'ccmC': 32})
2020-03-21 21:59:11,888 -INFO- get gene name `rps13` from Counter({'rps13': 31})
2020-03-21 21:59:12,328 -INFO- get gene name `cox3` from Counter({'cox3': 29, 'coxIII': 1, 'COX3': 1})
2020-03-21 21:59:12,800 -INFO- get gene name `ccmFn` from Counter({'ccmFn': 21, 'ccmFN': 10})
2020-03-21 21:59:13,262 -INFO- get gene name `rps12` from Counter({'rps12': 31})
2020-03-21 21:59:14,716 -INFO- get gene name `rps3` from Counter({'rps3': 28, 'rps3-1': 1, 'ccmFn': 1})
2020-03-21 21:59:15,172 -INFO- get gene name `nad6` from Counter({'nad6': 31, 'ND6': 1})
2020-03-21 21:59:16,104 -INFO- get gene name `nad9` from Counter({'nad9': 30, 'ND9': 1})
2020-03-21 21:59:16,987 -INFO- get gene name `atp6` from Counter({'atp6': 29, 'ORF387': 1, 'ATP6': 1})
2020-03-21 21:59:17,907 -INFO- get gene name `nad1` from Counter({'nad1': 29, 'ND1': 1})
2020-03-21 21:59:18,349 -INFO- get gene name `nad4` from Counter({'nad4': 29, 'orf171': 1, 'ND4': 1})
2020-03-21 21:59:19,218 -INFO- get gene name `atp8` from Counter({'atp8': 26, 'ATP8': 2, 'orfB': 2})
2020-03-21 21:59:19,644 -INFO- get gene name `ccmFc` from Counter({'ccmFc': 31})
2020-03-21 21:59:19,647 -INFO- get gene name `matR` from Counter({'matR': 29, 'mat-R': 3})
2020-03-21 21:59:21,406 -INFO- get gene name `rpl5` from Counter({'rpl5': 25, 'Bupleurum_falcatum-gene71': 1, 'rps15': 1})
2020-03-21 21:59:21,408 -INFO- get gene name `rps4` from Counter({'rps4': 31})
2020-03-21 21:59:21,409 -INFO- get gene name `cob` from Counter({'cob': 29, 'cytB': 1, 'CYTB': 1})
2020-03-21 21:59:23,253 -INFO- get gene name `rpl10` from Counter({'rpl10': 26, 'orf159b': 1})
2020-03-21 21:59:23,255 -INFO- get gene name `nad7` from Counter({'nad7': 29, 'ND7': 1})
2020-03-21 21:59:23,257 -INFO- get gene name `cox2` from Counter({'cox2': 29, 'COX2': 1})
2020-03-21 21:59:23,258 -INFO- get gene name `atp4` from Counter({'atp4': 27, 'orf25': 2, 'ATP4': 1})
2020-03-21 21:59:23,259 -INFO- get gene name `cox1` from Counter({'cox1': 28, 'COX1': 1, 'coxI': 1})
2020-03-21 21:59:23,260 -INFO- get gene name `nad4L` from Counter({'nad4L': 27, 'nad4l': 1, 'ND4L': 1})
2020-03-21 21:59:23,261 -INFO- get gene name `mttB` from Counter({'mttB': 24, 'orfX': 2, 'orf1': 1, 'tatC': 1})
2020-03-21 21:59:24,575 -INFO- get gene name `rpl16` from Counter({'rpl16': 23, 'rpl16-1': 1})
2020-03-21 21:59:26,378 -INFO- get gene name `rpl2` from Counter({'rpl2': 18, 'orf133': 1, 'orf293': 1, 'orf315': 1, 'orf172': 1})
2020-03-21 21:59:27,737 -INFO- get gene name `sdh3` from Counter({'sdh3': 17, 'ORF112': 1})
2020-03-21 21:59:28,630 -INFO- get gene name `rps1` from Counter({'rps1': 15, 'orf216': 1, 'orf152a': 1})
2020-03-21 21:59:28,631 -INFO- get gene name `sdh4` from Counter({'sdh4': 17, 'orf125e': 1})
2020-03-21 21:59:29,993 -INFO- get gene name `rps19` from Counter({'rps19': 14, 'rps16': 1})
2020-03-21 21:59:29,995 -INFO- get gene name `rps10` from Counter({'rps10': 17})
2020-03-21 21:59:30,876 -INFO- get gene name `rps14` from Counter({'rps14': 14})
2020-03-21 21:59:32,242 -INFO- get gene name `orf240` from Counter({'orf240': 1, 'orf99c': 1, 'Utricularia_reniformis-gene951': 1, 'orf142': 1, 'orf155': 1, 'orf125c': 1, 'Utricularia_reniformis-gene3110': 1, 'orf481': 1, 'orf208': 1, 'Utricularia_reniformis-gene3107': 1, 'Utricularia_reniformis-gene1946': 1, 'Utricularia_reniformis-gene1943': 1, 'orf543': 1})
2020-03-21 21:59:32,701 -INFO- get gene name `rps7` from Counter({'rps7': 12})
2020-03-21 21:59:33,154 -INFO- get gene name `Utricularia_reniformis-gene2685` from Counter({'Utricularia_reniformis-gene2685': 1, 'Utricularia_reniformis-gene2679': 1, 'Utricularia_reniformis-gene2682': 1, 'Utricularia_reniformis-gene1757': 1, 'orf297a': 1, 'orf107d': 1, 'dpo': 1, 'orf102i': 1})
2020-03-21 21:59:33,619 -INFO- get gene name `rps4` from Counter({'rps4': 3, 'orf873': 1, 'orf171a': 1, 'orf268': 1, 'orf317': 1})
2020-03-21 21:59:33,620 -INFO- get gene name `orf101` from Counter({'orf101': 2, 'orf59': 1, 'orf116': 1, 'Bupleurum_falcatum-gene9': 1, 'orf115b': 1})
2020-03-21 21:59:33,621 -INFO- get gene name `orf3` from Counter({'orf3': 2, 'Utricularia_reniformis-gene1605': 1, 'Bupleurum_falcatum-gene17': 1, 'orf103e': 1, 'orf103a': 1})
2020-03-21 21:59:34,622 -INFO- get gene name `orf279` from Counter({'orf279': 1, 'ORF290': 1, 'Utricularia_reniformis-gene4270': 1, 'Utricularia_reniformis-gene1049': 1, 'orf166b': 1, 'orf126': 1})
2020-03-21 21:59:35,559 -INFO- get gene name `orf274` from Counter({'orf274': 1, 'orf182b': 1, 'orf281': 1, 'orf115c': 1, 'orf264': 1})
2020-03-21 21:59:35,560 -INFO- get gene name `orf182a` from Counter({'orf182a': 2, 'orf166a': 1, 'orf185': 1})
2020-03-21 21:59:35,561 -INFO- get gene name `orf58` from Counter({'orf58': 1, 'orf147': 1, 'orf138a': 1, 'Utricularia_reniformis-gene3575': 1})
2020-03-21 21:59:36,024 -INFO- get gene name `Utricularia_reniformis-gene456` from Counter({'Utricularia_reniformis-gene456': 1, 'orf2': 1, 'rpo': 1, 'Utricularia_reniformis-gene2264': 1})
2020-03-21 21:59:36,025 -INFO- get gene name `rpl23` from Counter({'rpl23': 3})
2020-03-21 21:59:36,026 -INFO- get gene name `orf125f` from Counter({'orf125f': 1, 'Bupleurum_falcatum-gene54': 1, 'orf125a': 1})
2020-03-21 21:59:36,026 -INFO- get gene name `orf142` from Counter({'orf142': 1, 'Utricularia_reniformis-gene2122': 1, 'Bupleurum_falcatum-gene171': 1})
2020-03-21 21:59:36,027 -INFO- get gene name `RNAP` from Counter({'RNAP': 2, 'orf337': 1})
2020-03-21 21:59:36,483 -INFO- get gene name `Utricularia_reniformis-gene1572` from Counter({'Utricularia_reniformis-gene1572': 1, 'orf138b': 1})
2020-03-21 21:59:36,944 -INFO- get gene name `orf119a` from Counter({'orf119a': 1, 'orf118': 1})
2020-03-21 21:59:37,383 -INFO- get gene name `orf261` from Counter({'orf261': 1, 'orf265a': 1})
2020-03-21 21:59:37,384 -INFO- get gene name `orf42` from Counter({'orf42': 1, 'orf103d': 1, 'orf103c': 1})
2020-03-21 21:59:37,384 -INFO- get gene name `orf151` from Counter({'orf151': 1, 'orf123b': 1, 'orf152': 1})
2020-03-21 21:59:37,385 -INFO- get gene name `orf117a` from Counter({'orf117a': 2, 'Utricularia_reniformis-gene637': 1})
2020-03-21 21:59:37,876 -INFO- get gene name `Utricularia_reniformis-gene1532` from Counter({'Utricularia_reniformis-gene1532': 1, 'orf112a': 1})
2020-03-21 21:59:37,877 -INFO- get gene name `Utricularia_reniformis-gene1731` from Counter({'Utricularia_reniformis-gene1731': 1, 'orf121c': 1, 'orf103a': 1})
2020-03-21 21:59:37,877 -INFO- get gene name `Bupleurum_falcatum-gene96` from Counter({'Bupleurum_falcatum-gene96': 1, 'orf101c': 1})
2020-03-21 21:59:37,878 -INFO- get gene name `Utricularia_reniformis-gene386` from Counter({'Utricularia_reniformis-gene386': 1, 'Bupleurum_falcatum-gene101': 1})
2020-03-21 21:59:37,878 -INFO- get gene name `Bupleurum_falcatum-gene187` from Counter({'Bupleurum_falcatum-gene187': 1, 'Utricularia_reniformis-gene1611': 1})
2020-03-21 21:59:37,878 -INFO- get gene name `orf109a` from Counter({'orf109a': 1, 'orf109c': 1})
2020-03-21 21:59:37,879 -INFO- get gene name `Utricularia_reniformis-gene2748` from Counter({'Utricularia_reniformis-gene2748': 1, 'orf675': 1})
2020-03-21 21:59:37,879 -INFO- get gene name `orf102a` from Counter({'orf102a': 1, 'orf103b': 1})
2020-03-21 21:59:37,880 -INFO- get gene name `orf125d` from Counter({'orf125d': 1, 'orf125b': 1})
2020-03-21 21:59:37,880 -INFO- get gene name `orf104a` from Counter({'orf104a': 1, 'orf104': 1})
2020-03-21 21:59:37,880 -INFO- get gene name `orf122` from Counter({'orf122': 1, 'orf138a': 1})
2020-03-21 21:59:37,881 -INFO- get gene name `orf158` from Counter({'orf158': 1, 'orf239': 1})
2020-03-21 21:59:37,881 -INFO- get gene name `orf131b` from Counter({'orf131b': 1, 'orf131': 1})
2020-03-21 21:59:37,882 -INFO- get gene name `orf121b` from Counter({'orf121b': 1, 'orf121': 1})
2020-03-21 21:59:37,882 -INFO- get gene name `orf581` from Counter({'orf581': 1, 'psaB': 1})
2020-03-21 21:59:37,882 -INFO- get gene name `Utricularia_reniformis-gene2890` from Counter({'Utricularia_reniformis-gene2890': 1, 'orf105b': 1})
2020-03-21 21:59:37,883 -INFO- get gene name `orf111a` from Counter({'orf111a': 1, 'orf111': 1})
2020-03-21 21:59:37,883 -INFO- get gene name `orf122b` from Counter({'orf122b': 1, 'orf106b': 1})
2020-03-21 21:59:37,884 -INFO- get gene name `orf104c` from Counter({'orf104c': 1, 'orf104b': 1})
2020-03-21 21:59:37,884 -INFO- get gene name `orf117b` from Counter({'orf117b': 1, 'orf130a': 1})
2020-03-21 21:59:37,885 -INFO- get gene name `orf115` from Counter({'orf115': 1, 'orf115b': 1})
2020-03-21 21:59:37,885 -INFO- get gene name `orf102a` from Counter({'orf102a': 1, 'orf102g': 1})
2020-03-21 21:59:37,885 -INFO- get gene name `orf108c` from Counter({'orf108c': 1, 'orf222': 1})
2020-03-21 21:59:37,886 -INFO- get gene name `Utricularia_reniformis-gene4673` from Counter({'Utricularia_reniformis-gene4673': 1, 'orf102h': 1})
2020-03-21 21:59:37,886 -INFO- get gene name `Utricularia_reniformis-gene849` from Counter({'Utricularia_reniformis-gene849': 1, 'orf881': 1})
2020-03-21 21:59:37,886 -INFO- get gene name `orf108b` from Counter({'orf108b': 1, 'orf144': 1})
2020-03-21 21:59:37,887 -INFO- get gene name `orf123a` from Counter({'orf123a': 1, 'orf125b': 1})
2020-03-21 21:59:37,887 -INFO- get gene name `orf132b` from Counter({'orf132b': 1, 'orf175': 1})
2020-03-21 21:59:37,887 -INFO- get gene name `orf152` from Counter({'orf152': 1, 'orf152c': 1})
2020-03-21 21:59:37,888 -INFO- get gene name `orf108e` from Counter({'orf108e': 1, 'orf108': 1})
2020-03-21 21:59:37,888 -INFO- get gene name `rbcL` from Counter({'rbcL': 1, 'orf484': 1})
2020-03-21 21:59:37,888 -INFO- get gene name `atpB` from Counter({'atpB': 1, 'orf498': 1})
2020-03-21 21:59:37,888 -INFO- get gene name `orf147` from Counter({'orf147': 1, 'atpE': 1})
2020-03-21 21:59:37,889 -INFO- get gene name `orf102k` from Counter({'orf102k': 1, 'Utricularia_reniformis-gene1618': 1})
2020-03-21 21:59:37,889 -INFO- get gene name `orf121` from Counter({'orf121': 2})
2020-03-21 21:59:37,889 -INFO- get gene name `orf122c` from Counter({'orf122c': 2})
2020-03-21 21:59:37,889 -INFO- get gene name `petL` from Counter({'petL': 2})
2020-03-21 21:59:37,890 -INFO- get gene name `orf111a` from Counter({'orf111a': 2})
2020-03-21 21:59:37,890 -INFO- get gene name `Utricularia_reniformis-gene4623` from Counter({'Utricularia_reniformis-gene4623': 1, 'orf202': 1})
2020-03-21 21:59:37,890 -INFO- get gene name `orf131c` from Counter({'orf131c': 1, 'orf139': 1})
2020-03-21 21:59:37,890 -INFO- get gene name `orf304` from Counter({'orf304': 1, 'Utricularia_reniformis-gene2003': 1})
2020-03-21 21:59:37,890 -INFO- get gene name `orf129b` from Counter({'orf129b': 1, 'Utricularia_reniformis-gene893': 1})
2020-03-21 21:59:37,897 -INFO- extrat 39 genes: ['atp1', 'atp4', 'atp6', 'atp8', 'atp9', 'ccmB', 'ccmC', 'ccmFc', 'ccmFn', 'cob', 'cox1', 'cox2', 'cox3', 'matR', 'mttB', 'nad1', 'nad2', 'nad3', 'nad4', 'nad4L', 'nad5', 'nad6', 'nad7', 'nad9', 'rpl10', 'rpl16', 'rpl2', 'rpl5', 'rps1', 'rps10', 'rps12', 'rps13', 'rps14', 'rps19', 'rps3', 'rps4', 'rps7', 'sdh3', 'sdh4']
2020-03-21 21:59:37,897 -INFO- aligning sequences
2020-03-21 22:05:54,096 -INFO- building hmm profiles
2020-03-21 22:06:18,208 -INFO- building augustus profiles
2020-03-21 22:06:46,133 -INFO- training augustus models
/share/home/yuanqyk/.local/lib/python2.7/site-packages/Bio/SeqIO/InsdcIO.py:687: BiopythonWarning: Increasing length of locus line to allow long name. This will result in fields that are not in usual positions.
  BiopythonWarning,
2020-03-21 22:10:01,724 -INFO- writing ('rRNA', 'tRNA') sequences into /dev/shm/tmp/mt-asterids/rrna
2020-03-21 22:10:01,952 -INFO- running OrthoFinder to cluster genes
2020-03-21 22:10:01,952 -INFO- run CMD: `orthofinder.py -f /dev/shm/tmp/mt-asterids/rrna -M msa -T fasttree -t 24 -S blastn -og`
2020-03-21 22:11:35,949 -INFO- parsing OrthoFinder orthologs
2020-03-21 22:11:35,950 -INFO- parsing orthologs group into /dev/shm/tmp/mt-asterids/alns
2020-03-21 22:11:35,971 -INFO- using min_count=2 to get gene name
2020-03-21 22:11:40,739 -INFO- get gene name `rrn26` from Counter({'rrn26': 21, 'rrnL': 10, 'rrn26-1': 1})
2020-03-21 22:11:43,985 -INFO- get gene name `rrn18` from Counter({'rrn18': 21, 'rrnS': 10, 'Castilleja_paramensis-gene118': 1})
2020-03-21 22:11:49,065 -INFO- get gene name `trnfM-cau` from Counter({'trnM-CAT': 12, 'trnM-CAU': 6, 'trnfM-CAT': 3, 'trnfM-cau': 2, 'trnfM-CAU': 2, 'trnfM': 2, 'Vaccinium_macrocarpon-gene125': 1, 'trnM-CAU6': 1, 'trnfM-CAT-1': 1})
2020-03-21 22:11:51,919 -INFO- get gene name `rrn5` from Counter({'rrn5': 30, 'Vaccinium_macrocarpon-gene201': 1})
2020-03-21 22:11:53,341 -INFO- get gene name `trnP-ugg` from Counter({'trnP-TGG': 17, 'trnP-UGG': 10, 'trnP-ugg': 3, 'trnP': 1, 'Vaccinium_macrocarpon-gene92': 1})
2020-03-21 22:11:55,259 -INFO- get gene name `trnF-gaa` from Counter({'trnF-GAA': 27, 'trnF-gaa': 3, 'trnF': 1, 'Vaccinium_macrocarpon-gene94': 1})
2020-03-21 22:11:58,161 -INFO- get gene name `trnN-cp` from Counter({'trnN-GTT': 14, 'trnN-GUU': 10, 'trnN-guu': 3, 'trnN': 2, 'Vaccinium_macrocarpon-gene106': 1, 'trnN-cp': 1})
2020-03-21 22:11:59,939 -INFO- get gene name `trnI-cau` from Counter({'trnI-CAT': 7, 'trnM-CAT': 6, 'trnM-CAU': 6, 'trnI-CAU': 3, 'trnI': 2, 'trnI-cau': 2, 'trnM': 1, 'trnM-CAU2': 1, 'Vaccinium_macrocarpon-gene145': 1, 'trnI-CAT-1': 1, 'trnM-cau': 1})
2020-03-21 22:12:01,312 -INFO- get gene name `trnD-cp-GTC` from Counter({'trnD-GTC': 16, 'trnD-GUC': 9, 'trnD-guc': 3, 'trnD-cp-GTC': 1, 'trnQ-UUG': 1, 'trnD': 1, 'Vaccinium_macrocarpon-gene183': 1})
2020-03-21 22:12:03,169 -INFO- get gene name `trnK-UUU` from Counter({'trnK-TTT': 16, 'trnK-UUU': 10, 'trnK-uuu': 3, 'trnK': 1, 'Vaccinium_macrocarpon-gene45': 1})
2020-03-21 22:12:04,093 -INFO- get gene name `trnE-TTC` from Counter({'trnE-TTC': 17, 'trnE-UUC': 9, 'trnE-uuc': 3, 'trnE': 1, 'Vaccinium_macrocarpon-gene197': 1})
2020-03-21 22:12:05,451 -INFO- get gene name `trnS-GCU` from Counter({'trnS-GCT': 17, 'trnS-GCU': 10, 'trnS-gcu': 3, 'Vaccinium_macrocarpon-gene96': 1, 'trnS': 1})
2020-03-21 22:12:05,873 -INFO- get gene name `trnC-gca` from Counter({'trnC-GCA': 23, 'trnC': 5, 'trnC-gca': 3, 'Vaccinium_macrocarpon-gene104': 1})
2020-03-21 22:12:06,831 -INFO- get gene name `trnW-CCA` from Counter({'trnW-CCA': 25, 'trnW-cca': 3, 'trnW': 2, 'Vaccinium_macrocarpon-gene40': 1, 'trnW-cp-CCA': 1})
2020-03-21 22:12:09,114 -INFO- get gene name `trnM-cp-CAT` from Counter({'trnM-CAT': 16, 'trnM-CAU': 8, 'trnM-cau': 2, 'trnM-cp-CAT': 1, 'trnM': 1, 'Vaccinium_macrocarpon-gene35': 1, 'trnM-CAU4': 1, 'trnM-CAU5': 1, 'Vaccinium_macrocarpon-gene181': 1})
2020-03-21 22:12:09,571 -INFO- get gene name `trnY-gua` from Counter({'trnY-GTA': 16, 'trnY-GUA': 10, 'trnY-gua': 3, 'trnY': 1, 'Vaccinium_macrocarpon-gene108': 1})
2020-03-21 22:12:10,023 -INFO- get gene name `trnQ-TTG` from Counter({'trnQ-TTG': 17, 'trnQ-UUG': 8, 'trnQ-uug': 3, 'Vaccinium_macrocarpon-gene193': 1, 'trnQ': 1})
2020-03-21 22:12:10,972 -INFO- get gene name `trnG-gcc` from Counter({'trnG-GCC': 23, 'trnG-gcc': 3, 'trnG': 1})
2020-03-21 22:12:11,423 -INFO- get gene name `trnH-cp` from Counter({'trnH-GUG': 9, 'trnH-GTG': 9, 'trnH': 4, 'trnH-gug': 3, 'trnH-cp': 1, 'Vaccinium_macrocarpon-gene195': 1})
2020-03-21 22:12:11,425 -INFO- get gene name `trnS-TGA` from Counter({'trnS-TGA': 15, 'trnS-UGA': 6, 'trnS-uga': 3, 'Vaccinium_macrocarpon-gene147': 1})
2020-03-21 22:12:12,798 -INFO- get gene name `trnI-cp` from Counter({'trnL-CAA': 8, 'trnI-cau': 2, 'trnI-CAU': 2, 'trnI': 1, 'trnL-CAA3': 1, 'trnM-CAT': 1, 'trnM-cau': 1, 'trnI-CAT': 1, 'trnI-cp': 1})
2020-03-21 22:12:13,709 -INFO- get gene name `trnP-cp` from Counter({'trnP-TGG': 9, 'trnP': 2, 'trnP-ugg': 2, 'trnW-CCA': 2, 'trnL-GAG': 1, 'trnP-cp': 1})
2020-03-21 22:12:13,710 -INFO- get gene name `trnS-cp-GGA` from Counter({'trnS-GGA': 14, 'trnS-gga': 2, 'trnS-cp-GGA': 1})
2020-03-21 22:12:15,109 -INFO- get gene name `trnS-GCT` from Counter({'trnS-GCT': 5})
2020-03-21 22:12:16,489 -INFO- get gene name `trnfM-CAT` from Counter({'trnfM-CAT': 1, 'trnM-cau': 1, 'trnM-CAU': 1, 'trnM-CAT': 1})
2020-03-21 22:12:16,489 -INFO- get gene name `trnV-GAC` from Counter({'trnV-GAC': 6})
2020-03-21 22:12:16,943 -INFO- get gene name `trnF-GAA` from Counter({'trnF-GAA': 4})
2020-03-21 22:12:16,944 -INFO- get gene name `trnL-cp` from Counter({'trnL-CAA': 3, 'Vaccinium_macrocarpon-gene129': 1, 'trnL-cp': 1})
2020-03-21 22:12:16,945 -INFO- get gene name `trnE-cp` from Counter({'trnE-uuc': 2, 'trnE-TTC': 1, 'trnE-cp': 1, 'trnE': 1})
2020-03-21 22:12:16,945 -INFO- get gene name `trnT-TGT` from Counter({'trnT-UGU': 3, 'trnT-TGT': 1})
2020-03-21 22:12:16,946 -INFO- get gene name `trnM-CAT` from Counter({'trnM-CAU': 2, 'trnM-CAU3': 1, 'trnM-CAT': 1})
2020-03-21 22:12:16,946 -INFO- get gene name `trnT-TGT` from Counter({'trnT-TGT': 4})
2020-03-21 22:12:16,947 -INFO- get gene name `trnR-ACG` from Counter({'trnR-ACG': 3})
2020-03-21 22:12:17,410 -INFO- get gene name `trnT-GGU` from Counter({'trnT-GGT': 2, 'trnT-GGU': 1})
2020-03-21 22:12:17,411 -INFO- get gene name `trnT-GGT` from Counter({'trnT-GGT': 3})
2020-03-21 22:12:17,412 -INFO- get gene name `trnD-guc` from Counter({'trnD-guc': 2, 'trnD-GTC': 1})
2020-03-21 22:12:17,413 -INFO- get gene name `trnC-GCA` from Counter({'trnC-GCA2': 1, 'trnC-GCA': 1})
2020-03-21 22:12:17,413 -INFO- get gene name `trnR-UCU` from Counter({'trnR-UCU': 1, 'trnR-TCT': 1})
2020-03-21 22:12:17,413 -INFO- get gene name `trnP-TGG` from Counter({'trnP-TGG': 1, 'trnP-UGG2': 1})
2020-03-21 22:12:17,417 -INFO- extrat 23 genes: ['rrn18', 'rrn26', 'rrn5', 'trnC-gca', 'trnD-guc', 'trnE-TTC', 'trnF-GAA', 'trnF-gaa', 'trnG-gcc', 'trnI-cau', 'trnK-UUU', 'trnP-ugg', 'trnQ-TTG', 'trnR-ACG', 'trnS-GCT', 'trnS-GCU', 'trnS-TGA', 'trnT-GGT', 'trnT-TGT', 'trnV-GAC', 'trnW-CCA', 'trnY-gua', 'trnfM-cau']
2020-03-21 22:12:17,417 -INFO- aligning sequences
2020-03-21 22:17:13,323 -INFO- building hmm profiles
