{'count': False, 'organ': 'mt', 'list': False, 'taxon': 'Magnoliopsida', 'tmpdir': '/dev/shm/tmp', 'custom': None, 'cleanup': False, 'exclude_taxa': None, 'gbfiles': ['/share/home/nature/database/RefSeq/mitochondrion/mitochondrion.1.genomic.gbff.gz', '/share/home/nature/database/RefSeq/mitochondrion/mitochondrion.2.genomic.gbff.gz'], 'check': False, 'dbdir': None}
2020-03-21 16:48:19,114 -INFO- parsing ['/share/home/nature/database/RefSeq/mitochondrion/mitochondrion.1.genomic.gbff.gz', '/share/home/nature/database/RefSeq/mitochondrion/mitochondrion.2.genomic.gbff.gz']
2020-03-21 16:48:19,115 -INFO- version: RefSeq 2020-01-09:	build 2020-03-21
loading from /dev/shm/tmp/ogap_db/taxonomy.json.gz
loading genbank records
`Leptocephalus sp. 'type II larva' (Smith, 1989)` is not found
`Himantura gerrardi` is not found
`Vazella pourtalesi` is not found
`Palpitomonas bilix Eukaryota.` is not found
`Eukaryota sp. BB2 Eukaryota.` is not found
`Ancoracysta twista Eukaryota.` is not found
`Cyprinus carpio x Megalobrama amblycephala` is not found
2020-03-21 16:58:56,984 -INFO- 134 records: 27 orders, 48 families, 99 genera, 134 organism
2020-03-21 16:58:56,985 -INFO- pruning taxa
2020-03-21 16:58:56,985 -INFO- 134 records: 27 orders, 48 families, 99 genera, 134 organism
2020-03-21 16:58:56,985 -INFO- building taxonomy tree
2020-03-21 16:58:56,985 -INFO- run CMD: `ete3 ncbiquery --search 'Gossypium trilobum' 'Populus tremula x Populus alba' 'Cannabis sativa' 'Populus davidiana' 'Corchorus olitorius' 'Stratiotes aloides' 'Zea mays subsp. parviglumis' 'Vitis vinifera' 'Triticum timopheevii' 'Gossypium barbadense' 'Oryza minuta' 'Butomus umbellatus' 'Zea perennis' 'Cucumis sativus' 'Sorghum bicolor' 'Lactuca saligna' 'Carica papaya' 'Gossypium raimondii' 'Castilleja paramensis' 'Chrysanthemum boreale' 'Ilex pubescens' 'Salix suchowensis' 'Hesperelaea palmeri' 'Eleusine indica' 'Oryza rufipogon' 'Nicotiana attenuata' 'Cynanchum auriculatum' 'Glycine max' 'Glycine soja' 'Lagerstroemia indica' 'Libidibia coriaria' 'Ammopiptanthus mongolicus' 'Salvia miltiorrhiza' 'Populus tremula' 'Arabidopsis thaliana' 'Spinacia oleracea' 'Solanum pennellii' 'Malus domestica' 'Ajuga reptans' 'Silene latifolia' 'Ziziphus jujuba' 'Brassica rapa subsp. oleifera' 'Camellia sinensis' 'Pongamia pinnata' 'Eriobotrya japonica' 'Populus alba' 'Cocos nucifera' 'Liriodendron tulipifera' 'Triticum aestivum' 'Gossypium thurberi' 'Physochlaina orientalis' 'Erythranthe guttata' 'Platycodon grandiflorus' 'Senna occidentalis' 'Helianthus annuus' 'Nicotiana sylvestris' 'Saccharum officinarum' 'Beta vulgaris subsp. maritima' 'Brassica napus' 'Brassica juncea' 'Arabis alpina' 'Bombax ceiba' 'Tamarindus indica' 'Dorcoceras hygrometricum' 'Styphnolobium japonicum' 'Sinapis arvensis' 'Asclepias syriaca' 'Phaseolus vulgaris' 'Chenopodium quinoa' 'Aegilops speltoides var. ligustica' 'Utricularia reniformis' 'Vigna radiata' 'Hibiscus cannabinus' 'Senna tora' 'Batis maritima' 'Allium cepa' 'Bupleurum falcatum' 'Raphanus sativus' 'Citrus sinensis' 'Nelumbo nucifera' 'Acacia ligulata' 'Brassica oleracea' 'Boechera stricta' 'Diplostephium hartwegii' 'Lotus japonicus' 'Morus notabilis' 'Hyoscyamus niger' 'Gossypium hirsutum' 'Sophora flavescens' 'Brassica nigra' 'Lactuca sativa' 'Manihot esculenta' 'Spirodela polyrhiza' 'Corchorus capsularis' 'Ricinus communis' 'Viscum album' 'Solanum lycopersicum' 'Vaccinium macrocarpon' 'Capsicum annuum' 'Medicago truncatula' 'Brassica carinata' 'Zostera marina' 'Prunus avium' 'Haematoxylum brasiletto' 'Tripsacum dactyloides' 'Lactuca serriola' 'Cucurbita pepo' 'Rhazya stricta' 'Gossypium harknessii' 'Nepenthes ventricosa x Nepenthes alata' 'Eucalyptus grandis' 'Citrullus lanatus' 'Spondias mombin' 'Geranium maderense' 'Spondias tuberosa' 'Beta macrocarpa' 'Zea mays subsp. mays' 'Phoenix dactylifera' 'Daucus carota subsp. sativus' 'Oryza sativa Japonica Group' 'Nicotiana tabacum' 'Oryza sativa Indica Group' 'Beta vulgaris subsp. vulgaris' 'Gossypium davidsonii' 'Codonopsis lanceolata' 'Ipomoea nil' 'Salix purpurea' 'Zea luxurians' 'Vigna angularis' 'Leucaena trichandra' 'Schisandra sphenanthera' 'Gossypium arboreum' 'Capsella rubella' 'Nymphaea colorata' --tree >  /dev/shm/tmp/mt-Magnoliopsida/species.tree.tmp`
2020-03-21 16:59:18,928 -INFO- using speceis tree `/dev/shm/tmp/ogap_db/mt-Magnoliopsida/species.treefile`
2020-03-21 16:59:18,928 -INFO- writing protein sequences into /dev/shm/tmp/mt-Magnoliopsida/prot
2020-03-21 16:59:20,816 -INFO- 134 taxa: ['Acacia ligulata', 'Aegilops speltoides var. ligustica', 'Ajuga reptans', 'Allium cepa', 'Ammopiptanthus mongolicus', 'Arabidopsis thaliana', 'Arabis alpina', 'Asclepias syriaca', 'Batis maritima', 'Beta macrocarpa', 'Beta vulgaris subsp. maritima', 'Beta vulgaris subsp. vulgaris', 'Boechera stricta', 'Bombax ceiba', 'Brassica carinata', 'Brassica juncea', 'Brassica napus', 'Brassica nigra', 'Brassica oleracea', 'Brassica rapa subsp. oleifera', 'Bupleurum falcatum', 'Butomus umbellatus', 'Camellia sinensis', 'Cannabis sativa', 'Capsella rubella', 'Capsicum annuum', 'Carica papaya', 'Castilleja paramensis', 'Chenopodium quinoa', 'Chrysanthemum boreale', 'Citrullus lanatus', 'Citrus sinensis', 'Cocos nucifera', 'Codonopsis lanceolata', 'Corchorus capsularis', 'Corchorus olitorius', 'Cucumis sativus', 'Cucurbita pepo', 'Cynanchum auriculatum', 'Daucus carota subsp. sativus', 'Diplostephium hartwegii', 'Dorcoceras hygrometricum', 'Eleusine indica', 'Eriobotrya japonica', 'Erythranthe guttata', 'Eucalyptus grandis', 'Geranium maderense', 'Glycine max', 'Glycine soja', 'Gossypium arboreum', 'Gossypium barbadense', 'Gossypium davidsonii', 'Gossypium harknessii', 'Gossypium hirsutum', 'Gossypium raimondii', 'Gossypium thurberi', 'Gossypium trilobum', 'Haematoxylum brasiletto', 'Helianthus annuus', 'Hesperelaea palmeri', 'Hibiscus cannabinus', 'Hyoscyamus niger', 'Ilex pubescens', 'Ipomoea nil', 'Lactuca saligna', 'Lactuca sativa', 'Lactuca serriola', 'Lagerstroemia indica', 'Leucaena trichandra', 'Libidibia coriaria', 'Liriodendron tulipifera', 'Lotus japonicus', 'Malus domestica', 'Manihot esculenta', 'Medicago truncatula', 'Morus notabilis', 'Nelumbo nucifera', 'Nepenthes ventricosa x Nepenthes alata', 'Nicotiana attenuata', 'Nicotiana sylvestris', 'Nicotiana tabacum', 'Nymphaea colorata', 'Oryza minuta', 'Oryza rufipogon', 'Oryza sativa Indica Group', 'Oryza sativa Japonica Group', 'Phaseolus vulgaris', 'Phoenix dactylifera', 'Physochlaina orientalis', 'Platycodon grandiflorus', 'Pongamia pinnata', 'Populus alba', 'Populus davidiana', 'Populus tremula', 'Populus tremula x Populus alba', 'Prunus avium', 'Raphanus sativus', 'Rhazya stricta', 'Ricinus communis', 'Saccharum officinarum', 'Salix purpurea', 'Salix suchowensis', 'Salvia miltiorrhiza', 'Schisandra sphenanthera', 'Senna occidentalis', 'Senna tora', 'Silene latifolia', 'Sinapis arvensis', 'Solanum lycopersicum', 'Solanum pennellii', 'Sophora flavescens', 'Sorghum bicolor', 'Spinacia oleracea', 'Spirodela polyrhiza', 'Spondias mombin', 'Spondias tuberosa', 'Stratiotes aloides', 'Styphnolobium japonicum', 'Tamarindus indica', 'Tripsacum dactyloides', 'Triticum aestivum', 'Triticum timopheevii', 'Utricularia reniformis', 'Vaccinium macrocarpon', 'Vigna angularis', 'Vigna radiata', 'Viscum album', 'Vitis vinifera', 'Zea luxurians', 'Zea mays subsp. mays', 'Zea mays subsp. parviglumis', 'Zea perennis', 'Ziziphus jujuba', 'Zostera marina']
2020-03-21 16:59:21,270 -INFO- get taxon `root;cellular organisms;Eukaryota;Viridiplantae;Streptophyta;Streptophytina;Embryophyta;Tracheophyta;Euphyllophyta;Spermatophyta;Magnoliopsida` from Counter({u'root;cellular organisms;Eukaryota;Viridiplantae;Streptophyta;Streptophytina;Embryophyta;Tracheophyta;Euphyllophyta;Spermatophyta;Magnoliopsida': 134})
2020-03-21 16:59:21,302 -INFO- get transl_table `1` from Counter({1: 8433})
2020-03-21 16:59:21,302 -INFO- running OrthoFinder to cluster genes
2020-03-21 16:59:21,302 -INFO- run CMD: `orthofinder.py -f /dev/shm/tmp/mt-Magnoliopsida/prot -M msa -T fasttree -t 16  -og`
2020-03-21 17:14:53,853 -INFO- parsing OrthoFinder orthologs
2020-03-21 17:14:53,854 -INFO- parsing orthologs group into /dev/shm/tmp/mt-Magnoliopsida/alns
2020-03-21 17:14:54,027 -INFO- using min_count=13.4 to get gene name
2020-03-21 17:15:08,528 -INFO- get gene name `ccmFn` from Counter({'ccmFn': 69, 'ccmFN': 46, 'ccmFN1': 11, 'ccmFN2': 10, 'ccmfn': 1, 'orf178': 1, 'CcmFn': 1, 'ccmFn2': 1, 'ccmFN-1': 1, 'ccb577': 1, 'ccmFn1': 1, 'ccmF': 1, 'ccbFn': 1, 'CcmFN2': 1})
2020-03-21 17:15:08,529 -INFO- get product `cytochrome c biogenesis FN` from Counter({'cytochrome c biogenesis FN': 75, 'cytochrome c maturation protein CcmFN': 11, 'cytochrome c biogenesis Fn': 8, 'cytochrome c maturase subunit Fn': 7, 'CcmFN': 6, 'cytochrome c biogenesis ccmF': 5, 'ccmFN1': 4, 'CcmFn': 4, 'ccmFN2': 3, 'CcmFN2': 2, 'cytochrome c biogenesis protein ccmFN': 2, 'cytochrome c maturation protein ccmFN': 1, 'cytochrome c biogenesis protein FN1': 1, 'cytochrome c biogenesis protein FN2': 1, 'cytochrome c maturation Fn': 1, 'ccmFN': 1, 'cytochrome c biogenesis FN2': 1, 'heme lyase': 1, 'cytochrome c biogenesis protein': 1, 'CcmFN1': 1, 'cytochrome c biogenesis FN1': 1, 'ccmFn': 1, 'CcMFn': 1, 'cytochrome c maturation protein CcmFn': 1, 'cytochrome c biogenesis factor N': 1, 'cytochrome c maturation subunit FN': 1, 'hypothetical protein': 1, 'cytochrome c assembly protein': 1, 'cytochrome c biogenesis protein ccmFN2': 1, 'cytochrome c biogenesis protein ccmFN1': 1})
2020-03-21 17:15:08,531 -INFO- get exon number `1` from Counter({1: 145, 13: 1})
2020-03-21 17:15:08,531 -INFO- get trans_splicing `False` from Counter({False: 146})
2020-03-21 17:15:16,376 -INFO- get gene name `nad4` from Counter({'nad4': 127, 'orf160': 4, 'nad4a': 2, 'orf175': 2, 'Spondias_tuberosa-gene26': 1, 'Spondias_mombin-gene120': 1, 'orf171': 1, 'nad4b': 1, 'ND4': 1})
2020-03-21 17:15:16,377 -INFO- get product `NADH dehydrogenase subunit 4` from Counter({'NADH dehydrogenase subunit 4': 117, 'hypothetical protein': 7, 'nad4': 5, 'Nad4': 4, 'NADH dehydrogenase subunit 3': 2, 'NADH dehydrogenase subunit 4a': 2, 'NADH dehydrogense subunit 4': 1, 'NADH dehydrogenase subunit 4b': 1, 'NADH dehydrogenase subunit 4L': 1})
2020-03-21 17:15:16,377 -INFO- get exon number `4` from Counter({4: 103, 3: 14, 1: 13, 2: 9, 5: 1})
2020-03-21 17:15:16,377 -INFO- get trans_splicing `False` from Counter({False: 140})
2020-03-21 17:15:24,734 -INFO- get gene name `atp1` from Counter({'atp1': 131, 'atpA': 3, 'atp1-1': 2, 'atp1-a1': 1, 'orf226': 1, 'atp1-b': 1, 'ATP1': 1, 'orf470': 1})
2020-03-21 17:15:24,735 -INFO- get product `ATPase subunit 1` from Counter({'ATPase subunit 1': 74, 'ATP synthase subunit 1': 20, 'ATP synthase F1 subunit 1': 19, 'Atp1': 8, 'atp1': 5, 'ATP synthase F0 subunit 1': 4, 'ATP1': 2, 'ATP synthase F1 subunit alpha': 2, 'ATPase alpha subunit': 2, 'hypothetical protein': 2, 'ATPase subunit A': 1, 'AtpA': 1, 'F1 ATP synthase alpha': 1})
2020-03-21 17:15:24,736 -INFO- get exon number `1` from Counter({1: 139, 2: 1, 6: 1})
2020-03-21 17:15:24,736 -INFO- get trans_splicing `False` from Counter({False: 140, True: 1})
2020-03-21 17:15:36,697 -INFO- get gene name `nad5` from Counter({'nad5': 122, 'orf116b': 2, 'ND5': 2, 'orf116': 1, 'orf101c': 1, 'Spondias_mombin-gene54': 1, 'Utricularia_reniformis-gene1000': 1, 'Spondias_tuberosa-gene112': 1})
2020-03-21 17:15:36,697 -INFO- get product `NADH dehydrogenase subunit 5` from Counter({'NADH dehydrogenase subunit 5': 117, 'nad5': 5, 'hypothetical protein': 4, 'Nad5': 3, 'orf116': 1, 'NADH dehydrogense subunit 5': 1})
2020-03-21 17:15:36,698 -INFO- get exon number `5` from Counter({5: 97, 4: 19, 1: 8, 2: 4, 3: 2, 10: 1})
2020-03-21 17:15:36,698 -INFO- get trans_splicing `True` from Counter({True: 114, False: 17})
2020-03-21 17:15:47,594 -INFO- get gene name `atp6` from Counter({'atp6': 124, 'atp6-1': 4, 'orf183': 2, 'ORF387': 1, 'ATP6': 1, 'orf115a': 1})
2020-03-21 17:15:47,595 -INFO- get product `ATPase subunit 6` from Counter({'ATPase subunit 6': 64, 'ATP synthase F0 subunit 6': 25, 'ATP synthase subunit 6': 22, 'Atp6': 8, 'atp6': 4, 'hypothetical protein': 4, 'ATP synthase F1 subunit 6': 2, 'ATPase subunit 1': 2, 'atp6-1': 1, 'ATP synthase F0 subunit a': 1})
2020-03-21 17:15:47,596 -INFO- get exon number `1` from Counter({1: 132, 3: 1})
2020-03-21 17:15:47,596 -INFO- get trans_splicing `False` from Counter({False: 133})
2020-03-21 17:15:56,398 -INFO- get gene name `nad2` from Counter({'nad2': 127, 'orf300': 3, 'orf127d': 2, 'orf134c': 2, 'orf214': 1, 'Bupleurum_falcatum-gene121': 1, 'ND2': 1, 'orf197': 1, 'orf204a': 1, 'orf190': 1})
2020-03-21 17:15:56,399 -INFO- get product `NADH dehydrogenase subunit 2` from Counter({'NADH dehydrogenase subunit 2': 116, 'hypothetical protein': 9, 'nad2': 5, 'Nad2': 4, 'orf127d': 1, 'NADH dehydrogenase subunit 1': 1, 'NADH dehydrogense subunit 2': 1, 'NADH dhydrogenase subunit 2': 1, 'orf300': 1, 'orf214': 1})
2020-03-21 17:15:56,400 -INFO- get exon number `5` from Counter({5: 114, 1: 15, 2: 4, 3: 3, 4: 3, 6: 1})
2020-03-21 17:15:56,400 -INFO- get trans_splicing `True` from Counter({True: 113, False: 27})
2020-03-21 17:16:05,986 -INFO- get gene name `nad1` from Counter({'nad1': 118, 'orf128': 2, 'orf183': 2, 'orf108c': 2, 'orf133c': 2, 'Bupleurum_falcatum-gene171': 1, 'orf117': 1, 'Utricularia_reniformis-gene3749': 1, 'Utricularia_reniformis-gene316': 1, 'amoMp17': 1, 'Bupleurum_falcatum-gene168': 1, 'Spondias_mombin-gene50': 1, 'Utricularia_reniformis-gene4546': 1, 'orf142': 1, 'Utricularia_reniformis-gene2122': 1, 'Utricularia_reniformis-gene3105': 1, 'ND1': 1, 'Spondias_tuberosa-gene76': 1})
2020-03-21 17:16:05,987 -INFO- get product `NADH dehydrogenase subunit 1` from Counter({'NADH dehydrogenase subunit 1': 111, 'hypothetical protein': 13, 'nad1': 5, 'Nad1': 4, 'orf128': 2, 'orf117': 1, 'NADH dehydrogense subunit 1': 1, 'orf34': 1, 'orf183': 1})
2020-03-21 17:16:05,988 -INFO- get exon number `5` from Counter({5: 108, 1: 21, 4: 6, 2: 1, 3: 1, 6: 1, 7: 1})
2020-03-21 17:16:05,988 -INFO- get trans_splicing `True` from Counter({True: 115, False: 24})
2020-03-21 17:16:13,620 -INFO- get gene name `ccmFc` from Counter({'ccmFc': 84, 'ccmFC': 39, 'orf294': 2, 'ccmFC-1': 2, 'orf208': 2, 'ccmfc': 2, 'ccb438': 1, 'Utricularia_reniformis-gene4441': 1, 'ccmFC2': 1, 'ccmFC1': 1, 'orf298': 1})
2020-03-21 17:16:13,621 -INFO- get product `cytochrome c biogenesis FC` from Counter({'cytochrome c biogenesis FC': 74, 'cytochrome c maturase subunit Fc': 11, 'cytochrome c maturation protein CcmFc': 6, 'hypothetical protein': 6, 'ccmFC': 5, 'cytochrome c biogenesis Fc': 5, 'CcmFc': 5, 'cytochrome c biogenesis ccmF': 4, 'cytochrome c biogenesis protein ccmFC': 3, 'cytochrome c biogenesis F': 2, 'cytochrome c maturation protein CcmFC': 2, 'cytochrome c maturation subunit Fc': 2, 'CcmFC': 2, 'cytochrome c biogenesis protein FC2': 1, 'cytochrome c maturation Fc': 1, 'cytochrome c biogenesis protein': 1, 'ccmFc': 1, 'cytochrome c biogenesis protein Fc': 1, 'cytochrome c biogenesis factor C': 1, 'cytochrome c biogenesis protein FC1': 1, 'CcMFc': 1, 'cytochrome c biogenesis FC-1': 1})
2020-03-21 17:16:13,622 -INFO- get exon number `2` from Counter({2: 121, 1: 14, 3: 1})
2020-03-21 17:16:13,622 -INFO- get trans_splicing `False` from Counter({False: 136})
2020-03-21 17:16:20,746 -INFO- get gene name `atp9` from Counter({'atp9': 127, 'ATP9': 1, 'orf111e': 1, 'atp9-1': 1})
2020-03-21 17:16:20,747 -INFO- get product `ATPase subunit 9` from Counter({'ATPase subunit 9': 72, 'ATP synthase subunit 9': 21, 'ATP synthase F0 subunit 9': 19, 'Atp9': 8, 'atp9': 5, 'ATP synthase F1 subunit 9': 2, 'hypothetical protein': 1, 'ATP synthase F0 subunit c': 1, 'ATP synthase subunit C': 1})
2020-03-21 17:16:20,748 -INFO- get exon number `1` from Counter({1: 130})
2020-03-21 17:16:20,748 -INFO- get trans_splicing `False` from Counter({False: 130})
2020-03-21 17:16:27,247 -INFO- get gene name `nad9` from Counter({'nad9': 130, 'ND9': 1, 'nad9-1': 1})
2020-03-21 17:16:27,248 -INFO- get product `NADH dehydrogenase subunit 9` from Counter({'NADH dehydrogenase subunit 9': 122, 'nad9': 5, 'Nad9': 4, 'NADH dehydrogense subunit 9': 1})
2020-03-21 17:16:27,248 -INFO- get exon number `1` from Counter({1: 132})
2020-03-21 17:16:27,248 -INFO- get trans_splicing `False` from Counter({False: 132})
2020-03-21 17:16:36,814 -INFO- get gene name `cox2` from Counter({'cox2': 118, 'cox2-1': 7, 'cox2-2': 3, 'orf317': 3, 'orf178b': 2, 'cox2b': 1, 'orf298': 1, 'COX2': 1, 'ORF300': 1})
2020-03-21 17:16:36,815 -INFO- get product `cytochrome c oxidase subunit 2` from Counter({'cytochrome c oxidase subunit 2': 97, 'cytochrome oxidase subunit 2': 15, 'cytochrome c oxidase subunit II': 5, 'hypothetical protein': 5, 'cox2-1': 4, 'Cox2': 3, 'cox2': 3, 'cox2-2': 2, 'cytochrome c oxidase subunit 2-1': 1, 'orf298': 1, 'orf317': 1})
2020-03-21 17:16:36,816 -INFO- get exon number `2` from Counter({2: 83, 1: 41, 3: 13})
2020-03-21 17:16:36,816 -INFO- get trans_splicing `False` from Counter({False: 132, True: 5})
2020-03-21 17:16:44,294 -INFO- get gene name `atp8` from Counter({'atp8': 117, 'orfB': 7, 'orf107a': 3, 'ATP8': 2, 'orf217c': 2, 'atp8-1': 1})
2020-03-21 17:16:44,295 -INFO- get product `ATPase subunit 8` from Counter({'ATPase subunit 8': 79, 'ATP synthase subunit 8': 19, 'Atp8': 9, 'hypothetical protein': 9, 'ATP synthase F0 subunit 8': 6, 'atp8': 4, 'ATP synthase F1 subunit 8': 2, 'ORFB protein': 1, 'orf107a': 1, 'orfB protein': 1, 'atp8-1': 1})
2020-03-21 17:16:44,296 -INFO- get exon number `1` from Counter({1: 131, 2: 1})
2020-03-21 17:16:44,296 -INFO- get trans_splicing `False` from Counter({False: 131, True: 1})
2020-03-21 17:16:47,384 -INFO- get gene name `ccmC` from Counter({'ccmC': 128, 'orf518': 3, 'ccmC-1': 1, 'ccbC': 1, 'ccmc': 1})
2020-03-21 17:16:47,385 -INFO- get product `cytochrome c biogenesis C` from Counter({'cytochrome c biogenesis C': 86, 'cytochrome c maturase subunit C': 9, 'CcmC': 8, 'ccmC': 6, 'cytochrome c maturation protein CcmC': 5, 'cytochrome c-type biogenesis protein CcmC': 3, 'cytochrome c biogenesis ccmC': 3, 'cytochrome c biogenesis protein ccmC': 3, 'hypothetical protein': 2, 'ABC transporter subunit C': 1, 'cytochrome c maturation C': 1, 'cytochrome c maturation subunit C': 1, 'CcMC': 1, 'cytochrome c biogenesis protein C': 1, 'cytochrome c biogenesis protein': 1, 'cytochrome c biogensis protein C': 1, 'cytochrome c biosynthesis': 1, 'cytochrome c biogenesis ccmB': 1})
2020-03-21 17:16:47,387 -INFO- get exon number `1` from Counter({1: 134})
2020-03-21 17:16:47,387 -INFO- get trans_splicing `False` from Counter({False: 134})
2020-03-21 17:16:50,850 -INFO- get gene name `ccmB` from Counter({'ccmB': 128, 'ccbB': 1, 'ccmB-1': 1, 'ccmb': 1, 'ccb206': 1})
2020-03-21 17:16:50,851 -INFO- get product `cytochrome c biogenesis B` from Counter({'cytochrome c biogenesis B': 74, 'cytochrome c maturation protein CcmB': 16, 'cytochrome c maturase subunit B': 12, 'CcmB': 7, 'ccmB': 6, 'cytochrome c maturation protein B': 4, 'cytochrome c biogenesis ccmB': 4, 'cytochrome c biogenesis protein ccmB': 3, 'cytochrome c-type biogenesis protein CcmB': 1, 'cytochrome c maturation B': 1, 'CcMB': 1, 'cytochrome c biogenesis protein B': 1, 'cytochrome c maturation subunit B': 1, 'cytochrome c biogenesis protein': 1})
2020-03-21 17:16:50,852 -INFO- get exon number `1` from Counter({1: 132})
2020-03-21 17:16:50,852 -INFO- get trans_splicing `False` from Counter({False: 132})
2020-03-21 17:16:55,431 -INFO- get gene name `nad3` from Counter({'nad3': 128, 'ND3': 1})
2020-03-21 17:16:55,432 -INFO- get product `NADH dehydrogenase subunit 3` from Counter({'NADH dehydrogenase subunit 3': 118, 'nad3': 5, 'Nad3': 5, 'NADH dehydrogense subunit 3': 1})
2020-03-21 17:16:55,433 -INFO- get exon number `1` from Counter({1: 129})
2020-03-21 17:16:55,433 -INFO- get trans_splicing `False` from Counter({False: 129})
2020-03-21 17:16:59,320 -INFO- get gene name `nad7` from Counter({'nad7': 128, 'orf155b': 3, 'amoMp16': 1, 'Bupleurum_falcatum-gene48': 1, 'ND7': 1})
2020-03-21 17:16:59,321 -INFO- get product `NADH dehydrogenase subunit 7` from Counter({'NADH dehydrogenase subunit 7': 117, 'nad7': 5, 'Nad7': 4, 'hypothetical protein': 3, 'NADH ehydrogenase subunit 7': 1, 'NADH dehydrogense subunit 7': 1, 'NADH dehydrogenase 7': 1, 'orf109': 1, 'orf155b': 1})
2020-03-21 17:16:59,322 -INFO- get exon number `5` from Counter({5: 98, 4: 24, 1: 6, 2: 3, 3: 1, 6: 1, 12: 1})
2020-03-21 17:16:59,322 -INFO- get trans_splicing `False` from Counter({False: 132, True: 2})
2020-03-21 17:17:03,274 -INFO- get gene name `cox3` from Counter({'cox3': 129, 'coxIII': 1, 'COX3': 1})
2020-03-21 17:17:03,275 -INFO- get product `cytochrome c oxidase subunit 3` from Counter({'cytochrome c oxidase subunit 3': 101, 'cytochrome oxidase subunit 3': 13, 'cytochrome c oxidase subunit III': 7, 'cox3': 6, 'Cox3': 4})
2020-03-21 17:17:03,276 -INFO- get exon number `1` from Counter({1: 131})
2020-03-21 17:17:03,276 -INFO- get trans_splicing `False` from Counter({False: 131})
2020-03-21 17:17:06,408 -INFO- get gene name `nad6` from Counter({'nad6': 131, 'ND6': 1})
2020-03-21 17:17:06,409 -INFO- get product `NADH dehydrogenase subunit 6` from Counter({'NADH dehydrogenase subunit 6': 122, 'nad6': 5, 'Nad6': 4, 'NADH dehydrogense subunit 6': 1})
2020-03-21 17:17:06,410 -INFO- get exon number `1` from Counter({1: 131, 3: 1})
2020-03-21 17:17:06,410 -INFO- get trans_splicing `False` from Counter({False: 132})
2020-03-21 17:17:09,154 -INFO- get gene name `cox1` from Counter({'cox1': 126, 'orf575': 2, 'COX1': 1, 'coxI': 1})
2020-03-21 17:17:09,155 -INFO- get product `cytochrome c oxidase subunit 1` from Counter({'cytochrome c oxidase subunit 1': 102, 'cytochrome oxidase subunit 1': 12, 'cox1': 6, 'cytochrome c oxidase subunit I': 4, 'Cox1': 2, 'hypothetical protein': 2, 'cytochrome c oxidase subunit1': 1, 'cytochrome c oxidase subunit': 1})
2020-03-21 17:17:09,155 -INFO- get exon number `1` from Counter({1: 113, 2: 16, 3: 1})
2020-03-21 17:17:09,155 -INFO- get trans_splicing `False` from Counter({False: 130})
2020-03-21 17:17:10,413 -INFO- get gene name `atp4` from Counter({'atp4': 121, 'orf25': 9, 'ATP4': 1})
2020-03-21 17:17:10,414 -INFO- get product `ATPase subunit 4` from Counter({'ATPase subunit 4': 78, 'ATP synthase subunit 4': 20, 'hypothetical protein': 9, 'Atp4': 8, 'atp4': 5, 'ATP synthase F0 subunit 4': 4, 'ATP synthase F1 subunit 4': 2, 'ATP synthase F0 subunit beta': 1, 'ATP synthaase subunit 4': 1, 'orf25': 1, 'ATP synthase F0 subunit b': 1, 'possible ATP synthase F0 subunit b': 1})
2020-03-21 17:17:10,415 -INFO- get exon number `1` from Counter({1: 130, 2: 1})
2020-03-21 17:17:10,415 -INFO- get trans_splicing `False` from Counter({False: 131})
2020-03-21 17:17:18,496 -INFO- get gene name `rps3` from Counter({'rps3': 121, 'orf273': 2, 'rps3-1': 1, 'orf246': 1, 'Utricularia_reniformis-gene1603': 1, 'ccmFn2': 1, 'ccmFn': 1, 'Utricularia_reniformis-gene1622': 1})
2020-03-21 17:17:18,497 -INFO- get product `ribosomal protein S3` from Counter({'ribosomal protein S3': 111, 'rps3': 5, 'ribosomal protein small subunit 3': 4, 'hypothetical protein': 4, 'cytochrome c biogenesis FN': 2, 'ribosomal protein subunit S3': 2, 'orf246': 1})
2020-03-21 17:17:18,498 -INFO- get exon number `2` from Counter({2: 102, 1: 24, 4: 2, 14: 1})
2020-03-21 17:17:18,498 -INFO- get trans_splicing `False` from Counter({False: 127, True: 2})
2020-03-21 17:17:21,290 -INFO- get gene name `rps12` from Counter({'rps12': 127, 'orf127': 1})
2020-03-21 17:17:21,291 -INFO- get product `ribosomal protein S12` from Counter({'ribosomal protein S12': 115, 'rps12': 5, 'ribosomal protein small subunit 12': 4, 'ribosomal protein subunit S12': 2, 'ribosomal protein S4': 1, 'hypothetical protein': 1})
2020-03-21 17:17:21,292 -INFO- get exon number `1` from Counter({1: 128})
2020-03-21 17:17:21,293 -INFO- get trans_splicing `False` from Counter({False: 128})
2020-03-21 17:17:23,384 -INFO- get gene name `cob` from Counter({'cob': 126, 'cob-1': 1, 'cob2': 1, 'CYTB': 1, 'cobA': 1, 'cytB': 1})
2020-03-21 17:17:23,385 -INFO- get product `apocytochrome b` from Counter({'apocytochrome b': 107, 'cytochrome b': 16, 'cob': 5, 'apocytochrome B': 3})
2020-03-21 17:17:23,387 -INFO- get exon number `1` from Counter({1: 130, 3: 1})
2020-03-21 17:17:23,387 -INFO- get trans_splicing `False` from Counter({False: 131})
2020-03-21 17:17:23,390 -INFO- get gene name `matR` from Counter({'matR': 114, 'mat-r': 13, 'mat-R': 4, 'mat-r-1': 1})
2020-03-21 17:17:23,390 -INFO- get product `maturase` from Counter({'maturase': 65, 'maturase-related protein': 35, 'maturase R': 12, 'matR': 9, 'maturase K': 8, 'MatR': 2, 'maturase protein': 1})
2020-03-21 17:17:23,391 -INFO- get exon number `1` from Counter({1: 131, 8: 1})
2020-03-21 17:17:23,392 -INFO- get trans_splicing `False` from Counter({False: 132})
2020-03-21 17:17:28,077 -INFO- get gene name `mttB` from Counter({'mttB': 96, 'tatC': 13, 'orfX': 10, 'orf1': 1, 'Raphanus_sativus-gene187': 1, 'mttB-1': 1, 'Malus_domestica-gene7': 1, 'orf115b': 1})
2020-03-21 17:17:28,078 -INFO- get product `transport membrane protein` from Counter({'transport membrane protein': 62, 'MttB': 14, 'Sec-independent protein translocase': 10, 'hypothetical protein': 10, 'tatC': 5, 'mttB': 4, 'SecY-independent transporter protein': 3, 'SecY-independent membrane transporter protein': 3, 'Sec-independent protein translocase protein': 3, 'twin arginine translocation': 2, 'Sec independent translocation protein': 1, 'membrane transporter protein MttB': 1, 'Sec-independent protein translocase component TatC': 1, 'TatC': 1, 'orfX': 1, 'hypothetical protein X': 1, 'trimethylamine methyltransferase': 1, 'orf115b': 1})
2020-03-21 17:17:28,078 -INFO- get exon number `1` from Counter({1: 122, 2: 2})
2020-03-21 17:17:28,078 -INFO- get trans_splicing `False` from Counter({False: 124})
2020-03-21 17:17:29,056 -INFO- get gene name `nad4L` from Counter({'nad4L': 120, 'nad4l': 3, 'ND4L': 1, 'nad4L-1': 1})
2020-03-21 17:17:29,057 -INFO- get product `NADH dehydrogenase subunit 4L` from Counter({'NADH dehydrogenase subunit 4L': 114, 'nad4L': 5, 'Nad4L': 4, 'NADH dehydrogense subunit 4L': 1, 'NADH dehydrogenase subunit 4l': 1})
2020-03-21 17:17:29,058 -INFO- get exon number `1` from Counter({1: 125})
2020-03-21 17:17:29,058 -INFO- get trans_splicing `False` from Counter({False: 125})
2020-03-21 17:17:30,464 -INFO- get gene name `rps4` from Counter({'rps4': 120, 'rps4-1': 2})
2020-03-21 17:17:30,465 -INFO- get product `ribosomal protein S4` from Counter({'ribosomal protein S4': 108, 'rps4': 5, 'ribosomal protein small subunit 4': 4, 'ribosomal protein subunit S4': 3, 'ribosomal protein 4': 1, 'truncated ribosomal protein S4': 1})
2020-03-21 17:17:30,466 -INFO- get exon number `1` from Counter({1: 122})
2020-03-21 17:17:30,466 -INFO- get trans_splicing `False` from Counter({False: 122})
2020-03-21 17:17:36,030 -INFO- get gene name `rpl5` from Counter({'rpl5': 101, 'rp15': 2, 'orf193': 2, 'rps15': 1, 'rpL5': 1, 'Bupleurum_falcatum-gene71': 1})
2020-03-21 17:17:36,031 -INFO- get product `ribosomal protein L5` from Counter({'ribosomal protein L5': 87, 'ribosomal protein subunit L5': 7, 'rpl5': 5, 'ribosomal protein large subunit 5': 4, 'ribosomal protein L7': 2, 'hypothetical protein': 2, 'orf229': 1})
2020-03-21 17:17:36,032 -INFO- get exon number `1` from Counter({1: 107, 3: 1})
2020-03-21 17:17:36,032 -INFO- get trans_splicing `False` from Counter({False: 108})
2020-03-21 17:17:39,218 -INFO- get gene name `rpl16` from Counter({'rpl16': 100, 'rpL16': 1, 'rpl16-1': 1})
2020-03-21 17:17:39,219 -INFO- get product `ribosomal protein L16` from Counter({'ribosomal protein L16': 90, 'rpl16': 5, 'ribosomal protein large subunit 16': 3, 'ribosomal protein subunit L16': 3, 'ribosomal protein L16-like': 1})
2020-03-21 17:17:39,220 -INFO- get exon number `1` from Counter({1: 100, 2: 2})
2020-03-21 17:17:39,220 -INFO- get trans_splicing `False` from Counter({False: 101, True: 1})
2020-03-21 17:17:43,211 -INFO- get gene name `rps7` from Counter({'rps7': 83, 'orf155a': 2, 'rps7-ct': 1, 'rps7-1': 1, 'orf101d': 1})
2020-03-21 17:17:43,212 -INFO- get product `ribosomal protein S7` from Counter({'ribosomal protein S7': 71, 'rps7': 5, 'ribosomal protein small subunit 7': 4, 'hypothetical protein': 4, 'orf155a': 2, 'ribosomal protein subunit S7': 2})
2020-03-21 17:17:43,213 -INFO- get exon number `1` from Counter({1: 87, 2: 1})
2020-03-21 17:17:43,213 -INFO- get trans_splicing `False` from Counter({False: 87, True: 1})
2020-03-21 17:17:50,323 -INFO- get gene name `rpl2` from Counter({'rpl2': 71, 'orf138a': 3, 'rpL2': 1, 'orf172': 1, 'orf103f': 1, 'orf133': 1, 'amoMp28': 1, 'orf247-ct': 1, 'amoMp7': 1, 'orf315': 1, 'orf293': 1})
2020-03-21 17:17:50,324 -INFO- get product `ribosomal protein L2` from Counter({'ribosomal protein L2': 66, 'hypothetical protein': 9, 'rpl2': 4, 'ribosomal protein large subunit 2': 2, 'orf138a': 2})
2020-03-21 17:17:50,325 -INFO- get exon number `2` from Counter({2: 53, 1: 30})
2020-03-21 17:17:50,325 -INFO- get trans_splicing `False` from Counter({False: 82, True: 1})
2020-03-21 17:17:52,545 -INFO- get gene name `rps1` from Counter({'rps1': 78, 'orf216': 1, 'orf152a': 1, 'orf206': 1, 'rps1-1': 1})
2020-03-21 17:17:52,545 -INFO- get product `ribosomal protein S1` from Counter({'ribosomal protein S1': 75, 'ribosomal protein small subunit 1': 3, 'hypothetical protein': 3, 'rps1': 1})
2020-03-21 17:17:52,546 -INFO- get exon number `1` from Counter({1: 81, 2: 1})
2020-03-21 17:17:52,546 -INFO- get trans_splicing `False` from Counter({False: 82})
2020-03-21 17:17:53,899 -INFO- get gene name `rps13` from Counter({'rps13': 75, 'rp13': 1})
2020-03-21 17:17:53,900 -INFO- get product `ribosomal protein S13` from Counter({'ribosomal protein S13': 68, 'ribosomal protein small subunit 13': 3, 'ribosomal protein subunit S13': 2, 'ribosomal protein L13': 2, 'rp13': 1})
2020-03-21 17:17:53,901 -INFO- get exon number `1` from Counter({1: 76})
2020-03-21 17:17:53,901 -INFO- get trans_splicing `False` from Counter({False: 76})
2020-03-21 17:17:57,451 -INFO- get gene name `rps14` from Counter({'rps14': 70, 'orf120': 1, 'rps14a': 1, 'rps14b': 1, 'orf112a': 1})
2020-03-21 17:17:57,452 -INFO- get product `ribosomal protein S14` from Counter({'ribosomal protein S14': 60, 'ribosomal protein subunit S14': 6, 'rps14': 4, 'orf112a': 1, 'ribosomal protein S19': 1, 'ribosomal protein small subunit 14': 1, 'hypothetical protein': 1})
2020-03-21 17:17:57,452 -INFO- get exon number `1` from Counter({1: 71, 2: 3})
2020-03-21 17:17:57,452 -INFO- get trans_splicing `False` from Counter({False: 74})
2020-03-21 17:18:00,271 -INFO- get gene name `rpl10` from Counter({'rpl10': 69, 'orf159': 2, 'orf159b': 1})
2020-03-21 17:18:00,272 -INFO- get product `ribosomal protein L10` from Counter({'ribosomal protein L10': 64, 'ribosomal protein subunit L10': 4, 'hypothetical protein': 2, 'orf159': 1, 'ribosomal protein subunit 10': 1})
2020-03-21 17:18:00,272 -INFO- get exon number `1` from Counter({1: 71, 3: 1})
2020-03-21 17:18:00,273 -INFO- get trans_splicing `False` from Counter({False: 72})
2020-03-21 17:18:00,274 -INFO- get gene name `sdh4` from Counter({'sdh4': 67, 'orf116': 1, 'orf125e': 1})
2020-03-21 17:18:00,275 -INFO- get product `succinate dehydrogenase subunit 4` from Counter({'succinate dehydrogenase subunit 4': 62, 'sdh4': 3, 'hypothetical protein': 2, 'Sdh4': 2})
2020-03-21 17:18:00,276 -INFO- get exon number `1` from Counter({1: 69})
2020-03-21 17:18:00,276 -INFO- get trans_splicing `False` from Counter({False: 69})
2020-03-21 17:18:02,003 -INFO- get gene name `rps10` from Counter({'rps10': 65})
2020-03-21 17:18:02,004 -INFO- get product `ribosomal protein S10` from Counter({'ribosomal protein S10': 60, 'ribosomal protein subunit S10': 3, 'ribosomal protein S1': 1, 'ribosomal protein S3': 1})
2020-03-21 17:18:02,005 -INFO- get exon number `2` from Counter({2: 59, 1: 6})
2020-03-21 17:18:02,005 -INFO- get trans_splicing `False` from Counter({False: 65})
2020-03-21 17:18:07,767 -INFO- get gene name `rps19` from Counter({'rps19': 39, 'rps19-1': 2, 'rps19-p': 1, 'rps19a': 1, 'rps16': 1})
2020-03-21 17:18:07,767 -INFO- get product `ribosomal protein S19` from Counter({'ribosomal protein S19': 39, 'ribosomal protein S16': 1, 'ribsomal protein S19': 1, 'rps19-p': 1, 'ribosomal protein small subunit 1': 1, 'hypothetical protein': 1})
2020-03-21 17:18:07,768 -INFO- get exon number `1` from Counter({1: 44})
2020-03-21 17:18:07,768 -INFO- get trans_splicing `False` from Counter({False: 44})
2020-03-21 17:18:11,328 -INFO- get gene name `sdh3` from Counter({'sdh3': 45, 'sdh3-1': 1, 'sdh3a': 1, 'ORF112': 1})
2020-03-21 17:18:11,328 -INFO- get product `succinate dehydrogenase subunit 3` from Counter({'succinate dehydrogenase subunit 3': 42, 'sdh3': 2, 'Succinate dehydrogenase 3': 1, 'Sdh3': 1, 'succinate dehydrogenase subunit 4': 1, 'hypothetical protein': 1})
2020-03-21 17:18:11,329 -INFO- get exon number `1` from Counter({1: 47, 2: 1})
2020-03-21 17:18:11,329 -INFO- get trans_splicing `False` from Counter({False: 48})
2020-03-21 17:18:16,413 -INFO- get gene name `orf192` from Counter({'orf192': 3, 'dpo': 3, 'orf135a': 2, 'orf290': 2, 'orf774': 2, 'orf202': 2, 'Utricularia_reniformis-gene2679': 1, 'Utricularia_reniformis-gene1872': 1, 'rpo': 1, 'Utricularia_reniformis-gene1870': 1, 'Utricularia_reniformis-gene1757': 1, 'orf310': 1, 'Utricularia_reniformis-gene1753': 1, 'orf107d': 1, 'Utricularia_reniformis-gene2685': 1, 'orf135': 1, 'Utricularia_reniformis-gene2682': 1, 'Utricularia_reniformis-gene1864': 1, 'ORF498': 1, 'orf409': 1, 'orf102i': 1, 'orf911': 1, 'orf734': 1, 'orf297a': 1, 'orf496b': 1, 'orf206': 1})
2020-03-21 17:18:19,733 -INFO- get gene name `orf348` from Counter({'orf348': 3, 'RNA_pol': 3, 'orf352': 3, 'orf670': 3, 'orf217a': 2, 'orf329a': 2, 'orf187a': 2, 'orf329': 1, 'orf107-d': 1, 'rpo': 1, 'Utricularia_reniformis-gene2270': 1, 'orf417': 1, 'orf193-a1': 1, 'orf217': 1, 'orf104-a': 1, 'Utricularia_reniformis-gene456': 1, 'Utricularia_reniformis-gene2268': 1, 'orf2': 1, 'orf1159': 1, 'Utricularia_reniformis-gene2266': 1, 'Utricularia_reniformis-gene2264': 1, 'orf187': 1, 'orf108d': 1})
2020-03-21 17:18:31,191 -INFO- get gene name `orf119` from Counter({'orf119': 6, 'orf448': 5, 'orf152': 2, 'orf189': 2, 'Populus_alba-gene185': 1, 'orf142': 1, 'ORF217': 1, 'orf99c': 1, 'orf170': 1, 'orf474': 1, 'Utricularia_reniformis-gene551': 1, 'orf208': 1, 'Populus_davidiana-gene181': 1, 'orf133': 1, 'Utricularia_reniformis-gene3107': 1, 'Utricularia_reniformis-gene1946': 1, 'orf240': 1, 'orf155': 1, 'Populus_alba-gene21': 1, 'ORF118': 1, 'orf481': 1, 'Populus_davidiana-gene14': 1, 'orf543': 1})
2020-03-21 17:18:34,978 -INFO- get gene name `orf101b` from Counter({'orf101b': 8, 'orf182a': 2, 'orf122b': 2, 'orf145': 2, 'orf176a': 2, 'Utricularia_reniformis-gene3575': 1, 'orf185': 1, 'orf58': 1, 'orf138a': 1, 'Populus_davidiana-gene2': 1, 'orf129b': 1, 'ORF127': 1, 'amoMp12': 1, 'orf192': 1, 'orf140-b': 1, 'Utricularia_reniformis-gene3573': 1, 'orf147': 1, 'Populus_alba-gene2': 1, 'orf166a': 1, 'ORF215': 1})
2020-03-21 17:18:39,887 -INFO- get gene name `orf288` from Counter({'orf288': 4, 'rps4': 3, 'orf256': 2, 'orf293': 2, 'orf271': 2, 'orf305': 2, 'orf99a': 2, 'CW-orf307': 1, 'orf286': 1, 'orf268': 1, 'orf322': 1, 'ORF332': 1, 'orf311': 1, 'orf310': 1, 'orf195': 1, 'orf179': 1, 'orf306': 1, 'orf210': 1, 'ORF279': 1})
2020-03-21 17:18:40,955 -INFO- get gene name `rps2` from Counter({'rps2': 16, 'rps2A': 3, 'rps2B': 3, 'rps2-1': 1})
2020-03-21 17:18:40,956 -INFO- get product `ribosomal protein S2` from Counter({'ribosomal protein S2': 19, 'ribosomal protein small subunit 2': 3, 'rps2': 1})
2020-03-21 17:18:40,956 -INFO- get exon number `1` from Counter({1: 22, 2: 1})
2020-03-21 17:18:40,957 -INFO- get trans_splicing `False` from Counter({False: 23})
2020-03-21 17:18:43,629 -INFO- get gene name `orf490` from Counter({'orf490': 5, 'orf122': 3, 'orf138-a': 1, 'orf221': 1, 'orf116b': 1, 'orf152': 1, 'orf119': 1, 'orf117-d': 1, 'orf114b': 1, 'orf152c': 1, 'orf119a': 1, 'Populus_davidiana-gene108': 1, 'orf178': 1, 'Populus_alba-gene115': 1})
2020-03-21 17:18:46,118 -INFO- get gene name `orf227` from Counter({'orf227': 2, 'orf172-1': 1, 'orf250': 1, 'orf281': 1, 'orf110': 1, 'orf274': 1, 'orf136': 1, 'orf182b': 1, 'orf110c': 1, 'orf264': 1, 'orf115c': 1, 'orf214': 1, 'ORF234': 1})
2020-03-21 17:18:48,499 -INFO- get gene name `orf195` from Counter({'orf195': 4, 'orf281': 2, 'Utricularia_reniformis-gene2252': 1, 'orf100e': 1, 'orf126': 1, 'ORF290': 1, 'ORF278': 1, 'Utricularia_reniformis-gene4270': 1, 'Utricularia_reniformis-gene1049': 1, 'orf166b': 1, 'orf279': 1})
2020-03-21 17:18:48,994 -INFO- get gene name `orf113b` from Counter({'orf113b': 5, 'orf170': 2, 'psaA': 2, 'orf224': 1, 'orf151': 1, 'orf581': 1, 'amoMp1': 1, 'psaB': 1})
2020-03-21 17:18:49,872 -INFO- get gene name `orf100a` from Counter({'orf100a': 4, 'orf115c': 3, 'orf100c': 1, 'orf100b': 1, 'orf227-ct': 1, 'ycf2': 1, 'amoMp13': 1, 'amoMp10': 1, 'orf585': 1})
2020-03-21 17:18:49,873 -INFO- get gene name `orf115a` from Counter({'orf115a': 7, 'orf185': 2, 'orf125f': 1, 'orf105a': 1, 'Bupleurum_falcatum-gene54': 1, 'orf125a': 1, 'orf186': 1})
2020-03-21 17:18:49,874 -INFO- get gene name `orf115b` from Counter({'orf115b': 6, 'orf101': 3, 'orf116': 1, 'orf101a': 1, 'orf59': 1, 'Bupleurum_falcatum-gene9': 1})
2020-03-21 17:18:54,032 -INFO- get gene name `orf143b` from Counter({'orf143b': 3, 'orf393': 3, 'orf204': 3, 'Utricularia_reniformis-gene854': 1, 'Utricularia_reniformis-gene849': 1, 'orf881': 1})
2020-03-21 17:18:55,201 -INFO- get gene name `orf135` from Counter({'orf135': 6, 'orf135b': 1, 'orf135a': 1, 'orf141': 1, 'Utricularia_reniformis-gene688': 1, 'rnaseH': 1, 'orf333': 1})
2020-03-21 17:18:55,202 -INFO- get gene name `orf147` from Counter({'orf147': 4, 'orf141': 3, 'orf764': 3, 'orf135c': 1})
2020-03-21 17:18:55,203 -INFO- get gene name `rps11` from Counter({'rps11': 10})
2020-03-21 17:18:55,203 -INFO- get gene name `orf277` from Counter({'orf277': 2, 'orf265': 2, 'orf245': 1, 'orf249': 1, 'orf261': 1, 'orf266': 1, 'orf309': 1, 'orf265b': 1})
2020-03-21 17:18:55,204 -INFO- get gene name `orf115c` from Counter({'orf115c': 6, 'orf100a': 3, 'orf115b': 1})
2020-03-21 17:18:55,796 -INFO- get gene name `orf241` from Counter({'orf241': 2, 'sdh3': 2, 'orf142': 1, 'Populus_davidiana-gene133': 1, 'orf171a': 1, 'Populus_alba-gene138': 1})
2020-03-21 17:18:55,797 -INFO- get gene name `orf100b` from Counter({'orf100b': 5, 'orf102': 1, 'orf100': 1, 'orf116d': 1, 'orf100a': 1})
2020-03-21 17:18:55,798 -INFO- get gene name `orf120` from Counter({'orf120': 6, 'rps3': 1, 'Utricularia_reniformis-gene1620': 1, 'rps14': 1})
2020-03-21 17:18:56,337 -INFO- get gene name `orf110b` from Counter({'orf110b': 4, 'Utricularia_reniformis-gene629': 1, 'orf150': 1, 'orf116b': 1, 'Utricularia_reniformis-gene627': 1})
2020-03-21 17:18:56,338 -INFO- get gene name `orf106b` from Counter({'orf106b': 5, 'orf106': 1, 'Utricularia_reniformis-gene3331': 1, 'orf106c': 1})
2020-03-21 17:18:56,338 -INFO- get gene name `orf257` from Counter({'orf257': 6, 'orf267': 1, 'ycf1': 1})
2020-03-21 17:18:56,338 -INFO- get gene name `orf161` from Counter({'orf161': 8})
2020-03-21 17:18:56,339 -INFO- get gene name `orf3` from Counter({'orf3': 2, 'Utricularia_reniformis-gene1605': 1, 'Bupleurum_falcatum-gene17': 1, 'orf104': 1, 'orf103e': 1, 'orf105-c': 1, 'orf103a': 1})
2020-03-21 17:18:58,214 -INFO- get gene name `orf173` from Counter({'orf173': 4, 'orf142': 1, 'orf158-a1': 1})
2020-03-21 17:18:58,748 -INFO- get gene name `orf261` from Counter({'orf261': 1, 'Populus_davidiana-gene135': 1, 'orf189': 1, 'ORF230': 1, 'Populus_alba-gene140': 1, 'orf265a': 1})
2020-03-21 17:18:58,749 -INFO- get gene name `orf109` from Counter({'orf109': 6, 'orf109a': 1})
2020-03-21 17:18:58,749 -INFO- get gene name `orf115d` from Counter({'orf115d': 7})
2020-03-21 17:18:58,750 -INFO- get gene name `orf108b` from Counter({'orf108b': 7})
2020-03-21 17:18:58,751 -INFO- get gene name `orf146` from Counter({'orf146': 6, 'orf106b': 1})
2020-03-21 17:18:58,751 -INFO- get gene name `orf113a` from Counter({'orf113a': 6, 'orf111': 1})
2020-03-21 17:18:58,752 -INFO- get gene name `orf101a` from Counter({'orf101a': 7})
2020-03-21 17:18:58,752 -INFO- get gene name `orf125` from Counter({'orf125': 4, 'orf108c': 2, 'orf142': 1})
2020-03-21 17:18:58,753 -INFO- get gene name `orf104` from Counter({'orf104': 7})
2020-03-21 17:19:00,702 -INFO- get gene name `cox2` from Counter({'cox2': 2, 'orf725': 1, 'atp6': 1, 'nad6-2': 1, 'nad6': 1})
2020-03-21 17:19:01,226 -INFO- get gene name `orf165` from Counter({'orf165': 2, 'Utricularia_reniformis-gene4080': 1, 'rpoB': 1, 'rpob': 1, 'orf128a': 1})
2020-03-21 17:19:01,227 -INFO- get gene name `rbcL` from Counter({'rbcL': 3, 'orf225': 1, 'orf484': 1, 'rbcl': 1})
2020-03-21 17:19:01,227 -INFO- get gene name `orf148b` from Counter({'orf148b': 2, 'orf169c': 2, 'Bupleurum_falcatum-gene33': 1, 'orf169': 1})
2020-03-21 17:19:02,695 -INFO- get gene name `orf291` from Counter({'orf291': 1, 'Utricularia_reniformis-gene2643': 1, 'orf134': 1, 'orf127c': 1, 'ORF56': 1})
2020-03-21 17:19:03,265 -INFO- get gene name `orf100` from Counter({'orf100': 3, 'orf99-a1': 1, 'orf101b': 1})
2020-03-21 17:19:04,846 -INFO- get gene name `orf119a` from Counter({'orf119a': 3})
2020-03-21 17:19:06,836 -INFO- get gene name `orf148` from Counter({'orf148': 3})
2020-03-21 17:19:08,802 -INFO- get gene name `orf106b` from Counter({'orf106b': 3})
2020-03-21 17:19:09,643 -INFO- get gene name `orf124` from Counter({'orf124': 3, 'orf128a': 1, 'orf125d': 1, 'orf125b': 1})
2020-03-21 17:19:09,644 -INFO- get gene name `orf152a` from Counter({'orf152a': 2, 'orf202': 2, 'orf152': 1, 'Utricularia_reniformis-gene4572': 1})
2020-03-21 17:19:09,645 -INFO- get gene name `orf114` from Counter({'orf114': 6})
2020-03-21 17:19:09,645 -INFO- get gene name `orf116` from Counter({'orf116': 6})
2020-03-21 17:19:09,646 -INFO- get gene name `orf124` from Counter({'orf124': 2, 'orf118': 2, 'orf120a': 1, 'orf123': 1})
2020-03-21 17:19:09,646 -INFO- get gene name `orf159` from Counter({'orf159': 6})
2020-03-21 17:19:09,647 -INFO- get gene name `orf284` from Counter({'orf284': 3, 'orf256': 2})
2020-03-21 17:19:10,172 -INFO- get gene name `psbA` from Counter({'psbA': 3, 'orf353': 1, 'amoMp3': 1})
2020-03-21 17:19:10,173 -INFO- get gene name `orf108a` from Counter({'orf108a': 4, 'amoMp11': 1})
2020-03-21 17:19:11,002 -INFO- get gene name `Utricularia_reniformis-gene2890` from Counter({'Utricularia_reniformis-gene2890': 1, 'Utricularia_reniformis-gene2478': 1, 'amoMp15': 1, 'orf105b': 1, 'orf148': 1})
2020-03-21 17:19:11,002 -INFO- get gene name `orf117a` from Counter({'orf117a': 2, 'Utricularia_reniformis-gene637': 1, 'amoMp25': 1, 'orf110-c': 1})
2020-03-21 17:19:11,003 -INFO- get gene name `orf270` from Counter({'orf270': 3, 'orf873': 1, 'orf317': 1})
2020-03-21 17:19:11,509 -INFO- get gene name `orf119b` from Counter({'orf119b': 3, 'orf102c': 1, 'orf302': 1})
2020-03-21 17:19:11,510 -INFO- get gene name `orf224a` from Counter({'orf224a': 2, 'orf190': 1, 'rpo': 1, 'Utricularia_reniformis-gene1878': 1})
2020-03-21 17:19:11,511 -INFO- get gene name `orf106` from Counter({'orf106': 2, 'orf105c': 2, 'orf144': 1})
2020-03-21 17:19:11,511 -INFO- get gene name `orf117b` from Counter({'orf117b': 3, 'orf117': 2})
2020-03-21 17:19:11,512 -INFO- get gene name `orf106a` from Counter({'orf106a': 4, 'Utricularia_reniformis-gene4069': 1})
2020-03-21 17:19:11,512 -INFO- get gene name `orf101f` from Counter({'orf101f': 4, 'orf158': 1})
2020-03-21 17:19:11,513 -INFO- get gene name `orf110` from Counter({'orf110': 5})
2020-03-21 17:19:11,968 -INFO- get gene name `orf114` from Counter({'orf114': 1, 'Utricularia_reniformis-gene1943': 1, 'orf125c': 1, 'Utricularia_reniformis-gene3110': 1, 'Utricularia_reniformis-gene951': 1})
2020-03-21 17:19:12,516 -INFO- get gene name `petG` from Counter({'petG': 5})
2020-03-21 17:19:13,065 -INFO- get gene name `orf194` from Counter({'orf194': 4})
2020-03-21 17:19:13,928 -INFO- get gene name `orf152a` from Counter({'orf152a': 4})
2020-03-21 17:19:14,428 -INFO- get gene name `orf181` from Counter({'orf181': 4})
2020-03-21 17:19:14,429 -INFO- get gene name `RNAP` from Counter({'RNAP': 2, 'amoMp6': 1, 'orf337': 1})
2020-03-21 17:19:14,982 -INFO- get gene name `Utricularia_reniformis-gene863` from Counter({'Utricularia_reniformis-gene863': 1, 'Utricularia_reniformis-gene860': 1, 'Utricularia_reniformis-gene857': 1, 'amoMp9': 1})
2020-03-21 17:19:14,983 -INFO- get gene name `orf124a` from Counter({'orf124a': 1, 'amoMp14': 1, 'orf146': 1, 'orf287': 1})
2020-03-21 17:19:14,983 -INFO- get gene name `orf102k` from Counter({'orf102k': 1, 'Bupleurum_falcatum-gene177': 1, 'amoMp18': 1, 'Utricularia_reniformis-gene1618': 1})
2020-03-21 17:19:14,984 -INFO- get gene name `orf121` from Counter({'orf121': 2, 'amoMp21': 1, 'orf99-c': 1})
2020-03-21 17:19:14,984 -INFO- get gene name `orf111-b` from Counter({'orf111-b': 2, 'orf135': 1, 'amoMp22': 1})
2020-03-21 17:19:15,496 -INFO- get gene name `orf160a` from Counter({'orf160a': 1, 'amoMp26': 1, 'orf138b': 1})
2020-03-21 17:19:15,497 -INFO- get gene name `orf42` from Counter({'orf42': 1, 'amoMp27': 1, 'orf103d': 1, 'orf103c': 1})
2020-03-21 17:19:16,465 -INFO- get gene name `orf114d` from Counter({'orf114d': 3})
2020-03-21 17:19:16,466 -INFO- get gene name `orf145d` from Counter({'orf145d': 2, 'orf109a': 1, 'orf109c': 1})
2020-03-21 17:19:16,467 -INFO- get gene name `orf122c` from Counter({'orf122c': 2, 'orf102e': 2})
2020-03-21 17:19:17,579 -INFO- get gene name `orf106c` from Counter({'orf106c': 2})
2020-03-21 17:19:17,580 -INFO- get gene name `orf146` from Counter({'orf146': 3, 'orf116a': 1})
2020-03-21 17:19:18,116 -INFO- get gene name `orf238` from Counter({'orf238': 2, 'orf126': 1})
2020-03-21 17:19:18,117 -INFO- get gene name `orf122` from Counter({'orf122': 2, 'orf60': 1, 'orf122a': 1})
2020-03-21 17:19:18,117 -INFO- get gene name `orf116a` from Counter({'orf116a': 2, 'orf116': 1, 'ORF209': 1})
2020-03-21 17:19:18,118 -INFO- get gene name `orf123` from Counter({'orf123': 4})
2020-03-21 17:19:18,118 -INFO- get gene name `orf101e` from Counter({'orf101e': 4})
2020-03-21 17:19:18,118 -INFO- get gene name `orf164` from Counter({'orf164': 4})
2020-03-21 17:19:18,118 -INFO- get gene name `orf117a` from Counter({'orf117a': 4})
2020-03-21 17:19:18,119 -INFO- get gene name `orf101c` from Counter({'orf101c': 4})
2020-03-21 17:19:18,119 -INFO- get gene name `orf101d` from Counter({'orf101d': 4})
2020-03-21 17:19:18,119 -INFO- get gene name `orf128` from Counter({'orf128': 4})
2020-03-21 17:19:18,120 -INFO- get gene name `orf112` from Counter({'orf112': 4})
2020-03-21 17:19:19,313 -INFO- get gene name `orf396` from Counter({'orf396': 2, 'orf423': 1})
2020-03-21 17:19:19,314 -INFO- get gene name `petL` from Counter({'petL': 4})
2020-03-21 17:19:19,314 -INFO- get gene name `orf104a` from Counter({'orf104a': 2, 'Utricularia_reniformis-gene2915': 1, 'orf104': 1})
2020-03-21 17:19:20,347 -INFO- get gene name `orf139-1` from Counter({'orf139-1': 1, 'orf139': 1})
2020-03-21 17:19:20,348 -INFO- get gene name `orf153` from Counter({'orf153': 4})
2020-03-21 17:19:20,349 -INFO- get gene name `orf241` from Counter({'orf241': 4})
2020-03-21 17:19:20,349 -INFO- get gene name `rpl23` from Counter({'rpl23': 3})
2020-03-21 17:19:20,350 -INFO- get gene name `rpl14` from Counter({'rpl14': 3})
2020-03-21 17:19:20,350 -INFO- get gene name `orf109d` from Counter({'orf109d': 1, 'petA': 1, 'cof': 1})
2020-03-21 17:19:20,351 -INFO- get gene name `Utricularia_reniformis-gene2748` from Counter({'Utricularia_reniformis-gene2748': 1, 'amoMp5': 1, 'orf675': 1})
2020-03-21 17:19:20,351 -INFO- get gene name `atpB` from Counter({'atpB': 2, 'orf498': 1})
2020-03-21 17:19:20,352 -INFO- get gene name `orf105a` from Counter({'orf105a': 1, 'Utricularia_reniformis-gene2696': 1, 'amoMp19': 1})
2020-03-21 17:19:20,352 -INFO- get gene name `orf108e` from Counter({'orf108e': 1, 'amoMp23': 1, 'orf108': 1})
2020-03-21 17:19:20,352 -INFO- get gene name `amoMp24` from Counter({'amoMp24': 1, 'orf102': 1, 'Bupleurum_falcatum-gene44': 1})
2020-03-21 17:19:21,317 -INFO- get gene name `orf143` from Counter({'orf143': 1, 'orf100a': 1})
2020-03-21 17:19:21,318 -INFO- get gene name `orf114c` from Counter({'orf114c': 3})
2020-03-21 17:19:21,318 -INFO- get gene name `orf138` from Counter({'orf138': 3})
2020-03-21 17:19:21,319 -INFO- get gene name `orf121` from Counter({'orf121': 3})
2020-03-21 17:19:21,319 -INFO- get gene name `orf102a` from Counter({'orf102a': 3})
2020-03-21 17:19:21,320 -INFO- get gene name `orf198a` from Counter({'orf198a': 2, 'orf198': 1})
2020-03-21 17:19:21,320 -INFO- get gene name `orf125a` from Counter({'orf125a': 2, 'orf125': 1})
2020-03-21 17:19:21,321 -INFO- get gene name `orf109c` from Counter({'orf109c': 2, 'orf134': 1})
2020-03-21 17:19:21,321 -INFO- get gene name `orf109a` from Counter({'orf109a': 2, 'orf109': 1})
2020-03-21 17:19:21,322 -INFO- get gene name `orf120b` from Counter({'orf120b': 2, 'orf120': 1})
2020-03-21 17:19:21,322 -INFO- get gene name `orf147b` from Counter({'orf147b': 2, 'orf147': 1})
2020-03-21 17:19:21,323 -INFO- get gene name `orf162` from Counter({'orf162': 3})
2020-03-21 17:19:21,323 -INFO- get gene name `orf115a` from Counter({'orf115a': 3})
2020-03-21 17:19:21,324 -INFO- get gene name `orf105a` from Counter({'orf105a': 3})
2020-03-21 17:19:21,324 -INFO- get gene name `orf152b` from Counter({'orf152b': 2, 'orf152': 1})
2020-03-21 17:19:21,325 -INFO- get gene name `orf143a` from Counter({'orf143a': 3})
2020-03-21 17:19:21,325 -INFO- get gene name `orf112b` from Counter({'orf112b': 3})
2020-03-21 17:19:21,326 -INFO- get gene name `orf174b` from Counter({'orf174b': 2, 'orf102b': 1})
2020-03-21 17:19:21,326 -INFO- get gene name `orf114a` from Counter({'orf114a': 3})
2020-03-21 17:19:21,327 -INFO- get gene name `orf106a` from Counter({'orf106a': 3})
2020-03-21 17:19:21,327 -INFO- get gene name `orf315` from Counter({'orf315': 3})
2020-03-21 17:19:21,328 -INFO- get gene name `orf99b` from Counter({'orf99b': 2, 'orf100f': 1})
2020-03-21 17:19:21,328 -INFO- get gene name `orf166` from Counter({'orf166': 3})
2020-03-21 17:19:21,329 -INFO- get gene name `orf103c` from Counter({'orf103c': 3})
2020-03-21 17:19:21,329 -INFO- get gene name `orf131` from Counter({'orf131': 3})
2020-03-21 17:19:21,329 -INFO- get gene name `orf169a` from Counter({'orf169a': 2, 'orf211': 1})
2020-03-21 17:19:21,330 -INFO- get gene name `orf105b` from Counter({'orf105b': 3})
2020-03-21 17:19:21,330 -INFO- get gene name `orf133b` from Counter({'orf133b': 3})
2020-03-21 17:19:21,331 -INFO- get gene name `orf108b` from Counter({'orf108b': 3})
2020-03-21 17:19:21,331 -INFO- get gene name `orf215` from Counter({'orf215': 1, 'orf279': 1, 'orf282': 1})
2020-03-21 17:19:21,332 -INFO- get gene name `orf105d` from Counter({'orf105d': 2, 'orf104c': 1})
2020-03-21 17:19:21,332 -INFO- get gene name `orf103b` from Counter({'orf103b': 3})
2020-03-21 17:19:21,333 -INFO- get gene name `orf111a` from Counter({'orf111a': 2, 'orf111': 1})
2020-03-21 17:19:21,333 -INFO- get gene name `orf199` from Counter({'orf199': 3})
2020-03-21 17:19:21,334 -INFO- get gene name `orf125b` from Counter({'orf125b': 2, 'Utricularia_reniformis-gene2043': 1})
2020-03-21 17:19:21,334 -INFO- get gene name `orf107b` from Counter({'orf107b': 3})
2020-03-21 17:19:21,334 -INFO- get gene name `orf104a` from Counter({'orf104a': 3})
2020-03-21 17:19:21,335 -INFO- get gene name `orf113a` from Counter({'orf113a': 2, 'orf113': 1})
2020-03-21 17:19:21,335 -INFO- get gene name `orf136b` from Counter({'orf136b': 2, 'orf165': 1})
2020-03-21 17:19:21,336 -INFO- get gene name `orf103a` from Counter({'orf103a': 3})
2020-03-21 17:19:21,336 -INFO- get gene name `orf114b` from Counter({'orf114b': 3})
2020-03-21 17:19:21,337 -INFO- get gene name `orf108a` from Counter({'orf108a': 3})
2020-03-21 17:19:21,337 -INFO- get gene name `orf261` from Counter({'orf261': 2, 'orf214': 1})
2020-03-21 17:19:21,338 -INFO- get gene name `orf131` from Counter({'orf131': 3})
2020-03-21 17:19:21,338 -INFO- get gene name `orf124` from Counter({'orf124': 3})
2020-03-21 17:19:21,338 -INFO- get gene name `orf132` from Counter({'orf132': 3})
2020-03-21 17:19:21,338 -INFO- get gene name `orf192` from Counter({'orf192': 2, 'orf188': 1})
2020-03-21 17:19:21,339 -INFO- get gene name `orf103b` from Counter({'orf103b': 1, 'orf103': 1, 'Bupleurum_falcatum-gene2': 1})
2020-03-21 17:19:21,339 -INFO- get gene name `orf136` from Counter({'orf136': 1, 'orf136a': 1, 'Bupleurum_falcatum-gene4': 1})
2020-03-21 17:19:21,339 -INFO- get gene name `orf105b` from Counter({'orf105b': 1, 'Bupleurum_falcatum-gene96': 1, 'orf101c': 1})
2020-03-21 17:19:21,867 -INFO- get gene name `Utricularia_reniformis-gene1572` from Counter({'Utricularia_reniformis-gene1572': 1, 'orf138b': 1})
2020-03-21 17:19:22,398 -INFO- get gene name `orf119a` from Counter({'orf119a': 1, 'orf118': 1})
2020-03-21 17:19:22,399 -INFO- get gene name `orf151` from Counter({'orf151': 1, 'orf123b': 1, 'orf152': 1})
2020-03-21 17:19:22,946 -INFO- get gene name `ycf68` from Counter({'ycf68': 1, 'orf134-a-ct': 1})
2020-03-21 17:19:22,947 -INFO- get gene name `orf146-a` from Counter({'orf146-a': 2, 'orf138c': 1})
2020-03-21 17:19:22,947 -INFO- get gene name `ORF216` from Counter({'ORF216': 1, 'orf239': 1, 'orf222': 1})
2020-03-21 17:19:22,947 -INFO- get gene name `orf258` from Counter({'orf258': 1, 'ORF354': 1, 'Utricularia_reniformis-gene1036': 1})
2020-03-21 17:19:23,814 -INFO- get gene name `orf110` from Counter({'orf110': 1, 'orf110a': 1})
2020-03-21 17:19:23,815 -INFO- get gene name `orf107b` from Counter({'orf107b': 1, 'orf123': 1, 'Utricularia_reniformis-gene2037': 1})
2020-03-21 17:19:23,815 -INFO- get gene name `orf136b` from Counter({'orf136b': 1, 'orf136': 1, 'ORF176': 1})
2020-03-21 17:19:24,337 -INFO- get gene name `Utricularia_reniformis-gene1532` from Counter({'Utricularia_reniformis-gene1532': 1, 'orf112a': 1})
2020-03-21 17:19:24,338 -INFO- get gene name `Utricularia_reniformis-gene1731` from Counter({'Utricularia_reniformis-gene1731': 1, 'orf121c': 1, 'orf103a': 1})
2020-03-21 17:19:24,339 -INFO- get gene name `orf162` from Counter({'orf162': 3})
2020-03-21 17:19:24,339 -INFO- get gene name `orf161` from Counter({'orf161': 3})
2020-03-21 17:19:24,340 -INFO- get gene name `orf187` from Counter({'orf187': 3})
2020-03-21 17:19:24,340 -INFO- get gene name `orf176` from Counter({'orf176': 3})
2020-03-21 17:19:24,341 -INFO- get gene name `orf165` from Counter({'orf165': 3})
2020-03-21 17:19:24,341 -INFO- get gene name `Populus_alba-gene156` from Counter({'Populus_alba-gene156': 1, 'Populus_davidiana-gene152': 1, 'Utricularia_reniformis-gene4701': 1})
2020-03-21 17:19:24,342 -INFO- get gene name `orf473` from Counter({'orf473': 1, 'amoMp2': 1})
2020-03-21 17:19:24,342 -INFO- get gene name `orf117-c` from Counter({'orf117-c': 1, 'amoMp20': 1})
2020-03-21 17:19:24,343 -INFO- get gene name `orf137` from Counter({'orf137': 1, 'orf112a': 1})
2020-03-21 17:19:24,343 -INFO- get gene name `orf114c` from Counter({'orf114c': 1, 'orf109b': 1})
2020-03-21 17:19:24,343 -INFO- get gene name `Utricularia_reniformis-gene1299` from Counter({'Utricularia_reniformis-gene1299': 1, 'orf113e': 1})
2020-03-21 17:19:24,344 -INFO- get gene name `orf100g` from Counter({'orf100g': 2})
2020-03-21 17:19:24,344 -INFO- get gene name `orf160` from Counter({'orf160': 1, 'orf110a': 1})
2020-03-21 17:19:24,345 -INFO- get gene name `orf137` from Counter({'orf137': 2})
2020-03-21 17:19:24,345 -INFO- get gene name `orf107c` from Counter({'orf107c': 2})
2020-03-21 17:19:24,346 -INFO- get gene name `orf99g` from Counter({'orf99g': 2})
2020-03-21 17:19:24,346 -INFO- get gene name `orf140` from Counter({'orf140': 2})
2020-03-21 17:19:24,346 -INFO- get gene name `orf224` from Counter({'orf224': 1, 'orf222': 1})
2020-03-21 17:19:24,347 -INFO- get gene name `orf173` from Counter({'orf173': 1, 'Bupleurum_falcatum-gene56': 1})
2020-03-21 17:19:24,347 -INFO- get gene name `orf105` from Counter({'orf105': 1, 'orf103': 1})
2020-03-21 17:19:24,347 -INFO- get gene name `Utricularia_reniformis-gene386` from Counter({'Utricularia_reniformis-gene386': 1, 'Bupleurum_falcatum-gene101': 1})
2020-03-21 17:19:24,348 -INFO- get gene name `Bupleurum_falcatum-gene187` from Counter({'Bupleurum_falcatum-gene187': 1, 'Utricularia_reniformis-gene1611': 1})
2020-03-21 17:19:24,348 -INFO- get gene name `orf102a` from Counter({'orf102a': 1, 'orf103b': 1})
2020-03-21 17:19:24,348 -INFO- get gene name `orf104a` from Counter({'orf104a': 1, 'orf104': 1})
2020-03-21 17:19:24,348 -INFO- get gene name `orf122` from Counter({'orf122': 1, 'orf138a': 1})
2020-03-21 17:19:24,349 -INFO- get gene name `orf131b` from Counter({'orf131b': 1, 'orf131': 1})
2020-03-21 17:19:24,349 -INFO- get gene name `orf121b` from Counter({'orf121b': 1, 'orf121': 1})
2020-03-21 17:19:24,349 -INFO- get gene name `orf111a` from Counter({'orf111a': 1, 'orf111': 1})
2020-03-21 17:19:24,349 -INFO- get gene name `orf122b` from Counter({'orf122b': 1, 'orf106b': 1})
2020-03-21 17:19:24,350 -INFO- get gene name `orf104c` from Counter({'orf104c': 1, 'orf104b': 1})
2020-03-21 17:19:24,350 -INFO- get gene name `orf117b` from Counter({'orf117b': 1, 'orf130a': 1})
2020-03-21 17:19:24,350 -INFO- get gene name `orf115` from Counter({'orf115': 1, 'orf115b': 1})
2020-03-21 17:19:24,350 -INFO- get gene name `orf102a` from Counter({'orf102a': 1, 'orf102g': 1})
2020-03-21 17:19:24,351 -INFO- get gene name `orf108c` from Counter({'orf108c': 1, 'orf222': 1})
2020-03-21 17:19:24,351 -INFO- get gene name `Utricularia_reniformis-gene4673` from Counter({'Utricularia_reniformis-gene4673': 1, 'orf102h': 1})
2020-03-21 17:19:24,351 -INFO- get gene name `orf108b` from Counter({'orf108b': 1, 'orf144': 1})
2020-03-21 17:19:24,351 -INFO- get gene name `orf123a` from Counter({'orf123a': 1, 'orf125b': 1})
2020-03-21 17:19:24,352 -INFO- get gene name `orf132b` from Counter({'orf132b': 1, 'orf175': 1})
2020-03-21 17:19:24,352 -INFO- get gene name `orf147` from Counter({'orf147': 1, 'atpE': 1})
2020-03-21 17:19:24,352 -INFO- get gene name `orf101-a` from Counter({'orf101-a': 2})
2020-03-21 17:19:24,352 -INFO- get gene name `orf103a-2` from Counter({'orf103a-2': 2})
2020-03-21 17:19:24,353 -INFO- get gene name `rpl33` from Counter({'rpl33': 2})
2020-03-21 17:19:24,353 -INFO- get gene name `psaJ` from Counter({'psaJ': 2})
2020-03-21 17:19:24,353 -INFO- get gene name `orf49` from Counter({'orf49': 1, 'orf111': 1})
2020-03-21 17:19:24,353 -INFO- get gene name `psbM` from Counter({'psbM': 2})
2020-03-21 17:19:24,354 -INFO- get gene name `orf129` from Counter({'orf129': 2})
2020-03-21 17:19:24,354 -INFO- get gene name `orf100a` from Counter({'orf100a': 1, 'orf100': 1})
2020-03-21 17:19:24,354 -INFO- get gene name `orf110e` from Counter({'orf110e': 1, 'orf110': 1})
2020-03-21 17:19:24,354 -INFO- get gene name `orf109` from Counter({'orf109': 2})
2020-03-21 17:19:24,355 -INFO- get gene name `orf104b` from Counter({'orf104b': 1, 'orf160': 1})
2020-03-21 17:19:24,355 -INFO- get gene name `orf106` from Counter({'orf106': 1, 'orf106a': 1})
2020-03-21 17:19:24,355 -INFO- get gene name `orf114b` from Counter({'orf114b': 1, 'orf114': 1})
2020-03-21 17:19:24,355 -INFO- get gene name `orf117` from Counter({'orf117': 2})
2020-03-21 17:19:24,356 -INFO- get gene name `orf110b` from Counter({'orf110b': 1, 'orf110': 1})
2020-03-21 17:19:24,356 -INFO- get gene name `orf167` from Counter({'orf167': 2})
2020-03-21 17:19:24,356 -INFO- get gene name `orf151` from Counter({'orf151': 2})
2020-03-21 17:19:24,356 -INFO- get gene name `orf107` from Counter({'orf107': 1, 'orf107a': 1})
2020-03-21 17:19:24,357 -INFO- get gene name `orf105a` from Counter({'orf105a': 1, 'orf105': 1})
2020-03-21 17:19:24,357 -INFO- get gene name `orf100b` from Counter({'orf100b': 1, 'orf100': 1})
2020-03-21 17:19:24,357 -INFO- get gene name `orf215` from Counter({'orf215': 2})
2020-03-21 17:19:24,357 -INFO- get gene name `orf106` from Counter({'orf106': 1, 'orf106b': 1})
2020-03-21 17:19:24,358 -INFO- get gene name `orf114` from Counter({'orf114': 1, 'orf114a': 1})
2020-03-21 17:19:24,358 -INFO- get gene name `orf100c` from Counter({'orf100c': 1, 'orf100': 1})
2020-03-21 17:19:24,358 -INFO- get gene name `orf145` from Counter({'orf145': 2})
2020-03-21 17:19:24,358 -INFO- get gene name `orf103` from Counter({'orf103': 1, 'orf103c': 1})
2020-03-21 17:19:24,359 -INFO- get gene name `orf162` from Counter({'orf162': 1, 'orf101': 1})
2020-03-21 17:19:24,359 -INFO- get gene name `orf111a` from Counter({'orf111a': 2})
2020-03-21 17:19:24,359 -INFO- get gene name `ORF258` from Counter({'ORF258': 1, 'orf177': 1})
2020-03-21 17:19:24,359 -INFO- get gene name `orf114b` from Counter({'orf114b': 1, 'orf118': 1})
2020-03-21 17:19:24,360 -INFO- get gene name `orf105-e` from Counter({'orf105-e': 1, 'orf129d': 1})
2020-03-21 17:19:24,360 -INFO- get gene name `Utricularia_reniformis-gene4623` from Counter({'Utricularia_reniformis-gene4623': 1, 'orf202': 1})
2020-03-21 17:19:24,360 -INFO- get gene name `orf131c` from Counter({'orf131c': 1, 'orf139': 1})
2020-03-21 17:19:24,360 -INFO- get gene name `orf86` from Counter({'orf86': 1, 'orf103e': 1})
2020-03-21 17:19:24,361 -INFO- get gene name `orf224` from Counter({'orf224': 2})
2020-03-21 17:19:24,361 -INFO- get gene name `orf152b` from Counter({'orf152b': 2})
2020-03-21 17:19:24,361 -INFO- get gene name `Populus_alba-gene42` from Counter({'Populus_alba-gene42': 1, 'Populus_davidiana-gene35': 1})
2020-03-21 17:19:24,361 -INFO- get gene name `Populus_alba-gene45` from Counter({'Populus_alba-gene45': 1, 'Populus_davidiana-gene38': 1})
2020-03-21 17:19:24,362 -INFO- get gene name `Populus_alba-gene106` from Counter({'Populus_alba-gene106': 1, 'Populus_davidiana-gene99': 1})
2020-03-21 17:19:24,362 -INFO- get gene name `Populus_alba-gene129` from Counter({'Populus_alba-gene129': 1, 'Populus_davidiana-gene122': 1})
2020-03-21 17:19:24,362 -INFO- get gene name `Populus_davidiana-gene157` from Counter({'Populus_davidiana-gene157': 1, 'Populus_alba-gene161': 1})
2020-03-21 17:19:24,362 -INFO- get gene name `Populus_davidiana-gene184` from Counter({'Populus_davidiana-gene184': 1, 'Populus_alba-gene188': 1})
2020-03-21 17:19:24,363 -INFO- get gene name `Populus_davidiana-gene190` from Counter({'Populus_davidiana-gene190': 1, 'Populus_alba-gene194': 1})
2020-03-21 17:19:24,363 -INFO- get gene name `Populus_davidiana-gene192` from Counter({'Populus_davidiana-gene192': 1, 'Populus_alba-gene196': 1})
2020-03-21 17:19:24,363 -INFO- get gene name `Populus_alba-gene201` from Counter({'Populus_alba-gene201': 1, 'Populus_davidiana-gene197': 1})
2020-03-21 17:19:24,363 -INFO- get gene name `Populus_davidiana-gene211` from Counter({'Populus_davidiana-gene211': 1, 'Populus_alba-gene215': 1})
2020-03-21 17:19:24,364 -INFO- get gene name `Populus_davidiana-gene213` from Counter({'Populus_davidiana-gene213': 1, 'Populus_alba-gene217': 1})
2020-03-21 17:19:24,364 -INFO- get gene name `Populus_alba-gene225` from Counter({'Populus_alba-gene225': 1, 'Populus_davidiana-gene221': 1})
2020-03-21 17:19:24,364 -INFO- get gene name `Populus_alba-gene235` from Counter({'Populus_alba-gene235': 1, 'Populus_davidiana-gene229': 1})
2020-03-21 17:19:24,364 -INFO- get gene name `orf304` from Counter({'orf304': 1, 'Utricularia_reniformis-gene2003': 1})
2020-03-21 17:19:24,365 -INFO- get gene name `orf129b` from Counter({'orf129b': 1, 'Utricularia_reniformis-gene893': 1})
2020-03-21 17:19:24,365 -INFO- get gene name `orf275` from Counter({'orf275': 1, 'Utricularia_reniformis-gene533': 1})
2020-03-21 17:19:24,365 -INFO- get gene name `rpl36` from Counter({'rpl36': 2})
2020-03-21 17:19:24,859 -INFO- get gene name `Utricularia_reniformis-gene1557` from Counter({'Utricularia_reniformis-gene1557': 1})
2020-03-21 17:19:24,860 -INFO- get gene name `orf117-a` from Counter({'orf117-a': 1, 'Utricularia_reniformis-gene4712': 1})
2020-03-21 17:19:24,860 -INFO- get gene name `orf248-1` from Counter({'orf248-1': 1, 'orf248': 1})
2020-03-21 17:19:24,861 -INFO- get gene name `orf191` from Counter({'orf191': 2})
2020-03-21 17:19:24,861 -INFO- get gene name `orf147-b` from Counter({'orf147-b': 2})
2020-03-21 17:19:24,862 -INFO- get gene name `orf101-c` from Counter({'orf101-c': 2})
2020-03-21 17:19:24,862 -INFO- get gene name `orf186` from Counter({'orf186': 2})
2020-03-21 17:19:24,878 -INFO- extrat 40 genes: ['atp1', 'atp4', 'atp6', 'atp8', 'atp9', 'ccmB', 'ccmC', 'ccmFc', 'ccmFn', 'cob', 'cox1', 'cox2', 'cox3', 'matR', 'mttB', 'nad1', 'nad2', 'nad3', 'nad4', 'nad4L', 'nad5', 'nad6', 'nad7', 'nad9', 'rpl10', 'rpl16', 'rpl2', 'rpl5', 'rps1', 'rps10', 'rps12', 'rps13', 'rps14', 'rps19', 'rps2', 'rps3', 'rps4', 'rps7', 'sdh3', 'sdh4']
2020-03-21 17:19:24,878 -INFO- aligning sequences
2020-03-21 17:35:54,220 -INFO- building hmm profiles
2020-03-21 17:36:22,654 -INFO- building augustus profiles
2020-03-21 17:36:53,529 -INFO- training augustus models
/share/home/yuanqyk/.local/lib/python2.7/site-packages/Bio/SeqIO/InsdcIO.py:687: BiopythonWarning: Increasing length of locus line to allow long name. This will result in fields that are not in usual positions.
  BiopythonWarning,
2020-03-21 17:44:21,639 -INFO- writing ('rRNA', 'tRNA') sequences into /dev/shm/tmp/mt-Magnoliopsida/rrna
2020-03-21 17:44:22,352 -INFO- running OrthoFinder to cluster genes
2020-03-21 17:44:22,352 -INFO- run CMD: `orthofinder.py -f /dev/shm/tmp/mt-Magnoliopsida/rrna -M msa -T fasttree -t 16 -S blastn -og`
2020-03-21 18:04:43,567 -INFO- parsing OrthoFinder orthologs
2020-03-21 18:04:43,568 -INFO- parsing orthologs group into /dev/shm/tmp/mt-Magnoliopsida/alns
2020-03-21 18:04:43,643 -INFO- using min_count=6.7 to get gene name
2020-03-21 18:05:01,889 -INFO- get gene name `rrn26` from Counter({'rrn26': 72, 'rrnL': 35, 'rrn26-1': 5, '26rrn': 2, 'rRNA26': 2, 'Gossypium_harknessii-gene213': 1, 'rrn26S': 1, 'rnl': 1, 'Sinapis_arvensis-gene40': 1, 'Cocos_nucifera-gene23': 1, 'Nymphaea_colorata-gene714': 1, 'Chenopodium_quinoa-gene94': 1, '26Srrn': 1, 'Salix_purpurea-gene202': 1, 'rrL': 1, 'Allium_cepa-gene56': 1, 'Raphanus_sativus-gene127': 1, 'Saccharum_officinarum-gene88': 1, 'Phoenix_dactylifera-gene68': 1, 'Gossypium_hirsutum-gene212': 1, 'Lagerstroemia_indica-gene192': 1})
2020-03-21 18:05:01,890 -INFO- get product `26S ribosomal RNA` from Counter({'26S ribosomal RNA': 93, 'large subunit ribosomal RNA': 36, '23S ribosomal RNA': 3})
2020-03-21 18:05:01,891 -INFO- get exon number `1` from Counter({1: 131, 4: 1})
2020-03-21 18:05:01,891 -INFO- get trans_splicing `False` from Counter({False: 132})
2020-03-21 18:05:23,987 -INFO- get gene name `trnfM` from Counter({'trnfM': 28, 'trnfM-CAT': 16, 'trnM-CAU': 12, 'trnM-CAT': 11, 'trnfM-CAU': 11, 'trnM': 10, 'trnfM-1': 6, 'trnfM-cau': 5, 'tRNA-fMet': 3, 'trnfM-2': 3, 'trnM-cau': 3, 'tRNA-fMet-CAU': 2, 'trnM-cat': 2, 'Chenopodium_quinoa-gene175': 1, 'Phoenix_dactylifera-gene69': 1, 'tRNA-fMet-CAT-b1': 1, 'trnM-CAT_4': 1, 'tRNA-fMet-CAT': 1, 'trnfM-3': 1, 'trnM-CAU6': 1, 'tRNA-fMet-cau': 1, 'trnfMet-CAU': 1, 'trnfM-CAT-1': 1, 'Vaccinium_macrocarpon-gene125': 1, 'Beta_vulgaris_subsp-_vulgaris-gene327': 1, 'Sinapis_arvensis-gene44': 1})
2020-03-21 18:05:23,988 -INFO- get product `tRNA-Met` from Counter({'tRNA-Met': 120, 'tRNA-fMet': 5})
2020-03-21 18:05:23,988 -INFO- get exon number `1` from Counter({1: 125})
2020-03-21 18:05:23,988 -INFO- get trans_splicing `False` from Counter({False: 125})
2020-03-21 18:05:38,273 -INFO- get gene name `rrn18` from Counter({'rrn18': 73, 'rrnS': 37, 'rrn18-1': 3, 'rRNA18': 2, '18rrn': 2, 'rrn18S': 1, 'Chenopodium_quinoa-gene87': 1, 'Phoenix_dactylifera-gene179': 1, 'Raphanus_sativus-gene111': 1, 'Sinapis_arvensis-gene222': 1, 'Cocos_nucifera-gene245': 1, 'Castilleja_paramensis-gene118': 1, 'rrn16-ct': 1, 'Gossypium_harknessii-gene160': 1, 'Allium_cepa-gene88': 1, 'Gossypium_hirsutum-gene162': 1, 'Saccharum_officinarum-gene37': 1, 'rrS': 1, 'Cocos_nucifera-gene166': 1, 'rrn16': 1, 'Nymphaea_colorata-gene737': 1, '18Srrn': 1})
2020-03-21 18:05:38,274 -INFO- get product `18S ribosomal RNA` from Counter({'18S ribosomal RNA': 95, 'small subunit ribosomal RNA': 31, '16S ribosomal RNA': 5, '5S ribosomal RNA': 1, 'small ribosomal RNA': 1, 'large subunit ribosomal RNA': 1})
2020-03-21 18:05:38,275 -INFO- get exon number `1` from Counter({1: 131, 2: 3})
2020-03-21 18:05:38,276 -INFO- get trans_splicing `False` from Counter({False: 134})
2020-03-21 18:05:51,268 -INFO- get gene name `rrn5` from Counter({'rrn5': 112, 'rrn5-1': 3, '5rrn': 2, 'rRNA5-a': 1, 'Vaccinium_macrocarpon-gene201': 1, 'rRNA5': 1, 'Gossypium_harknessii-gene162': 1, 'rrn5S': 1, 'Phoenix_dactylifera-gene180': 1, 'Gossypium_hirsutum-gene164': 1, 'Cocos_nucifera-gene243': 1, 'Allium_cepa-gene62': 1, 'Saccharum_officinarum-gene39': 1, '5Srrn': 1, 'Raphanus_sativus-gene109': 1, 'Sinapis_arvensis-gene224': 1, 'Chenopodium_quinoa-gene89': 1})
2020-03-21 18:05:51,269 -INFO- get product `5S ribosomal RNA` from Counter({'5S ribosomal RNA': 131})
2020-03-21 18:05:51,270 -INFO- get exon number `1` from Counter({1: 131})
2020-03-21 18:05:51,270 -INFO- get trans_splicing `False` from Counter({False: 131})
2020-03-21 18:06:09,177 -INFO- get gene name `trnM` from Counter({'trnM': 42, 'trnM-CAU': 35, 'trnM-CAT': 31, 'trnM-cp': 5, 'trnM-CAT-cp': 3, 'trnM-cau': 3, 'trnM-a': 2, 'tRNA-Met-CAU': 2, 'tRNA-Met': 2, 'tRNA-Met-CAT-cp': 1, 'Vaccinium_macrocarpon-gene35': 1, 'trbfM-CAU': 1, 'Beta_vulgaris_subsp-_vulgaris-gene228': 1, 'Vaccinium_macrocarpon-gene181': 1, 'tRNA-met': 1, 'trnM-CAU-cp': 1, 'Sinapis_arvensis-gene192': 1, 'trnM-CAU4': 1, 'trnM-b-cp': 1, 'trnM-CAU5': 1, 'Chenopodium_quinoa-gene11': 1, 'trnM-a-1': 1, 'tRNA-Met-cau': 1, 'trnM-cp-CAT': 1, 'trnM-cat': 1})
2020-03-21 18:06:09,178 -INFO- get product `tRNA-Met` from Counter({'tRNA-Met': 140, 'tRNA-Pro': 1})
2020-03-21 18:06:09,178 -INFO- get exon number `1` from Counter({1: 141})
2020-03-21 18:06:09,178 -INFO- get trans_splicing `False` from Counter({False: 141})
2020-03-21 18:06:20,578 -INFO- get gene name `trnP-TGG` from Counter({'trnP-TGG': 38, 'trnP-UGG': 34, 'trnP': 29, 'trnP-a-1': 4, 'trnP-ugg': 4, 'tRNA-Pro': 3, 'tRNA-Pro-UGG': 2, 'trnP-1': 2, 'tRNA-Pro-ugg': 1, 'trnP-tgg': 1, 'trnP-a1': 1, 'trnP-a': 1, 'Sinapis_arvensis-gene157': 1, 'tRNA-Pro-TGG': 1, 'Phoenix_dactylifera-gene176': 1, 'Chenopodium_quinoa-gene135': 1, 'Phoenix_dactylifera-gene108': 1, 'Beta_vulgaris_subsp-_vulgaris-gene828': 1, 'trnF-TGG': 1, 'Vaccinium_macrocarpon-gene92': 1})
2020-03-21 18:06:20,579 -INFO- get product `tRNA-Pro` from Counter({'tRNA-Pro': 127, 'tRNA-Phe': 1})
2020-03-21 18:06:20,580 -INFO- get exon number `1` from Counter({1: 128})
2020-03-21 18:06:20,580 -INFO- get trans_splicing `False` from Counter({False: 128})
2020-03-21 18:06:27,253 -INFO- get gene name `trnE-TTC` from Counter({'trnE-TTC': 40, 'trnE-UUC': 37, 'trnE': 31, 'trnE-uuc': 7, 'trnE-1': 4, 'tRNA-Glu-UUC': 2, 'tRNA-Glu': 2, 'tRNA-Glu-uuc': 1, 'Phoenix_dactylifera-gene55': 1, 'Chenopodium_quinoa-gene13': 1, 'tRNA-Glu-TTC': 1, 'trnE-ttc': 1, 'Vaccinium_macrocarpon-gene197': 1, 'trnE-a1': 1, 'Sinapis_arvensis-gene159': 1, 'Beta_vulgaris_subsp-_vulgaris-gene230': 1})
2020-03-21 18:06:27,254 -INFO- get product `tRNA-Glu` from Counter({'tRNA-Glu': 130, 'tRNA-Gln': 2})
2020-03-21 18:06:27,255 -INFO- get exon number `1` from Counter({1: 132})
2020-03-21 18:06:27,255 -INFO- get trans_splicing `False` from Counter({False: 132})
2020-03-21 18:06:37,308 -INFO- get gene name `trnN` from Counter({'trnN': 34, 'trnN-GUU': 32, 'trnN-GTT': 28, 'trnN-cp': 7, 'trnN-guu': 4, 'trnN-GTT-cp': 3, 'tRNA-Asn': 3, 'trnN-cp-1': 3, 'tRNA-Asn-GUU': 2, 'trnN-GUU-cp': 2, 'Chenopodium_quinoa-gene7': 1, 'Sinapis_arvensis-gene110': 1, 'trnK-cuu': 1, 'trnD-GUC': 1, 'tRNA-Asn-GTT': 1, 'tRNA-Asn-guu': 1, 'Vaccinium_macrocarpon-gene106': 1, 'Beta_vulgaris_subsp-_vulgaris-gene220': 1, 'trnX-Xxx': 1, 'trnN-gtt': 1, 'trnN-a1-ct': 1})
2020-03-21 18:06:37,309 -INFO- get product `tRNA-Asn` from Counter({'tRNA-Asn': 125, 'tRNA-Asp': 2, 'tRNA-Lys': 1, 'tRNA-OTHER': 1})
2020-03-21 18:06:37,310 -INFO- get exon number `1` from Counter({1: 129})
2020-03-21 18:06:37,310 -INFO- get trans_splicing `False` from Counter({False: 129})
2020-03-21 18:06:46,174 -INFO- get gene name `trnK-TTT` from Counter({'trnK-TTT': 38, 'trnK-UUU': 35, 'trnK': 28, 'trnK-uuu': 4, 'trnK-1': 4, 'tRNA-Lys': 3, 'tRNA-Lys-UUU': 2, 'trnK-ttt': 1, 'tRNA-Lys-TTT': 1, 'Sinapis_arvensis-gene4': 1, 'tRNA-Lys-uuu': 1, 'Vaccinium_macrocarpon-gene45': 1, 'Beta_vulgaris_subsp-_vulgaris-gene374': 1, 'Chenopodium_quinoa-gene26': 1, 'Phoenix_dactylifera-gene94': 1})
2020-03-21 18:06:46,175 -INFO- get product `tRNA-Lys` from Counter({'tRNA-Lys': 122})
2020-03-21 18:06:46,176 -INFO- get exon number `1` from Counter({1: 122})
2020-03-21 18:06:46,176 -INFO- get trans_splicing `False` from Counter({False: 122})
2020-03-21 18:06:55,788 -INFO- get gene name `trnW-CCA` from Counter({'trnW-CCA': 64, 'trnW': 34, 'trnW-cca': 7, 'trnW-cp': 4, 'tRNA-Trp': 3, 'trnW-CCA-cp': 2, 'tRNA-Trp-CCA': 2, 'tRNA-Trp-CCA-cp': 1, 'Beta_vulgaris_subsp-_vulgaris-gene12': 1, 'Chenopodium_quinoa-gene168': 1, 'Sinapis_arvensis-gene167': 1, 'trnW-cp-1': 1, 'tRNA-Trp-cca': 1, 'Vaccinium_macrocarpon-gene40': 1, 'trnW-cp-CCA': 1})
2020-03-21 18:06:55,789 -INFO- get product `tRNA-Trp` from Counter({'tRNA-Trp': 123, 'tRNA-Tyr': 1})
2020-03-21 18:06:55,790 -INFO- get exon number `1` from Counter({1: 124})
2020-03-21 18:06:55,791 -INFO- get trans_splicing `False` from Counter({False: 124})
2020-03-21 18:07:02,539 -INFO- get gene name `trnM-CAU` from Counter({'trnM-CAU': 26, 'trnI': 25, 'trnI-CAT': 17, 'trnM-CAT': 14, 'trnM': 10, 'trnI-CAU': 6, 'trnM-cau': 4, 'trnI-cau': 3, 'trnI-1': 3, 'trnI-LAU': 1, 'trnI-a1': 1, 'Phoenix_dactylifera-gene62': 1, 'tRNA-Ile-CAU': 1, 'tRNA-Ile': 1, 'tRNA-Met-CAU': 1, 'tRNA-Met-CAT': 1, 'tRNA-Ile-cau': 1, 'Sinapis_arvensis-gene212': 1, 'trnI-AUA': 1, 'trnM-CAU2': 1, 'trnM-cat': 1, 'tRNAI-CAT': 1, 'Beta_vulgaris_subsp-_vulgaris-gene478': 1, 'Nepenthes_ventricosa_x_Nepenthes_alata-gene182': 1, 'Chenopodium_quinoa-gene107': 1, 'trnI-TAT': 1, 'Vaccinium_macrocarpon-gene145': 1, 'trnI-CAT-1': 1})
2020-03-21 18:07:02,540 -INFO- get product `tRNA-Met` from Counter({'tRNA-Met': 64, 'tRNA-Ile': 63})
2020-03-21 18:07:02,541 -INFO- get exon number `1` from Counter({1: 127})
2020-03-21 18:07:02,541 -INFO- get trans_splicing `False` from Counter({False: 127})
2020-03-21 18:07:07,897 -INFO- get gene name `trnQ-TTG` from Counter({'trnQ-TTG': 37, 'trnQ-UUG': 34, 'trnQ': 32, 'trnQ-uug': 7, 'trnQ-1': 3, 'tRNA-Gln': 3, 'tRNA-Gln-UUG': 2, 'Phoenix_dactylifera-gene17': 1, 'trnQ-ttg': 1, 'Chenopodium_quinoa-gene85': 1, 'tRNA-Gln-TTG': 1, 'Vaccinium_macrocarpon-gene193': 1, 'Sinapis_arvensis-gene187': 1, 'Beta_vulgaris_subsp-_vulgaris-gene794': 1, 'trnQ-TTG-1': 1, 'tRNA-Gln-uug': 1})
2020-03-21 18:07:07,898 -INFO- get product `tRNA-Gln` from Counter({'tRNA-Gln': 126, 'tRNA-Glu': 1})
2020-03-21 18:07:07,900 -INFO- get exon number `1` from Counter({1: 127})
2020-03-21 18:07:07,900 -INFO- get trans_splicing `False` from Counter({False: 127})
2020-03-21 18:07:16,086 -INFO- get gene name `trnH` from Counter({'trnH': 33, 'trnH-GUG': 32, 'trnH-GTG': 23, 'trnH-cp': 8, 'trnH-gug': 6, 'trnH-GTG-cp': 3, 'tRNA-His': 3, 'tRNA-His-GUG': 2, 'Sinapis_arvensis-gene175': 1, 'trnH-gtg': 1, 'tRNA-His-gug': 1, 'trnH-cp-1': 1, 'tRNA-His-GTG-cp': 1, 'trnH-ct': 1, 'Chenopodium_quinoa-gene15': 1, 'Vaccinium_macrocarpon-gene195': 1, 'Beta_vulgaris_subsp-_vulgaris-gene232': 1, 'trnH-GUG-cp': 1})
2020-03-21 18:07:16,087 -INFO- get product `tRNA-His` from Counter({'tRNA-His': 120})
2020-03-21 18:07:16,088 -INFO- get exon number `1` from Counter({1: 120})
2020-03-21 18:07:16,088 -INFO- get trans_splicing `False` from Counter({False: 120})
2020-03-21 18:07:18,864 -INFO- get gene name `trnY-GTA` from Counter({'trnY-GTA': 43, 'trnY-GUA': 31, 'trnY': 29, 'trnY-gua': 6, 'trn-Y': 4, 'tRNA-Tyr': 3, 'tRNA-Tyr-GUA': 2, 'trnY-1': 1, 'Chenopodium_quinoa-gene5': 1, 'Phoenix_dactylifera-gene171': 1, 'tRNA-Tyr-gua': 1, 'tRNA-Tyr-GTA': 1, 'trnY-gta': 1, 'Vaccinium_macrocarpon-gene108': 1, 'Sinapis_arvensis-gene108': 1, 'Beta_vulgaris_subsp-_vulgaris-gene218': 1})
2020-03-21 18:07:18,865 -INFO- get product `tRNA-Tyr` from Counter({'tRNA-Tyr': 127})
2020-03-21 18:07:18,866 -INFO- get exon number `1` from Counter({1: 127})
2020-03-21 18:07:18,866 -INFO- get trans_splicing `False` from Counter({False: 127})
2020-03-21 18:07:23,794 -INFO- get gene name `trnS-GCT` from Counter({'trnS-GCT': 32, 'trnS-GCU': 32, 'trnS': 22, 'trnS-a': 6, 'trnS-gcu': 4, 'tRNA-Ser': 3, 'Sinapis_arvensis-gene173': 1, 'tRNA-Ser-gcu': 1, 'tRNA-Ser-GCT': 1, 'trnS-1': 1, 'trnF-GCT': 1, 'Phoenix_dactylifera-gene178': 1, 'Chenopodium_quinoa-gene131': 1, 'trnS-UGA': 1, 'Beta_vulgaris_subsp-_vulgaris-gene834': 1, 'tRNA-Ser-GCU': 1, 'trnS-gct': 1, 'Vaccinium_macrocarpon-gene96': 1, 'trnS-3': 1})
2020-03-21 18:07:23,794 -INFO- get product `tRNA-Ser` from Counter({'tRNA-Ser': 112})
2020-03-21 18:07:23,795 -INFO- get exon number `1` from Counter({1: 112})
2020-03-21 18:07:23,796 -INFO- get trans_splicing `False` from Counter({False: 112})
2020-03-21 18:07:31,427 -INFO- get gene name `trnF-GAA` from Counter({'trnF-GAA': 71, 'trnF': 14, 'trnF-gaa': 5, 'tRNA-Phe-GAA': 4, 'tRNA-Phe': 2, 'trnY': 2, 'Phoenix_dactylifera-gene177': 1, 'trnL-b': 1, 'tRNA-Phe-gaa': 1, 'Chenopodium_quinoa-gene133': 1, 'Beta_vulgaris_subsp-_vulgaris-gene832': 1, 'trnC-GCA': 1, 'Vaccinium_macrocarpon-gene94': 1})
2020-03-21 18:07:31,428 -INFO- get product `tRNA-Phe` from Counter({'tRNA-Phe': 101, 'tRNA-Tyr': 2, 'tRNA-Cys': 1, 'tRNA-Leu': 1})
2020-03-21 18:07:31,428 -INFO- get exon number `1` from Counter({1: 103, 2: 2})
2020-03-21 18:07:31,428 -INFO- get trans_splicing `False` from Counter({False: 105})
2020-03-21 18:07:33,638 -INFO- get gene name `trnC-GCA` from Counter({'trnC-GCA': 62, 'trnC': 24, 'trnC-gca': 8, 'tRNA-Cys-GCA': 3, 'tRNA-Cys': 3, 'trnC-GCA-2': 3, 'Vaccinium_macrocarpon-gene104': 1, 'trnc': 1, 'Chenopodium_quinoa-gene9': 1, 'Sinapis_arvensis-gene155': 1, 'trnC-1': 1, 'tRNA-Cys-gca': 1, 'Beta_vulgaris_subsp-_vulgaris-gene224': 1})
2020-03-21 18:07:33,638 -INFO- get product `tRNA-Cys` from Counter({'tRNA-Cys': 110})
2020-03-21 18:07:33,639 -INFO- get exon number `1` from Counter({1: 110})
2020-03-21 18:07:33,640 -INFO- get trans_splicing `False` from Counter({False: 110})
2020-03-21 18:07:39,720 -INFO- get gene name `trnD-GUC` from Counter({'trnD-GUC': 33, 'trnD-GTC': 27, 'trnD': 23, 'trnD-guc': 4, 'tRNA-Asp': 3, 'tRNA-Asp-GUC': 2, 'trnD-cp-GTC': 1, 'trnQ-UUG': 1, 'Beta_vulgaris_subsp-_vulgaris-gene737': 1, 'Sinapis_arvensis-gene2': 1, 'Chenopodium_quinoa-gene44': 1, 'trnD-GTC-cp': 1, 'trnD-GUC-cp': 1, 'tRNA-Asp-guc': 1, 'tRNA-Asp-GTC': 1, 'trnD-gtc': 1, 'Vaccinium_macrocarpon-gene183': 1})
2020-03-21 18:07:39,721 -INFO- get product `tRNA-Asp` from Counter({'tRNA-Asp': 101, 'tRNA-Gln': 1, 'tRNA-Asn': 1})
2020-03-21 18:07:39,722 -INFO- get exon number `1` from Counter({1: 103})
2020-03-21 18:07:39,722 -INFO- get trans_splicing `False` from Counter({False: 103})
2020-03-21 18:07:41,945 -INFO- get gene name `trnG-GCC` from Counter({'trnG-GCC': 66, 'trnG': 22, 'trnG-gcc': 5, 'tRNA-Gly': 3, 'tRNA-Gly-GCC': 3, 'trnG-GCC-1': 1, 'tRNA-Gly-gcc': 1, 'Chenopodium_quinoa-gene83': 1, 'Beta_vulgaris_subsp-_vulgaris-gene799': 1, 'Sinapis_arvensis-gene79': 1})
2020-03-21 18:07:41,945 -INFO- get product `tRNA-Gly` from Counter({'tRNA-Gly': 104})
2020-03-21 18:07:41,946 -INFO- get exon number `1` from Counter({1: 104})
2020-03-21 18:07:41,947 -INFO- get trans_splicing `False` from Counter({False: 104})
2020-03-21 18:07:44,791 -INFO- get gene name `trnS-TGA` from Counter({'trnS-TGA': 28, 'trnS-UGA': 24, 'trnS': 19, 'trnS-UGU': 4, 'trnS-b': 4, 'trnS-uga': 3, 'tRNA-Ser-UGA': 2, 'trnS-b-1': 2, 'tRNA-Ser': 2, 'Phoenix_dactylifera-gene175': 1, 'tRNA-Ser-TGA': 1, 'Chenopodium_quinoa-gene22': 1, 'trnS-1': 1, 'Beta_vulgaris_subsp-_vulgaris-gene331': 1, 'tRNA-Ser-uga': 1, 'Nepenthes_ventricosa_x_Nepenthes_alata-gene177': 1, 'Sinapis_arvensis-gene138': 1, 'trnS-TGT': 1, 'Vaccinium_macrocarpon-gene147': 1, 'trnS-3': 1})
2020-03-21 18:07:44,791 -INFO- get product `tRNA-Ser` from Counter({'tRNA-Ser': 99})
2020-03-21 18:07:44,792 -INFO- get exon number `1` from Counter({1: 99})
2020-03-21 18:07:44,793 -INFO- get trans_splicing `False` from Counter({False: 99})
2020-03-21 18:07:48,475 -INFO- get gene name `trnS-GGA` from Counter({'trnS-GGA': 32, 'trnS': 21, 'trnS-2': 2, 'trnS-gga': 2, 'trnS-GGA-cp': 2, 'tRNA-Ser': 2, 'tRNA-Ser-GGA-cp': 1, 'Beta_vulgaris_subsp-_vulgaris-gene646': 1, 'Phoenix_dactylifera-gene154': 1, 'Sinapis_arvensis-gene23': 1, 'Chenopodium_quinoa-gene173': 1, 'trnS-cp-GGA': 1, 'trnS-GCT': 1, 'tRNA-Ser-gga': 1})
2020-03-21 18:07:48,476 -INFO- get product `tRNA-Ser` from Counter({'tRNA-Ser': 69})
2020-03-21 18:07:48,477 -INFO- get exon number `1` from Counter({1: 69})
2020-03-21 18:07:48,477 -INFO- get trans_splicing `False` from Counter({False: 69})
2020-03-21 18:07:51,839 -INFO- get gene name `trnP-TGG` from Counter({'trnP-TGG': 14, 'trnP': 9, 'trnP-UGG': 7, 'trnP-b-cp': 3, 'trnP-AGG': 2, 'trnP-ugg': 2, 'trnW-CCA': 2, 'Beta_vulgaris_subsp-_vulgaris-gene10': 1, 'trnP-TGG-cp': 1, 'tRNA-Pro-ugg': 1, 'trnP-b-cp-1': 1, 'trnP-GGG': 1, 'trnP-UGG2': 1, 'trnL-GAG': 1, 'trnP-cp': 1, 'tRNA-Pro-UGG': 1, 'tRNA-Pro-GGG': 1})
2020-03-21 18:07:51,839 -INFO- get product `tRNA-Pro` from Counter({'tRNA-Pro': 46, 'tRNA-Trp': 2, 'tRNA-Leu': 1})
2020-03-21 18:07:51,840 -INFO- get exon number `1` from Counter({1: 49})
2020-03-21 18:07:51,840 -INFO- get trans_splicing `False` from Counter({False: 49})
2020-03-21 18:07:54,912 -INFO- get gene name `trnL-CAA` from Counter({'trnL-CAA': 8, 'trnI-UAU': 8, 'trnM': 4, 'trnI-CAU': 4, 'trnI': 3, 'trnI-cau': 2, 'trnM-CAT': 2, 'tRNA-Ile': 2, 'tRNA-Met': 1, 'trnM-UAU': 1, 'tRNA-Ile-UAU': 1, 'tRNA-Ile-TAT-cp': 1, 'Beta_vulgaris_subsp-_vulgaris-gene836': 1, 'trnM-CAU': 1, 'trnI-cp': 1, 'trnI-CAT': 1, 'Phoenix_dactylifera-gene49': 1, 'trnM-cau': 1, 'trnL-CAA3': 1})
2020-03-21 18:07:54,912 -INFO- get product `tRNA-Ile` from Counter({'tRNA-Ile': 24, 'tRNA-Met': 11, 'tRNA-Leu': 9})
2020-03-21 18:07:54,913 -INFO- get exon number `1` from Counter({1: 44})
2020-03-21 18:07:54,913 -INFO- get trans_splicing `False` from Counter({False: 44})
2020-03-21 18:07:58,183 -INFO- get gene name `trnD` from Counter({'trnD': 9, 'trnD-GTC': 6, 'trnD-1': 5, 'trnD-guc': 5, 'trnD-GUC': 4, 'Phoenix_dactylifera-gene63': 1, 'tRNA-Asp-GUC': 1, 'trnD-a1': 1})
2020-03-21 18:07:58,184 -INFO- get product `tRNA-Asp` from Counter({'tRNA-Asp': 31, 'tRNA-Asn': 1})
2020-03-21 18:07:58,184 -INFO- get exon number `1` from Counter({1: 32})
2020-03-21 18:07:58,185 -INFO- get trans_splicing `False` from Counter({False: 32})
2020-03-21 18:08:01,091 -INFO- get gene name `trnF-GAA` from Counter({'trnF-GAA': 12, 'trnF': 8, 'trnF-cp': 5, 'trnF-ct': 1, 'trnL-CAA': 1})
2020-03-21 18:08:01,092 -INFO- get product `tRNA-Phe` from Counter({'tRNA-Phe': 26, 'tRNA-Leu': 1})
2020-03-21 18:08:01,092 -INFO- get exon number `1` from Counter({1: 27})
2020-03-21 18:08:01,093 -INFO- get trans_splicing `False` from Counter({False: 27})
2020-03-21 18:08:02,689 -INFO- get gene name `trnC-GCA` from Counter({'trnC-GCA': 7, 'trnC': 5, 'trnC-GCA-1': 3, 'Chenopodium_quinoa-gene177': 1, 'trnC-gca': 1, 'tRNA-Cys': 1, 'trnC-2': 1, 'Beta_vulgaris_subsp-_vulgaris-gene291': 1, 'tRNA-Cys-gca': 1, 'Phoenix_dactylifera-gene107': 1})
2020-03-21 18:08:02,689 -INFO- get product `tRNA-Cys` from Counter({'tRNA-Cys': 22})
2020-03-21 18:08:02,690 -INFO- get exon number `1` from Counter({1: 22})
2020-03-21 18:08:02,690 -INFO- get trans_splicing `False` from Counter({False: 22})
2020-03-21 18:08:03,256 -INFO- get gene name `trnV-GAC` from Counter({'trnV-GAC': 11, 'trnV': 4, 'tRNA-Val': 2, 'trnV-gac': 1, 'tRNA-Val-gac': 1, 'trnV-ct': 1, 'Beta_vulgaris_subsp-_vulgaris-gene24': 1, 'tRNA-Val-GAC-cp': 1})
2020-03-21 18:08:03,256 -INFO- get product `tRNA-Val` from Counter({'tRNA-Val': 22})
2020-03-21 18:08:03,256 -INFO- get exon number `1` from Counter({1: 22})
2020-03-21 18:08:03,257 -INFO- get trans_splicing `False` from Counter({False: 22})
2020-03-21 18:08:04,362 -INFO- get gene name `trnL-CAA` from Counter({'trnL-CAA': 8, 'trnL': 4, 'trnW-CCA': 1, 'Sinapis_arvensis-gene163': 1, 'Vaccinium_macrocarpon-gene129': 1, 'trnaL': 1, 'trnL-cp': 1, 'trnL-c-ct': 1})
2020-03-21 18:08:04,363 -INFO- get product `tRNA-Leu` from Counter({'tRNA-Leu': 17, 'tRNA-Trp': 1})
2020-03-21 18:08:04,363 -INFO- get exon number `1` from Counter({1: 18})
2020-03-21 18:08:04,363 -INFO- get trans_splicing `False` from Counter({False: 18})
2020-03-21 18:08:08,972 -INFO- get gene name `trnM-CAU` from Counter({'trnM-CAU': 6, 'trnfM-CAU': 1, 'trnM-CAT': 1, 'tRNA-Met-CAT': 1})
2020-03-21 18:08:11,228 -INFO- get gene name `trnM-CAT` from Counter({'trnM-CAT': 5, 'trnfM-CAU': 4, 'trnM': 3, 'trnM-CAU': 1, 'trnfM': 1})
2020-03-21 18:08:11,755 -INFO- get gene name `trnC` from Counter({'trnC': 6, 'trnC-cp': 5, 'trnC-GCA': 3, 'trnC-ct': 1})
2020-03-21 18:08:11,756 -INFO- get gene name `trnR` from Counter({'trnR': 5, 'trnR-TCT': 5, 'trnR-UCU': 1, 'tRNA-Arg-UCU': 1})
2020-03-21 18:08:12,339 -INFO- get gene name `trnR-ACG` from Counter({'trnR-ACG': 6, 'trnR': 3, 'trnR-a': 1, 'trnR-b-ct': 1})
2020-03-21 18:08:12,340 -INFO- get gene name `trnM-CAU` from Counter({'trnM-CAU': 4, 'trnM-CAT': 2, 'trnM': 1, 'trnfM-cau': 1, 'Phoenix_dactylifera-gene149': 1, 'trnM-CAU3': 1})
2020-03-21 18:08:12,340 -INFO- get gene name `trnP-UGG` from Counter({'trnP-UGG': 6, 'trnP': 2, 'tRNA-Pro-TGG-cp': 1, 'trnP-TGG': 1})
2020-03-21 18:08:12,341 -INFO- get gene name `trnT-UGU` from Counter({'trnT-UGU': 3, 'trnT': 2, 'trnQ-UUG': 1, 'trnK-TTT': 1, 'trnM-CAT': 1, 'trnT-TGT': 1})
2020-03-21 18:08:14,056 -INFO- get gene name `tRNA-fMet` from Counter({'tRNA-fMet': 1, 'tRNA-fMet-cau': 1, 'Beta_vulgaris_subsp-_vulgaris-gene526': 1})
2020-03-21 18:08:14,630 -INFO- get gene name `trnI-GAU` from Counter({'trnI-GAU': 5, 'trnI-ct': 1, 'trnI-gau': 1})
2020-03-21 18:08:15,179 -INFO- get gene name `trnT-GGT` from Counter({'trnT-GGT': 3, 'trnT': 2, 'trnT-GGT-cp': 1, 'tRNA-Thr-GGU': 1, 'trnT-GGU': 1})
2020-03-21 18:08:16,757 -INFO- get gene name `trnS-GCT` from Counter({'trnS-GCT': 5})
2020-03-21 18:08:16,758 -INFO- get gene name `trnD-GUC` from Counter({'trnD-GUC': 7, 'tRNA-Asp-GTC-cp': 1})
2020-03-21 18:08:16,758 -INFO- get product `tRNA-Asp` from Counter({'tRNA-Asp': 8})
2020-03-21 18:08:16,759 -INFO- get exon number `1` from Counter({1: 8})
2020-03-21 18:08:16,759 -INFO- get trans_splicing `False` from Counter({False: 8})
2020-03-21 18:08:17,814 -INFO- get gene name `trnL` from Counter({'trnL': 2, 'trnL-a': 1, 'trnL-AAC': 1, 'trnI-ct': 1, 'trnI': 1})
2020-03-21 18:08:17,815 -INFO- get gene name `trnV-GAC` from Counter({'trnV-GAC': 7})
2020-03-21 18:08:17,815 -INFO- get product `tRNA-Val` from Counter({'tRNA-Val': 7})
2020-03-21 18:08:17,816 -INFO- get exon number `1` from Counter({1: 7})
2020-03-21 18:08:17,816 -INFO- get trans_splicing `False` from Counter({False: 7})
2020-03-21 18:08:17,817 -INFO- get gene name `trnS` from Counter({'trnS': 3, 'trnS-TGA': 2, 'trnS-UGA': 1})
2020-03-21 18:08:17,817 -INFO- get gene name `trnY` from Counter({'trnY': 2, 'trnY-GTA': 2, 'tRNA-Tyr-GUA': 1, 'tRNA-Tyr': 1})
2020-03-21 18:08:17,818 -INFO- get gene name `trnT-UGU` from Counter({'trnT-UGU': 3, 'trnT': 1, 'trnT-TGT': 1, 'Phoenix_dactylifera-gene155': 1})
2020-03-21 18:08:17,818 -INFO- get gene name `trnA` from Counter({'trnA': 2, 'trnA-UGC': 2, 'trnA-ugc': 1})
2020-03-21 18:08:17,819 -INFO- get gene name `trnQ` from Counter({'trnQ': 2, 'trnQ-TTG': 2, 'trnQ-UUG2': 1})
2020-03-21 18:08:17,819 -INFO- get gene name `trnC-GCA` from Counter({'trnC-GCA': 4, 'trnC-GCA2': 1})
2020-03-21 18:08:17,819 -INFO- get gene name `trnM-CAU` from Counter({'trnM-CAU': 4, 'trnH': 1})
2020-03-21 18:08:17,820 -INFO- get gene name `trnE-uuc` from Counter({'trnE-uuc': 2, 'trnE-TTC': 1, 'trnE-cp': 1, 'trnE': 1})
2020-03-21 18:08:17,820 -INFO- get gene name `trnH-AUG` from Counter({'trnH-AUG': 4, 'trnH-ATG': 1})
2020-03-21 18:08:17,821 -INFO- get gene name `trnG-GCC` from Counter({'trnG-GCC': 3, 'trnG': 1})
2020-03-21 18:08:17,821 -INFO- get gene name `tRNA-Glu` from Counter({'tRNA-Glu': 1, 'trnE-TTC': 1, 'trnE-UUC': 1, 'tRNA-Glu-UUC': 1})
2020-03-21 18:08:17,822 -INFO- get gene name `trnT-TGT` from Counter({'trnT-TGT': 4})
2020-03-21 18:08:17,822 -INFO- get gene name `trnK-CUU` from Counter({'trnK-CUU': 4})
2020-03-21 18:08:17,823 -INFO- get gene name `tRNA-Leu-UAG` from Counter({'tRNA-Leu-UAG': 1, 'trnL': 1, 'trnL-TAG': 1})
2020-03-21 18:08:17,823 -INFO- get gene name `trnN-GUU` from Counter({'trnN-GUU': 1, 'tRNA-Asn-GUU': 1, 'trnK-UUU': 1})
2020-03-21 18:08:17,823 -INFO- get gene name `trnS-GGA` from Counter({'trnS-GGA': 1, 'Cocos_nucifera-gene219': 1, 'rrn26': 1})
2020-03-21 18:08:18,385 -INFO- get gene name `trnfM-CAU` from Counter({'trnfM-CAU': 2})
2020-03-21 18:08:18,386 -INFO- get gene name `trnT-GGT` from Counter({'trnT-GGT': 3})
2020-03-21 18:08:18,386 -INFO- get gene name `trnT-UGU` from Counter({'trnT-UGU': 2})
2020-03-21 18:08:18,387 -INFO- get gene name `trnN-AUU` from Counter({'trnN-AUU': 1, 'trnK-CTT': 1})
2020-03-21 18:08:18,387 -INFO- get gene name `trnN-GUU` from Counter({'trnN-GUU': 1, 'trnN': 1})
2020-03-21 18:08:18,387 -INFO- get gene name `trnK-UUU` from Counter({'trnK-UUU': 1, 'Phoenix_dactylifera-gene67': 1})
2020-03-21 18:08:18,388 -INFO- get gene name `Cocos_nucifera-gene217` from Counter({'Cocos_nucifera-gene217': 1, 'rrn5': 1})
2020-03-21 18:08:18,388 -INFO- get gene name `trnfM-CAU` from Counter({'trnfM-CAU': 2})
2020-03-21 18:08:18,388 -INFO- get gene name `trnfM-CAU` from Counter({'trnfM-CAU': 2})
2020-03-21 18:08:18,388 -INFO- get gene name `trnfM-CAU` from Counter({'trnfM-CAU': 2})
2020-03-21 18:08:18,389 -INFO- get gene name `trnN-GUU` from Counter({'trnN-GUU': 2})
2020-03-21 18:08:18,389 -INFO- get gene name `trnX` from Counter({'trnX': 2})
2020-03-21 18:08:18,389 -INFO- get gene name `trnK` from Counter({'trnK': 2})
2020-03-21 18:08:18,389 -INFO- get gene name `trnC` from Counter({'trnC': 2})
2020-03-21 18:08:18,390 -INFO- get gene name `trnE` from Counter({'trnE': 2})
2020-03-21 18:08:18,397 -INFO- extrat 30 genes: ['rrn18', 'rrn26', 'rrn5', 'trnC-GCA', 'trnC-GCA-25', 'trnD', 'trnD-GUC', 'trnD-GUC-40', 'trnE-TTC', 'trnF-GAA', 'trnF-GAA-24', 'trnG-GCC', 'trnH', 'trnK-TTT', 'trnL-CAA', 'trnL-CAA-27', 'trnM', 'trnM-CAU', 'trnN', 'trnP-TGG', 'trnP-TGG-21', 'trnQ-TTG', 'trnS-GCT', 'trnS-GGA', 'trnS-TGA', 'trnV-GAC', 'trnV-GAC-42', 'trnW-CCA', 'trnY-GTA', 'trnfM']
2020-03-21 18:08:18,397 -INFO- aligning sequences
2020-03-21 18:16:50,487 -INFO- building hmm profiles
Traceback (most recent call last):
  File "/share/home/nature/users/zhangrenang/ogap/makedb.py", line 2, in <module>
    main()
  File "/share/home/nature/users/zhangrenang/ogap/lib/Database.py", line 778, in main
    def __init__(self, line=None):
  File "/share/home/nature/users/zhangrenang/ogap/lib/Database.py", line 363, in makedb
    if self.cleanup:
AttributeError: Database instance has no attribute 'cleanup'
